configure: error: unrecognized option: `--withjtreg'
Try `/mnt/sda/cgmin/jdk12u/configure --help' for more information
configure: Configuration created at Wed May 15 19:29:04 KST 2019.
checking for basename... /bin/basename
checking for bash... /bin/bash
checking for cat... /bin/cat
checking for chmod... /bin/chmod
checking for cmp... /bin/cmp
checking for comm... /bin/comm
checking for cp... /bin/cp
checking for cut... /bin/cut
checking for date... /bin/date
checking for gdiff... no
checking for diff... /bin/diff
checking for dirname... /bin/dirname
checking for echo... /bin/echo
checking for expr... /bin/expr
checking for file... /bin/file
checking for find... /bin/find
checking for head... /bin/head
checking for gunzip... /bin/gunzip
checking for pigz... no
checking for gzip... /bin/gzip
checking for ln... /bin/ln
checking for ls... /bin/ls
checking for gmkdir... no
checking for mkdir... /bin/mkdir
checking for mktemp... /bin/mktemp
checking for mv... /bin/mv
checking for nawk... no
checking for gawk... /bin/gawk
checking for printf... /bin/printf
checking for greadlink... no
checking for readlink... /bin/readlink
checking for rm... /bin/rm
checking for rmdir... /bin/rmdir
checking for sh... /bin/sh
checking for sort... /bin/sort
checking for tail... /bin/tail
checking for gtar... /bin/gtar
checking for tee... /bin/tee
checking for touch... /bin/touch
checking for tr... /bin/tr
checking for uname... /bin/uname
checking for uniq... /bin/uniq
checking for wc... /bin/wc
checking for which... /bin/which
checking for xargs... /bin/xargs
checking for gawk... gawk
checking for grep that handles long lines and -e... /bin/grep
checking for egrep... /bin/grep -E
checking for fgrep... /bin/grep -F
checking for a sed that does not truncate output... /bin/sed
checking for cygpath... no
checking for df... /bin/df
checking for cpio... /bin/cpio
checking for nice... /bin/nice
checking for pandoc... no
checking build system type... x86_64-unknown-linux-gnu
checking host system type... x86_64-unknown-linux-gnu
checking target system type... x86_64-unknown-linux-gnu
checking openjdk-build os-cpu... linux-x86_64
checking openjdk-target os-cpu... linux-x86_64
checking compilation type... native
checking for top-level directory... /mnt/sda/cgmin/jdk12u
checking if custom source is suppressed (openjdk-only)... no
checking which debug level to use... release
checking which variants of the JVM to build... server
checking for sysroot... 
checking for toolchain path... 
checking for extra path... 
checking where to store configuration... in default location
checking what configuration name to use... linux-x86_64-server-release
checking for apt-get... no
checking for yum... yum
checking for gmake... /bin/gmake
configure: Testing potential make at /bin/gmake, found using gmake in PATH
configure: Using GNU make at /bin/gmake (version: GNU Make 3.82)
checking if make --output-sync is supported... no
checking if find supports -delete... yes
checking what type of tar was found... gnu
checking that grep (/bin/grep) -Fx handles empty lines in the pattern list correctly... yes
checking for unzip... /bin/unzip
checking for zip... /bin/zip
checking for ldd... /bin/ldd
checking for greadelf... no
checking for readelf... /bin/readelf
checking for dot... /bin/dot
checking for hg... /bin/hg
checking for git... /bin/git
checking for stat... /bin/stat
checking for time... /bin/time
checking for flock... /bin/flock
checking for dtrace... /bin/dtrace
checking for gpatch... no
checking for patch... /bin/patch
checking bash version... 4.2.46
checking if bash supports pipefail... yes
checking if bash supports errexit (-e)... yes
checking for pkg-config... /bin/pkg-config
checking pkg-config is at least version 0.9.0... yes
checking for default LOG value... 
checking headless only... no
checking for graphviz dot... yes
checking for pandoc... no, cannot generate full docs
checking full docs... no, missing dependencies
checking for cacerts file... default
checking for jni library path... default
checking if packaged modules are kept... yes (default)
checking for version string... 12.0.1-internal+0-adhoc.root.jdk12u
configure: Found potential Boot JDK using configure arguments
checking for Boot JDK... /usr/lib/jvm/java-12
checking Boot JDK version... openjdk version "12.0.1" 2019-04-16 OpenJDK Runtime Environment 19.3 (build 12.0.1+12) OpenJDK 64-Bit Server VM 19.3 (build 12.0.1+12, mixed mode, sharing) 
checking for java in Boot JDK... ok
checking for javac in Boot JDK... ok
checking for javadoc in Boot JDK... ok
checking for jar in Boot JDK... ok
checking for jarsigner in Boot JDK... ok
checking if Boot JDK is 32 or 64 bits... 64
checking for local Boot JDK Class Data Sharing (CDS)... yes, created
checking for Build JDK... yes, will use output dir
configure: Using default toolchain gcc (GNU Compiler Collection)
checking for gcc... /bin/gcc
checking resolved symbolic links for CC... /usr/bin/gcc
configure: Using gcc C compiler version 4.8.5 [gcc (GCC) 4.8.5 20150623 (Red Hat 4.8.5-36)]
checking whether the C compiler works... yes
checking for C compiler default output file name... a.out
checking for suffix of executables... 
checking whether we are cross compiling... no
checking for suffix of object files... o
checking whether we are using the GNU C compiler... yes
checking whether /bin/gcc accepts -g... yes
checking for /bin/gcc option to accept ISO C89... none needed
checking for g++... /bin/g++
checking resolved symbolic links for CXX... /usr/bin/g++
configure: Using gcc C++ compiler version 4.8.5 [g++ (GCC) 4.8.5 20150623 (Red Hat 4.8.5-36)]
checking whether we are using the GNU C++ compiler... yes
checking whether /bin/g++ accepts -g... yes
checking how to run the C preprocessor... /bin/gcc -E
checking how to run the C++ preprocessor... /bin/g++ -E
configure: Using gcc linker version 2.27 [GNU ld version 2.27-34.base.el7]
checking for ar... ar
configure: Rewriting AR to "/bin/ar"
checking for strip... strip
configure: Rewriting STRIP to "/bin/strip"
checking for nm... nm
configure: Rewriting NM to "/bin/nm"
checking for gobjcopy... no
checking for objcopy... objcopy
configure: Rewriting OBJCOPY to "/bin/objcopy"
checking for gobjdump... no
checking for objdump... objdump
configure: Rewriting OBJDUMP to "/bin/objdump"
checking for c++filt... c++filt
configure: Rewriting CXXFILT to "/bin/c++filt"
checking for jtreg... no
checking for jtreg test harness... no, not found
configure: error: --with-jtreg was specified, but no jtreg found.
