This file contains any messages produced by compilers while
running configure, to aid debugging if configure makes a mistake.

It was created by OpenJDK configure openjdk, which was
generated by GNU Autoconf 2.69.  Invocation command line was

  $ /mnt/sda/cgmin/jdk12u/configure --enable-option-checking=fatal --with-boot-jdk=/usr/lib/jvm/java-12 --with-jtreg

## --------- ##
## Platform. ##
## --------- ##

hostname = sdc-node14
uname -m = x86_64
uname -r = 3.10.0-957.10.1.el7.x86_64
uname -s = Linux
uname -v = #1 SMP Mon Mar 18 15:06:45 UTC 2019

/usr/bin/uname -p = x86_64
/bin/uname -X     = unknown

/bin/arch              = x86_64
/usr/bin/arch -k       = unknown
/usr/convex/getsysinfo = unknown
/usr/bin/hostinfo      = unknown
/bin/machine           = unknown
/usr/bin/oslevel       = unknown
/bin/universe          = unknown

PATH: /sbin
PATH: /bin
PATH: /usr/sbin
PATH: /usr/bin
PATH: /usr/local/bin
PATH: /usr/local/src/apache-maven/bin


## ----------- ##
## Core tests. ##
## ----------- ##

configure:5526: Configuration created at Wed May 15 19:29:04 KST 2019.
configure:5547: checking for basename
configure:5565: found /bin/basename
configure:5577: result: /bin/basename
configure:5809: checking for bash
configure:5839: result: /bin/bash
configure:5955: checking for cat
configure:5973: found /bin/cat
configure:5985: result: /bin/cat
configure:6159: checking for chmod
configure:6177: found /bin/chmod
configure:6189: result: /bin/chmod
configure:6363: checking for cmp
configure:6381: found /bin/cmp
configure:6393: result: /bin/cmp
configure:6567: checking for comm
configure:6585: found /bin/comm
configure:6597: result: /bin/comm
configure:6771: checking for cp
configure:6789: found /bin/cp
configure:6801: result: /bin/cp
configure:6975: checking for cut
configure:6993: found /bin/cut
configure:7005: result: /bin/cut
configure:7179: checking for date
configure:7197: found /bin/date
configure:7209: result: /bin/date
configure:7383: checking for gdiff
configure:7416: result: no
configure:7383: checking for diff
configure:7401: found /bin/diff
configure:7413: result: /bin/diff
configure:7587: checking for dirname
configure:7605: found /bin/dirname
configure:7617: result: /bin/dirname
configure:7791: checking for echo
configure:7809: found /bin/echo
configure:7821: result: /bin/echo
configure:7995: checking for expr
configure:8013: found /bin/expr
configure:8025: result: /bin/expr
configure:8199: checking for file
configure:8217: found /bin/file
configure:8229: result: /bin/file
configure:8403: checking for find
configure:8421: found /bin/find
configure:8433: result: /bin/find
configure:8607: checking for head
configure:8625: found /bin/head
configure:8637: result: /bin/head
configure:8811: checking for gunzip
configure:8829: found /bin/gunzip
configure:8841: result: /bin/gunzip
configure:9015: checking for pigz
configure:9048: result: no
configure:9015: checking for gzip
configure:9033: found /bin/gzip
configure:9045: result: /bin/gzip
configure:9219: checking for ln
configure:9237: found /bin/ln
configure:9249: result: /bin/ln
configure:9423: checking for ls
configure:9441: found /bin/ls
configure:9453: result: /bin/ls
configure:9628: checking for gmkdir
configure:9661: result: no
configure:9628: checking for mkdir
configure:9646: found /bin/mkdir
configure:9658: result: /bin/mkdir
configure:9832: checking for mktemp
configure:9850: found /bin/mktemp
configure:9862: result: /bin/mktemp
configure:10036: checking for mv
configure:10054: found /bin/mv
configure:10066: result: /bin/mv
configure:10240: checking for nawk
configure:10273: result: no
configure:10240: checking for gawk
configure:10258: found /bin/gawk
configure:10270: result: /bin/gawk
configure:10444: checking for printf
configure:10462: found /bin/printf
configure:10474: result: /bin/printf
configure:10648: checking for greadlink
configure:10681: result: no
configure:10648: checking for readlink
configure:10666: found /bin/readlink
configure:10678: result: /bin/readlink
configure:10852: checking for rm
configure:10870: found /bin/rm
configure:10882: result: /bin/rm
configure:11056: checking for rmdir
configure:11074: found /bin/rmdir
configure:11086: result: /bin/rmdir
configure:11260: checking for sh
configure:11278: found /bin/sh
configure:11290: result: /bin/sh
configure:11464: checking for sort
configure:11482: found /bin/sort
configure:11494: result: /bin/sort
configure:11668: checking for tail
configure:11686: found /bin/tail
configure:11698: result: /bin/tail
configure:11872: checking for gtar
configure:11890: found /bin/gtar
configure:11902: result: /bin/gtar
configure:12076: checking for tee
configure:12094: found /bin/tee
configure:12106: result: /bin/tee
configure:12280: checking for touch
configure:12298: found /bin/touch
configure:12310: result: /bin/touch
configure:12484: checking for tr
configure:12502: found /bin/tr
configure:12514: result: /bin/tr
configure:12688: checking for uname
configure:12706: found /bin/uname
configure:12718: result: /bin/uname
configure:12892: checking for uniq
configure:12910: found /bin/uniq
configure:12922: result: /bin/uniq
configure:13096: checking for wc
configure:13114: found /bin/wc
configure:13126: result: /bin/wc
configure:13300: checking for which
configure:13318: found /bin/which
configure:13330: result: /bin/which
configure:13504: checking for xargs
configure:13522: found /bin/xargs
configure:13534: result: /bin/xargs
configure:13709: checking for gawk
configure:13725: found /bin/gawk
configure:13736: result: gawk
configure:13901: checking for grep that handles long lines and -e
configure:13959: result: /bin/grep
configure:14139: checking for egrep
configure:14201: result: /bin/grep -E
configure:14385: checking for fgrep
configure:14447: result: /bin/grep -F
configure:14631: checking for a sed that does not truncate output
configure:14695: result: /bin/sed
configure:14894: checking for cygpath
configure:14927: result: no
configure:15091: checking for df
configure:15109: found /bin/df
configure:15121: result: /bin/df
configure:15288: checking for cpio
configure:15306: found /bin/cpio
configure:15318: result: /bin/cpio
configure:15485: checking for nice
configure:15503: found /bin/nice
configure:15515: result: /bin/nice
configure:15683: checking for pandoc
configure:15716: result: no
configure:15883: checking build system type
configure:15897: result: x86_64-unknown-linux-gnu
configure:15917: checking host system type
configure:15930: result: x86_64-unknown-linux-gnu
configure:15950: checking target system type
configure:15963: result: x86_64-unknown-linux-gnu
configure:16203: checking openjdk-build os-cpu
configure:16205: result: linux-x86_64
configure:16405: checking openjdk-target os-cpu
configure:16407: result: linux-x86_64
configure:16457: checking compilation type
configure:16459: result: native
configure:16920: checking for top-level directory
configure:16922: result: /mnt/sda/cgmin/jdk12u
configure:17211: checking if custom source is suppressed (openjdk-only)
configure:17213: result: no
configure:17227: checking which debug level to use
configure:17251: result: release
configure:17309: checking which variants of the JVM to build
configure:17314: result: server
configure:17848: checking for sysroot
configure:17850: result: 
configure:17852: checking for toolchain path
configure:17854: result: 
configure:17856: checking for extra path
configure:17858: result: 
configure:17874: checking where to store configuration
configure:17882: result: in default location
configure:17946: checking what configuration name to use
configure:17948: result: linux-x86_64-server-release
configure:18118: checking for apt-get
configure:18148: result: no
configure:18118: checking for yum
configure:18134: found /bin/yum
configure:18145: result: yum
configure:18173: checking for gmake
configure:18191: found /bin/gmake
configure:18203: result: /bin/gmake
configure:18228: Testing potential make at /bin/gmake, found using gmake in PATH
configure:21709: Using GNU make at /bin/gmake (version: GNU Make 3.82)
configure:21714: checking if make --output-sync is supported
configure:21738: result: no
configure:21748: checking if find supports -delete
configure:21769: result: yes
configure:21786: checking what type of tar was found
configure:21788: result: gnu
configure:21812: checking that grep (/bin/grep) -Fx handles empty lines in the pattern list correctly
configure:21823: result: yes
configure:21847: checking for unzip
configure:21865: found /bin/unzip
configure:21877: result: /bin/unzip
configure:22053: checking for zip
configure:22071: found /bin/zip
configure:22083: result: /bin/zip
configure:22259: checking for ldd
configure:22277: found /bin/ldd
configure:22289: result: /bin/ldd
configure:22462: checking for greadelf
configure:22495: result: no
configure:22462: checking for readelf
configure:22480: found /bin/readelf
configure:22492: result: /bin/readelf
configure:22659: checking for dot
configure:22677: found /bin/dot
configure:22689: result: /bin/dot
configure:22856: checking for hg
configure:22874: found /bin/hg
configure:22886: result: /bin/hg
configure:23053: checking for git
configure:23071: found /bin/git
configure:23083: result: /bin/git
configure:23250: checking for stat
configure:23268: found /bin/stat
configure:23280: result: /bin/stat
configure:23447: checking for time
configure:23465: found /bin/time
configure:23477: result: /bin/time
configure:23644: checking for flock
configure:23662: found /bin/flock
configure:23674: result: /bin/flock
configure:23843: checking for dtrace
configure:23862: found /bin/dtrace
configure:23874: result: /bin/dtrace
configure:24042: checking for gpatch
configure:24075: result: no
configure:24042: checking for patch
configure:24060: found /bin/patch
configure:24072: result: /bin/patch
configure:25478: checking bash version
configure:25480: result: 4.2.46
configure:25490: checking if bash supports pipefail
configure:25494: result: yes
configure:25501: checking if bash supports errexit (-e)
configure:25505: result: yes
configure:25565: checking for pkg-config
configure:25583: found /bin/pkg-config
configure:25595: result: /bin/pkg-config
configure:25620: checking pkg-config is at least version 0.9.0
configure:25623: result: yes
configure:25674: checking for default LOG value
configure:25683: result: 
configure:25697: checking headless only
configure:25715: result: no
configure:25731: checking for graphviz dot
configure:25734: result: yes
configure:25742: checking for pandoc
configure:25748: result: no, cannot generate full docs
configure:25753: checking full docs
configure:25805: result: no, missing dependencies
configure:25825: checking for cacerts file
configure:25828: result: default
configure:25898: checking for jni library path
configure:25901: result: default
configure:25929: checking if packaged modules are kept
configure:25940: result: yes (default)
configure:26595: checking for version string
configure:26597: result: 12.0.1-internal+0-adhoc.root.jdk12u
configure:26684: Found potential Boot JDK using configure arguments
configure:26868: checking for Boot JDK
configure:26870: result: /usr/lib/jvm/java-12
configure:26872: checking Boot JDK version
configure:26875: result: openjdk version "12.0.1" 2019-04-16 OpenJDK Runtime Environment 19.3 (build 12.0.1+12) OpenJDK 64-Bit Server VM 19.3 (build 12.0.1+12, mixed mode, sharing) 
configure:32234: checking for java in Boot JDK
configure:32244: result: ok
configure:32372: checking for javac in Boot JDK
configure:32382: result: ok
configure:32510: checking for javadoc in Boot JDK
configure:32520: result: ok
configure:32648: checking for jar in Boot JDK
configure:32658: result: ok
configure:32786: checking for jarsigner in Boot JDK
configure:32796: result: ok
configure:32931: checking if Boot JDK is 32 or 64 bits
configure:32933: result: 64
configure:32937: checking for local Boot JDK Class Data Sharing (CDS)
Check if jvm arg is ok: -XX:+UnlockDiagnosticVMOptions -XX:-VerifySharedSpaces -XX:SharedArchiveFile=/mnt/sda/cgmin/jdk12u/build/linux-x86_64-server-release/configure-support/classes.jsa
Command: /usr/lib/jvm/java-12/bin/java -XX:+UnlockDiagnosticVMOptions -XX:-VerifySharedSpaces -XX:SharedArchiveFile=/mnt/sda/cgmin/jdk12u/build/linux-x86_64-server-release/configure-support/classes.jsa -version
configure:32961: result: yes, created
configure:33194: checking for Build JDK
configure:33196: result: yes, will use output dir
configure:33603: Using default toolchain gcc (GNU Compiler Collection)
configure:35657: checking for gcc
configure:35675: found /bin/gcc
configure:35687: result: /bin/gcc
configure:36038: checking resolved symbolic links for CC
configure:36089: result: /usr/bin/gcc
configure:36221: Using gcc C compiler version 4.8.5 [gcc (GCC) 4.8.5 20150623 (Red Hat 4.8.5-36)]
configure:36338: checking for C compiler version
configure:36347: /bin/gcc --version >&5
gcc (GCC) 4.8.5 20150623 (Red Hat 4.8.5-36)
Copyright (C) 2015 Free Software Foundation, Inc.
This is free software; see the source for copying conditions.  There is NO
warranty; not even for MERCHANTABILITY or FITNESS FOR A PARTICULAR PURPOSE.

configure:36358: $? = 0
configure:36347: /bin/gcc -v >&5
Using built-in specs.
COLLECT_GCC=/bin/gcc
COLLECT_LTO_WRAPPER=/usr/libexec/gcc/x86_64-redhat-linux/4.8.5/lto-wrapper
Target: x86_64-redhat-linux
Configured with: ../configure --prefix=/usr --mandir=/usr/share/man --infodir=/usr/share/info --with-bugurl=http://bugzilla.redhat.com/bugzilla --enable-bootstrap --enable-shared --enable-threads=posix --enable-checking=release --with-system-zlib --enable-__cxa_atexit --disable-libunwind-exceptions --enable-gnu-unique-object --enable-linker-build-id --with-linker-hash-style=gnu --enable-languages=c,c++,objc,obj-c++,java,fortran,ada,go,lto --enable-plugin --enable-initfini-array --disable-libgcj --with-isl=/builddir/build/BUILD/gcc-4.8.5-20150702/obj-x86_64-redhat-linux/isl-install --with-cloog=/builddir/build/BUILD/gcc-4.8.5-20150702/obj-x86_64-redhat-linux/cloog-install --enable-gnu-indirect-function --with-tune=generic --with-arch_32=x86-64 --build=x86_64-redhat-linux
Thread model: posix
gcc version 4.8.5 20150623 (Red Hat 4.8.5-36) (GCC) 
configure:36358: $? = 0
configure:36347: /bin/gcc -V >&5
gcc: error: unrecognized command line option '-V'
gcc: fatal error: no input files
compilation terminated.
configure:36358: $? = 4
configure:36347: /bin/gcc -qversion >&5
gcc: error: unrecognized command line option '-qversion'
gcc: fatal error: no input files
compilation terminated.
configure:36358: $? = 4
configure:36378: checking whether the C compiler works
configure:36400: /bin/gcc -m64    -m64   conftest.c  >&5
configure:36404: $? = 0
configure:36452: result: yes
configure:36455: checking for C compiler default output file name
configure:36457: result: a.out
configure:36463: checking for suffix of executables
configure:36470: /bin/gcc -o conftest -m64    -m64   conftest.c  >&5
configure:36474: $? = 0
configure:36496: result: 
configure:36518: checking whether we are cross compiling
configure:36526: /bin/gcc -o conftest -m64    -m64   conftest.c  >&5
configure:36530: $? = 0
configure:36537: ./conftest
configure:36541: $? = 0
configure:36556: result: no
configure:36561: checking for suffix of object files
configure:36583: /bin/gcc -c -m64    conftest.c >&5
configure:36587: $? = 0
configure:36608: result: o
configure:36612: checking whether we are using the GNU C compiler
configure:36631: /bin/gcc -c -m64    conftest.c >&5
configure:36631: $? = 0
configure:36640: result: yes
configure:36649: checking whether /bin/gcc accepts -g
configure:36669: /bin/gcc -c -g  conftest.c >&5
configure:36669: $? = 0
configure:36710: result: yes
configure:36727: checking for /bin/gcc option to accept ISO C89
configure:36790: /bin/gcc  -c -m64    conftest.c >&5
configure:36790: $? = 0
configure:36803: result: none needed
configure:37060: checking for g++
configure:37078: found /bin/g++
configure:37090: result: /bin/g++
configure:37441: checking resolved symbolic links for CXX
configure:37492: result: /usr/bin/g++
configure:37624: Using gcc C++ compiler version 4.8.5 [g++ (GCC) 4.8.5 20150623 (Red Hat 4.8.5-36)]
configure:37741: checking for C++ compiler version
configure:37750: /bin/g++ --version >&5
g++ (GCC) 4.8.5 20150623 (Red Hat 4.8.5-36)
Copyright (C) 2015 Free Software Foundation, Inc.
This is free software; see the source for copying conditions.  There is NO
warranty; not even for MERCHANTABILITY or FITNESS FOR A PARTICULAR PURPOSE.

configure:37761: $? = 0
configure:37750: /bin/g++ -v >&5
Using built-in specs.
COLLECT_GCC=/bin/g++
COLLECT_LTO_WRAPPER=/usr/libexec/gcc/x86_64-redhat-linux/4.8.5/lto-wrapper
Target: x86_64-redhat-linux
Configured with: ../configure --prefix=/usr --mandir=/usr/share/man --infodir=/usr/share/info --with-bugurl=http://bugzilla.redhat.com/bugzilla --enable-bootstrap --enable-shared --enable-threads=posix --enable-checking=release --with-system-zlib --enable-__cxa_atexit --disable-libunwind-exceptions --enable-gnu-unique-object --enable-linker-build-id --with-linker-hash-style=gnu --enable-languages=c,c++,objc,obj-c++,java,fortran,ada,go,lto --enable-plugin --enable-initfini-array --disable-libgcj --with-isl=/builddir/build/BUILD/gcc-4.8.5-20150702/obj-x86_64-redhat-linux/isl-install --with-cloog=/builddir/build/BUILD/gcc-4.8.5-20150702/obj-x86_64-redhat-linux/cloog-install --enable-gnu-indirect-function --with-tune=generic --with-arch_32=x86-64 --build=x86_64-redhat-linux
Thread model: posix
gcc version 4.8.5 20150623 (Red Hat 4.8.5-36) (GCC) 
configure:37761: $? = 0
configure:37750: /bin/g++ -V >&5
g++: error: unrecognized command line option '-V'
g++: fatal error: no input files
compilation terminated.
configure:37761: $? = 4
configure:37750: /bin/g++ -qversion >&5
g++: error: unrecognized command line option '-qversion'
g++: fatal error: no input files
compilation terminated.
configure:37761: $? = 4
configure:37765: checking whether we are using the GNU C++ compiler
configure:37784: /bin/g++ -c -m64    conftest.cpp >&5
configure:37784: $? = 0
configure:37793: result: yes
configure:37802: checking whether /bin/g++ accepts -g
configure:37822: /bin/g++ -c -g  conftest.cpp >&5
configure:37822: $? = 0
configure:37863: result: yes
configure:38014: checking how to run the C preprocessor
configure:38045: /bin/gcc -E  conftest.c
configure:38045: $? = 0
configure:38059: /bin/gcc -E  conftest.c
conftest.c:9:28: fatal error: ac_nonexistent.h: No such file or directory
 #include <ac_nonexistent.h>
                            ^
compilation terminated.
configure:38059: $? = 1
configure: failed program was:
| /* confdefs.h */
| #define PACKAGE_NAME "OpenJDK"
| #define PACKAGE_TARNAME "openjdk"
| #define PACKAGE_VERSION "openjdk"
| #define PACKAGE_STRING "OpenJDK openjdk"
| #define PACKAGE_BUGREPORT "build-dev@openjdk.java.net"
| #define PACKAGE_URL "http://openjdk.java.net"
| /* end confdefs.h.  */
| #include <ac_nonexistent.h>
configure:38084: result: /bin/gcc -E
configure:38104: /bin/gcc -E  conftest.c
configure:38104: $? = 0
configure:38118: /bin/gcc -E  conftest.c
conftest.c:9:28: fatal error: ac_nonexistent.h: No such file or directory
 #include <ac_nonexistent.h>
                            ^
compilation terminated.
configure:38118: $? = 1
configure: failed program was:
| /* confdefs.h */
| #define PACKAGE_NAME "OpenJDK"
| #define PACKAGE_TARNAME "openjdk"
| #define PACKAGE_VERSION "openjdk"
| #define PACKAGE_STRING "OpenJDK openjdk"
| #define PACKAGE_BUGREPORT "build-dev@openjdk.java.net"
| #define PACKAGE_URL "http://openjdk.java.net"
| /* end confdefs.h.  */
| #include <ac_nonexistent.h>
configure:38437: checking how to run the C++ preprocessor
configure:38464: /bin/g++ -E  conftest.cpp
configure:38464: $? = 0
configure:38478: /bin/g++ -E  conftest.cpp
conftest.cpp:9:28: fatal error: ac_nonexistent.h: No such file or directory
 #include <ac_nonexistent.h>
                            ^
compilation terminated.
configure:38478: $? = 1
configure: failed program was:
| /* confdefs.h */
| #define PACKAGE_NAME "OpenJDK"
| #define PACKAGE_TARNAME "openjdk"
| #define PACKAGE_VERSION "openjdk"
| #define PACKAGE_STRING "OpenJDK openjdk"
| #define PACKAGE_BUGREPORT "build-dev@openjdk.java.net"
| #define PACKAGE_URL "http://openjdk.java.net"
| /* end confdefs.h.  */
| #include <ac_nonexistent.h>
configure:38503: result: /bin/g++ -E
configure:38523: /bin/g++ -E  conftest.cpp
configure:38523: $? = 0
configure:38537: /bin/g++ -E  conftest.cpp
conftest.cpp:9:28: fatal error: ac_nonexistent.h: No such file or directory
 #include <ac_nonexistent.h>
                            ^
compilation terminated.
configure:38537: $? = 1
configure: failed program was:
| /* confdefs.h */
| #define PACKAGE_NAME "OpenJDK"
| #define PACKAGE_TARNAME "openjdk"
| #define PACKAGE_VERSION "openjdk"
| #define PACKAGE_STRING "OpenJDK openjdk"
| #define PACKAGE_BUGREPORT "build-dev@openjdk.java.net"
| #define PACKAGE_URL "http://openjdk.java.net"
| /* end confdefs.h.  */
| #include <ac_nonexistent.h>
configure:39282: Using gcc linker version 2.27 [GNU ld version 2.27-34.base.el7]
configure:39987: checking for ar
configure:40003: found /bin/ar
configure:40014: result: ar
configure:40828: Rewriting AR to "/bin/ar"
configure:44860: checking for strip
configure:44876: found /bin/strip
configure:44887: result: strip
configure:45392: Rewriting STRIP to "/bin/strip"
configure:45454: checking for nm
configure:45470: found /bin/nm
configure:45481: result: nm
configure:46295: Rewriting NM to "/bin/nm"
configure:46363: checking for gobjcopy
configure:46393: result: no
configure:46363: checking for objcopy
configure:46379: found /bin/objcopy
configure:46390: result: objcopy
configure:46897: Rewriting OBJCOPY to "/bin/objcopy"
configure:47003: checking for gobjdump
configure:47033: result: no
configure:47003: checking for objdump
configure:47019: found /bin/objdump
configure:47030: result: objdump
configure:47538: Rewriting OBJDUMP to "/bin/objdump"
configure:47603: checking for c++filt
configure:47619: found /bin/c++filt
configure:47630: result: c++filt
configure:48140: Rewriting CXXFILT to "/bin/c++filt"
configure:51943: checking for jtreg
configure:51976: result: no
configure:52144: checking for jtreg test harness
configure:52150: result: no, not found
configure:52154: error: --with-jtreg was specified, but no jtreg found.

## ---------------- ##
## Cache variables. ##
## ---------------- ##

ac_cv_build=x86_64-unknown-linux-gnu
ac_cv_c_compiler_gnu=yes
ac_cv_cxx_compiler_gnu=yes
ac_cv_env_ALSA_CFLAGS_set=
ac_cv_env_ALSA_CFLAGS_value=
ac_cv_env_ALSA_LIBS_set=
ac_cv_env_ALSA_LIBS_value=
ac_cv_env_AR_set=
ac_cv_env_AR_value=
ac_cv_env_AS_set=
ac_cv_env_AS_value=
ac_cv_env_AWK_set=
ac_cv_env_AWK_value=
ac_cv_env_BASENAME_set=
ac_cv_env_BASENAME_value=
ac_cv_env_BASH_set=set
ac_cv_env_BASH_value=/bin/bash
ac_cv_env_BUILD_AR_set=
ac_cv_env_BUILD_AR_value=
ac_cv_env_BUILD_CC_set=
ac_cv_env_BUILD_CC_value=
ac_cv_env_BUILD_CXX_set=
ac_cv_env_BUILD_CXX_value=
ac_cv_env_BUILD_NM_set=
ac_cv_env_BUILD_NM_value=
ac_cv_env_BUILD_OBJCOPY_set=
ac_cv_env_BUILD_OBJCOPY_value=
ac_cv_env_BUILD_STRIP_set=
ac_cv_env_BUILD_STRIP_value=
ac_cv_env_CAT_set=
ac_cv_env_CAT_value=
ac_cv_env_CCACHE_set=
ac_cv_env_CCACHE_value=
ac_cv_env_CCC_set=
ac_cv_env_CCC_value=
ac_cv_env_CC_set=
ac_cv_env_CC_value=
ac_cv_env_CFLAGS_set=
ac_cv_env_CFLAGS_value=
ac_cv_env_CHMOD_set=
ac_cv_env_CHMOD_value=
ac_cv_env_CMP_set=
ac_cv_env_CMP_value=
ac_cv_env_CODESIGN_set=
ac_cv_env_CODESIGN_value=
ac_cv_env_COMM_set=
ac_cv_env_COMM_value=
ac_cv_env_CPIO_set=
ac_cv_env_CPIO_value=
ac_cv_env_CPPFLAGS_set=
ac_cv_env_CPPFLAGS_value=
ac_cv_env_CPP_set=
ac_cv_env_CPP_value=
ac_cv_env_CP_set=
ac_cv_env_CP_value=
ac_cv_env_CUT_set=
ac_cv_env_CUT_value=
ac_cv_env_CXXCPP_set=
ac_cv_env_CXXCPP_value=
ac_cv_env_CXXFILT_set=
ac_cv_env_CXXFILT_value=
ac_cv_env_CXXFLAGS_set=
ac_cv_env_CXXFLAGS_value=
ac_cv_env_CXX_set=
ac_cv_env_CXX_value=
ac_cv_env_CYGPATH_set=
ac_cv_env_CYGPATH_value=
ac_cv_env_DATE_set=
ac_cv_env_DATE_value=
ac_cv_env_DF_set=
ac_cv_env_DF_value=
ac_cv_env_DIFF_set=
ac_cv_env_DIFF_value=
ac_cv_env_DIRNAME_set=
ac_cv_env_DIRNAME_value=
ac_cv_env_DOT_set=
ac_cv_env_DOT_value=
ac_cv_env_DSYMUTIL_set=
ac_cv_env_DSYMUTIL_value=
ac_cv_env_DTRACE_set=
ac_cv_env_DTRACE_value=
ac_cv_env_ECHO_set=
ac_cv_env_ECHO_value=
ac_cv_env_EGREP_set=
ac_cv_env_EGREP_value=
ac_cv_env_ELFEDIT_set=
ac_cv_env_ELFEDIT_value=
ac_cv_env_EXPR_set=
ac_cv_env_EXPR_value=
ac_cv_env_FGREP_set=
ac_cv_env_FGREP_value=
ac_cv_env_FILE_set=
ac_cv_env_FILE_value=
ac_cv_env_FIND_set=
ac_cv_env_FIND_value=
ac_cv_env_FLOCK_set=
ac_cv_env_FLOCK_value=
ac_cv_env_FREETYPE_CFLAGS_set=
ac_cv_env_FREETYPE_CFLAGS_value=
ac_cv_env_FREETYPE_LIBS_set=
ac_cv_env_FREETYPE_LIBS_value=
ac_cv_env_GIT_set=
ac_cv_env_GIT_value=
ac_cv_env_GNM_set=
ac_cv_env_GNM_value=
ac_cv_env_GREP_set=
ac_cv_env_GREP_value=
ac_cv_env_GUNZIP_set=
ac_cv_env_GUNZIP_value=
ac_cv_env_GZIP_set=
ac_cv_env_GZIP_value=
ac_cv_env_HEAD_set=
ac_cv_env_HEAD_value=
ac_cv_env_HG_set=
ac_cv_env_HG_value=
ac_cv_env_ICECC_CMD_set=
ac_cv_env_ICECC_CMD_value=
ac_cv_env_ICECC_CREATE_ENV_set=
ac_cv_env_ICECC_CREATE_ENV_value=
ac_cv_env_ICECC_WRAPPER_set=
ac_cv_env_ICECC_WRAPPER_value=
ac_cv_env_INSTALL_NAME_TOOL_set=
ac_cv_env_INSTALL_NAME_TOOL_value=
ac_cv_env_JARSIGNER_set=
ac_cv_env_JARSIGNER_value=
ac_cv_env_JAR_set=
ac_cv_env_JAR_value=
ac_cv_env_JAVAC_set=
ac_cv_env_JAVAC_value=
ac_cv_env_JAVADOC_set=
ac_cv_env_JAVADOC_value=
ac_cv_env_JAVA_set=
ac_cv_env_JAVA_value=
ac_cv_env_JTREGEXE_set=
ac_cv_env_JTREGEXE_value=
ac_cv_env_LCMS_CFLAGS_set=
ac_cv_env_LCMS_CFLAGS_value=
ac_cv_env_LCMS_LIBS_set=
ac_cv_env_LCMS_LIBS_value=
ac_cv_env_LDD_set=
ac_cv_env_LDD_value=
ac_cv_env_LDFLAGS_set=
ac_cv_env_LDFLAGS_value=
ac_cv_env_LIBFFI_CFLAGS_set=
ac_cv_env_LIBFFI_CFLAGS_value=
ac_cv_env_LIBFFI_LIBS_set=
ac_cv_env_LIBFFI_LIBS_value=
ac_cv_env_LIBS_set=
ac_cv_env_LIBS_value=
ac_cv_env_LIPO_set=
ac_cv_env_LIPO_value=
ac_cv_env_LN_set=
ac_cv_env_LN_value=
ac_cv_env_LS_set=
ac_cv_env_LS_value=
ac_cv_env_MAKE_set=
ac_cv_env_MAKE_value=
ac_cv_env_MIG_set=
ac_cv_env_MIG_value=
ac_cv_env_MKDIR_set=
ac_cv_env_MKDIR_value=
ac_cv_env_MKTEMP_set=
ac_cv_env_MKTEMP_value=
ac_cv_env_MV_set=
ac_cv_env_MV_value=
ac_cv_env_NAWK_set=
ac_cv_env_NAWK_value=
ac_cv_env_NICE_set=
ac_cv_env_NICE_value=
ac_cv_env_NM_set=
ac_cv_env_NM_value=
ac_cv_env_OBJCOPY_set=
ac_cv_env_OBJCOPY_value=
ac_cv_env_OBJDUMP_set=
ac_cv_env_OBJDUMP_value=
ac_cv_env_OTOOL_set=
ac_cv_env_OTOOL_value=
ac_cv_env_PANDOC_set=
ac_cv_env_PANDOC_value=
ac_cv_env_PATCH_set=
ac_cv_env_PATCH_value=
ac_cv_env_PKG_CONFIG_set=
ac_cv_env_PKG_CONFIG_value=
ac_cv_env_PNG_CFLAGS_set=
ac_cv_env_PNG_CFLAGS_value=
ac_cv_env_PNG_LIBS_set=
ac_cv_env_PNG_LIBS_value=
ac_cv_env_PRINTF_set=
ac_cv_env_PRINTF_value=
ac_cv_env_READELF_set=
ac_cv_env_READELF_value=
ac_cv_env_READLINK_set=
ac_cv_env_READLINK_value=
ac_cv_env_RMDIR_set=
ac_cv_env_RMDIR_value=
ac_cv_env_RM_set=
ac_cv_env_RM_value=
ac_cv_env_SED_set=
ac_cv_env_SED_value=
ac_cv_env_SETFILE_set=
ac_cv_env_SETFILE_value=
ac_cv_env_SH_set=
ac_cv_env_SH_value=
ac_cv_env_SORT_set=
ac_cv_env_SORT_value=
ac_cv_env_STAT_set=
ac_cv_env_STAT_value=
ac_cv_env_STRIP_set=
ac_cv_env_STRIP_value=
ac_cv_env_TAIL_set=
ac_cv_env_TAIL_value=
ac_cv_env_TAR_set=
ac_cv_env_TAR_value=
ac_cv_env_TEE_set=
ac_cv_env_TEE_value=
ac_cv_env_TIME_set=
ac_cv_env_TIME_value=
ac_cv_env_TOUCH_set=
ac_cv_env_TOUCH_value=
ac_cv_env_TR_set=
ac_cv_env_TR_value=
ac_cv_env_UNAME_set=
ac_cv_env_UNAME_value=
ac_cv_env_UNIQ_set=
ac_cv_env_UNIQ_value=
ac_cv_env_UNZIP_set=
ac_cv_env_UNZIP_value=
ac_cv_env_WC_set=
ac_cv_env_WC_value=
ac_cv_env_WHICH_set=
ac_cv_env_WHICH_value=
ac_cv_env_XARGS_set=
ac_cv_env_XARGS_value=
ac_cv_env_XATTR_set=
ac_cv_env_XATTR_value=
ac_cv_env_XMKMF_set=
ac_cv_env_XMKMF_value=
ac_cv_env_ZIPEXE_set=
ac_cv_env_ZIPEXE_value=
ac_cv_env_build_alias_set=
ac_cv_env_build_alias_value=
ac_cv_env_host_alias_set=
ac_cv_env_host_alias_value=
ac_cv_env_target_alias_set=
ac_cv_env_target_alias_value=
ac_cv_host=x86_64-unknown-linux-gnu
ac_cv_objext=o
ac_cv_path_BASENAME=/bin/basename
ac_cv_path_BASH=/bin/bash
ac_cv_path_CAT=/bin/cat
ac_cv_path_CHECK_GMAKE=/bin/gmake
ac_cv_path_CHMOD=/bin/chmod
ac_cv_path_CMP=/bin/cmp
ac_cv_path_COMM=/bin/comm
ac_cv_path_CP=/bin/cp
ac_cv_path_CPIO=/bin/cpio
ac_cv_path_CUT=/bin/cut
ac_cv_path_DATE=/bin/date
ac_cv_path_DF=/bin/df
ac_cv_path_DIFF=/bin/diff
ac_cv_path_DIRNAME=/bin/dirname
ac_cv_path_DOT=/bin/dot
ac_cv_path_DTRACE=/bin/dtrace
ac_cv_path_ECHO=/bin/echo
ac_cv_path_EGREP='/bin/grep -E'
ac_cv_path_EXPR=/bin/expr
ac_cv_path_FGREP='/bin/grep -F'
ac_cv_path_FILE=/bin/file
ac_cv_path_FIND=/bin/find
ac_cv_path_FLOCK=/bin/flock
ac_cv_path_GIT=/bin/git
ac_cv_path_GREP=/bin/grep
ac_cv_path_GUNZIP=/bin/gunzip
ac_cv_path_GZIP=/bin/gzip
ac_cv_path_HEAD=/bin/head
ac_cv_path_HG=/bin/hg
ac_cv_path_LDD=/bin/ldd
ac_cv_path_LN=/bin/ln
ac_cv_path_LS=/bin/ls
ac_cv_path_MKDIR=/bin/mkdir
ac_cv_path_MKTEMP=/bin/mktemp
ac_cv_path_MV=/bin/mv
ac_cv_path_NAWK=/bin/gawk
ac_cv_path_NICE=/bin/nice
ac_cv_path_PATCH=/bin/patch
ac_cv_path_PRINTF=/bin/printf
ac_cv_path_READELF=/bin/readelf
ac_cv_path_READLINK=/bin/readlink
ac_cv_path_RM=/bin/rm
ac_cv_path_RMDIR=/bin/rmdir
ac_cv_path_SED=/bin/sed
ac_cv_path_SH=/bin/sh
ac_cv_path_SORT=/bin/sort
ac_cv_path_STAT=/bin/stat
ac_cv_path_TAIL=/bin/tail
ac_cv_path_TAR=/bin/gtar
ac_cv_path_TEE=/bin/tee
ac_cv_path_TIME=/bin/time
ac_cv_path_TOUCH=/bin/touch
ac_cv_path_TR=/bin/tr
ac_cv_path_UNAME=/bin/uname
ac_cv_path_UNIQ=/bin/uniq
ac_cv_path_UNZIP=/bin/unzip
ac_cv_path_WC=/bin/wc
ac_cv_path_WHICH=/bin/which
ac_cv_path_XARGS=/bin/xargs
ac_cv_path_ZIPEXE=/bin/zip
ac_cv_path_ac_pt_PKG_CONFIG=/bin/pkg-config
ac_cv_path_ac_pt_POTENTIAL_CC=/bin/gcc
ac_cv_path_ac_pt_POTENTIAL_CXX=/bin/g++
ac_cv_prog_AWK=gawk
ac_cv_prog_CPP='/bin/gcc -E'
ac_cv_prog_CXXCPP='/bin/g++ -E'
ac_cv_prog_PKGHANDLER=yum
ac_cv_prog_ac_ct_AR=ar
ac_cv_prog_ac_ct_CXXFILT=c++filt
ac_cv_prog_ac_ct_NM=nm
ac_cv_prog_ac_ct_OBJCOPY=objcopy
ac_cv_prog_ac_ct_OBJDUMP=objdump
ac_cv_prog_ac_ct_STRIP=strip
ac_cv_prog_cc_c89=
ac_cv_prog_cc_g=yes
ac_cv_prog_cxx_g=yes
ac_cv_target=x86_64-unknown-linux-gnu

## ----------------- ##
## Output variables. ##
## ----------------- ##

ADLC_CXXFLAG=''
ALSA_CFLAGS=''
ALSA_LIBS=''
AR='/bin/ar'
ARFLAGS=''
AR_OUT_OPTION=''
AS='/bin/gcc -c'
ASAN_ENABLED=''
ASFLAGS_DEBUG_SYMBOLS=''
AWK='gawk'
BASENAME='/bin/basename'
BASH='/bin/bash'
BASH_ARGS=' -o pipefail -e'
BOOTCYCLE_JVM_ARGS_BIG=''
BOOT_JDK='/usr/lib/jvm/java-12'
BOOT_JDK_SOURCETARGET='-source 9 -target 9'
BUILD_AR='/bin/ar'
BUILD_AS='/bin/gcc -c'
BUILD_CC='/bin/gcc'
BUILD_CC_DISABLE_WARNING_PREFIX=''
BUILD_CDS_ARCHIVE=''
BUILD_CXX='/bin/g++'
BUILD_FAILURE_HANDLER=''
BUILD_GTEST=''
BUILD_ICECC=''
BUILD_JDK='$(JDK_OUTPUTDIR)'
BUILD_LD='/bin/gcc'
BUILD_LDCXX='/bin/g++'
BUILD_MANPAGES=''
BUILD_NM='/bin/nm'
BUILD_OBJCOPY='/bin/objcopy'
BUILD_STRIP='/bin/strip'
BUILD_SYSROOT_CFLAGS=''
BUILD_SYSROOT_LDFLAGS=''
CACERTS_FILE=''
CAT='/bin/cat'
CC='/bin/gcc'
CCACHE=''
CC_OUT_OPTION=''
CC_VERSION_NUMBER='4.8.5'
CFLAGS='-m64  '
CFLAGS_CCACHE=''
CFLAGS_DEBUG_SYMBOLS=''
CFLAGS_JDKEXE=''
CFLAGS_JDKLIB=''
CFLAGS_WARNINGS_ARE_ERRORS=''
CHECK_GMAKE='/bin/gmake'
CHECK_MAKE=''
CHECK_TOOLSDIR_GMAKE=''
CHECK_TOOLSDIR_MAKE=''
CHMOD='/bin/chmod'
CMP='/bin/cmp'
CODESIGN=''
COMM='/bin/comm'
COMPANY_NAME='N/A'
COMPILER_BINDCMD_FILE_FLAG=''
COMPILER_COMMAND_FILE_FLAG=''
COMPILER_SUPPORTS_TARGET_BITS_FLAG=''
COMPILER_TARGET_BITS_FLAG=''
COMPILE_TYPE='native'
COMPILE_WITH_DEBUG_SYMBOLS=''
COMPRESS_JARS='false'
CONFIGURESUPPORT_OUTPUTDIR='/mnt/sda/cgmin/jdk12u/build/linux-x86_64-server-release/configure-support'
CONFIGURE_COMMAND_LINE='--with-boot-jdk=/usr/lib/jvm/java-12 --with-jtreg'
CONF_NAME='linux-x86_64-server-release'
COPYRIGHT_YEAR='2019'
COPY_DEBUG_SYMBOLS=''
CP='/bin/cp'
CPIO='/bin/cpio'
CPP='/bin/gcc -E'
CPPFLAGS=''
CREATE_BUILDJDK='false'
CUPS_CFLAGS=''
CUT='/bin/cut'
CXX='/bin/g++'
CXXCPP='/bin/g++ -E'
CXXFILT='/bin/c++filt'
CXXFLAGS='-m64  '
CXXFLAGS_JDKEXE=''
CXXFLAGS_JDKLIB=''
CXX_FLAG_DEPS=''
CXX_O_FLAG_HI=''
CXX_O_FLAG_HIGHEST=''
CXX_O_FLAG_HIGHEST_JVM=''
CXX_O_FLAG_NONE=''
CXX_O_FLAG_NORM=''
CXX_O_FLAG_SIZE=''
CXX_VERSION_NUMBER='4.8.5'
CYGPATH=''
CYGWIN_LINK=''
C_FLAG_DEPS=''
C_FLAG_REORDER=''
C_O_FLAG_HI=''
C_O_FLAG_HIGHEST=''
C_O_FLAG_HIGHEST_JVM=''
C_O_FLAG_NONE=''
C_O_FLAG_NORM=''
C_O_FLAG_SIZE=''
DATE='/bin/date'
DATE_WHEN_CONFIGURED='Wed May 15 19:29:04 KST 2019'
DEBUG_LEVEL='release'
DEFAULT_LOG=''
DEFAULT_MAKE_TARGET='exploded-image'
DEFINE_CROSS_COMPILE_ARCH=''
DEFS=''
DEVKIT_LIB_DIR=''
DF='/bin/df'
DIFF='/bin/diff'
DIRNAME='/bin/dirname'
DISABLED_WARNINGS=''
DISABLED_WARNINGS_C=''
DISABLED_WARNINGS_CXX=''
DISABLE_WARNING_PREFIX=''
DOT='/bin/dot'
DSYMUTIL=''
DTRACE='/bin/dtrace'
DUMPBIN=''
ECHO='/bin/echo'
ECHO_C=''
ECHO_N='-n'
ECHO_T=''
EGREP='/bin/grep -E'
ELFEDIT=''
ENABLE_AOT=''
ENABLE_CDS=''
ENABLE_FULL_DOCS='false'
ENABLE_GENERATE_CLASSLIST=''
ENABLE_HEADLESS_ONLY='false'
ENABLE_INTREE_EC=''
ENABLE_JAVAC_SERVER=''
ENABLE_LIBFFI_BUNDLING=''
ENABLE_PANDOC='false'
ENABLE_SJAVAC=''
EXCLUDE_TRANSLATIONS=''
EXEEXT=''
EXE_SUFFIX=''
EXPR='/bin/expr'
EXTERNAL_BUILDJDK='false'
EXTRA_CFLAGS='-m64 '
EXTRA_CXXFLAGS='-m64 '
EXTRA_LDFLAGS='-m64 '
FDLIBM_CFLAGS=''
FGREP='/bin/grep -F'
FILE='/bin/file'
FIND='/bin/find'
FIND_DELETE='-delete'
FIXPATH=''
FIXPATH_DETACH_FLAG=''
FLOCK='/bin/flock'
FONTCONFIG_CFLAGS=''
FREETYPE_CFLAGS=''
FREETYPE_LIBS=''
FREETYPE_TO_USE=''
GCOV_ENABLED=''
GIT='/bin/git'
GLOBAL_CFLAGS='-m64  '
GLOBAL_CPPFLAGS=''
GLOBAL_CXXFLAGS='-m64  '
GLOBAL_LDFLAGS='-m64  '
GLOBAL_LIBS=''
GNM='/bin/nm'
GRAALUNIT_LIB=''
GREP='/bin/grep'
GUNZIP='/bin/gunzip'
GZIP='/bin/gzip'
HEAD='/bin/head'
HG='/bin/hg'
HOTSPOT_BUILD_CPU='x86_64'
HOTSPOT_BUILD_CPU_ARCH='x86'
HOTSPOT_BUILD_CPU_DEFINE='AMD64'
HOTSPOT_BUILD_OS='linux'
HOTSPOT_BUILD_OS_TYPE='posix'
HOTSPOT_DEBUG_LEVEL='product'
HOTSPOT_OVERRIDE_LIBPATH=''
HOTSPOT_TARGET_CPU='x86_64'
HOTSPOT_TARGET_CPU_ARCH='x86'
HOTSPOT_TARGET_CPU_DEFINE='AMD64'
HOTSPOT_TARGET_OS='linux'
HOTSPOT_TARGET_OS_TYPE='posix'
HOTSPOT_TOOLCHAIN_TYPE='gcc'
HOTSPOT_VM_DISTRO='OpenJDK'
ICECC=''
ICECC_CMD=''
ICECC_CREATE_ENV=''
ICECC_WRAPPER=''
IMPORT_MODULES_CLASSES=''
IMPORT_MODULES_CMDS=''
IMPORT_MODULES_CONF=''
IMPORT_MODULES_LEGAL=''
IMPORT_MODULES_LIBS=''
IMPORT_MODULES_MAKE=''
IMPORT_MODULES_MAN=''
IMPORT_MODULES_SRC=''
INCLUDE_GRAAL=''
INCLUDE_JVMCI=''
INCLUDE_SA='true'
INSTALL_NAME_TOOL=''
IS_GNU_TIME='yes'
JAR='/usr/lib/jvm/java-12/bin/jar'
JARSIGNER='/usr/lib/jvm/java-12/bin/jarsigner'
JAVA='/usr/lib/jvm/java-12/bin/java'
JAVAC='/usr/lib/jvm/java-12/bin/javac'
JAVAC_CHECK=''
JAVAC_FLAGS=''
JAVADOC='/usr/lib/jvm/java-12/bin/javadoc'
JAVA_CHECK=''
JAVA_FLAGS=''
JAVA_FLAGS_BIG=''
JAVA_FLAGS_JAVAC=''
JAVA_FLAGS_SMALL=''
JAVA_TOOL_FLAGS_SMALL=''
JCOV_ENABLED=''
JCOV_HOME=''
JCOV_INPUT_JDK=''
JDKEXE_LIBS=''
JDKLIB_LIBS=''
JDK_ARCH_ABI_PROP_NAME=''
JDK_RC_PLATFORM_NAME='Platform'
JIB_HOME=''
JLINK='$(JDK_OUTPUTDIR)/bin/jlink'
JLINK_KEEP_PACKAGED_MODULES='true'
JMH_COMMONS_MATH_JAR=''
JMH_CORE_JAR=''
JMH_GENERATOR_JAR=''
JMH_JOPT_SIMPLE_JAR=''
JMH_VERSION=''
JMOD='$(JDK_OUTPUTDIR)/bin/jmod'
JOBS=''
JTREGEXE=''
JT_HOME=''
JVM_ASFLAGS=''
JVM_CFLAGS=''
JVM_FEATURES_client=''
JVM_FEATURES_core=''
JVM_FEATURES_custom=''
JVM_FEATURES_minimal=''
JVM_FEATURES_server=''
JVM_FEATURES_zero=''
JVM_LDFLAGS=''
JVM_LIBS=''
JVM_RCFLAGS=''
JVM_VARIANTS='server'
JVM_VARIANT_MAIN='server'
LAUNCHER_NAME='openjdk'
LCMS_CFLAGS=''
LCMS_LIBS=''
LD='/bin/gcc'
LDCXX='/bin/g++'
LDD='/bin/ldd'
LDFLAGS='-m64  '
LDFLAGS_CXX_JDK=''
LDFLAGS_JDKEXE=''
LDFLAGS_JDKLIB=''
LDFLAGS_TESTEXE=''
LDFLAGS_WARNINGS_ARE_ERRORS=''
LD_OUT_OPTION=''
LIBCXX=''
LIBDL=''
LIBFFI_CFLAGS=''
LIBFFI_LIBS=''
LIBFFI_LIB_FILE=''
LIBJSIG_HASHSTYLE_LDFLAGS=''
LIBJSIG_NOEXECSTACK_LDFLAGS=''
LIBM=''
LIBOBJS=''
LIBRARY_PREFIX='lib'
LIBS=''
LIBZIP_CAN_USE_MMAP=''
LIBZ_CFLAGS=''
LIBZ_LIBS=''
LIPO=''
LN='/bin/ln'
LS='/bin/ls'
LTLIBOBJS=''
MACOSX_BUNDLE_ID_BASE='net.java.openjdk'
MACOSX_BUNDLE_NAME_BASE='OpenJDK'
MACOSX_VERSION_MAX=''
MACOSX_VERSION_MIN=''
MAKE='/bin/gmake'
MEMORY_SIZE=''
MIG=''
MKDIR='/bin/mkdir'
MKTEMP='/bin/mktemp'
MSBUILD=''
MSVCP_DLL=''
MSVCR_DLL=''
MT=''
MV='/bin/mv'
NAWK='/bin/gawk'
NICE='/bin/nice'
NM='/bin/nm'
NUM_CORES=''
OBJCOPY='/bin/objcopy'
OBJDUMP='/bin/objdump'
OBJEXT='o'
OBJ_SUFFIX='.o'
OPENJDK_BUILD_AUTOCONF_NAME='x86_64-unknown-linux-gnu'
OPENJDK_BUILD_BUNDLE_PLATFORM='linux-x64'
OPENJDK_BUILD_CFLAGS_JDKEXE=''
OPENJDK_BUILD_CFLAGS_JDKLIB=''
OPENJDK_BUILD_CPU='x86_64'
OPENJDK_BUILD_CPU_ARCH='x86'
OPENJDK_BUILD_CPU_BITS='64'
OPENJDK_BUILD_CPU_ENDIAN='little'
OPENJDK_BUILD_CPU_ISADIR=''
OPENJDK_BUILD_CPU_LEGACY='amd64'
OPENJDK_BUILD_CPU_LEGACY_LIB='amd64'
OPENJDK_BUILD_CPU_OSARCH='amd64'
OPENJDK_BUILD_CXXFLAGS_JDKEXE=''
OPENJDK_BUILD_CXXFLAGS_JDKLIB=''
OPENJDK_BUILD_JDKLIB_LIBS=''
OPENJDK_BUILD_JVM_ASFLAGS=''
OPENJDK_BUILD_JVM_CFLAGS=''
OPENJDK_BUILD_JVM_LDFLAGS=''
OPENJDK_BUILD_JVM_LIBS=''
OPENJDK_BUILD_LDFLAGS_JDKEXE=''
OPENJDK_BUILD_LDFLAGS_JDKLIB=''
OPENJDK_BUILD_OS='linux'
OPENJDK_BUILD_OS_ENV='linux'
OPENJDK_BUILD_OS_INCLUDE_SUBDIR='linux'
OPENJDK_BUILD_OS_TYPE='unix'
OPENJDK_MODULE_TARGET_PLATFORM='linux-amd64'
OPENJDK_TARGET_AUTOCONF_NAME='x86_64-unknown-linux-gnu'
OPENJDK_TARGET_BUNDLE_PLATFORM='linux-x64'
OPENJDK_TARGET_CPU='x86_64'
OPENJDK_TARGET_CPU_ARCH='x86'
OPENJDK_TARGET_CPU_BITS='64'
OPENJDK_TARGET_CPU_ENDIAN='little'
OPENJDK_TARGET_CPU_ISADIR=''
OPENJDK_TARGET_CPU_LEGACY='amd64'
OPENJDK_TARGET_CPU_LEGACY_LIB='amd64'
OPENJDK_TARGET_CPU_OSARCH='amd64'
OPENJDK_TARGET_OS='linux'
OPENJDK_TARGET_OS_ENV='linux'
OPENJDK_TARGET_OS_INCLUDE_SUBDIR='linux'
OPENJDK_TARGET_OS_TYPE='unix'
OPENJDK_TARGET_OS_UPPERCASE='LINUX'
ORIGINAL_PATH='/sbin:/bin:/usr/sbin:/usr/bin:/usr/local/bin:/usr/local/src/apache-maven/bin'
OS_VERSION_MAJOR='3'
OS_VERSION_MICRO='0'
OS_VERSION_MINOR='10'
OTOOL=''
OUTPUTDIR='/mnt/sda/cgmin/jdk12u/build/linux-x86_64-server-release'
OUTPUT_SYNC=''
OUTPUT_SYNC_SUPPORTED='false'
PACKAGE_BUGREPORT='build-dev@openjdk.java.net'
PACKAGE_NAME='OpenJDK'
PACKAGE_STRING='OpenJDK openjdk'
PACKAGE_TARNAME='openjdk'
PACKAGE_URL='http://openjdk.java.net'
PACKAGE_VERSION='openjdk'
PANDOC=''
PATCH='/bin/patch'
PATH_SEP=':'
PATH_SEPARATOR=':'
PKGHANDLER='yum'
PKG_CONFIG='/bin/pkg-config'
PNG_CFLAGS=''
PNG_LIBS=''
POTENTIAL_CC='/bin/gcc'
POTENTIAL_CXX='/bin/g++'
PRINTF='/bin/printf'
PRODUCT_NAME='OpenJDK'
PRODUCT_SUFFIX='Runtime Environment'
RC=''
RC_FLAGS=''
READELF='/bin/readelf'
READLINK='/bin/readlink'
RELEASE_FILE_OS_ARCH='x86_64'
RELEASE_FILE_OS_NAME='Linux'
RM='/bin/rm -f'
RMDIR='/bin/rmdir'
SDKROOT=''
SED='/bin/sed'
SETFILE=''
SET_EXECUTABLE_ORIGIN=''
SET_SHARED_LIBRARY_MAPFILE=''
SET_SHARED_LIBRARY_NAME=''
SET_SHARED_LIBRARY_ORIGIN=''
SH='/bin/sh'
SHARED_LIBRARY='lib$1.so'
SHARED_LIBRARY_FLAGS=''
SHARED_LIBRARY_SUFFIX='.so'
SHELL='/bin/bash'
SJAVAC_SERVER_JAVA=''
SJAVAC_SERVER_JAVA_FLAGS=''
SOLARIS_LD=''
SORT='/bin/sort'
SPEC='/mnt/sda/cgmin/jdk12u/build/linux-x86_64-server-release/spec.gmk'
STAT='/bin/stat'
STATIC_BUILD='false'
STATIC_LIBRARY='lib$1.a'
STATIC_LIBRARY_SUFFIX='.a'
STLPORT_LIB=''
STRIP='/bin/strip'
STRIPFLAGS=''
SYSROOT_CFLAGS=''
SYSROOT_LDFLAGS=''
TAIL='/bin/tail'
TAR='/bin/gtar'
TAR_CREATE_EXTRA_PARAM=''
TAR_INCLUDE_PARAM='T'
TAR_SUPPORTS_TRANSFORM='true'
TAR_TYPE='gnu'
TEE='/bin/tee'
TEST_JOBS=''
TIME='/bin/time'
TOOLCHAIN_PATH_CC=''
TOOLCHAIN_PATH_CXX=''
TOOLCHAIN_TYPE='gcc'
TOOLCHAIN_VERSION=''
TOPDIR='/mnt/sda/cgmin/jdk12u'
TOUCH='/bin/touch'
TR='/bin/tr'
UCRT_DLL_DIR=''
UNAME='/bin/uname'
UNIQ='/bin/uniq'
UNLIMITED_CRYPTO='true'
UNZIP='/bin/unzip'
USERNAME='root'
USE_EXTERNAL_LCMS=''
USE_EXTERNAL_LIBGIF=''
USE_EXTERNAL_LIBJPEG=''
USE_EXTERNAL_LIBPNG=''
USE_EXTERNAL_LIBZ=''
USE_PRECOMPILED_HEADER=''
VALID_JVM_FEATURES='compiler1 compiler2 zero minimal dtrace jvmti jvmci     graal vm-structs jni-check services management cmsgc epsilongc g1gc parallelgc serialgc shenandoahgc zgc nmt cds     static-build link-time-opt aot jfr'
VALID_JVM_VARIANTS='server client minimal core zero custom'
VENDOR_URL='https://openjdk.java.net/'
VENDOR_URL_BUG='https://bugreport.java.com/bugreport/'
VENDOR_URL_VM_BUG=''
VENDOR_VERSION_STRING=''
VERSION_BUILD='0'
VERSION_CLASSFILE_MAJOR='56'
VERSION_CLASSFILE_MINOR='0'
VERSION_DATE='2019-04-16'
VERSION_EXTRA1='0'
VERSION_EXTRA2='0'
VERSION_EXTRA3='0'
VERSION_FEATURE='12'
VERSION_INTERIM='0'
VERSION_IS_GA='false'
VERSION_NUMBER='12.0.1'
VERSION_NUMBER_FOUR_POSITIONS='12.0.1.0'
VERSION_OPT='adhoc.root.jdk12u'
VERSION_PATCH='0'
VERSION_PRE='internal'
VERSION_SHORT='12.0.1-internal'
VERSION_STRING='12.0.1-internal+0-adhoc.root.jdk12u'
VERSION_UPDATE='1'
VS_INCLUDE=''
VS_LIB=''
VS_PATH=''
WARNINGS_AS_ERRORS=''
WC='/bin/wc'
WHICH='/bin/which'
XARGS='/bin/xargs'
XATTR=''
XCODEBUILD=''
XMKMF=''
X_CFLAGS=''
X_EXTRA_LIBS=''
X_LIBS=''
X_PRE_LIBS=''
ZIPEXE='/bin/zip'
ZIP_EXTERNAL_DEBUG_SYMBOLS=''
ac_ct_AR='ar'
ac_ct_CC=''
ac_ct_CXX=''
ac_ct_CXXFILT='c++filt'
ac_ct_NM='nm'
ac_ct_OBJCOPY='objcopy'
ac_ct_OBJDUMP='objdump'
ac_ct_STRIP='strip'
bindir='${exec_prefix}/bin'
build='x86_64-unknown-linux-gnu'
build_alias=''
build_cpu='x86_64'
build_os='linux-gnu'
build_vendor='unknown'
datadir='${datarootdir}'
datarootdir='${prefix}/share'
docdir='${datarootdir}/doc/${PACKAGE_TARNAME}'
dvidir='${docdir}'
exec_prefix='NONE'
host='x86_64-unknown-linux-gnu'
host_alias=''
host_cpu='x86_64'
host_os='linux-gnu'
host_vendor='unknown'
htmldir='${docdir}'
includedir='${prefix}/include'
infodir='${datarootdir}/info'
libdir='${exec_prefix}/lib'
libexecdir='${exec_prefix}/libexec'
localedir='${datarootdir}/locale'
localstatedir='${prefix}/var'
mandir='${datarootdir}/man'
oldincludedir='/usr/include'
pdfdir='${docdir}'
prefix='NONE'
program_transform_name='s,x,x,'
psdir='${docdir}'
sbindir='${exec_prefix}/sbin'
sharedstatedir='${prefix}/com'
sysconfdir='${prefix}/etc'
target='x86_64-unknown-linux-gnu'
target_alias=''
target_cpu='x86_64'
target_os='linux-gnu'
target_vendor='unknown'

## ----------- ##
## confdefs.h. ##
## ----------- ##

/* confdefs.h */
#define PACKAGE_NAME "OpenJDK"
#define PACKAGE_TARNAME "openjdk"
#define PACKAGE_VERSION "openjdk"
#define PACKAGE_STRING "OpenJDK openjdk"
#define PACKAGE_BUGREPORT "build-dev@openjdk.java.net"
#define PACKAGE_URL "http://openjdk.java.net"

configure: exit 1
