#
# A fatal error has been detected by the Java Runtime Environment:
#
#  Internal Error (heapRegion.cpp:104), pid=46224, tid=46225
#  guarantee((size_t) 1 << LogOfHRGrainWords == GrainWords) failed: sanity
#
# JRE version:  (12.0.1) (build )
# Java VM: OpenJDK 64-Bit Server VM (12.0.1-internal+0-adhoc.root.jdk12.0.1, mixed mode, aot, sharing, tiered, compressed oops, g1 gc, linux-amd64)
# Problematic frame:
# V  [libjvm.so+0x82a2a5]  HeapRegion::setup_heap_region_size(unsigned long, unsigned long)+0x165
#
# No core dump will be written. Core dumps have been disabled. To enable core dumping, try "ulimit -c unlimited" before starting Java again
#
# If you would like to submit a bug report, please visit:
#   http://bugreport.java.com/bugreport/crash.jsp
#

---------------  S U M M A R Y ------------

Command Line: -verbose:gc -XX:+PrintGC -XX:G1HeapRegionSize=4 dacapo-9.12-MR1-bach.jar lusearch

Host: Intel(R) Xeon(R) CPU E5-2650 v4 @ 2.20GHz, 48 cores, 155G, CentOS Linux release 7.4.1708 (Core) 
Time: Thu Jun 27 16:26:00 2019 KST elapsed time: 0 seconds (0d 0h 0m 0s)

---------------  T H R E A D  ---------------

Current thread (0x00007fb150010800):  JavaThread "Unknown thread" [_thread_in_vm, id=46225, stack(0x00007fb159b4b000,0x00007fb159c4c000)]

Stack: [0x00007fb159b4b000,0x00007fb159c4c000],  sp=0x00007fb159c4a9b0,  free space=1022k
Native frames: (J=compiled Java code, A=aot compiled Java code, j=interpreted, Vv=VM code, C=native code)
V  [libjvm.so+0x82a2a5]  HeapRegion::setup_heap_region_size(unsigned long, unsigned long)+0x165
V  [libjvm.so+0x77b284]  G1CollectorPolicy::G1CollectorPolicy()+0x34
V  [libjvm.so+0x7598d5]  G1Arguments::create_heap()+0xb5
V  [libjvm.so+0xebb201]  Universe::initialize_heap()+0x31
V  [libjvm.so+0xebb4eb]  universe_init()+0x6b
V  [libjvm.so+0x851f4f]  init_globals()+0x5f
V  [libjvm.so+0xe92b3c]  Threads::create_vm(JavaVMInitArgs*, bool*)+0x36c
V  [libjvm.so+0x908ee8]  JNI_CreateJavaVM+0x58
C  [libjli.so+0x4864]  JavaMain+0x84

Registers:
RAX=0x00007fb159c60000, RBX=0x0000000000000004, RCX=0x00007fb1587f5249, RDX=0x00007fb158814da8
RSP=0x00007fb159c4a9b0, RBP=0x00007fb159c4a9d0, RSI=0x0000000000000068, RDI=0x00007fb158814c58
R8 =0x0000000000000000, R9 =0x0000000000000030, R10=0x0000000000000000, R11=0x0000000000000000
R12=0x00000000ffffffff, R13=0x00007fb158de59a0, R14=0x000000077e000000, R15=0x00007fb158164e90
RIP=0x00007fb1580862a5, EFLAGS=0x0000000000010a87, CSGSFS=0x002b000000000033, ERR=0x0000000000000006
  TRAPNO=0x000000000000000e

Top of Stack: (sp=0x00007fb159c4a9b0)
0x00007fb159c4a9b0:   00007fb15001e020 00007fb159c4ab20
0x00007fb159c4a9c0:   00007fb150010800 00007fb159c4add0
0x00007fb159c4a9d0:   00007fb159c4a9f0 00007fb157fd7284
0x00007fb159c4a9e0:   00007fb159c4ab20 00007fb15001e020 

Instructions: (pc=0x00007fb1580862a5)
0x00007fb158086285:   63 cf 00 48 8d 0d ba ef 76 00 48 8d 15 12 eb 78
0x00007fb158086295:   00 48 8d 3d bb e9 78 00 be 68 00 00 00 48 8b 00
0x00007fb1580862a5:   c6 00 58 31 c0 e8 61 de e6 ff e8 5c 80 3c 00 48
0x00007fb1580862b5:   83 3d 64 0b d6 00 00 75 72 48 8b 35 7b 0b d6 00 


---------------  P R O C E S S  ---------------

Threads class SMR info:
_java_thread_list=0x00007fb158e2cc40, length=0, elements={
}

Java Threads: ( => current thread )

Other Threads:

[error occurred during error reporting (printing all threads), id 0xb, SIGSEGV (0xb) at pc=0x00007fb1586ebdcf]

VM state:not at safepoint (not fully initialized)

VM Mutex/Monitor currently owned by a thread: None


[error occurred during error reporting (printing compressed oops mode), id 0xb, SIGSEGV (0xb) at pc=0x00007fb158715d0a]

Deoptimization events (0 events):
No events

Classes redefined (0 events):
No events

Internal exceptions (0 events):
No events

Events (0 events):
No events


Dynamic libraries:
00400000-00401000 r-xp 00000000 fd:02 187527560                          /home/dcslab/cgmin/jdk12.0.1/build/linux-x86_64-server-release/images/jdk/bin/java
00601000-00602000 r--p 00001000 fd:02 187527560                          /home/dcslab/cgmin/jdk12.0.1/build/linux-x86_64-server-release/images/jdk/bin/java
00602000-00603000 rw-p 00002000 fd:02 187527560                          /home/dcslab/cgmin/jdk12.0.1/build/linux-x86_64-server-release/images/jdk/bin/java
01cf9000-01d1a000 rw-p 00000000 00:00 0                                  [heap]
7fb1388a9000-7fb138b19000 rwxp 00000000 00:00 0 
7fb138b19000-7fb139077000 ---p 00000000 00:00 0 
7fb139077000-7fb1392e7000 rwxp 00000000 00:00 0 
7fb1392e7000-7fb140490000 ---p 00000000 00:00 0 
7fb140490000-7fb140700000 rwxp 00000000 00:00 0 
7fb140700000-7fb1478a9000 ---p 00000000 00:00 0 
7fb1478a9000-7fb150000000 r--s 00000000 fd:02 278130624                  /home/dcslab/cgmin/jdk12.0.1/build/linux-x86_64-server-release/images/jdk/lib/modules
7fb150000000-7fb150028000 rw-p 00000000 00:00 0 
7fb150028000-7fb154000000 ---p 00000000 00:00 0 
7fb156018000-7fb156414000 rw-p 00000000 00:00 0 
7fb156414000-7fb1564f8000 ---p 00000000 00:00 0 
7fb1564f8000-7fb1564fd000 rw-p 00000000 00:00 0 
7fb1564fd000-7fb1565e1000 ---p 00000000 00:00 0 
7fb1565e1000-7fb1565e6000 r-xp 00000000 fd:02 278130653                  /home/dcslab/cgmin/jdk12.0.1/build/linux-x86_64-server-release/images/jdk/lib/libjimage.so
7fb1565e6000-7fb1567e6000 ---p 00005000 fd:02 278130653                  /home/dcslab/cgmin/jdk12.0.1/build/linux-x86_64-server-release/images/jdk/lib/libjimage.so
7fb1567e6000-7fb1567e7000 r--p 00005000 fd:02 278130653                  /home/dcslab/cgmin/jdk12.0.1/build/linux-x86_64-server-release/images/jdk/lib/libjimage.so
7fb1567e7000-7fb1567e8000 rw-p 00006000 fd:02 278130653                  /home/dcslab/cgmin/jdk12.0.1/build/linux-x86_64-server-release/images/jdk/lib/libjimage.so
7fb1567e8000-7fb1567ef000 r-xp 00000000 fd:02 278130652                  /home/dcslab/cgmin/jdk12.0.1/build/linux-x86_64-server-release/images/jdk/lib/libzip.so
7fb1567ef000-7fb1569ee000 ---p 00007000 fd:02 278130652                  /home/dcslab/cgmin/jdk12.0.1/build/linux-x86_64-server-release/images/jdk/lib/libzip.so
7fb1569ee000-7fb1569ef000 r--p 00006000 fd:02 278130652                  /home/dcslab/cgmin/jdk12.0.1/build/linux-x86_64-server-release/images/jdk/lib/libzip.so
7fb1569ef000-7fb1569f0000 rw-p 00007000 fd:02 278130652                  /home/dcslab/cgmin/jdk12.0.1/build/linux-x86_64-server-release/images/jdk/lib/libzip.so
7fb1569f0000-7fb1569fc000 r-xp 00000000 fd:00 33564642                   /usr/lib64/libnss_files-2.17.so
7fb1569fc000-7fb156bfb000 ---p 0000c000 fd:00 33564642                   /usr/lib64/libnss_files-2.17.so
7fb156bfb000-7fb156bfc000 r--p 0000b000 fd:00 33564642                   /usr/lib64/libnss_files-2.17.so
7fb156bfc000-7fb156bfd000 rw-p 0000c000 fd:00 33564642                   /usr/lib64/libnss_files-2.17.so
7fb156bfd000-7fb156c03000 rw-p 00000000 00:00 0 
7fb156c03000-7fb156c2b000 r-xp 00000000 fd:02 278130650                  /home/dcslab/cgmin/jdk12.0.1/build/linux-x86_64-server-release/images/jdk/lib/libjava.so
7fb156c2b000-7fb156e2a000 ---p 00028000 fd:02 278130650                  /home/dcslab/cgmin/jdk12.0.1/build/linux-x86_64-server-release/images/jdk/lib/libjava.so
7fb156e2a000-7fb156e2b000 r--p 00027000 fd:02 278130650                  /home/dcslab/cgmin/jdk12.0.1/build/linux-x86_64-server-release/images/jdk/lib/libjava.so
7fb156e2b000-7fb156e2d000 rw-p 00028000 fd:02 278130650                  /home/dcslab/cgmin/jdk12.0.1/build/linux-x86_64-server-release/images/jdk/lib/libjava.so
7fb156e2d000-7fb156e3a000 r-xp 00000000 fd:02 278130649                  /home/dcslab/cgmin/jdk12.0.1/build/linux-x86_64-server-release/images/jdk/lib/libverify.so
7fb156e3a000-7fb157039000 ---p 0000d000 fd:02 278130649                  /home/dcslab/cgmin/jdk12.0.1/build/linux-x86_64-server-release/images/jdk/lib/libverify.so
7fb157039000-7fb15703b000 r--p 0000c000 fd:02 278130649                  /home/dcslab/cgmin/jdk12.0.1/build/linux-x86_64-server-release/images/jdk/lib/libverify.so
7fb15703b000-7fb15703c000 rw-p 0000e000 fd:02 278130649                  /home/dcslab/cgmin/jdk12.0.1/build/linux-x86_64-server-release/images/jdk/lib/libverify.so
7fb15703c000-7fb157051000 r-xp 00000000 fd:00 33964387                   /usr/lib64/libgcc_s-4.8.5-20150702.so.1
7fb157051000-7fb157250000 ---p 00015000 fd:00 33964387                   /usr/lib64/libgcc_s-4.8.5-20150702.so.1
7fb157250000-7fb157251000 r--p 00014000 fd:00 33964387                   /usr/lib64/libgcc_s-4.8.5-20150702.so.1
7fb157251000-7fb157252000 rw-p 00015000 fd:00 33964387                   /usr/lib64/libgcc_s-4.8.5-20150702.so.1
7fb157252000-7fb157353000 r-xp 00000000 fd:00 33564627                   /usr/lib64/libm-2.17.so
7fb157353000-7fb157552000 ---p 00101000 fd:00 33564627                   /usr/lib64/libm-2.17.so
7fb157552000-7fb157553000 r--p 00100000 fd:00 33564627                   /usr/lib64/libm-2.17.so
7fb157553000-7fb157554000 rw-p 00101000 fd:00 33564627                   /usr/lib64/libm-2.17.so
7fb157554000-7fb15763d000 r-xp 00000000 fd:00 33964391                   /usr/lib64/libstdc++.so.6.0.19
7fb15763d000-7fb15783d000 ---p 000e9000 fd:00 33964391                   /usr/lib64/libstdc++.so.6.0.19
7fb15783d000-7fb157845000 r--p 000e9000 fd:00 33964391                   /usr/lib64/libstdc++.so.6.0.19
7fb157845000-7fb157847000 rw-p 000f1000 fd:00 33964391                   /usr/lib64/libstdc++.so.6.0.19
7fb157847000-7fb15785c000 rw-p 00000000 00:00 0 
7fb15785c000-7fb158aa2000 r-xp 00000000 fd:02 414199048                  /home/dcslab/cgmin/jdk12.0.1/build/linux-x86_64-server-release/images/jdk/lib/server/libjvm.so
7fb158aa2000-7fb158ca2000 ---p 01246000 fd:02 414199048                  /home/dcslab/cgmin/jdk12.0.1/build/linux-x86_64-server-release/images/jdk/lib/server/libjvm.so
7fb158ca2000-7fb158d77000 r--p 01246000 fd:02 414199048                  /home/dcslab/cgmin/jdk12.0.1/build/linux-x86_64-server-release/images/jdk/lib/server/libjvm.so
7fb158d77000-7fb158db3000 rw-p 0131b000 fd:02 414199048                  /home/dcslab/cgmin/jdk12.0.1/build/linux-x86_64-server-release/images/jdk/lib/server/libjvm.so
7fb158db3000-7fb158e39000 rw-p 00000000 00:00 0 
7fb158e39000-7fb158ff1000 r-xp 00000000 fd:00 33564612                   /usr/lib64/libc-2.17.so
7fb158ff1000-7fb1591f1000 ---p 001b8000 fd:00 33564612                   /usr/lib64/libc-2.17.so
7fb1591f1000-7fb1591f5000 r--p 001b8000 fd:00 33564612                   /usr/lib64/libc-2.17.so
7fb1591f5000-7fb1591f7000 rw-p 001bc000 fd:00 33564612                   /usr/lib64/libc-2.17.so
7fb1591f7000-7fb1591fc000 rw-p 00000000 00:00 0 
7fb1591fc000-7fb1591fe000 r-xp 00000000 fd:00 33564625                   /usr/lib64/libdl-2.17.so
7fb1591fe000-7fb1593fe000 ---p 00002000 fd:00 33564625                   /usr/lib64/libdl-2.17.so
7fb1593fe000-7fb1593ff000 r--p 00002000 fd:00 33564625                   /usr/lib64/libdl-2.17.so
7fb1593ff000-7fb159400000 rw-p 00003000 fd:00 33564625                   /usr/lib64/libdl-2.17.so
7fb159400000-7fb159417000 r-xp 00000000 fd:00 33564652                   /usr/lib64/libpthread-2.17.so
7fb159417000-7fb159616000 ---p 00017000 fd:00 33564652                   /usr/lib64/libpthread-2.17.so
7fb159616000-7fb159617000 r--p 00016000 fd:00 33564652                   /usr/lib64/libpthread-2.17.so
7fb159617000-7fb159618000 rw-p 00017000 fd:00 33564652                   /usr/lib64/libpthread-2.17.so
7fb159618000-7fb15961c000 rw-p 00000000 00:00 0 
7fb15961c000-7fb15962b000 r-xp 00000000 fd:02 278130651                  /home/dcslab/cgmin/jdk12.0.1/build/linux-x86_64-server-release/images/jdk/lib/libjli.so
7fb15962b000-7fb15982a000 ---p 0000f000 fd:02 278130651                  /home/dcslab/cgmin/jdk12.0.1/build/linux-x86_64-server-release/images/jdk/lib/libjli.so
7fb15982a000-7fb15982b000 r--p 0000e000 fd:02 278130651                  /home/dcslab/cgmin/jdk12.0.1/build/linux-x86_64-server-release/images/jdk/lib/libjli.so
7fb15982b000-7fb15982c000 rw-p 0000f000 fd:02 278130651                  /home/dcslab/cgmin/jdk12.0.1/build/linux-x86_64-server-release/images/jdk/lib/libjli.so
7fb15982c000-7fb159841000 r-xp 00000000 fd:00 33564761                   /usr/lib64/libz.so.1.2.7
7fb159841000-7fb159a40000 ---p 00015000 fd:00 33564761                   /usr/lib64/libz.so.1.2.7
7fb159a40000-7fb159a41000 r--p 00014000 fd:00 33564761                   /usr/lib64/libz.so.1.2.7
7fb159a41000-7fb159a42000 rw-p 00015000 fd:00 33564761                   /usr/lib64/libz.so.1.2.7
7fb159a42000-7fb159a63000 r-xp 00000000 fd:00 40456525                   /usr/lib64/ld-2.17.so
7fb159b3b000-7fb159b40000 rw-p 00000000 00:00 0 
7fb159b40000-7fb159b4b000 ---p 00000000 00:00 0 
7fb159b4b000-7fb159b4f000 ---p 00000000 00:00 0 
7fb159b4f000-7fb159c51000 rw-p 00000000 00:00 0 
7fb159c54000-7fb159c56000 rw-p 00000000 00:00 0 
7fb159c56000-7fb159c5e000 rw-s 00000000 fd:00 1193021                    /tmp/hsperfdata_root/46224
7fb159c5e000-7fb159c5f000 ---p 00000000 00:00 0 
7fb159c5f000-7fb159c60000 r--p 00000000 00:00 0 
7fb159c60000-7fb159c61000 rwxp 00000000 00:00 0 
7fb159c61000-7fb159c63000 rw-p 00000000 00:00 0 
7fb159c63000-7fb159c64000 r--p 00021000 fd:00 40456525                   /usr/lib64/ld-2.17.so
7fb159c64000-7fb159c65000 rw-p 00022000 fd:00 40456525                   /usr/lib64/ld-2.17.so
7fb159c65000-7fb159c66000 rw-p 00000000 00:00 0 
7fff88c54000-7fff88c75000 rw-p 00000000 00:00 0                          [stack]
7fff88c7d000-7fff88c80000 r--p 00000000 00:00 0                          [vvar]
7fff88c80000-7fff88c82000 r-xp 00000000 00:00 0                          [vdso]
ffffffffff600000-ffffffffff601000 r-xp 00000000 00:00 0                  [vsyscall]


VM Arguments:
jvm_args: -verbose:gc -XX:+PrintGC -XX:G1HeapRegionSize=4 
java_command: dacapo-9.12-MR1-bach.jar lusearch
java_class_path (initial): dacapo-9.12-MR1-bach.jar
Launcher Type: SUN_STANDARD

[Global flags]
     intx CICompilerCount                          = 15                                        {product} {ergonomic}
     uint G1ConcRefinementThreads                  = 33                                        {product} {ergonomic}
   size_t G1HeapRegionSize                         = 4                                         {product} {command line}
    uintx GCDrainStackTargetSize                   = 64                                        {product} {ergonomic}
   size_t InitialHeapSize                          = 2147483648                                {product} {ergonomic}
   size_t MaxHeapSize                              = 32178700288                               {product} {ergonomic}
    uintx NonNMethodCodeHeapSize                   = 8182140                                {pd product} {ergonomic}
    uintx NonProfiledCodeHeapSize                  = 121738050                              {pd product} {ergonomic}
     bool PrintGC                                  = true                                      {product} {command line}
    uintx ProfiledCodeHeapSize                     = 121738050                              {pd product} {ergonomic}
    uintx ReservedCodeCacheSize                    = 251658240                              {pd product} {ergonomic}
     bool SegmentedCodeCache                       = true                                      {product} {ergonomic}
     bool UseCompressedClassPointers               = true                                 {lp64_product} {ergonomic}
     bool UseCompressedOops                        = true                                 {lp64_product} {ergonomic}
     bool UseG1GC                                  = true                                      {product} {ergonomic}

Logging:
Log output configuration:
 #0: stdout all=warning,gc=info uptime,level,tags (reconfigured)
 #1: stderr all=off uptime,level,tags

Environment Variables:
PATH=/usr/local/src/apache-maven/bin:/sbin:/bin:/usr/sbin:/usr/bin:/opt/ibutils/bin:/usr/local/sbin
USERNAME=root
SHELL=/bin/bash

Signal Handlers:
SIGSEGV: [libjvm.so+0xefce60], sa_mask[0]=11111111011111111101111111111110, sa_flags=SA_RESTART|SA_SIGINFO
SIGBUS: [libjvm.so+0xefce60], sa_mask[0]=11111111011111111101111111111110, sa_flags=SA_RESTART|SA_SIGINFO
SIGFPE: [libjvm.so+0xefce60], sa_mask[0]=11111111011111111101111111111110, sa_flags=SA_RESTART|SA_SIGINFO
SIGPIPE: [libjvm.so+0xbf1950], sa_mask[0]=11111111011111111101111111111110, sa_flags=SA_RESTART|SA_SIGINFO
SIGXFSZ: [libjvm.so+0xbf1950], sa_mask[0]=11111111011111111101111111111110, sa_flags=SA_RESTART|SA_SIGINFO
SIGILL: [libjvm.so+0xefce60], sa_mask[0]=11111111011111111101111111111110, sa_flags=SA_RESTART|SA_SIGINFO
SIGUSR2: [libjvm.so+0xbf17f0], sa_mask[0]=00000000000000000000000000000000, sa_flags=SA_RESTART|SA_SIGINFO
SIGHUP: SIG_DFL, sa_mask[0]=00000000000000000000000000000000, sa_flags=none
SIGINT: SIG_DFL, sa_mask[0]=00000000000000000000000000000000, sa_flags=none
SIGTERM: SIG_DFL, sa_mask[0]=00000000000000000000000000000000, sa_flags=none
SIGQUIT: SIG_DFL, sa_mask[0]=00000000000000000000000000000000, sa_flags=none


---------------  S Y S T E M  ---------------

OS:CentOS Linux release 7.4.1708 (Core) 
uname:Linux 4.12.9RTFM+ #10 SMP Tue Jul 31 21:48:12 KST 2018 x86_64
libc:glibc 2.17 NPTL 2.17 
rlimit: STACK 8192k, CORE 0k, NPROC 636926, NOFILE 4096, AS infinity, DATA infinity, FSIZE infinity
load average:0.34 0.34 0.28

/proc/meminfo:
MemTotal:       163109824 kB
MemFree:        156336716 kB
MemAvailable:   159448040 kB
Buffers:            2124 kB
Cached:          3908932 kB
SwapCached:            0 kB
Active:          2553808 kB
Inactive:        1407472 kB
Active(anon):      50196 kB
Inactive(anon):    17236 kB
Active(file):    2503612 kB
Inactive(file):  1390236 kB
Unevictable:           0 kB
Mlocked:               0 kB
SwapTotal:      16449532 kB
SwapFree:       16449532 kB
Dirty:                60 kB
Writeback:             0 kB
AnonPages:         49736 kB
Mapped:            51180 kB
Shmem:             17708 kB
Slab:             380684 kB
SReclaimable:     272608 kB
SUnreclaim:       108076 kB
KernelStack:        9712 kB
PageTables:         4416 kB
NFS_Unstable:          0 kB
Bounce:                0 kB
WritebackTmp:          0 kB
CommitLimit:    98004444 kB
Committed_AS:     230948 kB
VmallocTotal:   34359738367 kB
VmallocUsed:           0 kB
VmallocChunk:          0 kB
HardwareCorrupted:     0 kB
CmaTotal:              0 kB
CmaFree:               0 kB
HugePages_Total:       0
HugePages_Free:        0
HugePages_Rsvd:        0
HugePages_Surp:        0
Hugepagesize:       2048 kB
DirectMap4k:      320308 kB
DirectMap2M:     9000960 kB
DirectMap1G:    160432128 kB


/proc/sys/kernel/threads-max (system-wide limit on the number of threads):
1273852


/proc/sys/vm/max_map_count (maximum number of memory map areas a process may have):
65530


/proc/sys/kernel/pid_max (system-wide limit on number of process identifiers):
49152



container (cgroup) information:
container_type: cgroupv1
cpu_cpuset_cpus: 0-47
cpu_memory_nodes: 0-1
active_processor_count: 48
cpu_quota: -1
cpu_period: 100000
cpu_shares: -1
memory_limit_in_bytes: -1
memory_and_swap_limit_in_bytes: -1
memory_soft_limit_in_bytes: -1
memory_usage_in_bytes: 4056563712
memory_max_usage_in_bytes: 1428447232


CPU:total 48 (initial active 48) (12 cores per cpu, 2 threads per core) family 6 model 79 stepping 1, cmov, cx8, fxsr, mmx, sse, sse2, sse3, ssse3, sse4.1, sse4.2, popcnt, avx, avx2, aes, clmul, erms, rtm, 3dnowpref, lzcnt, ht, tsc, tscinvbit, bmi1, bmi2, adx, fma
CPU Model and flags from /proc/cpuinfo:
model name	: Intel(R) Xeon(R) CPU E5-2650 v4 @ 2.20GHz
flags		: fpu vme de pse tsc msr pae mce cx8 apic sep mtrr pge mca cmov pat pse36 clflush dts acpi mmx fxsr sse sse2 ss ht tm pbe syscall nx pdpe1gb rdtscp lm constant_tsc arch_perfmon pebs bts rep_good nopl xtopology nonstop_tsc cpuid aperfmperf pni pclmulqdq dtes64 monitor ds_cpl vmx smx est tm2 ssse3 sdbg fma cx16 xtpr pdcm pcid dca sse4_1 sse4_2 x2apic movbe popcnt tsc_deadline_timer aes xsave avx f16c rdrand lahf_lm abm 3dnowprefetch cpuid_fault epb cat_l3 cdp_l3 intel_ppin intel_pt tpr_shadow vnmi flexpriority ept vpid fsgsbase tsc_adjust bmi1 hle avx2 smep bmi2 erms invpcid rtm cqm rdt_a rdseed adx smap xsaveopt cqm_llc cqm_occup_llc cqm_mbm_total cqm_mbm_local dtherm arat pln pts

Memory: 4k page, physical 163109824k(156336716k free), swap 16449532k(16449532k free)

vm_info: OpenJDK 64-Bit Server VM (12.0.1-internal+0-adhoc.root.jdk12.0.1) for linux-amd64 JRE (12.0.1-internal+0-adhoc.root.jdk12.0.1), built on Jun 27 2019 16:23:59 by "root" with gcc 4.8.5 20150623 (Red Hat 4.8.5-28)

END.
