#
# A fatal error has been detected by the Java Runtime Environment:
#
#  SIGSEGV (0xb) at pc=0x000015510b679f39, pid=30672, tid=30712
#
# JRE version:  (12.0.1) (build )
# Java VM: OpenJDK 64-Bit Server VM (12.0.1-internal+0-adhoc.root.jdk12.0.1, mixed mode, tiered, compressed oops, serial gc, linux-amd64)
# Problematic frame:
# V  [libjvm.so+0xb3ff39]  ObjArrayAllocator::initialize(HeapWord*) const+0x29
#
# No core dump will be written. Core dumps have been disabled. To enable core dumping, try "ulimit -c unlimited" before starting Java again
#
# If you would like to submit a bug report, please visit:
#   http://bugreport.java.com/bugreport/crash.jsp
#

---------------  S U M M A R Y ------------

Command Line: -Dapplication.home=/home/dcslab/cgmin/jdk12.0.1/build/linux-x86_64-server-release/jdk -Xms8m -XX:+UseSerialGC -Xms32M -Xmx512M -XX:TieredStopAtLevel=1 -Djdk.module.main=jdk.jlink jdk.jlink/jdk.tools.jmod.Main create --module-version 12.0.1-internal --target-platform linux-amd64 --module-path /home/dcslab/cgmin/jdk12.0.1/build/linux-x86_64-server-release/images/jmods --class-path /home/dcslab/cgmin/jdk12.0.1/build/linux-x86_64-server-release/jdk/modules/jdk.internal.vm.ci --legal-notices /home/dcslab/cgmin/jdk12.0.1/build/linux-x86_64-server-release/support/modules_legal/common --exclude **{_the.*,_*.marker,*.diz,*.debuginfo,*.dSYM/**,*.dSYM,*.pdb,*.map} /home/dcslab/cgmin/jdk12.0.1/build/linux-x86_64-server-release/support/jmods/jdk.internal.vm.ci.jmod

Host: Intel(R) Xeon(R) CPU E5-2650 v4 @ 2.20GHz, 48 cores, 125G, CentOS Linux release 7.6.1810 (Core) 
Time: Fri Jul 26 17:02:37 2019 KST elapsed time: 0 seconds (0d 0h 0m 0s)

---------------  T H R E A D  ---------------

Current thread (0x0000155104010000):  JavaThread "main" [_thread_in_vm, id=30712, stack(0x000015510ce32000,0x000015510cf33000)]

Stack: [0x000015510ce32000,0x000015510cf33000],  sp=0x000015510cf315a0,  free space=1021k
Native frames: (J=compiled Java code, A=aot compiled Java code, j=interpreted, Vv=VM code, C=native code)
V  [libjvm.so+0xb3ff39]  ObjArrayAllocator::initialize(HeapWord*) const+0x29
V  [libjvm.so+0xb40793]  MemAllocator::allocate() const+0x73
V  [libjvm.so+0x6154c4]  CollectedHeap::array_allocate(Klass*, int, int, bool, Thread*)+0x44
V  [libjvm.so+0x8721f8]  InterpreterRuntime::newarray(JavaThread*, BasicType, int)+0x28
j  java.io.BufferedInputStream.<init>(Ljava/io/InputStream;I)V+26 java.base
j  java.io.BufferedInputStream.<init>(Ljava/io/InputStream;)V+5 java.base
j  java.lang.System.initPhase1()V+72 java.base
v  ~StubRoutines::call_stub
V  [libjvm.so+0x881cd3]  JavaCalls::call_helper(JavaValue*, methodHandle const&, JavaCallArguments*, Thread*)+0x3a3
V  [libjvm.so+0x880c28]  JavaCalls::call_static(JavaValue*, Klass*, Symbol*, Symbol*, Thread*)+0x198
V  [libjvm.so+0xe91045]  Threads::initialize_java_lang_classes(JavaThread*, Thread*)+0x2c5
V  [libjvm.so+0xe921cf]  Threads::create_vm(JavaVMInitArgs*, bool*)+0x6ef
V  [libjvm.so+0x908cd8]  JNI_CreateJavaVM+0x58
C  [libjli.so+0x4814]  JavaMain+0x84

Java frames: (J=compiled Java code, j=interpreted, Vv=VM code)
j  java.io.BufferedInputStream.<init>(Ljava/io/InputStream;I)V+26 java.base
j  java.io.BufferedInputStream.<init>(Ljava/io/InputStream;)V+5 java.base
j  java.lang.System.initPhase1()V+72 java.base
v  ~StubRoutines::call_stub

siginfo: si_signo: 11 (SIGSEGV), si_code: 1 (SEGV_MAPERR), si_addr: 0x000000000000005a

Register to memory mapping:

RAX=0x0000000000000001 is an unknown value
RBX=0x000000000000004e is an unknown value
RCX=0x00fffffffffffff6 is an unknown value
RDX=0x000015510c042c50: <offset 0x0000000001508c50> in /home/dcslab/cgmin/jdk12.0.1/build/linux-x86_64-server-release/jdk/lib/server/libjvm.so at 0x000015510ab3a000
RSP=0x000015510cf315a0 is pointing into the stack for thread: 0x0000155104010000
RBP=0x000015510cf315c0 is pointing into the stack for thread: 0x0000155104010000
RSI=0x000000000000004e is an unknown value
RDI=0x000015510cf31650 is pointing into the stack for thread: 0x0000155104010000
R8 =0x0000000000000001 is an unknown value
R9 =0x0000155104010000 is a thread
R10=0x000015510b14f480: <offset 0x0000000000615480> in /home/dcslab/cgmin/jdk12.0.1/build/linux-x86_64-server-release/jdk/lib/server/libjvm.so at 0x000015510ab3a000
R11=0x0 is NULL
R12=0x000015510cf31650 is pointing into the stack for thread: 0x0000155104010000
R13=0x000015510c0c2c44: <offset 0x0000000001588c44> in /home/dcslab/cgmin/jdk12.0.1/build/linux-x86_64-server-release/jdk/lib/server/libjvm.so at 0x000015510ab3a000
R14=0x000015510cf31738 is pointing into the stack for thread: 0x0000155104010000
R15=0x0000155104010000 is a thread


Registers:
RAX=0x0000000000000001, RBX=0x000000000000004e, RCX=0x00fffffffffffff6, RDX=0x000015510c042c50
RSP=0x000015510cf315a0, RBP=0x000015510cf315c0, RSI=0x000000000000004e, RDI=0x000015510cf31650
R8 =0x0000000000000001, R9 =0x0000155104010000, R10=0x000015510b14f480, R11=0x0000000000000000
R12=0x000015510cf31650, R13=0x000015510c0c2c44, R14=0x000015510cf31738, R15=0x0000155104010000
RIP=0x000015510b679f39, EFLAGS=0x0000000000010202, CSGSFS=0x002b000000000033, ERR=0x0000000000000006
  TRAPNO=0x000000000000000e

Top of Stack: (sp=0x000015510cf315a0)
0x000015510cf315a0:   0000155108f70de8 000015510cf31650
0x000015510cf315b0:   0000000000000000 000015510cf315e0
0x000015510cf315c0:   000015510cf31640 000015510b67a793
0x000015510cf315d0:   0000155104010000 0000000000000000 

Instructions: (pc=0x000015510b679f39)
0x000015510b679f19:   89 fc 53 48 89 f3 48 83 ec 08 80 7f 2c 00 4c 8d
0x000015510b679f29:   2d 16 8d a4 00 41 0f b6 45 00 74 2e 84 c0 74 07
0x000015510b679f39:   c7 46 0c 00 00 00 00 49 8b 54 24 20 48 83 fa 02
0x000015510b679f49:   74 18 48 8d 14 d5 f0 ff ff ff 48 8d 7b 10 31 f6 

Stack slot to memory mapping:
stack at sp + 0 slots: {method} {0x0000155108f70de8} '<init>' '(Ljava/io/InputStream;I)V' in 'java/io/BufferedInputStream'
stack at sp + 1 slots: 0x000015510cf31650 is pointing into the stack for thread: 0x0000155104010000
stack at sp + 2 slots: 0x0 is NULL
stack at sp + 3 slots: 0x000015510cf315e0 is pointing into the stack for thread: 0x0000155104010000
stack at sp + 4 slots: 0x000015510cf31640 is pointing into the stack for thread: 0x0000155104010000
stack at sp + 5 slots: 0x000015510b67a793: <offset 0x0000000000b40793> in /home/dcslab/cgmin/jdk12.0.1/build/linux-x86_64-server-release/jdk/lib/server/libjvm.so at 0x000015510ab3a000
stack at sp + 6 slots: 0x0000155104010000 is a thread
stack at sp + 7 slots: 0x0 is NULL


---------------  P R O C E S S  ---------------

Threads class SMR info:
_java_thread_list=0x000015510409e150, length=3, elements={
0x0000155104010000, 0x0000155104099000, 0x000015510409c000
}

Java Threads: ( => current thread )
=>0x0000155104010000 JavaThread "main" [_thread_in_vm, id=30712, stack(0x000015510ce32000,0x000015510cf33000)]
  0x0000155104099000 JavaThread "Reference Handler" daemon [_thread_blocked, id=30903, stack(0x0000155108ab8000,0x0000155108bb9000)]
  0x000015510409c000 JavaThread "Finalizer" daemon [_thread_blocked, id=30914, stack(0x00001551089b7000,0x0000155108ab8000)]

Other Threads:
  0x000015510408c800 VMThread "VM Thread" [stack: 0x0000155108bbb000,0x0000155108cbb000] [id=30848]

Threads with active compile tasks:

VM state:not at safepoint (normal execution)

VM Mutex/Monitor currently owned by a thread: None

Heap address: 0x00000000e0000000, size: 512 MB, Compressed Oops mode: 32-bit
Narrow klass base: 0x0000000000000000, Narrow klass shift: 3
Compressed class space size: 1073741824 Address: 0x0000000100000000

Heap:
 def new generation   total 9792K, used 174K [0x00000000e0000000, 0x00000000e0aa0000, 0x00000000eaaa0000)
  eden space 8704K,   2% used [0x00000000e0000000, 0x00000000e002b860, 0x00000000e0880000)
  from space 1088K,   0% used [0x00000000e0880000, 0x00000000e0880000, 0x00000000e0990000)
  to   space 1088K,   0% used [0x00000000e0990000, 0x00000000e0990000, 0x00000000e0aa0000)
 tenured generation   total 21888K, used 0K [0x00000000eaaa0000, 0x00000000ec000000, 0x0000000100000000)
   the space 21888K,   0% used [0x00000000eaaa0000, 0x00000000eaaa0000, 0x00000000eaaa0200, 0x00000000ec000000)
 Metaspace       used 1782K, capacity 4480K, committed 4480K, reserved 1056768K
  class space    used 140K, capacity 384K, committed 384K, reserved 1048576K

Card table byte_map: [0x00001551095f9000,0x00001551096fa000] _byte_map_base: 0x0000155108ef9000

Polling page: 0x000015510cf46000

Metaspace:

Usage:
  Non-class:      4.00 MB capacity,     1.60 MB ( 40%) used,     2.40 MB ( 60%) free+waste,    64 bytes ( <1%) overhead. 
      Class:    384.00 KB capacity,   140.23 KB ( 37%) used,   243.71 KB ( 63%) free+waste,    64 bytes ( <1%) overhead. 
       Both:      4.38 MB capacity,     1.74 MB ( 40%) used,     2.63 MB ( 60%) free+waste,   128 bytes ( <1%) overhead. 

Virtual space:
  Non-class space:        8.00 MB reserved,       4.00 MB ( 50%) committed 
      Class space:        1.00 GB reserved,     384.00 KB ( <1%) committed 
             Both:        1.01 GB reserved,       4.38 MB ( <1%) committed 

Chunk freelists:
   Non-Class:  0 bytes
       Class:  0 bytes
        Both:  0 bytes

CodeHeap 'non-profiled nmethods': size=232192Kb used=0Kb max_used=0Kb free=232192Kb
 bounds [0x00001550f5d40000, 0x00001550f5fb0000, 0x0000155104000000]
CodeHeap 'non-nmethods': size=13568Kb used=358Kb max_used=358Kb free=13209Kb
 bounds [0x00001550f5000000, 0x00001550f5270000, 0x00001550f5d40000]
 total_blobs=153 nmethods=0 adapters=110
 compilation: enabled
              stopped_count=0, restarted_count=0
 full_count=0

Compilation events (0 events):
No events

GC Heap History (0 events):
No events

Deoptimization events (0 events):
No events

Classes redefined (0 events):
No events

Internal exceptions (0 events):
No events

Events (10 events):
Event: 0.058 loading class java/io/FileOutputStream
Event: 0.058 loading class java/io/OutputStream
Event: 0.058 loading class java/io/Flushable
Event: 0.058 loading class java/io/Flushable done
Event: 0.058 loading class java/io/OutputStream done
Event: 0.058 loading class java/io/FileOutputStream done
Event: 0.058 loading class java/io/BufferedInputStream
Event: 0.058 loading class java/io/FilterInputStream
Event: 0.058 loading class java/io/FilterInputStream done
Event: 0.058 loading class java/io/BufferedInputStream done


Dynamic libraries:
00400000-00401000 r-xp 00000000 fd:02 80675782                           /home/dcslab/cgmin/jdk12.0.1/build/linux-x86_64-server-release/jdk/bin/jmod
00601000-00602000 r--p 00001000 fd:02 80675782                           /home/dcslab/cgmin/jdk12.0.1/build/linux-x86_64-server-release/jdk/bin/jmod
00602000-00603000 rw-p 00002000 fd:02 80675782                           /home/dcslab/cgmin/jdk12.0.1/build/linux-x86_64-server-release/jdk/bin/jmod
00a65000-00a86000 rw-p 00000000 00:00 0                                  [heap]
e0000000-e0aa0000 rw-p 00000000 00:00 0 
e0aa0000-eaaa0000 ---p 00000000 00:00 0 
eaaa0000-ec000000 rw-p 00000000 00:00 0 
ec000000-100000000 ---p 00000000 00:00 0 
100000000-100060000 rw-p 00000000 00:00 0 
100060000-140000000 ---p 00000000 00:00 0 
1550e1ad6000-1550e8000000 r--p 00000000 fd:00 1524467                    /usr/lib/locale/locale-archive
1550e8000000-1550e8021000 rw-p 00000000 00:00 0 
1550e8021000-1550ec000000 ---p 00000000 00:00 0 
1550ec000000-1550ec021000 rw-p 00000000 00:00 0 
1550ec021000-1550f0000000 ---p 00000000 00:00 0 
1550f0000000-1550f0021000 rw-p 00000000 00:00 0 
1550f0021000-1550f4000000 ---p 00000000 00:00 0 
1550f5000000-1550f5270000 rwxp 00000000 00:00 0 
1550f5270000-1550f5d40000 ---p 00000000 00:00 0 
1550f5d40000-1550f5fb0000 rwxp 00000000 00:00 0 
1550f5fb0000-155104000000 ---p 00000000 00:00 0 
155104000000-1551040b9000 rw-p 00000000 00:00 0 
1551040b9000-155108000000 ---p 00000000 00:00 0 
1551085c1000-1551089b7000 rw-p 00000000 00:00 0 
1551089b7000-1551089bb000 ---p 00000000 00:00 0 
1551089bb000-155108ab8000 rw-p 00000000 00:00 0 
155108ab8000-155108abc000 ---p 00000000 00:00 0 
155108abc000-155108bb9000 rw-p 00000000 00:00 0 
155108bb9000-155108bba000 ---p 00000000 00:00 0 
155108bba000-1551091d8000 rw-p 00000000 00:00 0 
1551091d8000-1551095d8000 ---p 00000000 00:00 0 
1551095d8000-1551095ff000 rw-p 00000000 00:00 0 
1551095ff000-15510964e000 ---p 00000000 00:00 0 
15510964e000-155109659000 rw-p 00000000 00:00 0 
155109659000-1551096f9000 ---p 00000000 00:00 0 
1551096f9000-1551096ff000 rw-p 00000000 00:00 0 
1551096ff000-1551098c0000 ---p 00000000 00:00 0 
1551098c0000-1551098c5000 r-xp 00000000 fd:02 80674781                   /home/dcslab/cgmin/jdk12.0.1/build/linux-x86_64-server-release/jdk/lib/libjimage.so
1551098c5000-155109ac5000 ---p 00005000 fd:02 80674781                   /home/dcslab/cgmin/jdk12.0.1/build/linux-x86_64-server-release/jdk/lib/libjimage.so
155109ac5000-155109ac6000 r--p 00005000 fd:02 80674781                   /home/dcslab/cgmin/jdk12.0.1/build/linux-x86_64-server-release/jdk/lib/libjimage.so
155109ac6000-155109ac7000 rw-p 00006000 fd:02 80674781                   /home/dcslab/cgmin/jdk12.0.1/build/linux-x86_64-server-release/jdk/lib/libjimage.so
155109ac7000-155109ace000 r-xp 00000000 fd:02 80674755                   /home/dcslab/cgmin/jdk12.0.1/build/linux-x86_64-server-release/jdk/lib/libzip.so
155109ace000-155109ccd000 ---p 00007000 fd:02 80674755                   /home/dcslab/cgmin/jdk12.0.1/build/linux-x86_64-server-release/jdk/lib/libzip.so
155109ccd000-155109cce000 r--p 00006000 fd:02 80674755                   /home/dcslab/cgmin/jdk12.0.1/build/linux-x86_64-server-release/jdk/lib/libzip.so
155109cce000-155109ccf000 rw-p 00007000 fd:02 80674755                   /home/dcslab/cgmin/jdk12.0.1/build/linux-x86_64-server-release/jdk/lib/libzip.so
155109ccf000-155109cdb000 r-xp 00000000 fd:00 67527450                   /usr/lib64/libnss_files-2.17.so
155109cdb000-155109eda000 ---p 0000c000 fd:00 67527450                   /usr/lib64/libnss_files-2.17.so
155109eda000-155109edb000 r--p 0000b000 fd:00 67527450                   /usr/lib64/libnss_files-2.17.so
155109edb000-155109edc000 rw-p 0000c000 fd:00 67527450                   /usr/lib64/libnss_files-2.17.so
155109edc000-155109ee2000 rw-p 00000000 00:00 0 
155109ee2000-155109f0a000 r-xp 00000000 fd:02 80674673                   /home/dcslab/cgmin/jdk12.0.1/build/linux-x86_64-server-release/jdk/lib/libjava.so
155109f0a000-15510a109000 ---p 00028000 fd:02 80674673                   /home/dcslab/cgmin/jdk12.0.1/build/linux-x86_64-server-release/jdk/lib/libjava.so
15510a109000-15510a10a000 r--p 00027000 fd:02 80674673                   /home/dcslab/cgmin/jdk12.0.1/build/linux-x86_64-server-release/jdk/lib/libjava.so
15510a10a000-15510a10c000 rw-p 00028000 fd:02 80674673                   /home/dcslab/cgmin/jdk12.0.1/build/linux-x86_64-server-release/jdk/lib/libjava.so
15510a10c000-15510a119000 r-xp 00000000 fd:02 80674591                   /home/dcslab/cgmin/jdk12.0.1/build/linux-x86_64-server-release/jdk/lib/libverify.so
15510a119000-15510a318000 ---p 0000d000 fd:02 80674591                   /home/dcslab/cgmin/jdk12.0.1/build/linux-x86_64-server-release/jdk/lib/libverify.so
15510a318000-15510a31a000 r--p 0000c000 fd:02 80674591                   /home/dcslab/cgmin/jdk12.0.1/build/linux-x86_64-server-release/jdk/lib/libverify.so
15510a31a000-15510a31b000 rw-p 0000e000 fd:02 80674591                   /home/dcslab/cgmin/jdk12.0.1/build/linux-x86_64-server-release/jdk/lib/libverify.so
15510a31b000-15510a330000 r-xp 00000000 fd:00 67349682                   /usr/lib64/libgcc_s-4.8.5-20150702.so.1
15510a330000-15510a52f000 ---p 00015000 fd:00 67349682                   /usr/lib64/libgcc_s-4.8.5-20150702.so.1
15510a52f000-15510a530000 r--p 00014000 fd:00 67349682                   /usr/lib64/libgcc_s-4.8.5-20150702.so.1
15510a530000-15510a531000 rw-p 00015000 fd:00 67349682                   /usr/lib64/libgcc_s-4.8.5-20150702.so.1
15510a531000-15510a632000 r-xp 00000000 fd:00 67412312                   /usr/lib64/libm-2.17.so
15510a632000-15510a831000 ---p 00101000 fd:00 67412312                   /usr/lib64/libm-2.17.so
15510a831000-15510a832000 r--p 00100000 fd:00 67412312                   /usr/lib64/libm-2.17.so
15510a832000-15510a833000 rw-p 00101000 fd:00 67412312                   /usr/lib64/libm-2.17.so
15510a833000-15510a91c000 r-xp 00000000 fd:00 67349699                   /usr/lib64/libstdc++.so.6.0.19
15510a91c000-15510ab1b000 ---p 000e9000 fd:00 67349699                   /usr/lib64/libstdc++.so.6.0.19
15510ab1b000-15510ab23000 r--p 000e8000 fd:00 67349699                   /usr/lib64/libstdc++.so.6.0.19
15510ab23000-15510ab25000 rw-p 000f0000 fd:00 67349699                   /usr/lib64/libstdc++.so.6.0.19
15510ab25000-15510ab3a000 rw-p 00000000 00:00 0 
15510ab3a000-15510bd7f000 r-xp 00000000 fd:02 80670104                   /home/dcslab/cgmin/jdk12.0.1/build/linux-x86_64-server-release/jdk/lib/server/libjvm.so
15510bd7f000-15510bf7f000 ---p 01245000 fd:02 80670104                   /home/dcslab/cgmin/jdk12.0.1/build/linux-x86_64-server-release/jdk/lib/server/libjvm.so
15510bf7f000-15510c054000 r--p 01245000 fd:02 80670104                   /home/dcslab/cgmin/jdk12.0.1/build/linux-x86_64-server-release/jdk/lib/server/libjvm.so
15510c054000-15510c090000 rw-p 0131a000 fd:02 80670104                   /home/dcslab/cgmin/jdk12.0.1/build/linux-x86_64-server-release/jdk/lib/server/libjvm.so
15510c090000-15510c116000 rw-p 00000000 00:00 0 
15510c116000-15510c2d8000 r-xp 00000000 fd:00 67116114                   /usr/lib64/libc-2.17.so
15510c2d8000-15510c4d8000 ---p 001c2000 fd:00 67116114                   /usr/lib64/libc-2.17.so
15510c4d8000-15510c4dc000 r--p 001c2000 fd:00 67116114                   /usr/lib64/libc-2.17.so
15510c4dc000-15510c4de000 rw-p 001c6000 fd:00 67116114                   /usr/lib64/libc-2.17.so
15510c4de000-15510c4e3000 rw-p 00000000 00:00 0 
15510c4e3000-15510c4e5000 r-xp 00000000 fd:00 67412311                   /usr/lib64/libdl-2.17.so
15510c4e5000-15510c6e5000 ---p 00002000 fd:00 67412311                   /usr/lib64/libdl-2.17.so
15510c6e5000-15510c6e6000 r--p 00002000 fd:00 67412311                   /usr/lib64/libdl-2.17.so
15510c6e6000-15510c6e7000 rw-p 00003000 fd:00 67412311                   /usr/lib64/libdl-2.17.so
15510c6e7000-15510c6fe000 r-xp 00000000 fd:00 67527458                   /usr/lib64/libpthread-2.17.so
15510c6fe000-15510c8fd000 ---p 00017000 fd:00 67527458                   /usr/lib64/libpthread-2.17.so
15510c8fd000-15510c8fe000 r--p 00016000 fd:00 67527458                   /usr/lib64/libpthread-2.17.so
15510c8fe000-15510c8ff000 rw-p 00017000 fd:00 67527458                   /usr/lib64/libpthread-2.17.so
15510c8ff000-15510c903000 rw-p 00000000 00:00 0 
15510c903000-15510c912000 r-xp 00000000 fd:02 80674745                   /home/dcslab/cgmin/jdk12.0.1/build/linux-x86_64-server-release/jdk/lib/libjli.so
15510c912000-15510cb11000 ---p 0000f000 fd:02 80674745                   /home/dcslab/cgmin/jdk12.0.1/build/linux-x86_64-server-release/jdk/lib/libjli.so
15510cb11000-15510cb12000 r--p 0000e000 fd:02 80674745                   /home/dcslab/cgmin/jdk12.0.1/build/linux-x86_64-server-release/jdk/lib/libjli.so
15510cb12000-15510cb13000 rw-p 0000f000 fd:02 80674745                   /home/dcslab/cgmin/jdk12.0.1/build/linux-x86_64-server-release/jdk/lib/libjli.so
15510cb13000-15510cb28000 r-xp 00000000 fd:00 67116158                   /usr/lib64/libz.so.1.2.7
15510cb28000-15510cd27000 ---p 00015000 fd:00 67116158                   /usr/lib64/libz.so.1.2.7
15510cd27000-15510cd28000 r--p 00014000 fd:00 67116158                   /usr/lib64/libz.so.1.2.7
15510cd28000-15510cd29000 rw-p 00015000 fd:00 67116158                   /usr/lib64/libz.so.1.2.7
15510cd29000-15510cd4b000 r-xp 00000000 fd:00 67116101                   /usr/lib64/ld-2.17.so
15510cd4b000-15510cd77000 rw-p 00000000 00:00 0 
15510cd77000-15510ce17000 ---p 00000000 00:00 0 
15510ce17000-15510ce1c000 rw-p 00000000 00:00 0 
15510ce1c000-15510ce32000 ---p 00000000 00:00 0 
15510ce32000-15510ce36000 ---p 00000000 00:00 0 
15510ce36000-15510cf38000 rw-p 00000000 00:00 0 
15510cf3c000-15510cf3e000 rw-p 00000000 00:00 0 
15510cf3e000-15510cf46000 rw-s 00000000 fd:00 76968883                   /tmp/hsperfdata_root/30672
15510cf46000-15510cf47000 ---p 00000000 00:00 0 
15510cf47000-15510cf48000 r--p 00000000 00:00 0 
15510cf48000-15510cf49000 ---p 00000000 00:00 0 
15510cf49000-15510cf4a000 rw-p 00000000 00:00 0 
15510cf4a000-15510cf4b000 r--p 00021000 fd:00 67116101                   /usr/lib64/ld-2.17.so
15510cf4b000-15510cf4c000 rw-p 00022000 fd:00 67116101                   /usr/lib64/ld-2.17.so
15510cf4c000-15510cf4d000 rw-p 00000000 00:00 0 
7ffca823d000-7ffca825f000 rw-p 00000000 00:00 0                          [stack]
7ffca827e000-7ffca8281000 r--p 00000000 00:00 0                          [vvar]
7ffca8281000-7ffca8282000 r-xp 00000000 00:00 0                          [vdso]
ffffffffff600000-ffffffffff601000 r-xp 00000000 00:00 0                  [vsyscall]


VM Arguments:
jvm_args: -Dapplication.home=/home/dcslab/cgmin/jdk12.0.1/build/linux-x86_64-server-release/jdk -Xms8m -XX:+UseSerialGC -Xms32M -Xmx512M -XX:TieredStopAtLevel=1 -Djdk.module.main=jdk.jlink 
java_command: jdk.jlink/jdk.tools.jmod.Main create --module-version 12.0.1-internal --target-platform linux-amd64 --module-path /home/dcslab/cgmin/jdk12.0.1/build/linux-x86_64-server-release/images/jmods --class-path /home/dcslab/cgmin/jdk12.0.1/build/linux-x86_64-server-release/jdk/modules/jdk.internal.vm.ci --legal-notices /home/dcslab/cgmin/jdk12.0.1/build/linux-x86_64-server-release/support/modules_legal/common --exclude **{_the.*,_*.marker,*.diz,*.debuginfo,*.dSYM/**,*.dSYM,*.pdb,*.map} /home/dcslab/cgmin/jdk12.0.1/build/linux-x86_64-server-release/support/jmods/jdk.internal.vm.ci.jmod
java_class_path (initial): <not set>
Launcher Type: SUN_STANDARD

[Global flags]
     intx CICompilerCount                          = 15                                        {product} {ergonomic}
   size_t InitialHeapSize                          = 33554432                                  {product} {command line}
   size_t MaxHeapSize                              = 536870912                                 {product} {command line}
   size_t MaxNewSize                               = 178913280                                 {product} {ergonomic}
   size_t MinHeapDeltaBytes                        = 196608                                    {product} {ergonomic}
   size_t NewSize                                  = 11141120                                  {product} {ergonomic}
    uintx NonNMethodCodeHeapSize                   = 13893620                               {pd product} {ergonomic}
    uintx NonProfiledCodeHeapSize                  = 237764620                              {pd product} {ergonomic}
   size_t OldSize                                  = 22413312                                  {product} {ergonomic}
    uintx ProfiledCodeHeapSize                     = 0                                      {pd product} {ergonomic}
    uintx ReservedCodeCacheSize                    = 251658240                              {pd product} {ergonomic}
     bool SegmentedCodeCache                       = true                                      {product} {ergonomic}
     intx TieredStopAtLevel                        = 1                                         {product} {command line}
     bool UseCompressedClassPointers               = true                                 {lp64_product} {ergonomic}
     bool UseCompressedOops                        = true                                 {lp64_product} {ergonomic}
     bool UseSerialGC                              = true                                      {product} {command line}

Logging:
Log output configuration:
 #0: stdout all=warning uptime,level,tags
 #1: stderr all=off uptime,level,tags

Environment Variables:
PATH=/sbin:/bin:/usr/sbin:/usr/bin
USERNAME=root
LD_LIBRARY_PATH=:/usr/local/lib
SHELL=/bin/bash

Signal Handlers:
SIGSEGV: [libjvm.so+0xefc2c0], sa_mask[0]=11111111011111111101111111111110, sa_flags=SA_RESTART|SA_SIGINFO
SIGBUS: [libjvm.so+0xefc2c0], sa_mask[0]=11111111011111111101111111111110, sa_flags=SA_RESTART|SA_SIGINFO
SIGFPE: [libjvm.so+0xefc2c0], sa_mask[0]=11111111011111111101111111111110, sa_flags=SA_RESTART|SA_SIGINFO
SIGPIPE: [libjvm.so+0xbf1690], sa_mask[0]=11111111011111111101111111111110, sa_flags=SA_RESTART|SA_SIGINFO
SIGXFSZ: [libjvm.so+0xbf1690], sa_mask[0]=11111111011111111101111111111110, sa_flags=SA_RESTART|SA_SIGINFO
SIGILL: [libjvm.so+0xefc2c0], sa_mask[0]=11111111011111111101111111111110, sa_flags=SA_RESTART|SA_SIGINFO
SIGUSR2: [libjvm.so+0xbf1530], sa_mask[0]=00000000000000000000000000000000, sa_flags=SA_RESTART|SA_SIGINFO
SIGHUP: SIG_DFL, sa_mask[0]=00000000000000000000000000000000, sa_flags=none
SIGINT: SIG_DFL, sa_mask[0]=00000000000000000000000000000000, sa_flags=none
SIGTERM: SIG_DFL, sa_mask[0]=00000000000000000000000000000000, sa_flags=none
SIGQUIT: SIG_DFL, sa_mask[0]=00000000000000000000000000000000, sa_flags=none


---------------  S Y S T E M  ---------------

OS:CentOS Linux release 7.6.1810 (Core) 
uname:Linux 5.2.0PMC0722+ #25 SMP Thu Jul 25 15:52:11 KST 2019 x86_64
libc:glibc 2.17 NPTL 2.17 
rlimit: STACK infinity, CORE 0k, NPROC 512949, NOFILE 4096, AS infinity, DATA infinity, FSIZE infinity
load average:23.08 19.15 9.12

/proc/meminfo:
MemTotal:       131379228 kB
MemFree:        119634208 kB
MemAvailable:   125602256 kB
Buffers:            2120 kB
Cached:          6768984 kB
SwapCached:            0 kB
Active:          6100168 kB
Inactive:        3734948 kB
Active(anon):    3064624 kB
Inactive(anon):    25860 kB
Active(file):    3035544 kB
Inactive(file):  3709088 kB
Unevictable:           0 kB
Mlocked:               0 kB
SwapTotal:             0 kB
SwapFree:              0 kB
Dirty:            253812 kB
Writeback:             0 kB
AnonPages:       3055256 kB
Mapped:            91268 kB
Shmem:             26252 kB
KReclaimable:     409716 kB
Slab:             792472 kB
SReclaimable:     409716 kB
SUnreclaim:       382756 kB
KernelStack:       19936 kB
PageTables:        30880 kB
NFS_Unstable:          0 kB
Bounce:                0 kB
WritebackTmp:          0 kB
CommitLimit:    65689612 kB
Committed_AS:    4539588 kB
VmallocTotal:   34359738367 kB
VmallocUsed:           0 kB
VmallocChunk:          0 kB
Percpu:            14592 kB
HardwareCorrupted:     0 kB
CmaTotal:              0 kB
CmaFree:               0 kB
HugePages_Total:       0
HugePages_Free:        0
HugePages_Rsvd:        0
HugePages_Surp:        0
Hugepagesize:       2048 kB
Hugetlb:               0 kB
DirectMap4k:      566068 kB
DirectMap2M:    13998080 kB
DirectMap1G:    121634816 kB


/proc/sys/kernel/threads-max (system-wide limit on the number of threads):
1025899


/proc/sys/vm/max_map_count (maximum number of memory map areas a process may have):
65530


/proc/sys/kernel/pid_max (system-wide limit on number of process identifiers):
49152



container (cgroup) information:
container_type: cgroupv1
cpu_cpuset_cpus: 0-47
cpu_memory_nodes: 0
active_processor_count: 48
cpu_quota: -1
cpu_period: 100000
cpu_shares: -1
memory_limit_in_bytes: -1
memory_and_swap_limit_in_bytes: -1
memory_soft_limit_in_bytes: -1
memory_usage_in_bytes: 10069884928
memory_max_usage_in_bytes: 0


CPU:total 48 (initial active 48) (12 cores per cpu, 2 threads per core) family 6 model 79 stepping 1, cmov, cx8, fxsr, mmx, sse, sse2, sse3, ssse3, sse4.1, sse4.2, popcnt, avx, avx2, aes, clmul, erms, rtm, 3dnowpref, lzcnt, ht, tsc, tscinvbit, bmi1, bmi2, adx, fma
CPU Model and flags from /proc/cpuinfo:
model name	: Intel(R) Xeon(R) CPU E5-2650 v4 @ 2.20GHz
flags		: fpu vme de pse tsc msr pae mce cx8 apic sep mtrr pge mca cmov pat pse36 clflush dts acpi mmx fxsr sse sse2 ss ht tm pbe syscall nx pdpe1gb rdtscp lm constant_tsc arch_perfmon pebs bts rep_good nopl xtopology nonstop_tsc cpuid aperfmperf pni pclmulqdq dtes64 monitor ds_cpl vmx smx est tm2 ssse3 sdbg fma cx16 xtpr pdcm pcid dca sse4_1 sse4_2 x2apic movbe popcnt aes xsave avx f16c rdrand lahf_lm abm 3dnowprefetch cpuid_fault epb cat_l3 cdp_l3 invpcid_single pti intel_ppin tpr_shadow vnmi flexpriority ept vpid ept_ad fsgsbase tsc_adjust bmi1 hle avx2 smep bmi2 erms invpcid rtm cqm rdt_a rdseed adx smap intel_pt xsaveopt cqm_llc cqm_occup_llc cqm_mbm_total cqm_mbm_local dtherm arat pln pts

Memory: 4k page, physical 131379228k(119644748k free), swap 0k(0k free)

vm_info: OpenJDK 64-Bit Server VM (12.0.1-internal+0-adhoc.root.jdk12.0.1) for linux-amd64 JRE (12.0.1-internal+0-adhoc.root.jdk12.0.1), built on Jul 26 2019 17:01:36 by "root" with gcc 4.8.5 20150623 (Red Hat 4.8.5-36)

END.
