#
# A fatal error has been detected by the Java Runtime Environment:
#
#  SIGSEGV (0xb) at pc=0x00001537c14a8f39, pid=30647, tid=30699
#
# JRE version:  (12.0.1) (build )
# Java VM: OpenJDK 64-Bit Server VM (12.0.1-internal+0-adhoc.root.jdk12.0.1, mixed mode, tiered, compressed oops, serial gc, linux-amd64)
# Problematic frame:
# V  [libjvm.so+0xb3ff39]  ObjArrayAllocator::initialize(HeapWord*) const+0x29
#
# No core dump will be written. Core dumps have been disabled. To enable core dumping, try "ulimit -c unlimited" before starting Java again
#
# If you would like to submit a bug report, please visit:
#   http://bugreport.java.com/bugreport/crash.jsp
#

---------------  S U M M A R Y ------------

Command Line: -Dapplication.home=/home/dcslab/cgmin/jdk12.0.1/build/linux-x86_64-server-release/jdk -Xms8m -XX:+UseSerialGC -Xms32M -Xmx512M -XX:TieredStopAtLevel=1 -Djdk.module.main=jdk.jlink jdk.jlink/jdk.tools.jmod.Main create --module-version 12.0.1-internal --target-platform linux-amd64 --module-path /home/dcslab/cgmin/jdk12.0.1/build/linux-x86_64-server-release/images/jmods --class-path /home/dcslab/cgmin/jdk12.0.1/build/linux-x86_64-server-release/jdk/modules/jdk.internal.le --legal-notices /home/dcslab/cgmin/jdk12.0.1/build/linux-x86_64-server-release/support/modules_legal/common:/home/dcslab/cgmin/jdk12.0.1/src/jdk.internal.le/share/legal --exclude **{_the.*,_*.marker,*.diz,*.debuginfo,*.dSYM/**,*.dSYM,*.pdb,*.map} /home/dcslab/cgmin/jdk12.0.1/build/linux-x86_64-server-release/support/jmods/jdk.internal.le.jmod

Host: Intel(R) Xeon(R) CPU E5-2650 v4 @ 2.20GHz, 48 cores, 125G, CentOS Linux release 7.6.1810 (Core) 
Time: Fri Jul 26 17:02:37 2019 KST elapsed time: 0 seconds (0d 0h 0m 0s)

---------------  T H R E A D  ---------------

Current thread (0x00001537bc010000):  JavaThread "main" [_thread_in_vm, id=30699, stack(0x00001537c2c61000,0x00001537c2d62000)]

Stack: [0x00001537c2c61000,0x00001537c2d62000],  sp=0x00001537c2d605a0,  free space=1021k
Native frames: (J=compiled Java code, A=aot compiled Java code, j=interpreted, Vv=VM code, C=native code)
V  [libjvm.so+0xb3ff39]  ObjArrayAllocator::initialize(HeapWord*) const+0x29
V  [libjvm.so+0xb40793]  MemAllocator::allocate() const+0x73
V  [libjvm.so+0x6154c4]  CollectedHeap::array_allocate(Klass*, int, int, bool, Thread*)+0x44
V  [libjvm.so+0x8721f8]  InterpreterRuntime::newarray(JavaThread*, BasicType, int)+0x28
j  java.io.BufferedInputStream.<init>(Ljava/io/InputStream;I)V+26 java.base
j  java.io.BufferedInputStream.<init>(Ljava/io/InputStream;)V+5 java.base
j  java.lang.System.initPhase1()V+72 java.base
v  ~StubRoutines::call_stub
V  [libjvm.so+0x881cd3]  JavaCalls::call_helper(JavaValue*, methodHandle const&, JavaCallArguments*, Thread*)+0x3a3
V  [libjvm.so+0x880c28]  JavaCalls::call_static(JavaValue*, Klass*, Symbol*, Symbol*, Thread*)+0x198
V  [libjvm.so+0xe91045]  Threads::initialize_java_lang_classes(JavaThread*, Thread*)+0x2c5
V  [libjvm.so+0xe921cf]  Threads::create_vm(JavaVMInitArgs*, bool*)+0x6ef
V  [libjvm.so+0x908cd8]  JNI_CreateJavaVM+0x58
C  [libjli.so+0x4814]  JavaMain+0x84

Java frames: (J=compiled Java code, j=interpreted, Vv=VM code)
j  java.io.BufferedInputStream.<init>(Ljava/io/InputStream;I)V+26 java.base
j  java.io.BufferedInputStream.<init>(Ljava/io/InputStream;)V+5 java.base
j  java.lang.System.initPhase1()V+72 java.base
v  ~StubRoutines::call_stub

siginfo: si_signo: 11 (SIGSEGV), si_code: 1 (SEGV_MAPERR), si_addr: 0x000000000000004e

Register to memory mapping:

RAX=0x0000000000000001 is an unknown value
RBX=0x0000000000000042 is an unknown value
RCX=0x01000000000021b7 is an unknown value
RDX=0x00001537c1e71c50: <offset 0x0000000001508c50> in /home/dcslab/cgmin/jdk12.0.1/build/linux-x86_64-server-release/jdk/lib/server/libjvm.so at 0x00001537c0969000
RSP=0x00001537c2d605a0 is pointing into the stack for thread: 0x00001537bc010000
RBP=0x00001537c2d605c0 is pointing into the stack for thread: 0x00001537bc010000
RSI=0x0000000000000042 is an unknown value
RDI=0x00001537c2d60650 is pointing into the stack for thread: 0x00001537bc010000
R8 =0x0000000000000001 is an unknown value
R9 =0x00001537bc010000 is a thread
R10=0x00001537c0f7e480: <offset 0x0000000000615480> in /home/dcslab/cgmin/jdk12.0.1/build/linux-x86_64-server-release/jdk/lib/server/libjvm.so at 0x00001537c0969000
R11=0x0 is NULL
R12=0x00001537c2d60650 is pointing into the stack for thread: 0x00001537bc010000
R13=0x00001537c1ef1c44: <offset 0x0000000001588c44> in /home/dcslab/cgmin/jdk12.0.1/build/linux-x86_64-server-release/jdk/lib/server/libjvm.so at 0x00001537c0969000
R14=0x00001537c2d60738 is pointing into the stack for thread: 0x00001537bc010000
R15=0x00001537bc010000 is a thread


Registers:
RAX=0x0000000000000001, RBX=0x0000000000000042, RCX=0x01000000000021b7, RDX=0x00001537c1e71c50
RSP=0x00001537c2d605a0, RBP=0x00001537c2d605c0, RSI=0x0000000000000042, RDI=0x00001537c2d60650
R8 =0x0000000000000001, R9 =0x00001537bc010000, R10=0x00001537c0f7e480, R11=0x0000000000000000
R12=0x00001537c2d60650, R13=0x00001537c1ef1c44, R14=0x00001537c2d60738, R15=0x00001537bc010000
RIP=0x00001537c14a8f39, EFLAGS=0x0000000000010202, CSGSFS=0x002b000000000033, ERR=0x0000000000000006
  TRAPNO=0x000000000000000e

Top of Stack: (sp=0x00001537c2d605a0)
0x00001537c2d605a0:   00001537abd77de8 00001537c2d60650
0x00001537c2d605b0:   0000000000000000 00001537c2d605e0
0x00001537c2d605c0:   00001537c2d60640 00001537c14a9793
0x00001537c2d605d0:   00001537bc010000 0000000000000000 

Instructions: (pc=0x00001537c14a8f39)
0x00001537c14a8f19:   89 fc 53 48 89 f3 48 83 ec 08 80 7f 2c 00 4c 8d
0x00001537c14a8f29:   2d 16 8d a4 00 41 0f b6 45 00 74 2e 84 c0 74 07
0x00001537c14a8f39:   c7 46 0c 00 00 00 00 49 8b 54 24 20 48 83 fa 02
0x00001537c14a8f49:   74 18 48 8d 14 d5 f0 ff ff ff 48 8d 7b 10 31 f6 

Stack slot to memory mapping:
stack at sp + 0 slots: {method} {0x00001537abd77de8} '<init>' '(Ljava/io/InputStream;I)V' in 'java/io/BufferedInputStream'
stack at sp + 1 slots: 0x00001537c2d60650 is pointing into the stack for thread: 0x00001537bc010000
stack at sp + 2 slots: 0x0 is NULL
stack at sp + 3 slots: 0x00001537c2d605e0 is pointing into the stack for thread: 0x00001537bc010000
stack at sp + 4 slots: 0x00001537c2d60640 is pointing into the stack for thread: 0x00001537bc010000
stack at sp + 5 slots: 0x00001537c14a9793: <offset 0x0000000000b40793> in /home/dcslab/cgmin/jdk12.0.1/build/linux-x86_64-server-release/jdk/lib/server/libjvm.so at 0x00001537c0969000
stack at sp + 6 slots: 0x00001537bc010000 is a thread
stack at sp + 7 slots: 0x0 is NULL


---------------  P R O C E S S  ---------------

Threads class SMR info:
_java_thread_list=0x00001537bc09e1d0, length=3, elements={
0x00001537bc010000, 0x00001537bc099000, 0x00001537bc09c800
}

Java Threads: ( => current thread )
=>0x00001537bc010000 JavaThread "main" [_thread_in_vm, id=30699, stack(0x00001537c2c61000,0x00001537c2d62000)]
  0x00001537bc099000 JavaThread "Reference Handler" daemon [_thread_blocked, id=30886, stack(0x00001537ab8bf000,0x00001537ab9c0000)]
  0x00001537bc09c800 JavaThread "Finalizer" daemon [_thread_blocked, id=30893, stack(0x00001537ab7be000,0x00001537ab8bf000)]

Other Threads:
  0x00001537bc08c800 VMThread "VM Thread" [stack: 0x00001537ab9c2000,0x00001537abac2000] [id=30828]

Threads with active compile tasks:

VM state:not at safepoint (normal execution)

VM Mutex/Monitor currently owned by a thread: None

Heap address: 0x00000000e0000000, size: 512 MB, Compressed Oops mode: 32-bit
Narrow klass base: 0x0000000000000000, Narrow klass shift: 3
Compressed class space size: 1073741824 Address: 0x0000000100000000

Heap:
 def new generation   total 9792K, used 174K [0x00000000e0000000, 0x00000000e0aa0000, 0x00000000eaaa0000)
  eden space 8704K,   2% used [0x00000000e0000000, 0x00000000e002b860, 0x00000000e0880000)
  from space 1088K,   0% used [0x00000000e0880000, 0x00000000e0880000, 0x00000000e0990000)
  to   space 1088K,   0% used [0x00000000e0990000, 0x00000000e0990000, 0x00000000e0aa0000)
 tenured generation   total 21888K, used 0K [0x00000000eaaa0000, 0x00000000ec000000, 0x0000000100000000)
   the space 21888K,   0% used [0x00000000eaaa0000, 0x00000000eaaa0000, 0x00000000eaaa0200, 0x00000000ec000000)
 Metaspace       used 1782K, capacity 4480K, committed 4480K, reserved 1056768K
  class space    used 140K, capacity 384K, committed 384K, reserved 1048576K

Card table byte_map: [0x00001537c0049000,0x00001537c014a000] _byte_map_base: 0x00001537bf949000

Polling page: 0x00001537c2d75000

Metaspace:

Usage:
  Non-class:      4.00 MB capacity,     1.60 MB ( 40%) used,     2.40 MB ( 60%) free+waste,    64 bytes ( <1%) overhead. 
      Class:    384.00 KB capacity,   140.23 KB ( 37%) used,   243.71 KB ( 63%) free+waste,    64 bytes ( <1%) overhead. 
       Both:      4.38 MB capacity,     1.74 MB ( 40%) used,     2.63 MB ( 60%) free+waste,   128 bytes ( <1%) overhead. 

Virtual space:
  Non-class space:        8.00 MB reserved,       4.00 MB ( 50%) committed 
      Class space:        1.00 GB reserved,     384.00 KB ( <1%) committed 
             Both:        1.01 GB reserved,       4.38 MB ( <1%) committed 

Chunk freelists:
   Non-Class:  0 bytes
       Class:  0 bytes
        Both:  0 bytes

CodeHeap 'non-profiled nmethods': size=232192Kb used=0Kb max_used=0Kb free=232192Kb
 bounds [0x00001537ad2e5000, 0x00001537ad555000, 0x00001537bb5a5000]
CodeHeap 'non-nmethods': size=13568Kb used=358Kb max_used=358Kb free=13209Kb
 bounds [0x00001537ac5a5000, 0x00001537ac815000, 0x00001537ad2e5000]
 total_blobs=153 nmethods=0 adapters=110
 compilation: enabled
              stopped_count=0, restarted_count=0
 full_count=0

Compilation events (0 events):
No events

GC Heap History (0 events):
No events

Deoptimization events (0 events):
No events

Classes redefined (0 events):
No events

Internal exceptions (0 events):
No events

Events (10 events):
Event: 0.051 loading class java/io/FileOutputStream
Event: 0.051 loading class java/io/OutputStream
Event: 0.051 loading class java/io/Flushable
Event: 0.051 loading class java/io/Flushable done
Event: 0.051 loading class java/io/OutputStream done
Event: 0.052 loading class java/io/FileOutputStream done
Event: 0.052 loading class java/io/BufferedInputStream
Event: 0.052 loading class java/io/FilterInputStream
Event: 0.052 loading class java/io/FilterInputStream done
Event: 0.052 loading class java/io/BufferedInputStream done


Dynamic libraries:
00400000-00401000 r-xp 00000000 fd:02 80675782                           /home/dcslab/cgmin/jdk12.0.1/build/linux-x86_64-server-release/jdk/bin/jmod
00601000-00602000 r--p 00001000 fd:02 80675782                           /home/dcslab/cgmin/jdk12.0.1/build/linux-x86_64-server-release/jdk/bin/jmod
00602000-00603000 rw-p 00002000 fd:02 80675782                           /home/dcslab/cgmin/jdk12.0.1/build/linux-x86_64-server-release/jdk/bin/jmod
013ae000-013cf000 rw-p 00000000 00:00 0                                  [heap]
e0000000-e0aa0000 rw-p 00000000 00:00 0 
e0aa0000-eaaa0000 ---p 00000000 00:00 0 
eaaa0000-ec000000 rw-p 00000000 00:00 0 
ec000000-100000000 ---p 00000000 00:00 0 
100000000-100060000 rw-p 00000000 00:00 0 
100060000-140000000 ---p 00000000 00:00 0 
153795ad6000-15379c000000 r--p 00000000 fd:00 1524467                    /usr/lib/locale/locale-archive
15379c000000-15379c021000 rw-p 00000000 00:00 0 
15379c021000-1537a0000000 ---p 00000000 00:00 0 
1537a0000000-1537a0021000 rw-p 00000000 00:00 0 
1537a0021000-1537a4000000 ---p 00000000 00:00 0 
1537a4000000-1537a4021000 rw-p 00000000 00:00 0 
1537a4021000-1537a8000000 ---p 00000000 00:00 0 
1537ab3c8000-1537ab7be000 rw-p 00000000 00:00 0 
1537ab7be000-1537ab7c2000 ---p 00000000 00:00 0 
1537ab7c2000-1537ab8bf000 rw-p 00000000 00:00 0 
1537ab8bf000-1537ab8c3000 ---p 00000000 00:00 0 
1537ab8c3000-1537ab9c0000 rw-p 00000000 00:00 0 
1537ab9c0000-1537ab9c1000 ---p 00000000 00:00 0 
1537ab9c1000-1537abfdf000 rw-p 00000000 00:00 0 
1537abfdf000-1537ac3df000 ---p 00000000 00:00 0 
1537ac3df000-1537ac3e4000 rw-p 00000000 00:00 0 
1537ac3e4000-1537ac5a5000 ---p 00000000 00:00 0 
1537ac5a5000-1537ac815000 rwxp 00000000 00:00 0 
1537ac815000-1537ad2e5000 ---p 00000000 00:00 0 
1537ad2e5000-1537ad555000 rwxp 00000000 00:00 0 
1537ad555000-1537bb5a5000 ---p 00000000 00:00 0 
1537bb5a5000-1537bb5aa000 r-xp 00000000 fd:02 80674781                   /home/dcslab/cgmin/jdk12.0.1/build/linux-x86_64-server-release/jdk/lib/libjimage.so
1537bb5aa000-1537bb7aa000 ---p 00005000 fd:02 80674781                   /home/dcslab/cgmin/jdk12.0.1/build/linux-x86_64-server-release/jdk/lib/libjimage.so
1537bb7aa000-1537bb7ab000 r--p 00005000 fd:02 80674781                   /home/dcslab/cgmin/jdk12.0.1/build/linux-x86_64-server-release/jdk/lib/libjimage.so
1537bb7ab000-1537bb7ac000 rw-p 00006000 fd:02 80674781                   /home/dcslab/cgmin/jdk12.0.1/build/linux-x86_64-server-release/jdk/lib/libjimage.so
1537bb7ac000-1537bb7b3000 r-xp 00000000 fd:02 80674755                   /home/dcslab/cgmin/jdk12.0.1/build/linux-x86_64-server-release/jdk/lib/libzip.so
1537bb7b3000-1537bb9b2000 ---p 00007000 fd:02 80674755                   /home/dcslab/cgmin/jdk12.0.1/build/linux-x86_64-server-release/jdk/lib/libzip.so
1537bb9b2000-1537bb9b3000 r--p 00006000 fd:02 80674755                   /home/dcslab/cgmin/jdk12.0.1/build/linux-x86_64-server-release/jdk/lib/libzip.so
1537bb9b3000-1537bb9b4000 rw-p 00007000 fd:02 80674755                   /home/dcslab/cgmin/jdk12.0.1/build/linux-x86_64-server-release/jdk/lib/libzip.so
1537bb9b4000-1537bb9c0000 r-xp 00000000 fd:00 67527450                   /usr/lib64/libnss_files-2.17.so
1537bb9c0000-1537bbbbf000 ---p 0000c000 fd:00 67527450                   /usr/lib64/libnss_files-2.17.so
1537bbbbf000-1537bbbc0000 r--p 0000b000 fd:00 67527450                   /usr/lib64/libnss_files-2.17.so
1537bbbc0000-1537bbbc1000 rw-p 0000c000 fd:00 67527450                   /usr/lib64/libnss_files-2.17.so
1537bbbc1000-1537bbbc7000 rw-p 00000000 00:00 0 
1537bbbc7000-1537bbbef000 r-xp 00000000 fd:02 80674673                   /home/dcslab/cgmin/jdk12.0.1/build/linux-x86_64-server-release/jdk/lib/libjava.so
1537bbbef000-1537bbdee000 ---p 00028000 fd:02 80674673                   /home/dcslab/cgmin/jdk12.0.1/build/linux-x86_64-server-release/jdk/lib/libjava.so
1537bbdee000-1537bbdef000 r--p 00027000 fd:02 80674673                   /home/dcslab/cgmin/jdk12.0.1/build/linux-x86_64-server-release/jdk/lib/libjava.so
1537bbdef000-1537bbdf1000 rw-p 00028000 fd:02 80674673                   /home/dcslab/cgmin/jdk12.0.1/build/linux-x86_64-server-release/jdk/lib/libjava.so
1537bbdf1000-1537bbdfe000 r-xp 00000000 fd:02 80674591                   /home/dcslab/cgmin/jdk12.0.1/build/linux-x86_64-server-release/jdk/lib/libverify.so
1537bbdfe000-1537bbffd000 ---p 0000d000 fd:02 80674591                   /home/dcslab/cgmin/jdk12.0.1/build/linux-x86_64-server-release/jdk/lib/libverify.so
1537bbffd000-1537bbfff000 r--p 0000c000 fd:02 80674591                   /home/dcslab/cgmin/jdk12.0.1/build/linux-x86_64-server-release/jdk/lib/libverify.so
1537bbfff000-1537bc000000 rw-p 0000e000 fd:02 80674591                   /home/dcslab/cgmin/jdk12.0.1/build/linux-x86_64-server-release/jdk/lib/libverify.so
1537bc000000-1537bc0b9000 rw-p 00000000 00:00 0 
1537bc0b9000-1537c0000000 ---p 00000000 00:00 0 
1537c0028000-1537c004f000 rw-p 00000000 00:00 0 
1537c004f000-1537c009e000 ---p 00000000 00:00 0 
1537c009e000-1537c00a9000 rw-p 00000000 00:00 0 
1537c00a9000-1537c0149000 ---p 00000000 00:00 0 
1537c0149000-1537c014a000 rw-p 00000000 00:00 0 
1537c014a000-1537c015f000 r-xp 00000000 fd:00 67349682                   /usr/lib64/libgcc_s-4.8.5-20150702.so.1
1537c015f000-1537c035e000 ---p 00015000 fd:00 67349682                   /usr/lib64/libgcc_s-4.8.5-20150702.so.1
1537c035e000-1537c035f000 r--p 00014000 fd:00 67349682                   /usr/lib64/libgcc_s-4.8.5-20150702.so.1
1537c035f000-1537c0360000 rw-p 00015000 fd:00 67349682                   /usr/lib64/libgcc_s-4.8.5-20150702.so.1
1537c0360000-1537c0461000 r-xp 00000000 fd:00 67412312                   /usr/lib64/libm-2.17.so
1537c0461000-1537c0660000 ---p 00101000 fd:00 67412312                   /usr/lib64/libm-2.17.so
1537c0660000-1537c0661000 r--p 00100000 fd:00 67412312                   /usr/lib64/libm-2.17.so
1537c0661000-1537c0662000 rw-p 00101000 fd:00 67412312                   /usr/lib64/libm-2.17.so
1537c0662000-1537c074b000 r-xp 00000000 fd:00 67349699                   /usr/lib64/libstdc++.so.6.0.19
1537c074b000-1537c094a000 ---p 000e9000 fd:00 67349699                   /usr/lib64/libstdc++.so.6.0.19
1537c094a000-1537c0952000 r--p 000e8000 fd:00 67349699                   /usr/lib64/libstdc++.so.6.0.19
1537c0952000-1537c0954000 rw-p 000f0000 fd:00 67349699                   /usr/lib64/libstdc++.so.6.0.19
1537c0954000-1537c0969000 rw-p 00000000 00:00 0 
1537c0969000-1537c1bae000 r-xp 00000000 fd:02 80670104                   /home/dcslab/cgmin/jdk12.0.1/build/linux-x86_64-server-release/jdk/lib/server/libjvm.so
1537c1bae000-1537c1dae000 ---p 01245000 fd:02 80670104                   /home/dcslab/cgmin/jdk12.0.1/build/linux-x86_64-server-release/jdk/lib/server/libjvm.so
1537c1dae000-1537c1e83000 r--p 01245000 fd:02 80670104                   /home/dcslab/cgmin/jdk12.0.1/build/linux-x86_64-server-release/jdk/lib/server/libjvm.so
1537c1e83000-1537c1ebf000 rw-p 0131a000 fd:02 80670104                   /home/dcslab/cgmin/jdk12.0.1/build/linux-x86_64-server-release/jdk/lib/server/libjvm.so
1537c1ebf000-1537c1f45000 rw-p 00000000 00:00 0 
1537c1f45000-1537c2107000 r-xp 00000000 fd:00 67116114                   /usr/lib64/libc-2.17.so
1537c2107000-1537c2307000 ---p 001c2000 fd:00 67116114                   /usr/lib64/libc-2.17.so
1537c2307000-1537c230b000 r--p 001c2000 fd:00 67116114                   /usr/lib64/libc-2.17.so
1537c230b000-1537c230d000 rw-p 001c6000 fd:00 67116114                   /usr/lib64/libc-2.17.so
1537c230d000-1537c2312000 rw-p 00000000 00:00 0 
1537c2312000-1537c2314000 r-xp 00000000 fd:00 67412311                   /usr/lib64/libdl-2.17.so
1537c2314000-1537c2514000 ---p 00002000 fd:00 67412311                   /usr/lib64/libdl-2.17.so
1537c2514000-1537c2515000 r--p 00002000 fd:00 67412311                   /usr/lib64/libdl-2.17.so
1537c2515000-1537c2516000 rw-p 00003000 fd:00 67412311                   /usr/lib64/libdl-2.17.so
1537c2516000-1537c252d000 r-xp 00000000 fd:00 67527458                   /usr/lib64/libpthread-2.17.so
1537c252d000-1537c272c000 ---p 00017000 fd:00 67527458                   /usr/lib64/libpthread-2.17.so
1537c272c000-1537c272d000 r--p 00016000 fd:00 67527458                   /usr/lib64/libpthread-2.17.so
1537c272d000-1537c272e000 rw-p 00017000 fd:00 67527458                   /usr/lib64/libpthread-2.17.so
1537c272e000-1537c2732000 rw-p 00000000 00:00 0 
1537c2732000-1537c2741000 r-xp 00000000 fd:02 80674745                   /home/dcslab/cgmin/jdk12.0.1/build/linux-x86_64-server-release/jdk/lib/libjli.so
1537c2741000-1537c2940000 ---p 0000f000 fd:02 80674745                   /home/dcslab/cgmin/jdk12.0.1/build/linux-x86_64-server-release/jdk/lib/libjli.so
1537c2940000-1537c2941000 r--p 0000e000 fd:02 80674745                   /home/dcslab/cgmin/jdk12.0.1/build/linux-x86_64-server-release/jdk/lib/libjli.so
1537c2941000-1537c2942000 rw-p 0000f000 fd:02 80674745                   /home/dcslab/cgmin/jdk12.0.1/build/linux-x86_64-server-release/jdk/lib/libjli.so
1537c2942000-1537c2957000 r-xp 00000000 fd:00 67116158                   /usr/lib64/libz.so.1.2.7
1537c2957000-1537c2b56000 ---p 00015000 fd:00 67116158                   /usr/lib64/libz.so.1.2.7
1537c2b56000-1537c2b57000 r--p 00014000 fd:00 67116158                   /usr/lib64/libz.so.1.2.7
1537c2b57000-1537c2b58000 rw-p 00015000 fd:00 67116158                   /usr/lib64/libz.so.1.2.7
1537c2b58000-1537c2b7a000 r-xp 00000000 fd:00 67116101                   /usr/lib64/ld-2.17.so
1537c2b7a000-1537c2ba6000 rw-p 00000000 00:00 0 
1537c2ba6000-1537c2c46000 ---p 00000000 00:00 0 
1537c2c46000-1537c2c4b000 rw-p 00000000 00:00 0 
1537c2c4b000-1537c2c61000 ---p 00000000 00:00 0 
1537c2c61000-1537c2c65000 ---p 00000000 00:00 0 
1537c2c65000-1537c2d67000 rw-p 00000000 00:00 0 
1537c2d6b000-1537c2d6d000 rw-p 00000000 00:00 0 
1537c2d6d000-1537c2d75000 rw-s 00000000 fd:00 76968880                   /tmp/hsperfdata_root/30647
1537c2d75000-1537c2d76000 ---p 00000000 00:00 0 
1537c2d76000-1537c2d77000 r--p 00000000 00:00 0 
1537c2d77000-1537c2d78000 ---p 00000000 00:00 0 
1537c2d78000-1537c2d79000 rw-p 00000000 00:00 0 
1537c2d79000-1537c2d7a000 r--p 00021000 fd:00 67116101                   /usr/lib64/ld-2.17.so
1537c2d7a000-1537c2d7b000 rw-p 00022000 fd:00 67116101                   /usr/lib64/ld-2.17.so
1537c2d7b000-1537c2d7c000 rw-p 00000000 00:00 0 
7ffe62de5000-7ffe62e07000 rw-p 00000000 00:00 0                          [stack]
7ffe62e26000-7ffe62e29000 r--p 00000000 00:00 0                          [vvar]
7ffe62e29000-7ffe62e2a000 r-xp 00000000 00:00 0                          [vdso]
ffffffffff600000-ffffffffff601000 r-xp 00000000 00:00 0                  [vsyscall]


VM Arguments:
jvm_args: -Dapplication.home=/home/dcslab/cgmin/jdk12.0.1/build/linux-x86_64-server-release/jdk -Xms8m -XX:+UseSerialGC -Xms32M -Xmx512M -XX:TieredStopAtLevel=1 -Djdk.module.main=jdk.jlink 
java_command: jdk.jlink/jdk.tools.jmod.Main create --module-version 12.0.1-internal --target-platform linux-amd64 --module-path /home/dcslab/cgmin/jdk12.0.1/build/linux-x86_64-server-release/images/jmods --class-path /home/dcslab/cgmin/jdk12.0.1/build/linux-x86_64-server-release/jdk/modules/jdk.internal.le --legal-notices /home/dcslab/cgmin/jdk12.0.1/build/linux-x86_64-server-release/support/modules_legal/common:/home/dcslab/cgmin/jdk12.0.1/src/jdk.internal.le/share/legal --exclude **{_the.*,_*.marker,*.diz,*.debuginfo,*.dSYM/**,*.dSYM,*.pdb,*.map} /home/dcslab/cgmin/jdk12.0.1/build/linux-x86_64-server-release/support/jmods/jdk.internal.le.jmod
java_class_path (initial): <not set>
Launcher Type: SUN_STANDARD

[Global flags]
     intx CICompilerCount                          = 15                                        {product} {ergonomic}
   size_t InitialHeapSize                          = 33554432                                  {product} {command line}
   size_t MaxHeapSize                              = 536870912                                 {product} {command line}
   size_t MaxNewSize                               = 178913280                                 {product} {ergonomic}
   size_t MinHeapDeltaBytes                        = 196608                                    {product} {ergonomic}
   size_t NewSize                                  = 11141120                                  {product} {ergonomic}
    uintx NonNMethodCodeHeapSize                   = 13893620                               {pd product} {ergonomic}
    uintx NonProfiledCodeHeapSize                  = 237764620                              {pd product} {ergonomic}
   size_t OldSize                                  = 22413312                                  {product} {ergonomic}
    uintx ProfiledCodeHeapSize                     = 0                                      {pd product} {ergonomic}
    uintx ReservedCodeCacheSize                    = 251658240                              {pd product} {ergonomic}
     bool SegmentedCodeCache                       = true                                      {product} {ergonomic}
     intx TieredStopAtLevel                        = 1                                         {product} {command line}
     bool UseCompressedClassPointers               = true                                 {lp64_product} {ergonomic}
     bool UseCompressedOops                        = true                                 {lp64_product} {ergonomic}
     bool UseSerialGC                              = true                                      {product} {command line}

Logging:
Log output configuration:
 #0: stdout all=warning uptime,level,tags
 #1: stderr all=off uptime,level,tags

Environment Variables:
PATH=/sbin:/bin:/usr/sbin:/usr/bin
USERNAME=root
LD_LIBRARY_PATH=:/usr/local/lib
SHELL=/bin/bash

Signal Handlers:
SIGSEGV: [libjvm.so+0xefc2c0], sa_mask[0]=11111111011111111101111111111110, sa_flags=SA_RESTART|SA_SIGINFO
SIGBUS: [libjvm.so+0xefc2c0], sa_mask[0]=11111111011111111101111111111110, sa_flags=SA_RESTART|SA_SIGINFO
SIGFPE: [libjvm.so+0xefc2c0], sa_mask[0]=11111111011111111101111111111110, sa_flags=SA_RESTART|SA_SIGINFO
SIGPIPE: [libjvm.so+0xbf1690], sa_mask[0]=11111111011111111101111111111110, sa_flags=SA_RESTART|SA_SIGINFO
SIGXFSZ: [libjvm.so+0xbf1690], sa_mask[0]=11111111011111111101111111111110, sa_flags=SA_RESTART|SA_SIGINFO
SIGILL: [libjvm.so+0xefc2c0], sa_mask[0]=11111111011111111101111111111110, sa_flags=SA_RESTART|SA_SIGINFO
SIGUSR2: [libjvm.so+0xbf1530], sa_mask[0]=00000000000000000000000000000000, sa_flags=SA_RESTART|SA_SIGINFO
SIGHUP: SIG_DFL, sa_mask[0]=00000000000000000000000000000000, sa_flags=none
SIGINT: SIG_DFL, sa_mask[0]=00000000000000000000000000000000, sa_flags=none
SIGTERM: SIG_DFL, sa_mask[0]=00000000000000000000000000000000, sa_flags=none
SIGQUIT: SIG_DFL, sa_mask[0]=00000000000000000000000000000000, sa_flags=none


---------------  S Y S T E M  ---------------

OS:CentOS Linux release 7.6.1810 (Core) 
uname:Linux 5.2.0PMC0722+ #25 SMP Thu Jul 25 15:52:11 KST 2019 x86_64
libc:glibc 2.17 NPTL 2.17 
rlimit: STACK infinity, CORE 0k, NPROC 512949, NOFILE 4096, AS infinity, DATA infinity, FSIZE infinity
load average:23.08 19.15 9.12

/proc/meminfo:
MemTotal:       131379228 kB
MemFree:        119552152 kB
MemAvailable:   125520200 kB
Buffers:            2120 kB
Cached:          6768984 kB
SwapCached:            0 kB
Active:          6179296 kB
Inactive:        3735452 kB
Active(anon):    3144256 kB
Inactive(anon):    25860 kB
Active(file):    3035040 kB
Inactive(file):  3709592 kB
Unevictable:           0 kB
Mlocked:               0 kB
SwapTotal:             0 kB
SwapFree:              0 kB
Dirty:            253812 kB
Writeback:             0 kB
AnonPages:       3136336 kB
Mapped:            91268 kB
Shmem:             26252 kB
KReclaimable:     409716 kB
Slab:             792472 kB
SReclaimable:     409716 kB
SUnreclaim:       382756 kB
KernelStack:       19680 kB
PageTables:        30880 kB
NFS_Unstable:          0 kB
Bounce:                0 kB
WritebackTmp:          0 kB
CommitLimit:    65689612 kB
Committed_AS:    5025400 kB
VmallocTotal:   34359738367 kB
VmallocUsed:           0 kB
VmallocChunk:          0 kB
Percpu:            14592 kB
HardwareCorrupted:     0 kB
CmaTotal:              0 kB
CmaFree:               0 kB
HugePages_Total:       0
HugePages_Free:        0
HugePages_Rsvd:        0
HugePages_Surp:        0
Hugepagesize:       2048 kB
Hugetlb:               0 kB
DirectMap4k:      566068 kB
DirectMap2M:    13998080 kB
DirectMap1G:    121634816 kB


/proc/sys/kernel/threads-max (system-wide limit on the number of threads):
1025899


/proc/sys/vm/max_map_count (maximum number of memory map areas a process may have):
65530


/proc/sys/kernel/pid_max (system-wide limit on number of process identifiers):
49152



container (cgroup) information:
container_type: cgroupv1
cpu_cpuset_cpus: 0-47
cpu_memory_nodes: 0
active_processor_count: 48
cpu_quota: -1
cpu_period: 100000
cpu_shares: -1
memory_limit_in_bytes: -1
memory_and_swap_limit_in_bytes: -1
memory_soft_limit_in_bytes: -1
memory_usage_in_bytes: 10155655168
memory_max_usage_in_bytes: 0


CPU:total 48 (initial active 48) (12 cores per cpu, 2 threads per core) family 6 model 79 stepping 1, cmov, cx8, fxsr, mmx, sse, sse2, sse3, ssse3, sse4.1, sse4.2, popcnt, avx, avx2, aes, clmul, erms, rtm, 3dnowpref, lzcnt, ht, tsc, tscinvbit, bmi1, bmi2, adx, fma
CPU Model and flags from /proc/cpuinfo:
model name	: Intel(R) Xeon(R) CPU E5-2650 v4 @ 2.20GHz
flags		: fpu vme de pse tsc msr pae mce cx8 apic sep mtrr pge mca cmov pat pse36 clflush dts acpi mmx fxsr sse sse2 ss ht tm pbe syscall nx pdpe1gb rdtscp lm constant_tsc arch_perfmon pebs bts rep_good nopl xtopology nonstop_tsc cpuid aperfmperf pni pclmulqdq dtes64 monitor ds_cpl vmx smx est tm2 ssse3 sdbg fma cx16 xtpr pdcm pcid dca sse4_1 sse4_2 x2apic movbe popcnt aes xsave avx f16c rdrand lahf_lm abm 3dnowprefetch cpuid_fault epb cat_l3 cdp_l3 invpcid_single pti intel_ppin tpr_shadow vnmi flexpriority ept vpid ept_ad fsgsbase tsc_adjust bmi1 hle avx2 smep bmi2 erms invpcid rtm cqm rdt_a rdseed adx smap intel_pt xsaveopt cqm_llc cqm_occup_llc cqm_mbm_total cqm_mbm_local dtherm arat pln pts

Memory: 4k page, physical 131379228k(119559712k free), swap 0k(0k free)

vm_info: OpenJDK 64-Bit Server VM (12.0.1-internal+0-adhoc.root.jdk12.0.1) for linux-amd64 JRE (12.0.1-internal+0-adhoc.root.jdk12.0.1), built on Jul 26 2019 17:01:36 by "root" with gcc 4.8.5 20150623 (Red Hat 4.8.5-36)

END.
