#
# A fatal error has been detected by the Java Runtime Environment:
#
#  SIGSEGV (0xb) at pc=0x00002ad033f4eee9, pid=37842, tid=37886
#
# JRE version:  (12.0.1) (build )
# Java VM: OpenJDK 64-Bit Server VM (12.0.1-internal+0-adhoc.root.jdk12.0.1, mixed mode, tiered, compressed oops, serial gc, linux-amd64)
# Problematic frame:
# V  [libjvm.so+0xb3fee9]  ObjArrayAllocator::initialize(HeapWord*) const+0x29
#
# No core dump will be written. Core dumps have been disabled. To enable core dumping, try "ulimit -c unlimited" before starting Java again
#
# If you would like to submit a bug report, please visit:
#   http://bugreport.java.com/bugreport/crash.jsp
#

---------------  S U M M A R Y ------------

Command Line: -Dapplication.home=/home/dcslab/cgmin/jdk12.0.1/build/linux-x86_64-server-release/jdk -Xms8m -XX:+UseSerialGC -Xms32M -Xmx512M -XX:TieredStopAtLevel=1 -Djdk.module.main=jdk.jlink jdk.jlink/jdk.tools.jmod.Main create --module-version 12.0.1-internal --target-platform linux-amd64 --module-path /home/dcslab/cgmin/jdk12.0.1/build/linux-x86_64-server-release/images/jmods --class-path /home/dcslab/cgmin/jdk12.0.1/build/linux-x86_64-server-release/jdk/modules/jdk.internal.vm.compiler.management --legal-notices /home/dcslab/cgmin/jdk12.0.1/build/linux-x86_64-server-release/support/modules_legal/common --exclude **{_the.*,_*.marker,*.diz,*.debuginfo,*.dSYM/**,*.dSYM,*.pdb,*.map} /home/dcslab/cgmin/jdk12.0.1/build/linux-x86_64-server-release/support/jmods/jdk.internal.vm.compiler.management.jmod

Host: Intel(R) Xeon(R) CPU E5-2650 v4 @ 2.20GHz, 48 cores, 124G, CentOS Linux release 7.6.1810 (Core) 
Time: Thu Jul 18 18:36:37 2019 KST elapsed time: 0 seconds (0d 0h 0m 0s)

---------------  T H R E A D  ---------------

Current thread (0x00002ad038010000):  JavaThread "main" [_thread_in_vm, id=37886, stack(0x00002ad032611000,0x00002ad032712000)]

Stack: [0x00002ad032611000,0x00002ad032712000],  sp=0x00002ad0327105a0,  free space=1021k
Native frames: (J=compiled Java code, A=aot compiled Java code, j=interpreted, Vv=VM code, C=native code)
V  [libjvm.so+0xb3fee9]  ObjArrayAllocator::initialize(HeapWord*) const+0x29
V  [libjvm.so+0xb40743]  MemAllocator::allocate() const+0x73
V  [libjvm.so+0x6154c4]  CollectedHeap::array_allocate(Klass*, int, int, bool, Thread*)+0x44
V  [libjvm.so+0x8721a8]  InterpreterRuntime::newarray(JavaThread*, BasicType, int)+0x28
j  java.io.BufferedInputStream.<init>(Ljava/io/InputStream;I)V+26 java.base
j  java.io.BufferedInputStream.<init>(Ljava/io/InputStream;)V+5 java.base
j  java.lang.System.initPhase1()V+72 java.base
v  ~StubRoutines::call_stub
V  [libjvm.so+0x881c83]  JavaCalls::call_helper(JavaValue*, methodHandle const&, JavaCallArguments*, Thread*)+0x3a3
V  [libjvm.so+0x880bd8]  JavaCalls::call_static(JavaValue*, Klass*, Symbol*, Symbol*, Thread*)+0x198
V  [libjvm.so+0xe90ff5]  Threads::initialize_java_lang_classes(JavaThread*, Thread*)+0x2c5
V  [libjvm.so+0xe9217f]  Threads::create_vm(JavaVMInitArgs*, bool*)+0x6ef
V  [libjvm.so+0x908c88]  JNI_CreateJavaVM+0x58
C  [libjli.so+0x4814]  JavaMain+0x84

Java frames: (J=compiled Java code, j=interpreted, Vv=VM code)
j  java.io.BufferedInputStream.<init>(Ljava/io/InputStream;I)V+26 java.base
j  java.io.BufferedInputStream.<init>(Ljava/io/InputStream;)V+5 java.base
j  java.lang.System.initPhase1()V+72 java.base
v  ~StubRoutines::call_stub

siginfo: si_signo: 11 (SIGSEGV), si_code: 1 (SEGV_MAPERR), si_addr: 0x0000000000000057

Register to memory mapping:

RAX=0x0000000000000001 is an unknown value
RBX=0x000000000000004b is an unknown value
RCX=0x00fffffffffffff6 is an unknown value
RDX=0x00002ad034917c50: <offset 0x0000000001508c50> in /home/dcslab/cgmin/jdk12.0.1/build/linux-x86_64-server-release/jdk/lib/server/libjvm.so at 0x00002ad03340f000
RSP=0x00002ad0327105a0 is pointing into the stack for thread: 0x00002ad038010000
RBP=0x00002ad0327105c0 is pointing into the stack for thread: 0x00002ad038010000
RSI=0x000000000000004b is an unknown value
RDI=0x00002ad032710650 is pointing into the stack for thread: 0x00002ad038010000
R8 =0x0000000000000001 is an unknown value
R9 =0x00002ad038010000 is a thread
R10=0x00002ad033a24480: <offset 0x0000000000615480> in /home/dcslab/cgmin/jdk12.0.1/build/linux-x86_64-server-release/jdk/lib/server/libjvm.so at 0x00002ad03340f000
R11=0x0 is NULL
R12=0x00002ad032710650 is pointing into the stack for thread: 0x00002ad038010000
R13=0x00002ad034997c44: <offset 0x0000000001588c44> in /home/dcslab/cgmin/jdk12.0.1/build/linux-x86_64-server-release/jdk/lib/server/libjvm.so at 0x00002ad03340f000
R14=0x00002ad032710738 is pointing into the stack for thread: 0x00002ad038010000
R15=0x00002ad038010000 is a thread


Registers:
RAX=0x0000000000000001, RBX=0x000000000000004b, RCX=0x00fffffffffffff6, RDX=0x00002ad034917c50
RSP=0x00002ad0327105a0, RBP=0x00002ad0327105c0, RSI=0x000000000000004b, RDI=0x00002ad032710650
R8 =0x0000000000000001, R9 =0x00002ad038010000, R10=0x00002ad033a24480, R11=0x0000000000000000
R12=0x00002ad032710650, R13=0x00002ad034997c44, R14=0x00002ad032710738, R15=0x00002ad038010000
RIP=0x00002ad033f4eee9, EFLAGS=0x0000000000010202, CSGSFS=0x002b000000000033, ERR=0x0000000000000006
  TRAPNO=0x000000000000000e

Top of Stack: (sp=0x00002ad0327105a0)
0x00002ad0327105a0:   00002ad0360e5de8 00002ad032710650
0x00002ad0327105b0:   0000000000000000 00002ad0327105e0
0x00002ad0327105c0:   00002ad032710640 00002ad033f4f743
0x00002ad0327105d0:   00002ad038010000 0000000000000000 

Instructions: (pc=0x00002ad033f4eee9)
0x00002ad033f4eec9:   89 fc 53 48 89 f3 48 83 ec 08 80 7f 2c 00 4c 8d
0x00002ad033f4eed9:   2d 66 8d a4 00 41 0f b6 45 00 74 2e 84 c0 74 07
0x00002ad033f4eee9:   c7 46 0c 00 00 00 00 49 8b 54 24 20 48 83 fa 02
0x00002ad033f4eef9:   74 18 48 8d 14 d5 f0 ff ff ff 48 8d 7b 10 31 f6 

Stack slot to memory mapping:
stack at sp + 0 slots: {method} {0x00002ad0360e5de8} '<init>' '(Ljava/io/InputStream;I)V' in 'java/io/BufferedInputStream'
stack at sp + 1 slots: 0x00002ad032710650 is pointing into the stack for thread: 0x00002ad038010000
stack at sp + 2 slots: 0x0 is NULL
stack at sp + 3 slots: 0x00002ad0327105e0 is pointing into the stack for thread: 0x00002ad038010000
stack at sp + 4 slots: 0x00002ad032710640 is pointing into the stack for thread: 0x00002ad038010000
stack at sp + 5 slots: 0x00002ad033f4f743: <offset 0x0000000000b40743> in /home/dcslab/cgmin/jdk12.0.1/build/linux-x86_64-server-release/jdk/lib/server/libjvm.so at 0x00002ad03340f000
stack at sp + 6 slots: 0x00002ad038010000 is a thread
stack at sp + 7 slots: 0x0 is NULL


---------------  P R O C E S S  ---------------

Threads class SMR info:
_java_thread_list=0x00002ad03809e1b0, length=3, elements={
0x00002ad038010000, 0x00002ad038099000, 0x00002ad03809c800
}

Java Threads: ( => current thread )
=>0x00002ad038010000 JavaThread "main" [_thread_in_vm, id=37886, stack(0x00002ad032611000,0x00002ad032712000)]
  0x00002ad038099000 JavaThread "Reference Handler" daemon [_thread_blocked, id=38121, stack(0x00002ad03696c000,0x00002ad036a6d000)]
  0x00002ad03809c800 JavaThread "Finalizer" daemon [_thread_blocked, id=38127, stack(0x00002ad036a6d000,0x00002ad036b6e000)]

Other Threads:
  0x00002ad03808c800 VMThread "VM Thread" [stack: 0x00002ad03686c000,0x00002ad03696c000] [id=38035]

Threads with active compile tasks:

VM state:not at safepoint (normal execution)

VM Mutex/Monitor currently owned by a thread: None

Heap address: 0x00000000e0000000, size: 512 MB, Compressed Oops mode: 32-bit
Narrow klass base: 0x0000000000000000, Narrow klass shift: 3
Compressed class space size: 1073741824 Address: 0x0000000100000000

Heap:
 def new generation   total 9792K, used 174K [0x00000000e0000000, 0x00000000e0aa0000, 0x00000000eaaa0000)
  eden space 8704K,   2% used [0x00000000e0000000, 0x00000000e002b860, 0x00000000e0880000)
  from space 1088K,   0% used [0x00000000e0880000, 0x00000000e0880000, 0x00000000e0990000)
  to   space 1088K,   0% used [0x00000000e0990000, 0x00000000e0990000, 0x00000000e0aa0000)
 tenured generation   total 21888K, used 0K [0x00000000eaaa0000, 0x00000000ec000000, 0x0000000100000000)
   the space 21888K,   0% used [0x00000000eaaa0000, 0x00000000eaaa0000, 0x00000000eaaa0200, 0x00000000ec000000)
 Metaspace       used 1782K, capacity 4480K, committed 4480K, reserved 1056768K
  class space    used 140K, capacity 384K, committed 384K, reserved 1048576K

Card table byte_map: [0x00002ad035e2b000,0x00002ad035f2c000] _byte_map_base: 0x00002ad03572b000

Polling page: 0x00002ad0325fc000

Metaspace:

Usage:
  Non-class:      4.00 MB capacity,     1.60 MB ( 40%) used,     2.40 MB ( 60%) free+waste,    64 bytes ( <1%) overhead. 
      Class:    384.00 KB capacity,   140.23 KB ( 37%) used,   243.71 KB ( 63%) free+waste,    64 bytes ( <1%) overhead. 
       Both:      4.38 MB capacity,     1.74 MB ( 40%) used,     2.63 MB ( 60%) free+waste,   128 bytes ( <1%) overhead. 

Virtual space:
  Non-class space:        8.00 MB reserved,       4.00 MB ( 50%) committed 
      Class space:        1.00 GB reserved,     384.00 KB ( <1%) committed 
             Both:        1.01 GB reserved,       4.38 MB ( <1%) committed 

Chunk freelists:
   Non-Class:  0 bytes
       Class:  0 bytes
        Both:  0 bytes

CodeHeap 'non-profiled nmethods': size=232192Kb used=0Kb max_used=0Kb free=232192Kb
 bounds [0x00002ad03cd40000, 0x00002ad03cfb0000, 0x00002ad04b000000]
CodeHeap 'non-nmethods': size=13568Kb used=358Kb max_used=358Kb free=13209Kb
 bounds [0x00002ad03c000000, 0x00002ad03c270000, 0x00002ad03cd40000]
 total_blobs=153 nmethods=0 adapters=110
 compilation: enabled
              stopped_count=0, restarted_count=0
 full_count=0

Compilation events (0 events):
No events

GC Heap History (0 events):
No events

Deoptimization events (0 events):
No events

Classes redefined (0 events):
No events

Internal exceptions (0 events):
No events

Events (10 events):
Event: 0.065 loading class java/io/FileOutputStream
Event: 0.065 loading class java/io/OutputStream
Event: 0.065 loading class java/io/Flushable
Event: 0.065 loading class java/io/Flushable done
Event: 0.065 loading class java/io/OutputStream done
Event: 0.065 loading class java/io/FileOutputStream done
Event: 0.065 loading class java/io/BufferedInputStream
Event: 0.066 loading class java/io/FilterInputStream
Event: 0.066 loading class java/io/FilterInputStream done
Event: 0.066 loading class java/io/BufferedInputStream done


Dynamic libraries:
00400000-00401000 r-xp 00000000 fd:02 233300582                          /home/dcslab/cgmin/jdk12.0.1/build/linux-x86_64-server-release/jdk/bin/jmod
00601000-00602000 r--p 00001000 fd:02 233300582                          /home/dcslab/cgmin/jdk12.0.1/build/linux-x86_64-server-release/jdk/bin/jmod
00602000-00603000 rw-p 00002000 fd:02 233300582                          /home/dcslab/cgmin/jdk12.0.1/build/linux-x86_64-server-release/jdk/bin/jmod
01052000-01073000 rw-p 00000000 00:00 0                                  [heap]
e0000000-e0aa0000 rw-p 00000000 00:00 0 
e0aa0000-eaaa0000 ---p 00000000 00:00 0 
eaaa0000-ec000000 rw-p 00000000 00:00 0 
ec000000-100000000 ---p 00000000 00:00 0 
100000000-100060000 rw-p 00000000 00:00 0 
100060000-140000000 ---p 00000000 00:00 0 
2ad0325d8000-2ad0325fa000 r-xp 00000000 fd:00 67116101                   /usr/lib64/ld-2.17.so
2ad0325fa000-2ad0325fb000 rw-p 00000000 00:00 0 
2ad0325fb000-2ad0325fd000 ---p 00000000 00:00 0 
2ad0325fd000-2ad0325fe000 r--p 00000000 00:00 0 
2ad0325fe000-2ad032606000 rw-s 00000000 fd:00 67645922                   /tmp/hsperfdata_root/37842
2ad032606000-2ad032608000 rw-p 00000000 00:00 0 
2ad03260c000-2ad032611000 rw-p 00000000 00:00 0 
2ad032611000-2ad032615000 ---p 00000000 00:00 0 
2ad032615000-2ad032717000 rw-p 00000000 00:00 0 
2ad032717000-2ad03272d000 ---p 00000000 00:00 0 
2ad03272d000-2ad032738000 rw-p 00000000 00:00 0 
2ad032738000-2ad0327d8000 ---p 00000000 00:00 0 
2ad0327d8000-2ad0327f9000 rw-p 00000000 00:00 0 
2ad0327f9000-2ad0327fa000 r--p 00021000 fd:00 67116101                   /usr/lib64/ld-2.17.so
2ad0327fa000-2ad0327fb000 rw-p 00022000 fd:00 67116101                   /usr/lib64/ld-2.17.so
2ad0327fb000-2ad0327fc000 rw-p 00000000 00:00 0 
2ad0327fc000-2ad032811000 r-xp 00000000 fd:00 67116158                   /usr/lib64/libz.so.1.2.7
2ad032811000-2ad032a10000 ---p 00015000 fd:00 67116158                   /usr/lib64/libz.so.1.2.7
2ad032a10000-2ad032a11000 r--p 00014000 fd:00 67116158                   /usr/lib64/libz.so.1.2.7
2ad032a11000-2ad032a12000 rw-p 00015000 fd:00 67116158                   /usr/lib64/libz.so.1.2.7
2ad032a12000-2ad032a21000 r-xp 00000000 fd:02 233283259                  /home/dcslab/cgmin/jdk12.0.1/build/linux-x86_64-server-release/jdk/lib/libjli.so
2ad032a21000-2ad032c20000 ---p 0000f000 fd:02 233283259                  /home/dcslab/cgmin/jdk12.0.1/build/linux-x86_64-server-release/jdk/lib/libjli.so
2ad032c20000-2ad032c21000 r--p 0000e000 fd:02 233283259                  /home/dcslab/cgmin/jdk12.0.1/build/linux-x86_64-server-release/jdk/lib/libjli.so
2ad032c21000-2ad032c22000 rw-p 0000f000 fd:02 233283259                  /home/dcslab/cgmin/jdk12.0.1/build/linux-x86_64-server-release/jdk/lib/libjli.so
2ad032c22000-2ad032c39000 r-xp 00000000 fd:00 67527458                   /usr/lib64/libpthread-2.17.so
2ad032c39000-2ad032e38000 ---p 00017000 fd:00 67527458                   /usr/lib64/libpthread-2.17.so
2ad032e38000-2ad032e39000 r--p 00016000 fd:00 67527458                   /usr/lib64/libpthread-2.17.so
2ad032e39000-2ad032e3a000 rw-p 00017000 fd:00 67527458                   /usr/lib64/libpthread-2.17.so
2ad032e3a000-2ad032e3e000 rw-p 00000000 00:00 0 
2ad032e3e000-2ad032e40000 r-xp 00000000 fd:00 67412311                   /usr/lib64/libdl-2.17.so
2ad032e40000-2ad033040000 ---p 00002000 fd:00 67412311                   /usr/lib64/libdl-2.17.so
2ad033040000-2ad033041000 r--p 00002000 fd:00 67412311                   /usr/lib64/libdl-2.17.so
2ad033041000-2ad033042000 rw-p 00003000 fd:00 67412311                   /usr/lib64/libdl-2.17.so
2ad033042000-2ad033204000 r-xp 00000000 fd:00 67116114                   /usr/lib64/libc-2.17.so
2ad033204000-2ad033404000 ---p 001c2000 fd:00 67116114                   /usr/lib64/libc-2.17.so
2ad033404000-2ad033408000 r--p 001c2000 fd:00 67116114                   /usr/lib64/libc-2.17.so
2ad033408000-2ad03340a000 rw-p 001c6000 fd:00 67116114                   /usr/lib64/libc-2.17.so
2ad03340a000-2ad03340f000 rw-p 00000000 00:00 0 
2ad03340f000-2ad034654000 r-xp 00000000 fd:02 149929323                  /home/dcslab/cgmin/jdk12.0.1/build/linux-x86_64-server-release/jdk/lib/server/libjvm.so
2ad034654000-2ad034854000 ---p 01245000 fd:02 149929323                  /home/dcslab/cgmin/jdk12.0.1/build/linux-x86_64-server-release/jdk/lib/server/libjvm.so
2ad034854000-2ad034929000 r--p 01245000 fd:02 149929323                  /home/dcslab/cgmin/jdk12.0.1/build/linux-x86_64-server-release/jdk/lib/server/libjvm.so
2ad034929000-2ad034965000 rw-p 0131a000 fd:02 149929323                  /home/dcslab/cgmin/jdk12.0.1/build/linux-x86_64-server-release/jdk/lib/server/libjvm.so
2ad034965000-2ad0349eb000 rw-p 00000000 00:00 0 
2ad0349eb000-2ad034ad4000 r-xp 00000000 fd:00 67349699                   /usr/lib64/libstdc++.so.6.0.19
2ad034ad4000-2ad034cd3000 ---p 000e9000 fd:00 67349699                   /usr/lib64/libstdc++.so.6.0.19
2ad034cd3000-2ad034cdb000 r--p 000e8000 fd:00 67349699                   /usr/lib64/libstdc++.so.6.0.19
2ad034cdb000-2ad034cdd000 rw-p 000f0000 fd:00 67349699                   /usr/lib64/libstdc++.so.6.0.19
2ad034cdd000-2ad034cf2000 rw-p 00000000 00:00 0 
2ad034cf2000-2ad034df3000 r-xp 00000000 fd:00 67412312                   /usr/lib64/libm-2.17.so
2ad034df3000-2ad034ff2000 ---p 00101000 fd:00 67412312                   /usr/lib64/libm-2.17.so
2ad034ff2000-2ad034ff3000 r--p 00100000 fd:00 67412312                   /usr/lib64/libm-2.17.so
2ad034ff3000-2ad034ff4000 rw-p 00101000 fd:00 67412312                   /usr/lib64/libm-2.17.so
2ad034ff4000-2ad035009000 r-xp 00000000 fd:00 67349682                   /usr/lib64/libgcc_s-4.8.5-20150702.so.1
2ad035009000-2ad035208000 ---p 00015000 fd:00 67349682                   /usr/lib64/libgcc_s-4.8.5-20150702.so.1
2ad035208000-2ad035209000 r--p 00014000 fd:00 67349682                   /usr/lib64/libgcc_s-4.8.5-20150702.so.1
2ad035209000-2ad03520a000 rw-p 00015000 fd:00 67349682                   /usr/lib64/libgcc_s-4.8.5-20150702.so.1
2ad03520a000-2ad035217000 r-xp 00000000 fd:02 233283245                  /home/dcslab/cgmin/jdk12.0.1/build/linux-x86_64-server-release/jdk/lib/libverify.so
2ad035217000-2ad035416000 ---p 0000d000 fd:02 233283245                  /home/dcslab/cgmin/jdk12.0.1/build/linux-x86_64-server-release/jdk/lib/libverify.so
2ad035416000-2ad035418000 r--p 0000c000 fd:02 233283245                  /home/dcslab/cgmin/jdk12.0.1/build/linux-x86_64-server-release/jdk/lib/libverify.so
2ad035418000-2ad035419000 rw-p 0000e000 fd:02 233283245                  /home/dcslab/cgmin/jdk12.0.1/build/linux-x86_64-server-release/jdk/lib/libverify.so
2ad035419000-2ad035441000 r-xp 00000000 fd:02 233283260                  /home/dcslab/cgmin/jdk12.0.1/build/linux-x86_64-server-release/jdk/lib/libjava.so
2ad035441000-2ad035640000 ---p 00028000 fd:02 233283260                  /home/dcslab/cgmin/jdk12.0.1/build/linux-x86_64-server-release/jdk/lib/libjava.so
2ad035640000-2ad035641000 r--p 00027000 fd:02 233283260                  /home/dcslab/cgmin/jdk12.0.1/build/linux-x86_64-server-release/jdk/lib/libjava.so
2ad035641000-2ad035643000 rw-p 00028000 fd:02 233283260                  /home/dcslab/cgmin/jdk12.0.1/build/linux-x86_64-server-release/jdk/lib/libjava.so
2ad035643000-2ad03564f000 r-xp 00000000 fd:00 67527450                   /usr/lib64/libnss_files-2.17.so
2ad03564f000-2ad03584e000 ---p 0000c000 fd:00 67527450                   /usr/lib64/libnss_files-2.17.so
2ad03584e000-2ad03584f000 r--p 0000b000 fd:00 67527450                   /usr/lib64/libnss_files-2.17.so
2ad03584f000-2ad035850000 rw-p 0000c000 fd:00 67527450                   /usr/lib64/libnss_files-2.17.so
2ad035850000-2ad035856000 rw-p 00000000 00:00 0 
2ad035856000-2ad03585d000 r-xp 00000000 fd:02 233283271                  /home/dcslab/cgmin/jdk12.0.1/build/linux-x86_64-server-release/jdk/lib/libzip.so
2ad03585d000-2ad035a5c000 ---p 00007000 fd:02 233283271                  /home/dcslab/cgmin/jdk12.0.1/build/linux-x86_64-server-release/jdk/lib/libzip.so
2ad035a5c000-2ad035a5d000 r--p 00006000 fd:02 233283271                  /home/dcslab/cgmin/jdk12.0.1/build/linux-x86_64-server-release/jdk/lib/libzip.so
2ad035a5d000-2ad035a5e000 rw-p 00007000 fd:02 233283271                  /home/dcslab/cgmin/jdk12.0.1/build/linux-x86_64-server-release/jdk/lib/libzip.so
2ad035a5e000-2ad035a63000 r-xp 00000000 fd:02 233283273                  /home/dcslab/cgmin/jdk12.0.1/build/linux-x86_64-server-release/jdk/lib/libjimage.so
2ad035a63000-2ad035c63000 ---p 00005000 fd:02 233283273                  /home/dcslab/cgmin/jdk12.0.1/build/linux-x86_64-server-release/jdk/lib/libjimage.so
2ad035c63000-2ad035c64000 r--p 00005000 fd:02 233283273                  /home/dcslab/cgmin/jdk12.0.1/build/linux-x86_64-server-release/jdk/lib/libjimage.so
2ad035c64000-2ad035c65000 rw-p 00006000 fd:02 233283273                  /home/dcslab/cgmin/jdk12.0.1/build/linux-x86_64-server-release/jdk/lib/libjimage.so
2ad035c65000-2ad035c6a000 rw-p 00000000 00:00 0 
2ad035c6a000-2ad035e2b000 ---p 00000000 00:00 0 
2ad035e2b000-2ad035e31000 rw-p 00000000 00:00 0 
2ad035e31000-2ad035e80000 ---p 00000000 00:00 0 
2ad035e80000-2ad035e8b000 rw-p 00000000 00:00 0 
2ad035e8b000-2ad035f2b000 ---p 00000000 00:00 0 
2ad035f2b000-2ad03634d000 rw-p 00000000 00:00 0 
2ad03634d000-2ad03674d000 ---p 00000000 00:00 0 
2ad03674d000-2ad03686a000 rw-p 00000000 00:00 0 
2ad03686a000-2ad03686b000 ---p 00000000 00:00 0 
2ad03686b000-2ad03696c000 rw-p 00000000 00:00 0 
2ad03696c000-2ad036970000 ---p 00000000 00:00 0 
2ad036970000-2ad036a6d000 rw-p 00000000 00:00 0 
2ad036a6d000-2ad036a71000 ---p 00000000 00:00 0 
2ad036a71000-2ad036f64000 rw-p 00000000 00:00 0 
2ad038000000-2ad0380b9000 rw-p 00000000 00:00 0 
2ad0380b9000-2ad03c000000 ---p 00000000 00:00 0 
2ad03c000000-2ad03c270000 rwxp 00000000 00:00 0 
2ad03c270000-2ad03cd40000 ---p 00000000 00:00 0 
2ad03cd40000-2ad03cfb0000 rwxp 00000000 00:00 0 
2ad03cfb0000-2ad04b000000 ---p 00000000 00:00 0 
2ad04c000000-2ad04c021000 rw-p 00000000 00:00 0 
2ad04c021000-2ad050000000 ---p 00000000 00:00 0 
2ad050000000-2ad050021000 rw-p 00000000 00:00 0 
2ad050021000-2ad054000000 ---p 00000000 00:00 0 
2ad054000000-2ad054021000 rw-p 00000000 00:00 0 
2ad054021000-2ad058000000 ---p 00000000 00:00 0 
2ad058000000-2ad05e52a000 r--p 00000000 fd:00 1524467                    /usr/lib/locale/locale-archive
7ffef0694000-7ffef06b6000 rw-p 00000000 00:00 0                          [stack]
7ffef06d6000-7ffef06d9000 r--p 00000000 00:00 0                          [vvar]
7ffef06d9000-7ffef06db000 r-xp 00000000 00:00 0                          [vdso]
ffffffffff600000-ffffffffff601000 r-xp 00000000 00:00 0                  [vsyscall]


VM Arguments:
jvm_args: -Dapplication.home=/home/dcslab/cgmin/jdk12.0.1/build/linux-x86_64-server-release/jdk -Xms8m -XX:+UseSerialGC -Xms32M -Xmx512M -XX:TieredStopAtLevel=1 -Djdk.module.main=jdk.jlink 
java_command: jdk.jlink/jdk.tools.jmod.Main create --module-version 12.0.1-internal --target-platform linux-amd64 --module-path /home/dcslab/cgmin/jdk12.0.1/build/linux-x86_64-server-release/images/jmods --class-path /home/dcslab/cgmin/jdk12.0.1/build/linux-x86_64-server-release/jdk/modules/jdk.internal.vm.compiler.management --legal-notices /home/dcslab/cgmin/jdk12.0.1/build/linux-x86_64-server-release/support/modules_legal/common --exclude **{_the.*,_*.marker,*.diz,*.debuginfo,*.dSYM/**,*.dSYM,*.pdb,*.map} /home/dcslab/cgmin/jdk12.0.1/build/linux-x86_64-server-release/support/jmods/jdk.internal.vm.compiler.management.jmod
java_class_path (initial): <not set>
Launcher Type: SUN_STANDARD

[Global flags]
     intx CICompilerCount                          = 15                                        {product} {ergonomic}
   size_t InitialHeapSize                          = 33554432                                  {product} {command line}
   size_t MaxHeapSize                              = 536870912                                 {product} {command line}
   size_t MaxNewSize                               = 178913280                                 {product} {ergonomic}
   size_t MinHeapDeltaBytes                        = 196608                                    {product} {ergonomic}
   size_t NewSize                                  = 11141120                                  {product} {ergonomic}
    uintx NonNMethodCodeHeapSize                   = 13893620                               {pd product} {ergonomic}
    uintx NonProfiledCodeHeapSize                  = 237764620                              {pd product} {ergonomic}
   size_t OldSize                                  = 22413312                                  {product} {ergonomic}
    uintx ProfiledCodeHeapSize                     = 0                                      {pd product} {ergonomic}
    uintx ReservedCodeCacheSize                    = 251658240                              {pd product} {ergonomic}
     bool SegmentedCodeCache                       = true                                      {product} {ergonomic}
     intx TieredStopAtLevel                        = 1                                         {product} {command line}
     bool UseCompressedClassPointers               = true                                 {lp64_product} {ergonomic}
     bool UseCompressedOops                        = true                                 {lp64_product} {ergonomic}
     bool UseSerialGC                              = true                                      {product} {command line}

Logging:
Log output configuration:
 #0: stdout all=warning uptime,level,tags
 #1: stderr all=off uptime,level,tags

Environment Variables:
PATH=/sbin:/bin:/usr/sbin:/usr/bin
USERNAME=root
LD_LIBRARY_PATH=:/usr/local/lib
SHELL=/bin/bash

Signal Handlers:
SIGSEGV: [libjvm.so+0xefc270], sa_mask[0]=11111111011111111101111111111110, sa_flags=SA_RESTART|SA_SIGINFO
SIGBUS: [libjvm.so+0xefc270], sa_mask[0]=11111111011111111101111111111110, sa_flags=SA_RESTART|SA_SIGINFO
SIGFPE: [libjvm.so+0xefc270], sa_mask[0]=11111111011111111101111111111110, sa_flags=SA_RESTART|SA_SIGINFO
SIGPIPE: [libjvm.so+0xbf1640], sa_mask[0]=11111111011111111101111111111110, sa_flags=SA_RESTART|SA_SIGINFO
SIGXFSZ: [libjvm.so+0xbf1640], sa_mask[0]=11111111011111111101111111111110, sa_flags=SA_RESTART|SA_SIGINFO
SIGILL: [libjvm.so+0xefc270], sa_mask[0]=11111111011111111101111111111110, sa_flags=SA_RESTART|SA_SIGINFO
SIGUSR2: [libjvm.so+0xbf14e0], sa_mask[0]=00000000000000000000000000000000, sa_flags=SA_RESTART|SA_SIGINFO
SIGHUP: SIG_DFL, sa_mask[0]=00000000000000000000000000000000, sa_flags=none
SIGINT: SIG_DFL, sa_mask[0]=00000000000000000000000000000000, sa_flags=none
SIGTERM: SIG_DFL, sa_mask[0]=00000000000000000000000000000000, sa_flags=none
SIGQUIT: SIG_DFL, sa_mask[0]=00000000000000000000000000000000, sa_flags=none


---------------  S Y S T E M  ---------------

OS:CentOS Linux release 7.6.1810 (Core) 
uname:Linux 4.12.9RTFM0227+ #988 SMP Thu May 30 20:11:32 KST 2019 x86_64
libc:glibc 2.17 NPTL 2.17 
rlimit: STACK infinity, CORE 0k, NPROC 510968, NOFILE 4096, AS infinity, DATA infinity, FSIZE infinity
load average:23.62 15.95 9.39

/proc/meminfo:
MemTotal:       130865364 kB
MemFree:        119605812 kB
MemAvailable:   124415104 kB
Buffers:            2120 kB
Cached:          6036660 kB
SwapCached:            0 kB
Active:          6781584 kB
Inactive:        2520044 kB
Active(anon):    3582660 kB
Inactive(anon):   189424 kB
Active(file):    3198924 kB
Inactive(file):  2330620 kB
Unevictable:           0 kB
Mlocked:               0 kB
SwapTotal:             0 kB
SwapFree:              0 kB
Dirty:            273664 kB
Writeback:             0 kB
AnonPages:       3255424 kB
Mapped:           285332 kB
Shmem:            510156 kB
Slab:             795384 kB
SReclaimable:     461780 kB
SUnreclaim:       333604 kB
KernelStack:       20512 kB
PageTables:        35036 kB
NFS_Unstable:          0 kB
Bounce:                0 kB
WritebackTmp:          0 kB
CommitLimit:    65432680 kB
Committed_AS:    5060740 kB
VmallocTotal:   34359738367 kB
VmallocUsed:           0 kB
VmallocChunk:          0 kB
HardwareCorrupted:     0 kB
CmaTotal:              0 kB
CmaFree:               0 kB
HugePages_Total:       0
HugePages_Free:        0
HugePages_Rsvd:        0
HugePages_Surp:        0
Hugepagesize:       2048 kB
DirectMap4k:      822068 kB
DirectMap2M:     9547776 kB
DirectMap1G:    125829120 kB


/proc/sys/kernel/threads-max (system-wide limit on the number of threads):
1021936


/proc/sys/vm/max_map_count (maximum number of memory map areas a process may have):
65530


/proc/sys/kernel/pid_max (system-wide limit on number of process identifiers):
49152



container (cgroup) information:
container_type: cgroupv1
cpu_cpuset_cpus: 0-47
cpu_memory_nodes: 0
active_processor_count: 48
cpu_quota: -1
cpu_period: 100000
cpu_shares: -1
memory_limit_in_bytes: -1
memory_and_swap_limit_in_bytes: -1
memory_soft_limit_in_bytes: -1
memory_usage_in_bytes: 9524719616
memory_max_usage_in_bytes: 0


CPU:total 48 (initial active 48) (12 cores per cpu, 2 threads per core) family 6 model 79 stepping 1, cmov, cx8, fxsr, mmx, sse, sse2, sse3, ssse3, sse4.1, sse4.2, popcnt, avx, avx2, aes, clmul, erms, rtm, 3dnowpref, lzcnt, ht, tsc, tscinvbit, bmi1, bmi2, adx, fma
CPU Model and flags from /proc/cpuinfo:
model name	: Intel(R) Xeon(R) CPU E5-2650 v4 @ 2.20GHz
flags		: fpu vme de pse tsc msr pae mce cx8 apic sep mtrr pge mca cmov pat pse36 clflush dts acpi mmx fxsr sse sse2 ss ht tm pbe syscall nx pdpe1gb rdtscp lm constant_tsc arch_perfmon pebs bts rep_good nopl xtopology nonstop_tsc cpuid aperfmperf pni pclmulqdq dtes64 monitor ds_cpl vmx smx est tm2 ssse3 sdbg fma cx16 xtpr pdcm pcid dca sse4_1 sse4_2 x2apic movbe popcnt tsc_deadline_timer aes xsave avx f16c rdrand lahf_lm abm 3dnowprefetch cpuid_fault epb cat_l3 cdp_l3 intel_ppin intel_pt tpr_shadow vnmi flexpriority ept vpid fsgsbase tsc_adjust bmi1 hle avx2 smep bmi2 erms invpcid rtm cqm rdt_a rdseed adx smap xsaveopt cqm_llc cqm_occup_llc cqm_mbm_total cqm_mbm_local dtherm arat pln pts

Memory: 4k page, physical 130865364k(119616164k free), swap 0k(0k free)

vm_info: OpenJDK 64-Bit Server VM (12.0.1-internal+0-adhoc.root.jdk12.0.1) for linux-amd64 JRE (12.0.1-internal+0-adhoc.root.jdk12.0.1), built on Jul 18 2019 18:35:36 by "root" with gcc 4.8.5 20150623 (Red Hat 4.8.5-36)

END.
