#
# A fatal error has been detected by the Java Runtime Environment:
#
#  SIGSEGV (0xb) at pc=0x00002b3692a3ad03, pid=42794, tid=43603
#
# JRE version: OpenJDK Runtime Environment (12.0.1) (build 12.0.1-internal+0-adhoc.root.jdk12.0.1)
# Java VM: OpenJDK 64-Bit Server VM (12.0.1-internal+0-adhoc.root.jdk12.0.1, mixed mode, tiered, compressed oops, serial gc, linux-amd64)
# Problematic frame:
# V  [libjvm.so+0x69dd03]  DefNewGeneration::copy_to_survivor_space(oopDesc*)+0xb3
#
# No core dump will be written. Core dumps have been disabled. To enable core dumping, try "ulimit -c unlimited" before starting Java again
#
# If you would like to submit a bug report, please visit:
#   http://bugreport.java.com/bugreport/crash.jsp
#

---------------  S U M M A R Y ------------

Command Line: -Dapplication.home=/home/dcslab/cgmin/jdk12.0.1/build/linux-x86_64-server-release/jdk -Xms8m -XX:+UseSerialGC -Xms32M -Xmx512M -XX:TieredStopAtLevel=1 -Djdk.module.main=jdk.jlink jdk.jlink/jdk.tools.jmod.Main create --module-version 12.0.1-internal --target-platform linux-amd64 --module-path /home/dcslab/cgmin/jdk12.0.1/build/linux-x86_64-server-release/support/interim-jmods --libs /home/dcslab/cgmin/jdk12.0.1/build/linux-x86_64-server-release/support/modules_libs/java.base --cmds /home/dcslab/cgmin/jdk12.0.1/build/linux-x86_64-server-release/support/modules_cmds/java.base --config /home/dcslab/cgmin/jdk12.0.1/build/linux-x86_64-server-release/support/modules_conf/java.base --class-path /home/dcslab/cgmin/jdk12.0.1/build/linux-x86_64-server-release/jdk/modules/java.base --header-files /home/dcslab/cgmin/jdk12.0.1/build/linux-x86_64-server-release/support/modules_include/java.base --man-pages /home/dcslab/cgmin/jdk12.0.1/build/linux-x86_64-server-release/support/modules_man/java.base --legal-notices /home/dcslab/cgmin/jdk12.0.1/build/linux-x86_64-server-release/support/modules_legal/common:/home/dcslab/cgmin/jdk12.0.1/build/linux-x86_64-server-release/support/modules_legal/java.base --exclude **{_the.*,_*.marker,*.diz,*.debuginfo,*.dSYM/**,*.dSYM,*.pdb,*.map} /home/dcslab/cgmin/jdk12.0.1/build/linux-x86_64-server-release/support/interim-jmods/temp/java.base.jmod

Host: Intel(R) Xeon(R) CPU E5-2650 v4 @ 2.20GHz, 48 cores, 124G, CentOS Linux release 7.6.1810 (Core) 
Time: Thu Jul 18 18:46:28 2019 KST elapsed time: 1 seconds (0d 0h 0m 1s)

---------------  T H R E A D  ---------------

Current thread (0x00002b369808d000):  VMThread "VM Thread" [stack: 0x00002b36957fa000,0x00002b36958fa000] [id=43603]

Stack: [0x00002b36957fa000,0x00002b36958fa000],  sp=0x00002b36958f69c0,  free space=1010k
Native frames: (J=compiled Java code, A=aot compiled Java code, j=interpreted, Vv=VM code, C=native code)
V  [libjvm.so+0x69dd03]  DefNewGeneration::copy_to_survivor_space(oopDesc*)+0xb3
V  [libjvm.so+0x572260]  FastScanClosure::do_oop(oopDesc**)+0x30
V  [libjvm.so+0xbb40ce]  nmethod::oops_do(OopClosure*, bool)+0x1ae
V  [libjvm.so+0x87ca95]  MarkingCodeBlobClosure::do_code_blob(CodeBlob*)+0x35
V  [libjvm.so+0xe87226]  JavaThread::oops_do(OopClosure*, CodeBlobClosure*)+0x166
V  [libjvm.so+0xe8d523]  Threads::possibly_parallel_threads_do(bool, ThreadClosure*)+0x63
V  [libjvm.so+0xe8dd68]  Threads::possibly_parallel_oops_do(bool, OopClosure*, CodeBlobClosure*)+0x28
V  [libjvm.so+0x7e7f7d]  GenCollectedHeap::young_process_roots(StrongRootsScope*, OopsInGenClosure*, OopsInGenClosure*, CLDClosure*, OopStorage::ParState<false, false>*)+0x6d
V  [libjvm.so+0x69e849]  DefNewGeneration::collect(bool, bool, unsigned long, bool)+0x449
V  [libjvm.so+0x7e8fd2]  GenCollectedHeap::collect_generation(Generation*, bool, unsigned long, bool, bool, bool, bool)+0x2b2
V  [libjvm.so+0x7e9787]  GenCollectedHeap::do_collection(bool, bool, unsigned long, bool, GenCollectedHeap::GenerationType)+0x247
V  [libjvm.so+0x7ea09c]  GenCollectedHeap::satisfy_failed_allocation(unsigned long, bool)+0x9c
V  [libjvm.so+0x7de1f2]  VM_GenCollectForAllocation::doit()+0x82
V  [libjvm.so+0xefcca0]  VM_Operation::evaluate()+0xe0
V  [libjvm.so+0xf024a0]  VMThread::evaluate_operation(VM_Operation*)+0x110
V  [libjvm.so+0xf028e5]  VMThread::loop()+0x255
V  [libjvm.so+0xf02d9d]  VMThread::run()+0x6d
V  [libjvm.so+0xe8fb81]  Thread::call_run()+0x171
V  [libjvm.so+0xbfac08]  thread_native_entry(Thread*)+0xf8

JavaThread 0x00002b3698010800 (nid = 42810) was being processed
Java frames: (J=compiled Java code, j=interpreted, Vv=VM code)
v  ~RuntimeStub::new_type_array Runtime1 stub
J 184 c1 sun.nio.fs.UnixPath.getName(I)Lsun/nio/fs/UnixPath; java.base (106 bytes) @ 0x00002b369cd768a2 [0x00002b369cd76520+0x0000000000000382]
J 798 c1 sun.nio.fs.UnixPath.relativize(Ljava/nio/file/Path;)Lsun/nio/fs/UnixPath; java.base (408 bytes) @ 0x00002b369ce4497c [0x00002b369ce44620+0x000000000000035c]
J 818 c1 sun.nio.fs.UnixPath.relativize(Ljava/nio/file/Path;)Ljava/nio/file/Path; java.base (6 bytes) @ 0x00002b369ce4c7f4 [0x00002b369ce4c7c0+0x0000000000000034]
J 822 c1 jdk.tools.jmod.JmodTask$JmodFileWriter$$Lambda$37.apply(Ljava/lang/Object;)Ljava/lang/Object; jdk.jlink (14 bytes) @ 0x00002b369ce4dbc4 [0x00002b369ce4db40+0x0000000000000084]
J 772 c1 java.util.stream.ReferencePipeline$3$1.accept(Ljava/lang/Object;)V java.base (23 bytes) @ 0x00002b369ce38b2c [0x00002b369ce38ae0+0x000000000000004c]
J 772 c1 java.util.stream.ReferencePipeline$3$1.accept(Ljava/lang/Object;)V java.base (23 bytes) @ 0x00002b369ce38b44 [0x00002b369ce38ae0+0x0000000000000064]
J 441 c1 java.util.stream.ReferencePipeline$2$1.accept(Ljava/lang/Object;)V java.base (27 bytes) @ 0x00002b369cdd255c [0x00002b369cdd24e0+0x000000000000007c]
j  java.util.Iterator.forEachRemaining(Ljava/util/function/Consumer;)V+21 java.base
j  java.util.Spliterators$IteratorSpliterator.forEachRemaining(Ljava/util/function/Consumer;)V+52 java.base
J 471 c1 java.util.stream.AbstractPipeline.copyInto(Ljava/util/stream/Sink;Ljava/util/Spliterator;)V java.base (54 bytes) @ 0x00002b369cdda2e4 [0x00002b369cdda220+0x00000000000000c4]
J 469 c1 java.util.stream.AbstractPipeline.wrapAndCopyInto(Ljava/util/stream/Sink;Ljava/util/Spliterator;)Ljava/util/stream/Sink; java.base (18 bytes) @ 0x00002b369cdd9994 [0x00002b369cdd98e0+0x00000000000000b4]
j  java.util.stream.ReduceOps$ReduceOp.evaluateSequential(Ljava/util/stream/PipelineHelper;Ljava/util/Spliterator;)Ljava/lang/Object;+6 java.base
J 452 c1 java.util.stream.AbstractPipeline.evaluate(Ljava/util/stream/TerminalOp;)Ljava/lang/Object; java.base (94 bytes) @ 0x00002b369cdd788c [0x00002b369cdd77a0+0x00000000000000ec]
j  java.util.stream.ReferencePipeline.collect(Ljava/util/stream/Collector;)Ljava/lang/Object;+86 java.base
j  jdk.tools.jmod.JmodTask$JmodFileWriter.findPackages(Ljava/nio/file/Path;)Ljava/util/Set;+71 jdk.jlink
j  jdk.tools.jmod.JmodTask$JmodFileWriter.findPackages(Ljava/util/List;)Ljava/util/Set;+51 jdk.jlink
j  jdk.tools.jmod.JmodTask$JmodFileWriter.write(Ljdk/tools/jmod/JmodOutputStream;)V+7 jdk.jlink
j  jdk.tools.jmod.JmodTask.create()Z+31 jdk.jlink
j  jdk.tools.jmod.JmodTask.run([Ljava/lang/String;)I+137 jdk.jlink
j  jdk.tools.jmod.Main.main([Ljava/lang/String;)V+10 jdk.jlink
v  ~StubRoutines::call_stub

siginfo: si_signo: 11 (SIGSEGV), si_code: 1 (SEGV_MAPERR), si_addr: 0x0000000000000008

Register to memory mapping:

RAX=0x0000000000000001 is an unknown value
RBX=0x00000000e0054330 is pointing into object: sun.nio.fs.UnixPath 
{0x00000000e0054320} - klass: 'sun/nio/fs/UnixPath'
RCX=0x0000000000000003 is an unknown value
RDX=0x00002b36938d94e0: <offset 0x000000000153c4e0> in /home/dcslab/cgmin/jdk12.0.1/build/linux-x86_64-server-release/jdk/lib/server/libjvm.so at 0x00002b369239d000
RSP=0x00002b36958f69c0 points into unknown readable memory: 60 6a 8f 95 36 2b 00 00
RBP=0x00002b36958f69e0 points into unknown readable memory: 00 6a 8f 95 36 2b 00 00
RSI=0x00000000e0054330 is pointing into object: sun.nio.fs.UnixPath 
{0x00000000e0054320} - klass: 'sun/nio/fs/UnixPath'
RDI=0x0 is NULL
R8 =0x00000000e0880040 is an oop: sun.nio.fs.UnixPath 
{0x00000000e0880040} - klass: 'sun/nio/fs/UnixPath'
R9 =0x00002b36958f6a38 points into unknown readable memory: a0 40 28 c4 36 2b 00 00
R10=0x00002b369ce4462b is at entry_point+11 in (nmethod*)0x00002b369ce44290
R11=0x00002b369ce44610 is at entry_point+-16 in (nmethod*)0x00002b369ce44290
R12=0x00002b3698021c20 points into unknown readable memory: 70 8d 89 93 36 2b 00 00
R13=0x00002b36958f6a80 points into unknown readable memory: d0 cf 8a 93 36 2b 00 00
R14=0x00002b369ce44290 is at entry_point+-912 in (nmethod*)0x00002b369ce44290
R15=0x00002b369290f230: <offset 0x0000000000572230> in /home/dcslab/cgmin/jdk12.0.1/build/linux-x86_64-server-release/jdk/lib/server/libjvm.so at 0x00002b369239d000


Registers:
RAX=0x0000000000000001, RBX=0x00000000e0054330, RCX=0x0000000000000003, RDX=0x00002b36938d94e0
RSP=0x00002b36958f69c0, RBP=0x00002b36958f69e0, RSI=0x00000000e0054330, RDI=0x0000000000000000
R8 =0x00000000e0880040, R9 =0x00002b36958f6a38, R10=0x00002b369ce4462b, R11=0x00002b369ce44610
R12=0x00002b3698021c20, R13=0x00002b36958f6a80, R14=0x00002b369ce44290, R15=0x00002b369290f230
RIP=0x00002b3692a3ad03, EFLAGS=0x0000000000010246, CSGSFS=0x002b000000000033, ERR=0x0000000000000004
  TRAPNO=0x000000000000000e

Top of Stack: (sp=0x00002b36958f69c0)
0x00002b36958f69c0:   00002b36958f6a60 00002b36958f7fc0
0x00002b36958f69d0:   00002b369ce44d1e 00002b36958f6a80
0x00002b36958f69e0:   00002b36958f6a00 00002b369290f260
0x00002b36958f69f0:   00002b36958f7fc0 00002b36958f6a10 

Instructions: (pc=0x00002b3692a3ad03)
0x00002b3692a3ace3:   89 c0 48 83 c4 08 5b 41 5c 41 5d 5d c3 48 8d 15
0x00002b3692a3acf3:   e9 e7 e9 00 8b 7e 08 8b 4a 08 48 d3 e7 48 03 3a
0x00002b3692a3ad03:   8b 4f 08 83 f9 00 0f 8f 72 ff ff ff 0f 85 ab 01
0x00002b3692a3ad13:   00 00 0f 1f 00 48 8b 07 48 89 de ff 90 08 01 00 

Stack slot to memory mapping:
stack at sp + 0 slots: 0x00002b36958f6a60 points into unknown readable memory: 00 56 e4 9c 36 2b 00 00
stack at sp + 1 slots: 0x00002b36958f7fc0 points into unknown readable memory: d0 f9 87 93 36 2b 00 00
stack at sp + 2 slots: 0x00002b369ce44d1e is at entry_point+1790 in (nmethod*)0x00002b369ce44290
stack at sp + 3 slots: 0x00002b36958f6a80 points into unknown readable memory: d0 cf 8a 93 36 2b 00 00
stack at sp + 4 slots: 0x00002b36958f6a00 points into unknown readable memory: e0 6a 8f 95 36 2b 00 00
stack at sp + 5 slots: 0x00002b369290f260: <offset 0x0000000000572260> in /home/dcslab/cgmin/jdk12.0.1/build/linux-x86_64-server-release/jdk/lib/server/libjvm.so at 0x00002b369239d000
stack at sp + 6 slots: 0x00002b36958f7fc0 points into unknown readable memory: d0 f9 87 93 36 2b 00 00
stack at sp + 7 slots: 0x00002b36958f6a10 points into unknown readable memory: 00 00 00 00 00 00 00 00

VM_Operation (0x00002b369169da40): GenCollectForAllocation, mode: safepoint, requested by thread 0x00002b3698010800


---------------  P R O C E S S  ---------------

Threads class SMR info:
_java_thread_list=0x00002b36981d4a80, length=8, elements={
0x00002b3698010800, 0x00002b3698099000, 0x00002b369809c800, 0x00002b36980b5000,
0x00002b36980b7000, 0x00002b36980b9800, 0x00002b36980f5000, 0x00002b36981d3000
}

Java Threads: ( => current thread )
  0x00002b3698010800 JavaThread "main" [_thread_blocked, id=42810, stack(0x00002b369159f000,0x00002b36916a0000)]
  0x00002b3698099000 JavaThread "Reference Handler" daemon [_thread_blocked, id=43626, stack(0x00002b36958fa000,0x00002b36959fb000)]
  0x00002b369809c800 JavaThread "Finalizer" daemon [_thread_blocked, id=43633, stack(0x00002b36959fb000,0x00002b3695afc000)]
  0x00002b36980b5000 JavaThread "Signal Dispatcher" daemon [_thread_blocked, id=43678, stack(0x00002b3695afc000,0x00002b3695bfd000)]
  0x00002b36980b7000 JavaThread "C1 CompilerThread0" daemon [_thread_blocked, id=43680, stack(0x00002b3695bfd000,0x00002b3695cfe000)]
  0x00002b36980b9800 JavaThread "Sweeper thread" daemon [_thread_blocked, id=43681, stack(0x00002b3695cfe000,0x00002b3695dff000)]
  0x00002b36980f5000 JavaThread "Common-Cleaner" daemon [_thread_blocked, id=43708, stack(0x00002b369625a000,0x00002b369635b000)]
  0x00002b36981d3000 JavaThread "Service Thread" daemon [_thread_blocked, id=43755, stack(0x00002b369635b000,0x00002b369645c000)]

Other Threads:
=>0x00002b369808d000 VMThread "VM Thread" [stack: 0x00002b36957fa000,0x00002b36958fa000] [id=43603]
  0x00002b36981d5800 WatcherThread [stack: 0x00002b369645e000,0x00002b369655e000] [id=43756]

Threads with active compile tasks:

VM state:at safepoint (normal execution)

VM Mutex/Monitor currently owned by a thread:  ([mutex/lock_event])
[0x00002b369800d5f0] Threads_lock - owner thread: 0x00002b369808d000
[0x00002b369800ddd0] Heap_lock - owner thread: 0x00002b3698010800

Heap address: 0x00000000e0000000, size: 512 MB, Compressed Oops mode: 32-bit
Narrow klass base: 0x0000000000000000, Narrow klass shift: 3
Compressed class space size: 1073741824 Address: 0x0000000100000000

Heap:
 def new generation   total 9792K, used 9791K [0x00000000e0000000, 0x00000000e0aa0000, 0x00000000eaaa0000)
  eden space 8704K,  99% used [0x00000000e0000000, 0x00000000e087fff0, 0x00000000e0880000)
  from space 1088K,  99% used [0x00000000e0990000, 0x00000000e0a9fff8, 0x00000000e0aa0000)
  to   space 1088K,   0% used [0x00000000e0880000, 0x00000000e0880060, 0x00000000e0990000)
 tenured generation   total 21888K, used 180K [0x00000000eaaa0000, 0x00000000ec000000, 0x0000000100000000)
   the space 21888K,   0% used [0x00000000eaaa0000, 0x00000000eaacd068, 0x00000000eaacd200, 0x00000000ec000000)
 Metaspace       used 7304K, capacity 7458K, committed 7808K, reserved 1056768K
  class space    used 723K, capacity 805K, committed 896K, reserved 1048576K

Card table byte_map: [0x00002b3694db9000,0x00002b3694eba000] _byte_map_base: 0x00002b36946b9000

Polling page: 0x00002b369158a000

Metaspace:

Usage:
  Non-class:      6.50 MB capacity,     6.43 MB ( 99%) used,    58.66 KB ( <1%) free+waste,    13.25 KB ( <1%) overhead. 
      Class:    805.00 KB capacity,   723.21 KB ( 90%) used,    73.35 KB (  9%) free+waste,     8.44 KB (  1%) overhead. 
       Both:      7.28 MB capacity,     7.13 MB ( 98%) used,   132.01 KB (  2%) free+waste,    21.69 KB ( <1%) overhead. 

Virtual space:
  Non-class space:        8.00 MB reserved,       6.75 MB ( 84%) committed 
      Class space:        1.00 GB reserved,     896.00 KB ( <1%) committed 
             Both:        1.01 GB reserved,       7.62 MB ( <1%) committed 

Chunk freelists:
   Non-Class:  2.88 KB
       Class:  0 bytes
        Both:  2.88 KB

CodeHeap 'non-profiled nmethods': size=232192Kb used=1119Kb max_used=1119Kb free=231072Kb
 bounds [0x00002b369cd40000, 0x00002b369cfb0000, 0x00002b36ab000000]
CodeHeap 'non-nmethods': size=13568Kb used=1039Kb max_used=1039Kb free=12528Kb
 bounds [0x00002b369c000000, 0x00002b369c270000, 0x00002b369cd40000]
 total_blobs=1182 nmethods=832 adapters=264
 compilation: enabled
              stopped_count=0, restarted_count=0
 full_count=0

Compilation events (10 events):
Event: 1.041 Thread 0x00002b36980b7000  748       1       jdk.internal.org.objectweb.asm.Handler::putExceptionTable (63 bytes)
Event: 1.041 Thread 0x00002b36980b7000 nmethod 748 0x00002b369ce55c10 code [0x00002b369ce55e00, 0x00002b369ce56048]
Event: 1.041 Thread 0x00002b36980b7000  740       1       jdk.internal.org.objectweb.asm.MethodVisitor::<init> (7 bytes)
Event: 1.041 Thread 0x00002b36980b7000 nmethod 740 0x00002b369ce56290 code [0x00002b369ce56440, 0x00002b369ce56588]
Event: 1.041 Thread 0x00002b36980b7000  753       1       sun.invoke.util.VerifyAccess::isSamePackage (32 bytes)
Event: 1.042 Thread 0x00002b36980b7000 nmethod 753 0x00002b369ce56610 code [0x00002b369ce56840, 0x00002b369ce56d28]
Event: 1.042 Thread 0x00002b36980b7000  752       1       jdk.internal.org.objectweb.asm.MethodWriter::visitTypeInsn (116 bytes)
Event: 1.043 Thread 0x00002b36980b7000 nmethod 752 0x00002b369ce57090 code [0x00002b369ce57260, 0x00002b369ce57488]
Event: 1.043 Thread 0x00002b36980b7000  751       1       java.lang.Integer::getChars (131 bytes)
Event: 1.043 Thread 0x00002b36980b7000 nmethod 751 0x00002b369ce57610 code [0x00002b369ce577e0, 0x00002b369ce57ad0]

GC Heap History (3 events):
Event: 1.019 GC heap before
{Heap before GC invocations=0 (full 0):
 def new generation   total 9792K, used 8703K [0x00000000e0000000, 0x00000000e0aa0000, 0x00000000eaaa0000)
  eden space 8704K,  99% used [0x00000000e0000000, 0x00000000e087ffe0, 0x00000000e0880000)
  from space 1088K,   0% used [0x00000000e0880000, 0x00000000e0880000, 0x00000000e0990000)
  to   space 1088K,   0% used [0x00000000e0990000, 0x00000000e0990000, 0x00000000e0aa0000)
 tenured generation   total 21888K, used 0K [0x00000000eaaa0000, 0x00000000ec000000, 0x0000000100000000)
   the space 21888K,   0% used [0x00000000eaaa0000, 0x00000000eaaa0000, 0x00000000eaaa0200, 0x00000000ec000000)
 Metaspace       used 7297K, capacity 7457K, committed 7808K, reserved 1056768K
  class space    used 723K, capacity 805K, committed 896K, reserved 1048576K
}
Event: 1.023 GC heap after
{Heap after GC invocations=1 (full 0):
 def new generation   total 9792K, used 1087K [0x00000000e0000000, 0x00000000e0aa0000, 0x00000000eaaa0000)
  eden space 8704K,   0% used [0x00000000e0000000, 0x00000000e0000000, 0x00000000e0880000)
  from space 1088K,  99% used [0x00000000e0990000, 0x00000000e0a9fff8, 0x00000000e0aa0000)
  to   space 1088K,   0% used [0x00000000e0880000, 0x00000000e0880000, 0x00000000e0990000)
 tenured generation   total 21888K, used 10K [0x00000000eaaa0000, 0x00000000ec000000, 0x0000000100000000)
   the space 21888K,   0% used [0x00000000eaaa0000, 0x00000000eaaa2908, 0x00000000eaaa2a00, 0x00000000ec000000)
 Metaspace       used 7297K, capacity 7457K, committed 7808K, reserved 1056768K
  class space    used 723K, capacity 805K, committed 896K, reserved 1048576K
}
Event: 1.103 GC heap before
{Heap before GC invocations=1 (full 0):
 def new generation   total 9792K, used 9791K [0x00000000e0000000, 0x00000000e0aa0000, 0x00000000eaaa0000)
  eden space 8704K,  99% used [0x00000000e0000000, 0x00000000e087fff0, 0x00000000e0880000)
  from space 1088K,  99% used [0x00000000e0990000, 0x00000000e0a9fff8, 0x00000000e0aa0000)
  to   space 1088K,   0% used [0x00000000e0880000, 0x00000000e0880000, 0x00000000e0990000)
 tenured generation   total 21888K, used 10K [0x00000000eaaa0000, 0x00000000ec000000, 0x0000000100000000)
   the space 21888K,   0% used [0x00000000eaaa0000, 0x00000000eaaa2908, 0x00000000eaaa2a00, 0x00000000ec000000)
 Metaspace       used 7304K, capacity 7458K, committed 7808K, reserved 1056768K
  class space    used 723K, capacity 805K, committed 896K, reserved 1048576K
}

Deoptimization events (0 events):
No events

Classes redefined (0 events):
No events

Internal exceptions (10 events):
Event: 0.976 Thread 0x00002b3698010800 Exception <a 'java/lang/NoSuchMethodError'{0x00000000e06f3f30}: java.lang.invoke.DirectMethodHandle$Holder.invokeStatic(Ljava/lang/Object;Ljava/lang/Object;Ljava/lang/Object;Ljava/lang/Object;Ljava/lang/Object;Ljava/lang/Object;Ljava/lang/Object;Ljava/lan
Event: 0.979 Thread 0x00002b3698010800 Exception <a 'java/lang/NoSuchMethodError'{0x00000000e0711dd0}: java.lang.invoke.DirectMethodHandle$Holder.getLong(Ljava/lang/Object;Ljava/lang/Object;)J> (0x00000000e0711dd0) thrown at [/home/dcslab/cgmin/jdk12.0.1/src/hotspot/share/interpreter/linkResol
Event: 0.984 Thread 0x00002b3698010800 Exception <a 'java/lang/NoSuchMethodError'{0x00000000e0733c18}: java.lang.invoke.DirectMethodHandle$Holder.invokeStatic(Ljava/lang/Object;I)I> (0x00000000e0733c18) thrown at [/home/dcslab/cgmin/jdk12.0.1/src/hotspot/share/interpreter/linkResolver.cpp, lin
Event: 0.987 Thread 0x00002b3698010800 Exception <a 'java/lang/NoSuchMethodError'{0x00000000e0740e08}: java.lang.invoke.DirectMethodHandle$Holder.invokeSpecialIFC(Ljava/lang/Object;Ljava/lang/Object;I)I> (0x00000000e0740e08) thrown at [/home/dcslab/cgmin/jdk12.0.1/src/hotspot/share/interpreter
Event: 0.987 Thread 0x00002b3698010800 Exception <a 'java/lang/NoSuchMethodError'{0x00000000e07464f0}: java.lang.invoke.DirectMethodHandle$Holder.invokeStatic(Ljava/lang/Object;II)I> (0x00000000e07464f0) thrown at [/home/dcslab/cgmin/jdk12.0.1/src/hotspot/share/interpreter/linkResolver.cpp, li
Event: 0.988 Thread 0x00002b3698010800 Exception <a 'java/lang/NoSuchMethodError'{0x00000000e074b680}: java.lang.invoke.DirectMethodHandle$Holder.invokeStatic(Ljava/lang/Object;I)Ljava/lang/Object;> (0x00000000e074b680) thrown at [/home/dcslab/cgmin/jdk12.0.1/src/hotspot/share/interpreter/link
Event: 0.988 Thread 0x00002b3698010800 Exception <a 'java/lang/NoSuchMethodError'{0x00000000e0751138}: java.lang.invoke.Invokers$Holder.linkToTargetMethod(ILjava/lang/Object;)Ljava/lang/Object;> (0x00000000e0751138) thrown at [/home/dcslab/cgmin/jdk12.0.1/src/hotspot/share/interpreter/linkReso
Event: 0.995 Thread 0x00002b3698010800 Exception <a 'java/lang/NoSuchMethodError'{0x00000000e07772a0}: java.lang.invoke.DirectMethodHandle$Holder.invokeStatic(Ljava/lang/Object;Ljava/lang/Object;Ljava/lang/Object;Ljava/lang/Object;Ljava/lang/Object;Ljava/lang/Object;Ljava/lang/Object;Ljava/lan
Event: 1.004 Thread 0x00002b3698010800 Exception <a 'java/lang/NoSuchMethodError'{0x00000000e07bbc90}: java.lang.invoke.DirectMethodHandle$Holder.invokeInterface(Ljava/lang/Object;Ljava/lang/Object;Ljava/lang/Object;)Ljava/lang/Object;> (0x00000000e07bbc90) thrown at [/home/dcslab/cgmin/jdk12.
Event: 1.004 Thread 0x00002b3698010800 Exception <a 'java/lang/NoSuchMethodError'{0x00000000e07c14f8}: java.lang.invoke.DirectMethodHandle$Holder.invokeSpecial(Ljava/lang/Object;Ljava/lang/Object;Ljava/lang/Object;)I> (0x00000000e07c14f8) thrown at [/home/dcslab/cgmin/jdk12.0.1/src/hotspot/sha

Events (10 events):
Event: 1.006 loading class java/util/stream/ReferencePipeline$StatefulOp
Event: 1.006 loading class java/util/stream/ReferencePipeline$StatefulOp done
Event: 1.006 loading class java/util/stream/DistinctOps$1 done
Event: 1.006 Executing VM operation: Deoptimize
Event: 1.006 Executing VM operation: Deoptimize done
Event: 1.006 loading class java/util/stream/DistinctOps$1$2
Event: 1.006 loading class java/util/stream/DistinctOps$1$2 done
Event: 1.019 Executing VM operation: GenCollectForAllocation
Event: 1.023 Executing VM operation: GenCollectForAllocation done
Event: 1.103 Executing VM operation: GenCollectForAllocation


Dynamic libraries:
00400000-00401000 r-xp 00000000 fd:02 233300582                          /home/dcslab/cgmin/jdk12.0.1/build/linux-x86_64-server-release/jdk/bin/jmod
00601000-00602000 r--p 00001000 fd:02 233300582                          /home/dcslab/cgmin/jdk12.0.1/build/linux-x86_64-server-release/jdk/bin/jmod
00602000-00603000 rw-p 00002000 fd:02 233300582                          /home/dcslab/cgmin/jdk12.0.1/build/linux-x86_64-server-release/jdk/bin/jmod
00f88000-00fa9000 rw-p 00000000 00:00 0                                  [heap]
e0000000-e0aa0000 rw-p 00000000 00:00 0 
e0aa0000-eaaa0000 ---p 00000000 00:00 0 
eaaa0000-ec000000 rw-p 00000000 00:00 0 
ec000000-100000000 ---p 00000000 00:00 0 
100000000-1000e0000 rw-p 00000000 00:00 0 
1000e0000-140000000 ---p 00000000 00:00 0 
2b3691566000-2b3691588000 r-xp 00000000 fd:00 67116101                   /usr/lib64/ld-2.17.so
2b3691588000-2b3691589000 rw-p 00000000 00:00 0 
2b3691589000-2b369158b000 ---p 00000000 00:00 0 
2b369158b000-2b369158c000 r--p 00000000 00:00 0 
2b369158c000-2b3691594000 rw-s 00000000 fd:00 67645914                   /tmp/hsperfdata_root/42794
2b3691594000-2b3691596000 rw-p 00000000 00:00 0 
2b369159a000-2b369159f000 rw-p 00000000 00:00 0 
2b369159f000-2b36915a3000 ---p 00000000 00:00 0 
2b36915a3000-2b36916a5000 rw-p 00000000 00:00 0 
2b36916a5000-2b36916bb000 ---p 00000000 00:00 0 
2b36916bb000-2b36916c6000 rw-p 00000000 00:00 0 
2b36916c6000-2b3691766000 ---p 00000000 00:00 0 
2b3691766000-2b3691787000 rw-p 00000000 00:00 0 
2b3691787000-2b3691788000 r--p 00021000 fd:00 67116101                   /usr/lib64/ld-2.17.so
2b3691788000-2b3691789000 rw-p 00022000 fd:00 67116101                   /usr/lib64/ld-2.17.so
2b3691789000-2b369178a000 rw-p 00000000 00:00 0 
2b369178a000-2b369179f000 r-xp 00000000 fd:00 67116158                   /usr/lib64/libz.so.1.2.7
2b369179f000-2b369199e000 ---p 00015000 fd:00 67116158                   /usr/lib64/libz.so.1.2.7
2b369199e000-2b369199f000 r--p 00014000 fd:00 67116158                   /usr/lib64/libz.so.1.2.7
2b369199f000-2b36919a0000 rw-p 00015000 fd:00 67116158                   /usr/lib64/libz.so.1.2.7
2b36919a0000-2b36919af000 r-xp 00000000 fd:02 233283259                  /home/dcslab/cgmin/jdk12.0.1/build/linux-x86_64-server-release/jdk/lib/libjli.so
2b36919af000-2b3691bae000 ---p 0000f000 fd:02 233283259                  /home/dcslab/cgmin/jdk12.0.1/build/linux-x86_64-server-release/jdk/lib/libjli.so
2b3691bae000-2b3691baf000 r--p 0000e000 fd:02 233283259                  /home/dcslab/cgmin/jdk12.0.1/build/linux-x86_64-server-release/jdk/lib/libjli.so
2b3691baf000-2b3691bb0000 rw-p 0000f000 fd:02 233283259                  /home/dcslab/cgmin/jdk12.0.1/build/linux-x86_64-server-release/jdk/lib/libjli.so
2b3691bb0000-2b3691bc7000 r-xp 00000000 fd:00 67527458                   /usr/lib64/libpthread-2.17.so
2b3691bc7000-2b3691dc6000 ---p 00017000 fd:00 67527458                   /usr/lib64/libpthread-2.17.so
2b3691dc6000-2b3691dc7000 r--p 00016000 fd:00 67527458                   /usr/lib64/libpthread-2.17.so
2b3691dc7000-2b3691dc8000 rw-p 00017000 fd:00 67527458                   /usr/lib64/libpthread-2.17.so
2b3691dc8000-2b3691dcc000 rw-p 00000000 00:00 0 
2b3691dcc000-2b3691dce000 r-xp 00000000 fd:00 67412311                   /usr/lib64/libdl-2.17.so
2b3691dce000-2b3691fce000 ---p 00002000 fd:00 67412311                   /usr/lib64/libdl-2.17.so
2b3691fce000-2b3691fcf000 r--p 00002000 fd:00 67412311                   /usr/lib64/libdl-2.17.so
2b3691fcf000-2b3691fd0000 rw-p 00003000 fd:00 67412311                   /usr/lib64/libdl-2.17.so
2b3691fd0000-2b3692192000 r-xp 00000000 fd:00 67116114                   /usr/lib64/libc-2.17.so
2b3692192000-2b3692392000 ---p 001c2000 fd:00 67116114                   /usr/lib64/libc-2.17.so
2b3692392000-2b3692396000 r--p 001c2000 fd:00 67116114                   /usr/lib64/libc-2.17.so
2b3692396000-2b3692398000 rw-p 001c6000 fd:00 67116114                   /usr/lib64/libc-2.17.so
2b3692398000-2b369239d000 rw-p 00000000 00:00 0 
2b369239d000-2b36935e2000 r-xp 00000000 fd:02 149929323                  /home/dcslab/cgmin/jdk12.0.1/build/linux-x86_64-server-release/jdk/lib/server/libjvm.so
2b36935e2000-2b36937e2000 ---p 01245000 fd:02 149929323                  /home/dcslab/cgmin/jdk12.0.1/build/linux-x86_64-server-release/jdk/lib/server/libjvm.so
2b36937e2000-2b36938b7000 r--p 01245000 fd:02 149929323                  /home/dcslab/cgmin/jdk12.0.1/build/linux-x86_64-server-release/jdk/lib/server/libjvm.so
2b36938b7000-2b36938f3000 rw-p 0131a000 fd:02 149929323                  /home/dcslab/cgmin/jdk12.0.1/build/linux-x86_64-server-release/jdk/lib/server/libjvm.so
2b36938f3000-2b3693979000 rw-p 00000000 00:00 0 
2b3693979000-2b3693a62000 r-xp 00000000 fd:00 67349699                   /usr/lib64/libstdc++.so.6.0.19
2b3693a62000-2b3693c61000 ---p 000e9000 fd:00 67349699                   /usr/lib64/libstdc++.so.6.0.19
2b3693c61000-2b3693c69000 r--p 000e8000 fd:00 67349699                   /usr/lib64/libstdc++.so.6.0.19
2b3693c69000-2b3693c6b000 rw-p 000f0000 fd:00 67349699                   /usr/lib64/libstdc++.so.6.0.19
2b3693c6b000-2b3693c80000 rw-p 00000000 00:00 0 
2b3693c80000-2b3693d81000 r-xp 00000000 fd:00 67412312                   /usr/lib64/libm-2.17.so
2b3693d81000-2b3693f80000 ---p 00101000 fd:00 67412312                   /usr/lib64/libm-2.17.so
2b3693f80000-2b3693f81000 r--p 00100000 fd:00 67412312                   /usr/lib64/libm-2.17.so
2b3693f81000-2b3693f82000 rw-p 00101000 fd:00 67412312                   /usr/lib64/libm-2.17.so
2b3693f82000-2b3693f97000 r-xp 00000000 fd:00 67349682                   /usr/lib64/libgcc_s-4.8.5-20150702.so.1
2b3693f97000-2b3694196000 ---p 00015000 fd:00 67349682                   /usr/lib64/libgcc_s-4.8.5-20150702.so.1
2b3694196000-2b3694197000 r--p 00014000 fd:00 67349682                   /usr/lib64/libgcc_s-4.8.5-20150702.so.1
2b3694197000-2b3694198000 rw-p 00015000 fd:00 67349682                   /usr/lib64/libgcc_s-4.8.5-20150702.so.1
2b3694198000-2b36941a5000 r-xp 00000000 fd:02 233283245                  /home/dcslab/cgmin/jdk12.0.1/build/linux-x86_64-server-release/jdk/lib/libverify.so
2b36941a5000-2b36943a4000 ---p 0000d000 fd:02 233283245                  /home/dcslab/cgmin/jdk12.0.1/build/linux-x86_64-server-release/jdk/lib/libverify.so
2b36943a4000-2b36943a6000 r--p 0000c000 fd:02 233283245                  /home/dcslab/cgmin/jdk12.0.1/build/linux-x86_64-server-release/jdk/lib/libverify.so
2b36943a6000-2b36943a7000 rw-p 0000e000 fd:02 233283245                  /home/dcslab/cgmin/jdk12.0.1/build/linux-x86_64-server-release/jdk/lib/libverify.so
2b36943a7000-2b36943cf000 r-xp 00000000 fd:02 233283260                  /home/dcslab/cgmin/jdk12.0.1/build/linux-x86_64-server-release/jdk/lib/libjava.so
2b36943cf000-2b36945ce000 ---p 00028000 fd:02 233283260                  /home/dcslab/cgmin/jdk12.0.1/build/linux-x86_64-server-release/jdk/lib/libjava.so
2b36945ce000-2b36945cf000 r--p 00027000 fd:02 233283260                  /home/dcslab/cgmin/jdk12.0.1/build/linux-x86_64-server-release/jdk/lib/libjava.so
2b36945cf000-2b36945d1000 rw-p 00028000 fd:02 233283260                  /home/dcslab/cgmin/jdk12.0.1/build/linux-x86_64-server-release/jdk/lib/libjava.so
2b36945d1000-2b36945dd000 r-xp 00000000 fd:00 67527450                   /usr/lib64/libnss_files-2.17.so
2b36945dd000-2b36947dc000 ---p 0000c000 fd:00 67527450                   /usr/lib64/libnss_files-2.17.so
2b36947dc000-2b36947dd000 r--p 0000b000 fd:00 67527450                   /usr/lib64/libnss_files-2.17.so
2b36947dd000-2b36947de000 rw-p 0000c000 fd:00 67527450                   /usr/lib64/libnss_files-2.17.so
2b36947de000-2b36947e4000 rw-p 00000000 00:00 0 
2b36947e4000-2b36947eb000 r-xp 00000000 fd:02 233283271                  /home/dcslab/cgmin/jdk12.0.1/build/linux-x86_64-server-release/jdk/lib/libzip.so
2b36947eb000-2b36949ea000 ---p 00007000 fd:02 233283271                  /home/dcslab/cgmin/jdk12.0.1/build/linux-x86_64-server-release/jdk/lib/libzip.so
2b36949ea000-2b36949eb000 r--p 00006000 fd:02 233283271                  /home/dcslab/cgmin/jdk12.0.1/build/linux-x86_64-server-release/jdk/lib/libzip.so
2b36949eb000-2b36949ec000 rw-p 00007000 fd:02 233283271                  /home/dcslab/cgmin/jdk12.0.1/build/linux-x86_64-server-release/jdk/lib/libzip.so
2b36949ec000-2b36949f1000 r-xp 00000000 fd:02 233283273                  /home/dcslab/cgmin/jdk12.0.1/build/linux-x86_64-server-release/jdk/lib/libjimage.so
2b36949f1000-2b3694bf1000 ---p 00005000 fd:02 233283273                  /home/dcslab/cgmin/jdk12.0.1/build/linux-x86_64-server-release/jdk/lib/libjimage.so
2b3694bf1000-2b3694bf2000 r--p 00005000 fd:02 233283273                  /home/dcslab/cgmin/jdk12.0.1/build/linux-x86_64-server-release/jdk/lib/libjimage.so
2b3694bf2000-2b3694bf3000 rw-p 00006000 fd:02 233283273                  /home/dcslab/cgmin/jdk12.0.1/build/linux-x86_64-server-release/jdk/lib/libjimage.so
2b3694bf3000-2b3694bf8000 rw-p 00000000 00:00 0 
2b3694bf8000-2b3694db9000 ---p 00000000 00:00 0 
2b3694db9000-2b3694dbf000 rw-p 00000000 00:00 0 
2b3694dbf000-2b3694e0e000 ---p 00000000 00:00 0 
2b3694e0e000-2b3694e19000 rw-p 00000000 00:00 0 
2b3694e19000-2b3694eb9000 ---p 00000000 00:00 0 
2b3694eb9000-2b369559b000 rw-p 00000000 00:00 0 
2b369559b000-2b36956db000 ---p 00000000 00:00 0 
2b36956db000-2b36957f8000 rw-p 00000000 00:00 0 
2b36957f8000-2b36957f9000 ---p 00000000 00:00 0 
2b36957f9000-2b36958fa000 rw-p 00000000 00:00 0 
2b36958fa000-2b36958fe000 ---p 00000000 00:00 0 
2b36958fe000-2b36959fb000 rw-p 00000000 00:00 0 
2b36959fb000-2b36959ff000 ---p 00000000 00:00 0 
2b36959ff000-2b3695afc000 rw-p 00000000 00:00 0 
2b3695afc000-2b3695b00000 ---p 00000000 00:00 0 
2b3695b00000-2b3695bfd000 rw-p 00000000 00:00 0 
2b3695bfd000-2b3695c01000 ---p 00000000 00:00 0 
2b3695c01000-2b3695cfe000 rw-p 00000000 00:00 0 
2b3695cfe000-2b3695d02000 ---p 00000000 00:00 0 
2b3695d02000-2b3695dff000 rw-p 00000000 00:00 0 
2b3695dff000-2b3695e10000 r-xp 00000000 fd:02 233283281                  /home/dcslab/cgmin/jdk12.0.1/build/linux-x86_64-server-release/jdk/lib/libnio.so
2b3695e10000-2b369600f000 ---p 00011000 fd:02 233283281                  /home/dcslab/cgmin/jdk12.0.1/build/linux-x86_64-server-release/jdk/lib/libnio.so
2b369600f000-2b3696010000 r--p 00010000 fd:02 233283281                  /home/dcslab/cgmin/jdk12.0.1/build/linux-x86_64-server-release/jdk/lib/libnio.so
2b3696010000-2b3696011000 rw-p 00011000 fd:02 233283281                  /home/dcslab/cgmin/jdk12.0.1/build/linux-x86_64-server-release/jdk/lib/libnio.so
2b3696011000-2b3696028000 r-xp 00000000 fd:02 233283275                  /home/dcslab/cgmin/jdk12.0.1/build/linux-x86_64-server-release/jdk/lib/libnet.so
2b3696028000-2b3696227000 ---p 00017000 fd:02 233283275                  /home/dcslab/cgmin/jdk12.0.1/build/linux-x86_64-server-release/jdk/lib/libnet.so
2b3696227000-2b3696228000 r--p 00016000 fd:02 233283275                  /home/dcslab/cgmin/jdk12.0.1/build/linux-x86_64-server-release/jdk/lib/libnet.so
2b3696228000-2b3696229000 rw-p 00017000 fd:02 233283275                  /home/dcslab/cgmin/jdk12.0.1/build/linux-x86_64-server-release/jdk/lib/libnet.so
2b3696229000-2b369625a000 rw-p 00000000 00:00 0 
2b369625a000-2b369625e000 ---p 00000000 00:00 0 
2b369625e000-2b369635b000 rw-p 00000000 00:00 0 
2b369635b000-2b369635f000 ---p 00000000 00:00 0 
2b369635f000-2b369645c000 rw-p 00000000 00:00 0 
2b369645c000-2b369645d000 ---p 00000000 00:00 0 
2b369645d000-2b3696954000 rw-p 00000000 00:00 0 
2b3698000000-2b369829c000 rw-p 00000000 00:00 0 
2b369829c000-2b369c000000 ---p 00000000 00:00 0 
2b369c000000-2b369c270000 rwxp 00000000 00:00 0 
2b369c270000-2b369cd40000 ---p 00000000 00:00 0 
2b369cd40000-2b369cfb0000 rwxp 00000000 00:00 0 
2b369cfb0000-2b36ab000000 ---p 00000000 00:00 0 
2b36ac000000-2b36ac021000 rw-p 00000000 00:00 0 
2b36ac021000-2b36b0000000 ---p 00000000 00:00 0 
2b36b0000000-2b36b0021000 rw-p 00000000 00:00 0 
2b36b0021000-2b36b4000000 ---p 00000000 00:00 0 
2b36b4000000-2b36b4021000 rw-p 00000000 00:00 0 
2b36b4021000-2b36b8000000 ---p 00000000 00:00 0 
2b36b8000000-2b36be52a000 r--p 00000000 fd:00 1524467                    /usr/lib/locale/locale-archive
2b36c0000000-2b36c0021000 rw-p 00000000 00:00 0 
2b36c0021000-2b36c4000000 ---p 00000000 00:00 0 
2b36c4000000-2b36c4287000 rw-p 00000000 00:00 0 
2b36c4287000-2b36c8000000 ---p 00000000 00:00 0 
2b36c8000000-2b36c8021000 rw-p 00000000 00:00 0 
2b36c8021000-2b36cc000000 ---p 00000000 00:00 0 
2b36cc000000-2b36cc021000 rw-p 00000000 00:00 0 
2b36cc021000-2b36d0000000 ---p 00000000 00:00 0 
2b36d0000000-2b36d0021000 rw-p 00000000 00:00 0 
2b36d0021000-2b36d4000000 ---p 00000000 00:00 0 
2b36d4000000-2b36d4021000 rw-p 00000000 00:00 0 
2b36d4021000-2b36d8000000 ---p 00000000 00:00 0 
7ffe08d19000-7ffe08d3b000 rw-p 00000000 00:00 0                          [stack]
7ffe08d8e000-7ffe08d91000 r--p 00000000 00:00 0                          [vvar]
7ffe08d91000-7ffe08d93000 r-xp 00000000 00:00 0                          [vdso]
ffffffffff600000-ffffffffff601000 r-xp 00000000 00:00 0                  [vsyscall]


VM Arguments:
jvm_args: -Dapplication.home=/home/dcslab/cgmin/jdk12.0.1/build/linux-x86_64-server-release/jdk -Xms8m -XX:+UseSerialGC -Xms32M -Xmx512M -XX:TieredStopAtLevel=1 -Djdk.module.main=jdk.jlink 
java_command: jdk.jlink/jdk.tools.jmod.Main create --module-version 12.0.1-internal --target-platform linux-amd64 --module-path /home/dcslab/cgmin/jdk12.0.1/build/linux-x86_64-server-release/support/interim-jmods --libs /home/dcslab/cgmin/jdk12.0.1/build/linux-x86_64-server-release/support/modules_libs/java.base --cmds /home/dcslab/cgmin/jdk12.0.1/build/linux-x86_64-server-release/support/modules_cmds/java.base --config /home/dcslab/cgmin/jdk12.0.1/build/linux-x86_64-server-release/support/modules_conf/java.base --class-path /home/dcslab/cgmin/jdk12.0.1/build/linux-x86_64-server-release/jdk/modules/java.base --header-files /home/dcslab/cgmin/jdk12.0.1/build/linux-x86_64-server-release/support/modules_include/java.base --man-pages /home/dcslab/cgmin/jdk12.0.1/build/linux-x86_64-server-release/support/modules_man/java.base --legal-notices /home/dcslab/cgmin/jdk12.0.1/build/linux-x86_64-server-release/support/modules_legal/common:/home/dcslab/cgmin/jdk12.0.1/build/linux-x86_64-server-release/support/modules_legal/java.base --exclude **{_the.*,_*.marker,*.diz,*.debuginfo,*.dSYM/**,*.dSYM,*.pdb,*.map} /home/dcslab/cgmin/jdk12.0.1/build/linux-x86_64-server-release/support/interim-jmods/temp/java.base.jmod
java_class_path (initial): <not set>
Launcher Type: SUN_STANDARD

[Global flags]
     intx CICompilerCount                          = 15                                        {product} {ergonomic}
   size_t InitialHeapSize                          = 33554432                                  {product} {command line}
   size_t MaxHeapSize                              = 536870912                                 {product} {command line}
   size_t MaxNewSize                               = 178913280                                 {product} {ergonomic}
   size_t MinHeapDeltaBytes                        = 196608                                    {product} {ergonomic}
   size_t NewSize                                  = 11141120                                  {product} {ergonomic}
    uintx NonNMethodCodeHeapSize                   = 13893620                               {pd product} {ergonomic}
    uintx NonProfiledCodeHeapSize                  = 237764620                              {pd product} {ergonomic}
   size_t OldSize                                  = 22413312                                  {product} {ergonomic}
    uintx ProfiledCodeHeapSize                     = 0                                      {pd product} {ergonomic}
    uintx ReservedCodeCacheSize                    = 251658240                              {pd product} {ergonomic}
     bool SegmentedCodeCache                       = true                                      {product} {ergonomic}
     intx TieredStopAtLevel                        = 1                                         {product} {command line}
     bool UseCompressedClassPointers               = true                                 {lp64_product} {ergonomic}
     bool UseCompressedOops                        = true                                 {lp64_product} {ergonomic}
     bool UseSerialGC                              = true                                      {product} {command line}

Logging:
Log output configuration:
 #0: stdout all=warning uptime,level,tags
 #1: stderr all=off uptime,level,tags

Environment Variables:
PATH=/sbin:/bin:/usr/sbin:/usr/bin
USERNAME=root
LD_LIBRARY_PATH=:/usr/local/lib
SHELL=/bin/bash

Signal Handlers:
SIGSEGV: [libjvm.so+0xefc070], sa_mask[0]=11111111011111111101111111111110, sa_flags=SA_RESTART|SA_SIGINFO
SIGBUS: [libjvm.so+0xefc070], sa_mask[0]=11111111011111111101111111111110, sa_flags=SA_RESTART|SA_SIGINFO
SIGFPE: [libjvm.so+0xefc070], sa_mask[0]=11111111011111111101111111111110, sa_flags=SA_RESTART|SA_SIGINFO
SIGPIPE: [libjvm.so+0xbf1440], sa_mask[0]=11111111011111111101111111111110, sa_flags=SA_RESTART|SA_SIGINFO
SIGXFSZ: [libjvm.so+0xbf1440], sa_mask[0]=11111111011111111101111111111110, sa_flags=SA_RESTART|SA_SIGINFO
SIGILL: [libjvm.so+0xefc070], sa_mask[0]=11111111011111111101111111111110, sa_flags=SA_RESTART|SA_SIGINFO
SIGUSR2: [libjvm.so+0xbf12e0], sa_mask[0]=00000000000000000000000000000000, sa_flags=SA_RESTART|SA_SIGINFO
SIGHUP: [libjvm.so+0xbf1490], sa_mask[0]=11111111011111111101111111111110, sa_flags=SA_RESTART|SA_SIGINFO
SIGINT: [libjvm.so+0xbf1490], sa_mask[0]=11111111011111111101111111111110, sa_flags=SA_RESTART|SA_SIGINFO
SIGTERM: [libjvm.so+0xbf1490], sa_mask[0]=11111111011111111101111111111110, sa_flags=SA_RESTART|SA_SIGINFO
SIGQUIT: [libjvm.so+0xbf1490], sa_mask[0]=11111111011111111101111111111110, sa_flags=SA_RESTART|SA_SIGINFO


---------------  S Y S T E M  ---------------

OS:CentOS Linux release 7.6.1810 (Core) 
uname:Linux 4.12.9RTFM0227+ #988 SMP Thu May 30 20:11:32 KST 2019 x86_64
libc:glibc 2.17 NPTL 2.17 
rlimit: STACK infinity, CORE 0k, NPROC 510968, NOFILE 4096, AS infinity, DATA infinity, FSIZE infinity
load average:0.77 2.52 5.10

/proc/meminfo:
MemTotal:       130865364 kB
MemFree:        121904604 kB
MemAvailable:   126749528 kB
Buffers:            2120 kB
Cached:          6072808 kB
SwapCached:            0 kB
Active:          4671884 kB
Inactive:        2328480 kB
Active(anon):    1246964 kB
Inactive(anon):   189428 kB
Active(file):    3424920 kB
Inactive(file):  2139052 kB
Unevictable:           0 kB
Mlocked:               0 kB
SwapTotal:             0 kB
SwapFree:              0 kB
Dirty:            393280 kB
Writeback:        117256 kB
AnonPages:        927556 kB
Mapped:           278864 kB
Shmem:            510160 kB
Slab:             813104 kB
SReclaimable:     462984 kB
SUnreclaim:       350120 kB
KernelStack:       19232 kB
PageTables:        27564 kB
NFS_Unstable:          0 kB
Bounce:                0 kB
WritebackTmp:          0 kB
CommitLimit:    65432680 kB
Committed_AS:    3341448 kB
VmallocTotal:   34359738367 kB
VmallocUsed:           0 kB
VmallocChunk:          0 kB
HardwareCorrupted:     0 kB
CmaTotal:              0 kB
CmaFree:               0 kB
HugePages_Total:       0
HugePages_Free:        0
HugePages_Rsvd:        0
HugePages_Surp:        0
Hugepagesize:       2048 kB
DirectMap4k:      826164 kB
DirectMap2M:     9543680 kB
DirectMap1G:    125829120 kB


/proc/sys/kernel/threads-max (system-wide limit on the number of threads):
1021936


/proc/sys/vm/max_map_count (maximum number of memory map areas a process may have):
65530


/proc/sys/kernel/pid_max (system-wide limit on number of process identifiers):
49152



container (cgroup) information:
container_type: cgroupv1
cpu_cpuset_cpus: 0-47
cpu_memory_nodes: 0
active_processor_count: 48
cpu_quota: -1
cpu_period: 100000
cpu_shares: -1
memory_limit_in_bytes: -1
memory_and_swap_limit_in_bytes: -1
memory_soft_limit_in_bytes: -1
memory_usage_in_bytes: 7184211968
memory_max_usage_in_bytes: 0


CPU:total 48 (initial active 48) (12 cores per cpu, 2 threads per core) family 6 model 79 stepping 1, cmov, cx8, fxsr, mmx, sse, sse2, sse3, ssse3, sse4.1, sse4.2, popcnt, avx, avx2, aes, clmul, erms, rtm, 3dnowpref, lzcnt, ht, tsc, tscinvbit, bmi1, bmi2, adx, fma
CPU Model and flags from /proc/cpuinfo:
model name	: Intel(R) Xeon(R) CPU E5-2650 v4 @ 2.20GHz
flags		: fpu vme de pse tsc msr pae mce cx8 apic sep mtrr pge mca cmov pat pse36 clflush dts acpi mmx fxsr sse sse2 ss ht tm pbe syscall nx pdpe1gb rdtscp lm constant_tsc arch_perfmon pebs bts rep_good nopl xtopology nonstop_tsc cpuid aperfmperf pni pclmulqdq dtes64 monitor ds_cpl vmx smx est tm2 ssse3 sdbg fma cx16 xtpr pdcm pcid dca sse4_1 sse4_2 x2apic movbe popcnt tsc_deadline_timer aes xsave avx f16c rdrand lahf_lm abm 3dnowprefetch cpuid_fault epb cat_l3 cdp_l3 intel_ppin intel_pt tpr_shadow vnmi flexpriority ept vpid fsgsbase tsc_adjust bmi1 hle avx2 smep bmi2 erms invpcid rtm cqm rdt_a rdseed adx smap xsaveopt cqm_llc cqm_occup_llc cqm_mbm_total cqm_mbm_local dtherm arat pln pts

Memory: 4k page, physical 130865364k(121904604k free), swap 0k(0k free)

vm_info: OpenJDK 64-Bit Server VM (12.0.1-internal+0-adhoc.root.jdk12.0.1) for linux-amd64 JRE (12.0.1-internal+0-adhoc.root.jdk12.0.1), built on Jul 18 2019 18:46:09 by "root" with gcc 4.8.5 20150623 (Red Hat 4.8.5-36)

END.
