#
# A fatal error has been detected by the Java Runtime Environment:
#
#  SIGSEGV (0xb) at pc=0x00001477cd308057, pid=12931, tid=12932
#
# JRE version:  (12.0.1) (build )
# Java VM: OpenJDK 64-Bit Server VM (12.0.1-internal+0-adhoc.root.jdk12.0.1, mixed mode, tiered, compressed oops, g1 gc, linux-amd64)
# Problematic frame:
# V  [libjvm.so+0xbdb057]  oopDesc::print()+0x37
#
# No core dump will be written. Core dumps have been disabled. To enable core dumping, try "ulimit -c unlimited" before starting Java again
#
# If you would like to submit a bug report, please visit:
#   http://bugreport.java.com/bugreport/crash.jsp
#

---------------  S U M M A R Y ------------

Command Line: -XX:DumpLoadedClassList=/home/dcslab/cgmin/jdk12.0.1/build/linux-x86_64-server-release/support/link_opt/classlist.raw -Djava.lang.invoke.MethodHandle.TRACE_RESOLVE=true build.tools.classlist.HelloClasslist

Host: Intel(R) Xeon(R) CPU E5-2650 v4 @ 2.20GHz, 48 cores, 125G, CentOS Linux release 7.6.1810 (Core) 
Time: Thu Aug  1 15:11:10 2019 KST elapsed time: 0 seconds (0d 0h 0m 0s)

---------------  T H R E A D  ---------------

Current thread (0x00001477c4010800):  JavaThread "main" [_thread_in_vm, id=12932, stack(0x00001477cea25000,0x00001477ceb26000)]

Stack: [0x00001477cea25000,0x00001477ceb26000],  sp=0x00001477ceb24500,  free space=1021k
Native frames: (J=compiled Java code, A=aot compiled Java code, j=interpreted, Vv=VM code, C=native code)
V  [libjvm.so+0xbdb057]  oopDesc::print()+0x37
V  [libjvm.so+0x7709a1]  G1CollectedHeap::attempt_allocation(unsigned long, unsigned long, unsigned long*)+0x151
V  [libjvm.so+0x76c405]  G1CollectedHeap::mem_allocate(unsigned long, bool*)+0x25
V  [libjvm.so+0xb401b2]  MemAllocator::mem_allocate(MemAllocator::Allocation&) const+0x22
V  [libjvm.so+0xb408c2]  MemAllocator::allocate() const+0x62
V  [libjvm.so+0x6154c4]  CollectedHeap::array_allocate(Klass*, int, int, bool, Thread*)+0x44
V  [libjvm.so+0x8722e8]  InterpreterRuntime::newarray(JavaThread*, BasicType, int)+0x28
j  java.io.BufferedInputStream.<init>(Ljava/io/InputStream;I)V+26 java.base
j  java.io.BufferedInputStream.<init>(Ljava/io/InputStream;)V+5 java.base
j  java.lang.System.initPhase1()V+72 java.base
v  ~StubRoutines::call_stub
V  [libjvm.so+0x881dc3]  JavaCalls::call_helper(JavaValue*, methodHandle const&, JavaCallArguments*, Thread*)+0x3a3
V  [libjvm.so+0x880d18]  JavaCalls::call_static(JavaValue*, Klass*, Symbol*, Symbol*, Thread*)+0x198
V  [libjvm.so+0xe90ee5]  Threads::initialize_java_lang_classes(JavaThread*, Thread*)+0x2c5
V  [libjvm.so+0xe9206f]  Threads::create_vm(JavaVMInitArgs*, bool*)+0x6ef
V  [libjvm.so+0x908dc8]  JNI_CreateJavaVM+0x58
C  [libjli.so+0x4814]  JavaMain+0x84

Java frames: (J=compiled Java code, j=interpreted, Vv=VM code)
j  java.io.BufferedInputStream.<init>(Ljava/io/InputStream;I)V+26 java.base
j  java.io.BufferedInputStream.<init>(Ljava/io/InputStream;)V+5 java.base
j  java.lang.System.initPhase1()V+72 java.base
v  ~StubRoutines::call_stub

siginfo: si_signo: 11 (SIGSEGV), si_code: 1 (SEGV_MAPERR), si_addr: 0x0000000000000008

Register to memory mapping:

RAX=0x00001477cdc694e0: <offset 0x000000000153c4e0> in /home/dcslab/cgmin/jdk12.0.1/build/linux-x86_64-server-release/support/interim-image/lib/server/libjvm.so at 0x00001477cc72d000
RBX=0x0000000000000402 is an unknown value
RCX=0x000000000000000e is an unknown value
RDX=0x00001477c40008c0 points into unknown readable memory: 30 ae c3 cd 77 14 00 00
RSP=0x00001477ceb24500 is pointing into the stack for thread: 0x00001477c4010800
RBP=0x00001477ceb24500 is pointing into the stack for thread: 0x00001477c4010800
RSI=0x0 is NULL
RDI=0x0 is NULL
R8 =0x0 is NULL
R9 =0x00001477cdd5614d: _IO_vfprintf+0x0000000000004ccd in /lib64/libc.so.6 at 0x00001477cdd09000
R10=0x00001477c443bed0 points into unknown readable memory: 00 00 40 82 00 00 00 00
R11=0x0 is NULL
R12=0x00001477ceb24590 is pointing into the stack for thread: 0x00001477c4010800
R13=0x00001477c401f1e0 points into unknown readable memory: 50 bc c2 cd 77 14 00 00
R14=0x0000000000000402 is an unknown value
R15=0x0 is NULL


Registers:
RAX=0x00001477cdc694e0, RBX=0x0000000000000402, RCX=0x000000000000000e, RDX=0x00001477c40008c0
RSP=0x00001477ceb24500, RBP=0x00001477ceb24500, RSI=0x0000000000000000, RDI=0x0000000000000000
R8 =0x0000000000000000, R9 =0x00001477cdd5614d, R10=0x00001477c443bed0, R11=0x0000000000000000
R12=0x00001477ceb24590, R13=0x00001477c401f1e0, R14=0x0000000000000402, R15=0x0000000000000000
RIP=0x00001477cd308057, EFLAGS=0x0000000000010202, CSGSFS=0x002b000000000033, ERR=0x0000000000000004
  TRAPNO=0x000000000000000e

Top of Stack: (sp=0x00001477ceb24500)
0x00001477ceb24500:   00001477ceb24580 00001477cce9d9a1
0x00001477ceb24510:   00001477ceb245e0 0000000000000003
0x00001477ceb24520:   0000147757998470 00000000000000b4
0x00001477ceb24530:   00001477ceb24670 00001477ccfa87aa 

Instructions: (pc=0x00001477cd308057)
0x00001477cd308037:   00 80 38 00 75 13 48 8b 7f 08 5d 48 8b 07 48 8b
0x00001477cd308047:   80 40 01 00 00 ff e0 66 90 48 8d 05 89 14 96 00
0x00001477cd308057:   8b 7f 08 5d 8b 48 08 48 d3 e7 48 03 38 48 8b 07
0x00001477cd308067:   48 8b 80 40 01 00 00 ff e0 55 48 8d 05 c8 8e 9c 

Stack slot to memory mapping:
stack at sp + 0 slots: 0x00001477ceb24580 is pointing into the stack for thread: 0x00001477c4010800
stack at sp + 1 slots: 0x00001477cce9d9a1: <offset 0x00000000007709a1> in /home/dcslab/cgmin/jdk12.0.1/build/linux-x86_64-server-release/support/interim-image/lib/server/libjvm.so at 0x00001477cc72d000
stack at sp + 2 slots: 0x00001477ceb245e0 is pointing into the stack for thread: 0x00001477c4010800
stack at sp + 3 slots: 0x0000000000000003 is an unknown value
stack at sp + 4 slots: 0x0000147757998470 is pointing into metadata
stack at sp + 5 slots: 0x00000000000000b4 is an unknown value
stack at sp + 6 slots: 0x00001477ceb24670 is pointing into the stack for thread: 0x00001477c4010800
stack at sp + 7 slots: 0x00001477ccfa87aa: <offset 0x000000000087b7aa> in /home/dcslab/cgmin/jdk12.0.1/build/linux-x86_64-server-release/support/interim-image/lib/server/libjvm.so at 0x00001477cc72d000


---------------  P R O C E S S  ---------------

Threads class SMR info:
_java_thread_list=0x00001477c44c45a0, length=3, elements={
0x00001477c4010800, 0x00001477c44bf000, 0x00001477c44c2800
}

Java Threads: ( => current thread )
=>0x00001477c4010800 JavaThread "main" [_thread_in_vm, id=12932, stack(0x00001477cea25000,0x00001477ceb26000)]
  0x00001477c44bf000 JavaThread "Reference Handler" daemon [_thread_blocked, id=12939, stack(0x000014775c4e2000,0x000014775c5e3000)]
  0x00001477c44c2800 JavaThread "Finalizer" daemon [_thread_blocked, id=12940, stack(0x000014775c3e1000,0x000014775c4e2000)]

Other Threads:
  0x00001477c44b2800 VMThread "VM Thread" [stack: 0x000014775c5e5000,0x000014775c6e5000] [id=12938]
  0x00001477c407c800 GCTaskThread "GC Thread#0" [stack: 0x000014776ccab000,0x000014776cdab000] [id=12933]
  0x00001477c40ac000 ConcurrentGCThread "G1 Main Marker" [stack: 0x000014776cba9000,0x000014776cca9000] [id=12934]
  0x00001477c40ae000 ConcurrentGCThread "G1 Conc#0" [stack: 0x000014776caa7000,0x000014776cba7000] [id=12935]
  0x00001477c4438800 ConcurrentGCThread "G1 Refine#0" [stack: 0x000014775c7e9000,0x000014775c8e9000] [id=12936]
  0x00001477c443a000 ConcurrentGCThread "G1 Young RemSet Sampling" [stack: 0x000014775c6e7000,0x000014775c7e7000] [id=12937]

Threads with active compile tasks:

VM state:not at safepoint (normal execution)

VM Mutex/Monitor currently owned by a thread: None

Heap address: 0x0000000082000000, size: 30688 MB, Compressed Oops mode: Zero based, Oop shift amount: 3
Narrow klass base: 0x0000000800000000, Narrow klass shift: 0
Compressed class space size: 1073741824 Address: 0x0000000800000000

Heap:
 garbage-first heap   total 2056192K, used 0K [0x0000000082000000, 0x0000000800000000)
  region size 4096K, 1 young (4096K), 0 survivors (0K)
 Metaspace       used 1782K, capacity 4480K, committed 4480K, reserved 1056768K
  class space    used 140K, capacity 384K, committed 384K, reserved 1048576K
Heap Regions: E=young(eden), S=young(survivor), O=old, HS=humongous(starts), HC=humongous(continues), CS=collection set, F=free, A=archive, TAMS=top-at-mark-start (previous, next)
|   0|0x0000000082000000, 0x0000000082000000, 0x0000000082400000|  0%| F|  |TAMS 0x0000000082000000, 0x0000000082000000| Untracked 
|   1|0x0000000082400000, 0x0000000082400000, 0x0000000082800000|  0%| F|  |TAMS 0x0000000082400000, 0x0000000082400000| Untracked 
|   2|0x0000000082800000, 0x0000000082800000, 0x0000000082c00000|  0%| F|  |TAMS 0x0000000082800000, 0x0000000082800000| Untracked 
|   3|0x0000000082c00000, 0x0000000082c00000, 0x0000000083000000|  0%| F|  |TAMS 0x0000000082c00000, 0x0000000082c00000| Untracked 
|   4|0x0000000083000000, 0x0000000083000000, 0x0000000083400000|  0%| F|  |TAMS 0x0000000083000000, 0x0000000083000000| Untracked 
|   5|0x0000000083400000, 0x0000000083400000, 0x0000000083800000|  0%| F|  |TAMS 0x0000000083400000, 0x0000000083400000| Untracked 
|   6|0x0000000083800000, 0x0000000083800000, 0x0000000083c00000|  0%| F|  |TAMS 0x0000000083800000, 0x0000000083800000| Untracked 
|   7|0x0000000083c00000, 0x0000000083c00000, 0x0000000084000000|  0%| F|  |TAMS 0x0000000083c00000, 0x0000000083c00000| Untracked 
|   8|0x0000000084000000, 0x0000000084000000, 0x0000000084400000|  0%| F|  |TAMS 0x0000000084000000, 0x0000000084000000| Untracked 
|   9|0x0000000084400000, 0x0000000084400000, 0x0000000084800000|  0%| F|  |TAMS 0x0000000084400000, 0x0000000084400000| Untracked 
|  10|0x0000000084800000, 0x0000000084800000, 0x0000000084c00000|  0%| F|  |TAMS 0x0000000084800000, 0x0000000084800000| Untracked 
|  11|0x0000000084c00000, 0x0000000084c00000, 0x0000000085000000|  0%| F|  |TAMS 0x0000000084c00000, 0x0000000084c00000| Untracked 
|  12|0x0000000085000000, 0x0000000085000000, 0x0000000085400000|  0%| F|  |TAMS 0x0000000085000000, 0x0000000085000000| Untracked 
|  13|0x0000000085400000, 0x0000000085400000, 0x0000000085800000|  0%| F|  |TAMS 0x0000000085400000, 0x0000000085400000| Untracked 
|  14|0x0000000085800000, 0x0000000085800000, 0x0000000085c00000|  0%| F|  |TAMS 0x0000000085800000, 0x0000000085800000| Untracked 
|  15|0x0000000085c00000, 0x0000000085c00000, 0x0000000086000000|  0%| F|  |TAMS 0x0000000085c00000, 0x0000000085c00000| Untracked 
|  16|0x0000000086000000, 0x0000000086000000, 0x0000000086400000|  0%| F|  |TAMS 0x0000000086000000, 0x0000000086000000| Untracked 
|  17|0x0000000086400000, 0x0000000086400000, 0x0000000086800000|  0%| F|  |TAMS 0x0000000086400000, 0x0000000086400000| Untracked 
|  18|0x0000000086800000, 0x0000000086800000, 0x0000000086c00000|  0%| F|  |TAMS 0x0000000086800000, 0x0000000086800000| Untracked 
|  19|0x0000000086c00000, 0x0000000086c00000, 0x0000000087000000|  0%| F|  |TAMS 0x0000000086c00000, 0x0000000086c00000| Untracked 
|  20|0x0000000087000000, 0x0000000087000000, 0x0000000087400000|  0%| F|  |TAMS 0x0000000087000000, 0x0000000087000000| Untracked 
|  21|0x0000000087400000, 0x0000000087400000, 0x0000000087800000|  0%| F|  |TAMS 0x0000000087400000, 0x0000000087400000| Untracked 
|  22|0x0000000087800000, 0x0000000087800000, 0x0000000087c00000|  0%| F|  |TAMS 0x0000000087800000, 0x0000000087800000| Untracked 
|  23|0x0000000087c00000, 0x0000000087c00000, 0x0000000088000000|  0%| F|  |TAMS 0x0000000087c00000, 0x0000000087c00000| Untracked 
|  24|0x0000000088000000, 0x0000000088000000, 0x0000000088400000|  0%| F|  |TAMS 0x0000000088000000, 0x0000000088000000| Untracked 
|  25|0x0000000088400000, 0x0000000088400000, 0x0000000088800000|  0%| F|  |TAMS 0x0000000088400000, 0x0000000088400000| Untracked 
|  26|0x0000000088800000, 0x0000000088800000, 0x0000000088c00000|  0%| F|  |TAMS 0x0000000088800000, 0x0000000088800000| Untracked 
|  27|0x0000000088c00000, 0x0000000088c00000, 0x0000000089000000|  0%| F|  |TAMS 0x0000000088c00000, 0x0000000088c00000| Untracked 
|  28|0x0000000089000000, 0x0000000089000000, 0x0000000089400000|  0%| F|  |TAMS 0x0000000089000000, 0x0000000089000000| Untracked 
|  29|0x0000000089400000, 0x0000000089400000, 0x0000000089800000|  0%| F|  |TAMS 0x0000000089400000, 0x0000000089400000| Untracked 
|  30|0x0000000089800000, 0x0000000089800000, 0x0000000089c00000|  0%| F|  |TAMS 0x0000000089800000, 0x0000000089800000| Untracked 
|  31|0x0000000089c00000, 0x0000000089c00000, 0x000000008a000000|  0%| F|  |TAMS 0x0000000089c00000, 0x0000000089c00000| Untracked 
|  32|0x000000008a000000, 0x000000008a000000, 0x000000008a400000|  0%| F|  |TAMS 0x000000008a000000, 0x000000008a000000| Untracked 
|  33|0x000000008a400000, 0x000000008a400000, 0x000000008a800000|  0%| F|  |TAMS 0x000000008a400000, 0x000000008a400000| Untracked 
|  34|0x000000008a800000, 0x000000008a800000, 0x000000008ac00000|  0%| F|  |TAMS 0x000000008a800000, 0x000000008a800000| Untracked 
|  35|0x000000008ac00000, 0x000000008ac00000, 0x000000008b000000|  0%| F|  |TAMS 0x000000008ac00000, 0x000000008ac00000| Untracked 
|  36|0x000000008b000000, 0x000000008b000000, 0x000000008b400000|  0%| F|  |TAMS 0x000000008b000000, 0x000000008b000000| Untracked 
|  37|0x000000008b400000, 0x000000008b400000, 0x000000008b800000|  0%| F|  |TAMS 0x000000008b400000, 0x000000008b400000| Untracked 
|  38|0x000000008b800000, 0x000000008b800000, 0x000000008bc00000|  0%| F|  |TAMS 0x000000008b800000, 0x000000008b800000| Untracked 
|  39|0x000000008bc00000, 0x000000008bc00000, 0x000000008c000000|  0%| F|  |TAMS 0x000000008bc00000, 0x000000008bc00000| Untracked 
|  40|0x000000008c000000, 0x000000008c000000, 0x000000008c400000|  0%| F|  |TAMS 0x000000008c000000, 0x000000008c000000| Untracked 
|  41|0x000000008c400000, 0x000000008c400000, 0x000000008c800000|  0%| F|  |TAMS 0x000000008c400000, 0x000000008c400000| Untracked 
|  42|0x000000008c800000, 0x000000008c800000, 0x000000008cc00000|  0%| F|  |TAMS 0x000000008c800000, 0x000000008c800000| Untracked 
|  43|0x000000008cc00000, 0x000000008cc00000, 0x000000008d000000|  0%| F|  |TAMS 0x000000008cc00000, 0x000000008cc00000| Untracked 
|  44|0x000000008d000000, 0x000000008d000000, 0x000000008d400000|  0%| F|  |TAMS 0x000000008d000000, 0x000000008d000000| Untracked 
|  45|0x000000008d400000, 0x000000008d400000, 0x000000008d800000|  0%| F|  |TAMS 0x000000008d400000, 0x000000008d400000| Untracked 
|  46|0x000000008d800000, 0x000000008d800000, 0x000000008dc00000|  0%| F|  |TAMS 0x000000008d800000, 0x000000008d800000| Untracked 
|  47|0x000000008dc00000, 0x000000008dc00000, 0x000000008e000000|  0%| F|  |TAMS 0x000000008dc00000, 0x000000008dc00000| Untracked 
|  48|0x000000008e000000, 0x000000008e000000, 0x000000008e400000|  0%| F|  |TAMS 0x000000008e000000, 0x000000008e000000| Untracked 
|  49|0x000000008e400000, 0x000000008e400000, 0x000000008e800000|  0%| F|  |TAMS 0x000000008e400000, 0x000000008e400000| Untracked 
|  50|0x000000008e800000, 0x000000008e800000, 0x000000008ec00000|  0%| F|  |TAMS 0x000000008e800000, 0x000000008e800000| Untracked 
|  51|0x000000008ec00000, 0x000000008ec00000, 0x000000008f000000|  0%| F|  |TAMS 0x000000008ec00000, 0x000000008ec00000| Untracked 
|  52|0x000000008f000000, 0x000000008f000000, 0x000000008f400000|  0%| F|  |TAMS 0x000000008f000000, 0x000000008f000000| Untracked 
|  53|0x000000008f400000, 0x000000008f400000, 0x000000008f800000|  0%| F|  |TAMS 0x000000008f400000, 0x000000008f400000| Untracked 
|  54|0x000000008f800000, 0x000000008f800000, 0x000000008fc00000|  0%| F|  |TAMS 0x000000008f800000, 0x000000008f800000| Untracked 
|  55|0x000000008fc00000, 0x000000008fc00000, 0x0000000090000000|  0%| F|  |TAMS 0x000000008fc00000, 0x000000008fc00000| Untracked 
|  56|0x0000000090000000, 0x0000000090000000, 0x0000000090400000|  0%| F|  |TAMS 0x0000000090000000, 0x0000000090000000| Untracked 
|  57|0x0000000090400000, 0x0000000090400000, 0x0000000090800000|  0%| F|  |TAMS 0x0000000090400000, 0x0000000090400000| Untracked 
|  58|0x0000000090800000, 0x0000000090800000, 0x0000000090c00000|  0%| F|  |TAMS 0x0000000090800000, 0x0000000090800000| Untracked 
|  59|0x0000000090c00000, 0x0000000090c00000, 0x0000000091000000|  0%| F|  |TAMS 0x0000000090c00000, 0x0000000090c00000| Untracked 
|  60|0x0000000091000000, 0x0000000091000000, 0x0000000091400000|  0%| F|  |TAMS 0x0000000091000000, 0x0000000091000000| Untracked 
|  61|0x0000000091400000, 0x0000000091400000, 0x0000000091800000|  0%| F|  |TAMS 0x0000000091400000, 0x0000000091400000| Untracked 
|  62|0x0000000091800000, 0x0000000091800000, 0x0000000091c00000|  0%| F|  |TAMS 0x0000000091800000, 0x0000000091800000| Untracked 
|  63|0x0000000091c00000, 0x0000000091c00000, 0x0000000092000000|  0%| F|  |TAMS 0x0000000091c00000, 0x0000000091c00000| Untracked 
|  64|0x0000000092000000, 0x0000000092000000, 0x0000000092400000|  0%| F|  |TAMS 0x0000000092000000, 0x0000000092000000| Untracked 
|  65|0x0000000092400000, 0x0000000092400000, 0x0000000092800000|  0%| F|  |TAMS 0x0000000092400000, 0x0000000092400000| Untracked 
|  66|0x0000000092800000, 0x0000000092800000, 0x0000000092c00000|  0%| F|  |TAMS 0x0000000092800000, 0x0000000092800000| Untracked 
|  67|0x0000000092c00000, 0x0000000092c00000, 0x0000000093000000|  0%| F|  |TAMS 0x0000000092c00000, 0x0000000092c00000| Untracked 
|  68|0x0000000093000000, 0x0000000093000000, 0x0000000093400000|  0%| F|  |TAMS 0x0000000093000000, 0x0000000093000000| Untracked 
|  69|0x0000000093400000, 0x0000000093400000, 0x0000000093800000|  0%| F|  |TAMS 0x0000000093400000, 0x0000000093400000| Untracked 
|  70|0x0000000093800000, 0x0000000093800000, 0x0000000093c00000|  0%| F|  |TAMS 0x0000000093800000, 0x0000000093800000| Untracked 
|  71|0x0000000093c00000, 0x0000000093c00000, 0x0000000094000000|  0%| F|  |TAMS 0x0000000093c00000, 0x0000000093c00000| Untracked 
|  72|0x0000000094000000, 0x0000000094000000, 0x0000000094400000|  0%| F|  |TAMS 0x0000000094000000, 0x0000000094000000| Untracked 
|  73|0x0000000094400000, 0x0000000094400000, 0x0000000094800000|  0%| F|  |TAMS 0x0000000094400000, 0x0000000094400000| Untracked 
|  74|0x0000000094800000, 0x0000000094800000, 0x0000000094c00000|  0%| F|  |TAMS 0x0000000094800000, 0x0000000094800000| Untracked 
|  75|0x0000000094c00000, 0x0000000094c00000, 0x0000000095000000|  0%| F|  |TAMS 0x0000000094c00000, 0x0000000094c00000| Untracked 
|  76|0x0000000095000000, 0x0000000095000000, 0x0000000095400000|  0%| F|  |TAMS 0x0000000095000000, 0x0000000095000000| Untracked 
|  77|0x0000000095400000, 0x0000000095400000, 0x0000000095800000|  0%| F|  |TAMS 0x0000000095400000, 0x0000000095400000| Untracked 
|  78|0x0000000095800000, 0x0000000095800000, 0x0000000095c00000|  0%| F|  |TAMS 0x0000000095800000, 0x0000000095800000| Untracked 
|  79|0x0000000095c00000, 0x0000000095c00000, 0x0000000096000000|  0%| F|  |TAMS 0x0000000095c00000, 0x0000000095c00000| Untracked 
|  80|0x0000000096000000, 0x0000000096000000, 0x0000000096400000|  0%| F|  |TAMS 0x0000000096000000, 0x0000000096000000| Untracked 
|  81|0x0000000096400000, 0x0000000096400000, 0x0000000096800000|  0%| F|  |TAMS 0x0000000096400000, 0x0000000096400000| Untracked 
|  82|0x0000000096800000, 0x0000000096800000, 0x0000000096c00000|  0%| F|  |TAMS 0x0000000096800000, 0x0000000096800000| Untracked 
|  83|0x0000000096c00000, 0x0000000096c00000, 0x0000000097000000|  0%| F|  |TAMS 0x0000000096c00000, 0x0000000096c00000| Untracked 
|  84|0x0000000097000000, 0x0000000097000000, 0x0000000097400000|  0%| F|  |TAMS 0x0000000097000000, 0x0000000097000000| Untracked 
|  85|0x0000000097400000, 0x0000000097400000, 0x0000000097800000|  0%| F|  |TAMS 0x0000000097400000, 0x0000000097400000| Untracked 
|  86|0x0000000097800000, 0x0000000097800000, 0x0000000097c00000|  0%| F|  |TAMS 0x0000000097800000, 0x0000000097800000| Untracked 
|  87|0x0000000097c00000, 0x0000000097c00000, 0x0000000098000000|  0%| F|  |TAMS 0x0000000097c00000, 0x0000000097c00000| Untracked 
|  88|0x0000000098000000, 0x0000000098000000, 0x0000000098400000|  0%| F|  |TAMS 0x0000000098000000, 0x0000000098000000| Untracked 
|  89|0x0000000098400000, 0x0000000098400000, 0x0000000098800000|  0%| F|  |TAMS 0x0000000098400000, 0x0000000098400000| Untracked 
|  90|0x0000000098800000, 0x0000000098800000, 0x0000000098c00000|  0%| F|  |TAMS 0x0000000098800000, 0x0000000098800000| Untracked 
|  91|0x0000000098c00000, 0x0000000098c00000, 0x0000000099000000|  0%| F|  |TAMS 0x0000000098c00000, 0x0000000098c00000| Untracked 
|  92|0x0000000099000000, 0x0000000099000000, 0x0000000099400000|  0%| F|  |TAMS 0x0000000099000000, 0x0000000099000000| Untracked 
|  93|0x0000000099400000, 0x0000000099400000, 0x0000000099800000|  0%| F|  |TAMS 0x0000000099400000, 0x0000000099400000| Untracked 
|  94|0x0000000099800000, 0x0000000099800000, 0x0000000099c00000|  0%| F|  |TAMS 0x0000000099800000, 0x0000000099800000| Untracked 
|  95|0x0000000099c00000, 0x0000000099c00000, 0x000000009a000000|  0%| F|  |TAMS 0x0000000099c00000, 0x0000000099c00000| Untracked 
|  96|0x000000009a000000, 0x000000009a000000, 0x000000009a400000|  0%| F|  |TAMS 0x000000009a000000, 0x000000009a000000| Untracked 
|  97|0x000000009a400000, 0x000000009a400000, 0x000000009a800000|  0%| F|  |TAMS 0x000000009a400000, 0x000000009a400000| Untracked 
|  98|0x000000009a800000, 0x000000009a800000, 0x000000009ac00000|  0%| F|  |TAMS 0x000000009a800000, 0x000000009a800000| Untracked 
|  99|0x000000009ac00000, 0x000000009ac00000, 0x000000009b000000|  0%| F|  |TAMS 0x000000009ac00000, 0x000000009ac00000| Untracked 
| 100|0x000000009b000000, 0x000000009b000000, 0x000000009b400000|  0%| F|  |TAMS 0x000000009b000000, 0x000000009b000000| Untracked 
| 101|0x000000009b400000, 0x000000009b400000, 0x000000009b800000|  0%| F|  |TAMS 0x000000009b400000, 0x000000009b400000| Untracked 
| 102|0x000000009b800000, 0x000000009b800000, 0x000000009bc00000|  0%| F|  |TAMS 0x000000009b800000, 0x000000009b800000| Untracked 
| 103|0x000000009bc00000, 0x000000009bc00000, 0x000000009c000000|  0%| F|  |TAMS 0x000000009bc00000, 0x000000009bc00000| Untracked 
| 104|0x000000009c000000, 0x000000009c000000, 0x000000009c400000|  0%| F|  |TAMS 0x000000009c000000, 0x000000009c000000| Untracked 
| 105|0x000000009c400000, 0x000000009c400000, 0x000000009c800000|  0%| F|  |TAMS 0x000000009c400000, 0x000000009c400000| Untracked 
| 106|0x000000009c800000, 0x000000009c800000, 0x000000009cc00000|  0%| F|  |TAMS 0x000000009c800000, 0x000000009c800000| Untracked 
| 107|0x000000009cc00000, 0x000000009cc00000, 0x000000009d000000|  0%| F|  |TAMS 0x000000009cc00000, 0x000000009cc00000| Untracked 
| 108|0x000000009d000000, 0x000000009d000000, 0x000000009d400000|  0%| F|  |TAMS 0x000000009d000000, 0x000000009d000000| Untracked 
| 109|0x000000009d400000, 0x000000009d400000, 0x000000009d800000|  0%| F|  |TAMS 0x000000009d400000, 0x000000009d400000| Untracked 
| 110|0x000000009d800000, 0x000000009d800000, 0x000000009dc00000|  0%| F|  |TAMS 0x000000009d800000, 0x000000009d800000| Untracked 
| 111|0x000000009dc00000, 0x000000009dc00000, 0x000000009e000000|  0%| F|  |TAMS 0x000000009dc00000, 0x000000009dc00000| Untracked 
| 112|0x000000009e000000, 0x000000009e000000, 0x000000009e400000|  0%| F|  |TAMS 0x000000009e000000, 0x000000009e000000| Untracked 
| 113|0x000000009e400000, 0x000000009e400000, 0x000000009e800000|  0%| F|  |TAMS 0x000000009e400000, 0x000000009e400000| Untracked 
| 114|0x000000009e800000, 0x000000009e800000, 0x000000009ec00000|  0%| F|  |TAMS 0x000000009e800000, 0x000000009e800000| Untracked 
| 115|0x000000009ec00000, 0x000000009ec00000, 0x000000009f000000|  0%| F|  |TAMS 0x000000009ec00000, 0x000000009ec00000| Untracked 
| 116|0x000000009f000000, 0x000000009f000000, 0x000000009f400000|  0%| F|  |TAMS 0x000000009f000000, 0x000000009f000000| Untracked 
| 117|0x000000009f400000, 0x000000009f400000, 0x000000009f800000|  0%| F|  |TAMS 0x000000009f400000, 0x000000009f400000| Untracked 
| 118|0x000000009f800000, 0x000000009f800000, 0x000000009fc00000|  0%| F|  |TAMS 0x000000009f800000, 0x000000009f800000| Untracked 
| 119|0x000000009fc00000, 0x000000009fc00000, 0x00000000a0000000|  0%| F|  |TAMS 0x000000009fc00000, 0x000000009fc00000| Untracked 
| 120|0x00000000a0000000, 0x00000000a0000000, 0x00000000a0400000|  0%| F|  |TAMS 0x00000000a0000000, 0x00000000a0000000| Untracked 
| 121|0x00000000a0400000, 0x00000000a0400000, 0x00000000a0800000|  0%| F|  |TAMS 0x00000000a0400000, 0x00000000a0400000| Untracked 
| 122|0x00000000a0800000, 0x00000000a0800000, 0x00000000a0c00000|  0%| F|  |TAMS 0x00000000a0800000, 0x00000000a0800000| Untracked 
| 123|0x00000000a0c00000, 0x00000000a0c00000, 0x00000000a1000000|  0%| F|  |TAMS 0x00000000a0c00000, 0x00000000a0c00000| Untracked 
| 124|0x00000000a1000000, 0x00000000a1000000, 0x00000000a1400000|  0%| F|  |TAMS 0x00000000a1000000, 0x00000000a1000000| Untracked 
| 125|0x00000000a1400000, 0x00000000a1400000, 0x00000000a1800000|  0%| F|  |TAMS 0x00000000a1400000, 0x00000000a1400000| Untracked 
| 126|0x00000000a1800000, 0x00000000a1800000, 0x00000000a1c00000|  0%| F|  |TAMS 0x00000000a1800000, 0x00000000a1800000| Untracked 
| 127|0x00000000a1c00000, 0x00000000a1c00000, 0x00000000a2000000|  0%| F|  |TAMS 0x00000000a1c00000, 0x00000000a1c00000| Untracked 
| 128|0x00000000a2000000, 0x00000000a2000000, 0x00000000a2400000|  0%| F|  |TAMS 0x00000000a2000000, 0x00000000a2000000| Untracked 
| 129|0x00000000a2400000, 0x00000000a2400000, 0x00000000a2800000|  0%| F|  |TAMS 0x00000000a2400000, 0x00000000a2400000| Untracked 
| 130|0x00000000a2800000, 0x00000000a2800000, 0x00000000a2c00000|  0%| F|  |TAMS 0x00000000a2800000, 0x00000000a2800000| Untracked 
| 131|0x00000000a2c00000, 0x00000000a2c00000, 0x00000000a3000000|  0%| F|  |TAMS 0x00000000a2c00000, 0x00000000a2c00000| Untracked 
| 132|0x00000000a3000000, 0x00000000a3000000, 0x00000000a3400000|  0%| F|  |TAMS 0x00000000a3000000, 0x00000000a3000000| Untracked 
| 133|0x00000000a3400000, 0x00000000a3400000, 0x00000000a3800000|  0%| F|  |TAMS 0x00000000a3400000, 0x00000000a3400000| Untracked 
| 134|0x00000000a3800000, 0x00000000a3800000, 0x00000000a3c00000|  0%| F|  |TAMS 0x00000000a3800000, 0x00000000a3800000| Untracked 
| 135|0x00000000a3c00000, 0x00000000a3c00000, 0x00000000a4000000|  0%| F|  |TAMS 0x00000000a3c00000, 0x00000000a3c00000| Untracked 
| 136|0x00000000a4000000, 0x00000000a4000000, 0x00000000a4400000|  0%| F|  |TAMS 0x00000000a4000000, 0x00000000a4000000| Untracked 
| 137|0x00000000a4400000, 0x00000000a4400000, 0x00000000a4800000|  0%| F|  |TAMS 0x00000000a4400000, 0x00000000a4400000| Untracked 
| 138|0x00000000a4800000, 0x00000000a4800000, 0x00000000a4c00000|  0%| F|  |TAMS 0x00000000a4800000, 0x00000000a4800000| Untracked 
| 139|0x00000000a4c00000, 0x00000000a4c00000, 0x00000000a5000000|  0%| F|  |TAMS 0x00000000a4c00000, 0x00000000a4c00000| Untracked 
| 140|0x00000000a5000000, 0x00000000a5000000, 0x00000000a5400000|  0%| F|  |TAMS 0x00000000a5000000, 0x00000000a5000000| Untracked 
| 141|0x00000000a5400000, 0x00000000a5400000, 0x00000000a5800000|  0%| F|  |TAMS 0x00000000a5400000, 0x00000000a5400000| Untracked 
| 142|0x00000000a5800000, 0x00000000a5800000, 0x00000000a5c00000|  0%| F|  |TAMS 0x00000000a5800000, 0x00000000a5800000| Untracked 
| 143|0x00000000a5c00000, 0x00000000a5c00000, 0x00000000a6000000|  0%| F|  |TAMS 0x00000000a5c00000, 0x00000000a5c00000| Untracked 
| 144|0x00000000a6000000, 0x00000000a6000000, 0x00000000a6400000|  0%| F|  |TAMS 0x00000000a6000000, 0x00000000a6000000| Untracked 
| 145|0x00000000a6400000, 0x00000000a6400000, 0x00000000a6800000|  0%| F|  |TAMS 0x00000000a6400000, 0x00000000a6400000| Untracked 
| 146|0x00000000a6800000, 0x00000000a6800000, 0x00000000a6c00000|  0%| F|  |TAMS 0x00000000a6800000, 0x00000000a6800000| Untracked 
| 147|0x00000000a6c00000, 0x00000000a6c00000, 0x00000000a7000000|  0%| F|  |TAMS 0x00000000a6c00000, 0x00000000a6c00000| Untracked 
| 148|0x00000000a7000000, 0x00000000a7000000, 0x00000000a7400000|  0%| F|  |TAMS 0x00000000a7000000, 0x00000000a7000000| Untracked 
| 149|0x00000000a7400000, 0x00000000a7400000, 0x00000000a7800000|  0%| F|  |TAMS 0x00000000a7400000, 0x00000000a7400000| Untracked 
| 150|0x00000000a7800000, 0x00000000a7800000, 0x00000000a7c00000|  0%| F|  |TAMS 0x00000000a7800000, 0x00000000a7800000| Untracked 
| 151|0x00000000a7c00000, 0x00000000a7c00000, 0x00000000a8000000|  0%| F|  |TAMS 0x00000000a7c00000, 0x00000000a7c00000| Untracked 
| 152|0x00000000a8000000, 0x00000000a8000000, 0x00000000a8400000|  0%| F|  |TAMS 0x00000000a8000000, 0x00000000a8000000| Untracked 
| 153|0x00000000a8400000, 0x00000000a8400000, 0x00000000a8800000|  0%| F|  |TAMS 0x00000000a8400000, 0x00000000a8400000| Untracked 
| 154|0x00000000a8800000, 0x00000000a8800000, 0x00000000a8c00000|  0%| F|  |TAMS 0x00000000a8800000, 0x00000000a8800000| Untracked 
| 155|0x00000000a8c00000, 0x00000000a8c00000, 0x00000000a9000000|  0%| F|  |TAMS 0x00000000a8c00000, 0x00000000a8c00000| Untracked 
| 156|0x00000000a9000000, 0x00000000a9000000, 0x00000000a9400000|  0%| F|  |TAMS 0x00000000a9000000, 0x00000000a9000000| Untracked 
| 157|0x00000000a9400000, 0x00000000a9400000, 0x00000000a9800000|  0%| F|  |TAMS 0x00000000a9400000, 0x00000000a9400000| Untracked 
| 158|0x00000000a9800000, 0x00000000a9800000, 0x00000000a9c00000|  0%| F|  |TAMS 0x00000000a9800000, 0x00000000a9800000| Untracked 
| 159|0x00000000a9c00000, 0x00000000a9c00000, 0x00000000aa000000|  0%| F|  |TAMS 0x00000000a9c00000, 0x00000000a9c00000| Untracked 
| 160|0x00000000aa000000, 0x00000000aa000000, 0x00000000aa400000|  0%| F|  |TAMS 0x00000000aa000000, 0x00000000aa000000| Untracked 
| 161|0x00000000aa400000, 0x00000000aa400000, 0x00000000aa800000|  0%| F|  |TAMS 0x00000000aa400000, 0x00000000aa400000| Untracked 
| 162|0x00000000aa800000, 0x00000000aa800000, 0x00000000aac00000|  0%| F|  |TAMS 0x00000000aa800000, 0x00000000aa800000| Untracked 
| 163|0x00000000aac00000, 0x00000000aac00000, 0x00000000ab000000|  0%| F|  |TAMS 0x00000000aac00000, 0x00000000aac00000| Untracked 
| 164|0x00000000ab000000, 0x00000000ab000000, 0x00000000ab400000|  0%| F|  |TAMS 0x00000000ab000000, 0x00000000ab000000| Untracked 
| 165|0x00000000ab400000, 0x00000000ab400000, 0x00000000ab800000|  0%| F|  |TAMS 0x00000000ab400000, 0x00000000ab400000| Untracked 
| 166|0x00000000ab800000, 0x00000000ab800000, 0x00000000abc00000|  0%| F|  |TAMS 0x00000000ab800000, 0x00000000ab800000| Untracked 
| 167|0x00000000abc00000, 0x00000000abc00000, 0x00000000ac000000|  0%| F|  |TAMS 0x00000000abc00000, 0x00000000abc00000| Untracked 
| 168|0x00000000ac000000, 0x00000000ac000000, 0x00000000ac400000|  0%| F|  |TAMS 0x00000000ac000000, 0x00000000ac000000| Untracked 
| 169|0x00000000ac400000, 0x00000000ac400000, 0x00000000ac800000|  0%| F|  |TAMS 0x00000000ac400000, 0x00000000ac400000| Untracked 
| 170|0x00000000ac800000, 0x00000000ac800000, 0x00000000acc00000|  0%| F|  |TAMS 0x00000000ac800000, 0x00000000ac800000| Untracked 
| 171|0x00000000acc00000, 0x00000000acc00000, 0x00000000ad000000|  0%| F|  |TAMS 0x00000000acc00000, 0x00000000acc00000| Untracked 
| 172|0x00000000ad000000, 0x00000000ad000000, 0x00000000ad400000|  0%| F|  |TAMS 0x00000000ad000000, 0x00000000ad000000| Untracked 
| 173|0x00000000ad400000, 0x00000000ad400000, 0x00000000ad800000|  0%| F|  |TAMS 0x00000000ad400000, 0x00000000ad400000| Untracked 
| 174|0x00000000ad800000, 0x00000000ad800000, 0x00000000adc00000|  0%| F|  |TAMS 0x00000000ad800000, 0x00000000ad800000| Untracked 
| 175|0x00000000adc00000, 0x00000000adc00000, 0x00000000ae000000|  0%| F|  |TAMS 0x00000000adc00000, 0x00000000adc00000| Untracked 
| 176|0x00000000ae000000, 0x00000000ae000000, 0x00000000ae400000|  0%| F|  |TAMS 0x00000000ae000000, 0x00000000ae000000| Untracked 
| 177|0x00000000ae400000, 0x00000000ae400000, 0x00000000ae800000|  0%| F|  |TAMS 0x00000000ae400000, 0x00000000ae400000| Untracked 
| 178|0x00000000ae800000, 0x00000000ae800000, 0x00000000aec00000|  0%| F|  |TAMS 0x00000000ae800000, 0x00000000ae800000| Untracked 
| 179|0x00000000aec00000, 0x00000000aec00000, 0x00000000af000000|  0%| F|  |TAMS 0x00000000aec00000, 0x00000000aec00000| Untracked 
| 180|0x00000000af000000, 0x00000000af000000, 0x00000000af400000|  0%| F|  |TAMS 0x00000000af000000, 0x00000000af000000| Untracked 
| 181|0x00000000af400000, 0x00000000af400000, 0x00000000af800000|  0%| F|  |TAMS 0x00000000af400000, 0x00000000af400000| Untracked 
| 182|0x00000000af800000, 0x00000000af800000, 0x00000000afc00000|  0%| F|  |TAMS 0x00000000af800000, 0x00000000af800000| Untracked 
| 183|0x00000000afc00000, 0x00000000afc00000, 0x00000000b0000000|  0%| F|  |TAMS 0x00000000afc00000, 0x00000000afc00000| Untracked 
| 184|0x00000000b0000000, 0x00000000b0000000, 0x00000000b0400000|  0%| F|  |TAMS 0x00000000b0000000, 0x00000000b0000000| Untracked 
| 185|0x00000000b0400000, 0x00000000b0400000, 0x00000000b0800000|  0%| F|  |TAMS 0x00000000b0400000, 0x00000000b0400000| Untracked 
| 186|0x00000000b0800000, 0x00000000b0800000, 0x00000000b0c00000|  0%| F|  |TAMS 0x00000000b0800000, 0x00000000b0800000| Untracked 
| 187|0x00000000b0c00000, 0x00000000b0c00000, 0x00000000b1000000|  0%| F|  |TAMS 0x00000000b0c00000, 0x00000000b0c00000| Untracked 
| 188|0x00000000b1000000, 0x00000000b1000000, 0x00000000b1400000|  0%| F|  |TAMS 0x00000000b1000000, 0x00000000b1000000| Untracked 
| 189|0x00000000b1400000, 0x00000000b1400000, 0x00000000b1800000|  0%| F|  |TAMS 0x00000000b1400000, 0x00000000b1400000| Untracked 
| 190|0x00000000b1800000, 0x00000000b1800000, 0x00000000b1c00000|  0%| F|  |TAMS 0x00000000b1800000, 0x00000000b1800000| Untracked 
| 191|0x00000000b1c00000, 0x00000000b1c00000, 0x00000000b2000000|  0%| F|  |TAMS 0x00000000b1c00000, 0x00000000b1c00000| Untracked 
| 192|0x00000000b2000000, 0x00000000b2000000, 0x00000000b2400000|  0%| F|  |TAMS 0x00000000b2000000, 0x00000000b2000000| Untracked 
| 193|0x00000000b2400000, 0x00000000b2400000, 0x00000000b2800000|  0%| F|  |TAMS 0x00000000b2400000, 0x00000000b2400000| Untracked 
| 194|0x00000000b2800000, 0x00000000b2800000, 0x00000000b2c00000|  0%| F|  |TAMS 0x00000000b2800000, 0x00000000b2800000| Untracked 
| 195|0x00000000b2c00000, 0x00000000b2c00000, 0x00000000b3000000|  0%| F|  |TAMS 0x00000000b2c00000, 0x00000000b2c00000| Untracked 
| 196|0x00000000b3000000, 0x00000000b3000000, 0x00000000b3400000|  0%| F|  |TAMS 0x00000000b3000000, 0x00000000b3000000| Untracked 
| 197|0x00000000b3400000, 0x00000000b3400000, 0x00000000b3800000|  0%| F|  |TAMS 0x00000000b3400000, 0x00000000b3400000| Untracked 
| 198|0x00000000b3800000, 0x00000000b3800000, 0x00000000b3c00000|  0%| F|  |TAMS 0x00000000b3800000, 0x00000000b3800000| Untracked 
| 199|0x00000000b3c00000, 0x00000000b3c00000, 0x00000000b4000000|  0%| F|  |TAMS 0x00000000b3c00000, 0x00000000b3c00000| Untracked 
| 200|0x00000000b4000000, 0x00000000b4000000, 0x00000000b4400000|  0%| F|  |TAMS 0x00000000b4000000, 0x00000000b4000000| Untracked 
| 201|0x00000000b4400000, 0x00000000b4400000, 0x00000000b4800000|  0%| F|  |TAMS 0x00000000b4400000, 0x00000000b4400000| Untracked 
| 202|0x00000000b4800000, 0x00000000b4800000, 0x00000000b4c00000|  0%| F|  |TAMS 0x00000000b4800000, 0x00000000b4800000| Untracked 
| 203|0x00000000b4c00000, 0x00000000b4c00000, 0x00000000b5000000|  0%| F|  |TAMS 0x00000000b4c00000, 0x00000000b4c00000| Untracked 
| 204|0x00000000b5000000, 0x00000000b5000000, 0x00000000b5400000|  0%| F|  |TAMS 0x00000000b5000000, 0x00000000b5000000| Untracked 
| 205|0x00000000b5400000, 0x00000000b5400000, 0x00000000b5800000|  0%| F|  |TAMS 0x00000000b5400000, 0x00000000b5400000| Untracked 
| 206|0x00000000b5800000, 0x00000000b5800000, 0x00000000b5c00000|  0%| F|  |TAMS 0x00000000b5800000, 0x00000000b5800000| Untracked 
| 207|0x00000000b5c00000, 0x00000000b5c00000, 0x00000000b6000000|  0%| F|  |TAMS 0x00000000b5c00000, 0x00000000b5c00000| Untracked 
| 208|0x00000000b6000000, 0x00000000b6000000, 0x00000000b6400000|  0%| F|  |TAMS 0x00000000b6000000, 0x00000000b6000000| Untracked 
| 209|0x00000000b6400000, 0x00000000b6400000, 0x00000000b6800000|  0%| F|  |TAMS 0x00000000b6400000, 0x00000000b6400000| Untracked 
| 210|0x00000000b6800000, 0x00000000b6800000, 0x00000000b6c00000|  0%| F|  |TAMS 0x00000000b6800000, 0x00000000b6800000| Untracked 
| 211|0x00000000b6c00000, 0x00000000b6c00000, 0x00000000b7000000|  0%| F|  |TAMS 0x00000000b6c00000, 0x00000000b6c00000| Untracked 
| 212|0x00000000b7000000, 0x00000000b7000000, 0x00000000b7400000|  0%| F|  |TAMS 0x00000000b7000000, 0x00000000b7000000| Untracked 
| 213|0x00000000b7400000, 0x00000000b7400000, 0x00000000b7800000|  0%| F|  |TAMS 0x00000000b7400000, 0x00000000b7400000| Untracked 
| 214|0x00000000b7800000, 0x00000000b7800000, 0x00000000b7c00000|  0%| F|  |TAMS 0x00000000b7800000, 0x00000000b7800000| Untracked 
| 215|0x00000000b7c00000, 0x00000000b7c00000, 0x00000000b8000000|  0%| F|  |TAMS 0x00000000b7c00000, 0x00000000b7c00000| Untracked 
| 216|0x00000000b8000000, 0x00000000b8000000, 0x00000000b8400000|  0%| F|  |TAMS 0x00000000b8000000, 0x00000000b8000000| Untracked 
| 217|0x00000000b8400000, 0x00000000b8400000, 0x00000000b8800000|  0%| F|  |TAMS 0x00000000b8400000, 0x00000000b8400000| Untracked 
| 218|0x00000000b8800000, 0x00000000b8800000, 0x00000000b8c00000|  0%| F|  |TAMS 0x00000000b8800000, 0x00000000b8800000| Untracked 
| 219|0x00000000b8c00000, 0x00000000b8c00000, 0x00000000b9000000|  0%| F|  |TAMS 0x00000000b8c00000, 0x00000000b8c00000| Untracked 
| 220|0x00000000b9000000, 0x00000000b9000000, 0x00000000b9400000|  0%| F|  |TAMS 0x00000000b9000000, 0x00000000b9000000| Untracked 
| 221|0x00000000b9400000, 0x00000000b9400000, 0x00000000b9800000|  0%| F|  |TAMS 0x00000000b9400000, 0x00000000b9400000| Untracked 
| 222|0x00000000b9800000, 0x00000000b9800000, 0x00000000b9c00000|  0%| F|  |TAMS 0x00000000b9800000, 0x00000000b9800000| Untracked 
| 223|0x00000000b9c00000, 0x00000000b9c00000, 0x00000000ba000000|  0%| F|  |TAMS 0x00000000b9c00000, 0x00000000b9c00000| Untracked 
| 224|0x00000000ba000000, 0x00000000ba000000, 0x00000000ba400000|  0%| F|  |TAMS 0x00000000ba000000, 0x00000000ba000000| Untracked 
| 225|0x00000000ba400000, 0x00000000ba400000, 0x00000000ba800000|  0%| F|  |TAMS 0x00000000ba400000, 0x00000000ba400000| Untracked 
| 226|0x00000000ba800000, 0x00000000ba800000, 0x00000000bac00000|  0%| F|  |TAMS 0x00000000ba800000, 0x00000000ba800000| Untracked 
| 227|0x00000000bac00000, 0x00000000bac00000, 0x00000000bb000000|  0%| F|  |TAMS 0x00000000bac00000, 0x00000000bac00000| Untracked 
| 228|0x00000000bb000000, 0x00000000bb000000, 0x00000000bb400000|  0%| F|  |TAMS 0x00000000bb000000, 0x00000000bb000000| Untracked 
| 229|0x00000000bb400000, 0x00000000bb400000, 0x00000000bb800000|  0%| F|  |TAMS 0x00000000bb400000, 0x00000000bb400000| Untracked 
| 230|0x00000000bb800000, 0x00000000bb800000, 0x00000000bbc00000|  0%| F|  |TAMS 0x00000000bb800000, 0x00000000bb800000| Untracked 
| 231|0x00000000bbc00000, 0x00000000bbc00000, 0x00000000bc000000|  0%| F|  |TAMS 0x00000000bbc00000, 0x00000000bbc00000| Untracked 
| 232|0x00000000bc000000, 0x00000000bc000000, 0x00000000bc400000|  0%| F|  |TAMS 0x00000000bc000000, 0x00000000bc000000| Untracked 
| 233|0x00000000bc400000, 0x00000000bc400000, 0x00000000bc800000|  0%| F|  |TAMS 0x00000000bc400000, 0x00000000bc400000| Untracked 
| 234|0x00000000bc800000, 0x00000000bc800000, 0x00000000bcc00000|  0%| F|  |TAMS 0x00000000bc800000, 0x00000000bc800000| Untracked 
| 235|0x00000000bcc00000, 0x00000000bcc00000, 0x00000000bd000000|  0%| F|  |TAMS 0x00000000bcc00000, 0x00000000bcc00000| Untracked 
| 236|0x00000000bd000000, 0x00000000bd000000, 0x00000000bd400000|  0%| F|  |TAMS 0x00000000bd000000, 0x00000000bd000000| Untracked 
| 237|0x00000000bd400000, 0x00000000bd400000, 0x00000000bd800000|  0%| F|  |TAMS 0x00000000bd400000, 0x00000000bd400000| Untracked 
| 238|0x00000000bd800000, 0x00000000bd800000, 0x00000000bdc00000|  0%| F|  |TAMS 0x00000000bd800000, 0x00000000bd800000| Untracked 
| 239|0x00000000bdc00000, 0x00000000bdc00000, 0x00000000be000000|  0%| F|  |TAMS 0x00000000bdc00000, 0x00000000bdc00000| Untracked 
| 240|0x00000000be000000, 0x00000000be000000, 0x00000000be400000|  0%| F|  |TAMS 0x00000000be000000, 0x00000000be000000| Untracked 
| 241|0x00000000be400000, 0x00000000be400000, 0x00000000be800000|  0%| F|  |TAMS 0x00000000be400000, 0x00000000be400000| Untracked 
| 242|0x00000000be800000, 0x00000000be800000, 0x00000000bec00000|  0%| F|  |TAMS 0x00000000be800000, 0x00000000be800000| Untracked 
| 243|0x00000000bec00000, 0x00000000bec00000, 0x00000000bf000000|  0%| F|  |TAMS 0x00000000bec00000, 0x00000000bec00000| Untracked 
| 244|0x00000000bf000000, 0x00000000bf000000, 0x00000000bf400000|  0%| F|  |TAMS 0x00000000bf000000, 0x00000000bf000000| Untracked 
| 245|0x00000000bf400000, 0x00000000bf400000, 0x00000000bf800000|  0%| F|  |TAMS 0x00000000bf400000, 0x00000000bf400000| Untracked 
| 246|0x00000000bf800000, 0x00000000bf800000, 0x00000000bfc00000|  0%| F|  |TAMS 0x00000000bf800000, 0x00000000bf800000| Untracked 
| 247|0x00000000bfc00000, 0x00000000bfc00000, 0x00000000c0000000|  0%| F|  |TAMS 0x00000000bfc00000, 0x00000000bfc00000| Untracked 
| 248|0x00000000c0000000, 0x00000000c0000000, 0x00000000c0400000|  0%| F|  |TAMS 0x00000000c0000000, 0x00000000c0000000| Untracked 
| 249|0x00000000c0400000, 0x00000000c0400000, 0x00000000c0800000|  0%| F|  |TAMS 0x00000000c0400000, 0x00000000c0400000| Untracked 
| 250|0x00000000c0800000, 0x00000000c0800000, 0x00000000c0c00000|  0%| F|  |TAMS 0x00000000c0800000, 0x00000000c0800000| Untracked 
| 251|0x00000000c0c00000, 0x00000000c0c00000, 0x00000000c1000000|  0%| F|  |TAMS 0x00000000c0c00000, 0x00000000c0c00000| Untracked 
| 252|0x00000000c1000000, 0x00000000c1000000, 0x00000000c1400000|  0%| F|  |TAMS 0x00000000c1000000, 0x00000000c1000000| Untracked 
| 253|0x00000000c1400000, 0x00000000c1400000, 0x00000000c1800000|  0%| F|  |TAMS 0x00000000c1400000, 0x00000000c1400000| Untracked 
| 254|0x00000000c1800000, 0x00000000c1800000, 0x00000000c1c00000|  0%| F|  |TAMS 0x00000000c1800000, 0x00000000c1800000| Untracked 
| 255|0x00000000c1c00000, 0x00000000c1c00000, 0x00000000c2000000|  0%| F|  |TAMS 0x00000000c1c00000, 0x00000000c1c00000| Untracked 
| 256|0x00000000c2000000, 0x00000000c2000000, 0x00000000c2400000|  0%| F|  |TAMS 0x00000000c2000000, 0x00000000c2000000| Untracked 
| 257|0x00000000c2400000, 0x00000000c2400000, 0x00000000c2800000|  0%| F|  |TAMS 0x00000000c2400000, 0x00000000c2400000| Untracked 
| 258|0x00000000c2800000, 0x00000000c2800000, 0x00000000c2c00000|  0%| F|  |TAMS 0x00000000c2800000, 0x00000000c2800000| Untracked 
| 259|0x00000000c2c00000, 0x00000000c2c00000, 0x00000000c3000000|  0%| F|  |TAMS 0x00000000c2c00000, 0x00000000c2c00000| Untracked 
| 260|0x00000000c3000000, 0x00000000c3000000, 0x00000000c3400000|  0%| F|  |TAMS 0x00000000c3000000, 0x00000000c3000000| Untracked 
| 261|0x00000000c3400000, 0x00000000c3400000, 0x00000000c3800000|  0%| F|  |TAMS 0x00000000c3400000, 0x00000000c3400000| Untracked 
| 262|0x00000000c3800000, 0x00000000c3800000, 0x00000000c3c00000|  0%| F|  |TAMS 0x00000000c3800000, 0x00000000c3800000| Untracked 
| 263|0x00000000c3c00000, 0x00000000c3c00000, 0x00000000c4000000|  0%| F|  |TAMS 0x00000000c3c00000, 0x00000000c3c00000| Untracked 
| 264|0x00000000c4000000, 0x00000000c4000000, 0x00000000c4400000|  0%| F|  |TAMS 0x00000000c4000000, 0x00000000c4000000| Untracked 
| 265|0x00000000c4400000, 0x00000000c4400000, 0x00000000c4800000|  0%| F|  |TAMS 0x00000000c4400000, 0x00000000c4400000| Untracked 
| 266|0x00000000c4800000, 0x00000000c4800000, 0x00000000c4c00000|  0%| F|  |TAMS 0x00000000c4800000, 0x00000000c4800000| Untracked 
| 267|0x00000000c4c00000, 0x00000000c4c00000, 0x00000000c5000000|  0%| F|  |TAMS 0x00000000c4c00000, 0x00000000c4c00000| Untracked 
| 268|0x00000000c5000000, 0x00000000c5000000, 0x00000000c5400000|  0%| F|  |TAMS 0x00000000c5000000, 0x00000000c5000000| Untracked 
| 269|0x00000000c5400000, 0x00000000c5400000, 0x00000000c5800000|  0%| F|  |TAMS 0x00000000c5400000, 0x00000000c5400000| Untracked 
| 270|0x00000000c5800000, 0x00000000c5800000, 0x00000000c5c00000|  0%| F|  |TAMS 0x00000000c5800000, 0x00000000c5800000| Untracked 
| 271|0x00000000c5c00000, 0x00000000c5c00000, 0x00000000c6000000|  0%| F|  |TAMS 0x00000000c5c00000, 0x00000000c5c00000| Untracked 
| 272|0x00000000c6000000, 0x00000000c6000000, 0x00000000c6400000|  0%| F|  |TAMS 0x00000000c6000000, 0x00000000c6000000| Untracked 
| 273|0x00000000c6400000, 0x00000000c6400000, 0x00000000c6800000|  0%| F|  |TAMS 0x00000000c6400000, 0x00000000c6400000| Untracked 
| 274|0x00000000c6800000, 0x00000000c6800000, 0x00000000c6c00000|  0%| F|  |TAMS 0x00000000c6800000, 0x00000000c6800000| Untracked 
| 275|0x00000000c6c00000, 0x00000000c6c00000, 0x00000000c7000000|  0%| F|  |TAMS 0x00000000c6c00000, 0x00000000c6c00000| Untracked 
| 276|0x00000000c7000000, 0x00000000c7000000, 0x00000000c7400000|  0%| F|  |TAMS 0x00000000c7000000, 0x00000000c7000000| Untracked 
| 277|0x00000000c7400000, 0x00000000c7400000, 0x00000000c7800000|  0%| F|  |TAMS 0x00000000c7400000, 0x00000000c7400000| Untracked 
| 278|0x00000000c7800000, 0x00000000c7800000, 0x00000000c7c00000|  0%| F|  |TAMS 0x00000000c7800000, 0x00000000c7800000| Untracked 
| 279|0x00000000c7c00000, 0x00000000c7c00000, 0x00000000c8000000|  0%| F|  |TAMS 0x00000000c7c00000, 0x00000000c7c00000| Untracked 
| 280|0x00000000c8000000, 0x00000000c8000000, 0x00000000c8400000|  0%| F|  |TAMS 0x00000000c8000000, 0x00000000c8000000| Untracked 
| 281|0x00000000c8400000, 0x00000000c8400000, 0x00000000c8800000|  0%| F|  |TAMS 0x00000000c8400000, 0x00000000c8400000| Untracked 
| 282|0x00000000c8800000, 0x00000000c8800000, 0x00000000c8c00000|  0%| F|  |TAMS 0x00000000c8800000, 0x00000000c8800000| Untracked 
| 283|0x00000000c8c00000, 0x00000000c8c00000, 0x00000000c9000000|  0%| F|  |TAMS 0x00000000c8c00000, 0x00000000c8c00000| Untracked 
| 284|0x00000000c9000000, 0x00000000c9000000, 0x00000000c9400000|  0%| F|  |TAMS 0x00000000c9000000, 0x00000000c9000000| Untracked 
| 285|0x00000000c9400000, 0x00000000c9400000, 0x00000000c9800000|  0%| F|  |TAMS 0x00000000c9400000, 0x00000000c9400000| Untracked 
| 286|0x00000000c9800000, 0x00000000c9800000, 0x00000000c9c00000|  0%| F|  |TAMS 0x00000000c9800000, 0x00000000c9800000| Untracked 
| 287|0x00000000c9c00000, 0x00000000c9c00000, 0x00000000ca000000|  0%| F|  |TAMS 0x00000000c9c00000, 0x00000000c9c00000| Untracked 
| 288|0x00000000ca000000, 0x00000000ca000000, 0x00000000ca400000|  0%| F|  |TAMS 0x00000000ca000000, 0x00000000ca000000| Untracked 
| 289|0x00000000ca400000, 0x00000000ca400000, 0x00000000ca800000|  0%| F|  |TAMS 0x00000000ca400000, 0x00000000ca400000| Untracked 
| 290|0x00000000ca800000, 0x00000000ca800000, 0x00000000cac00000|  0%| F|  |TAMS 0x00000000ca800000, 0x00000000ca800000| Untracked 
| 291|0x00000000cac00000, 0x00000000cac00000, 0x00000000cb000000|  0%| F|  |TAMS 0x00000000cac00000, 0x00000000cac00000| Untracked 
| 292|0x00000000cb000000, 0x00000000cb000000, 0x00000000cb400000|  0%| F|  |TAMS 0x00000000cb000000, 0x00000000cb000000| Untracked 
| 293|0x00000000cb400000, 0x00000000cb400000, 0x00000000cb800000|  0%| F|  |TAMS 0x00000000cb400000, 0x00000000cb400000| Untracked 
| 294|0x00000000cb800000, 0x00000000cb800000, 0x00000000cbc00000|  0%| F|  |TAMS 0x00000000cb800000, 0x00000000cb800000| Untracked 
| 295|0x00000000cbc00000, 0x00000000cbc00000, 0x00000000cc000000|  0%| F|  |TAMS 0x00000000cbc00000, 0x00000000cbc00000| Untracked 
| 296|0x00000000cc000000, 0x00000000cc000000, 0x00000000cc400000|  0%| F|  |TAMS 0x00000000cc000000, 0x00000000cc000000| Untracked 
| 297|0x00000000cc400000, 0x00000000cc400000, 0x00000000cc800000|  0%| F|  |TAMS 0x00000000cc400000, 0x00000000cc400000| Untracked 
| 298|0x00000000cc800000, 0x00000000cc800000, 0x00000000ccc00000|  0%| F|  |TAMS 0x00000000cc800000, 0x00000000cc800000| Untracked 
| 299|0x00000000ccc00000, 0x00000000ccc00000, 0x00000000cd000000|  0%| F|  |TAMS 0x00000000ccc00000, 0x00000000ccc00000| Untracked 
| 300|0x00000000cd000000, 0x00000000cd000000, 0x00000000cd400000|  0%| F|  |TAMS 0x00000000cd000000, 0x00000000cd000000| Untracked 
| 301|0x00000000cd400000, 0x00000000cd400000, 0x00000000cd800000|  0%| F|  |TAMS 0x00000000cd400000, 0x00000000cd400000| Untracked 
| 302|0x00000000cd800000, 0x00000000cd800000, 0x00000000cdc00000|  0%| F|  |TAMS 0x00000000cd800000, 0x00000000cd800000| Untracked 
| 303|0x00000000cdc00000, 0x00000000cdc00000, 0x00000000ce000000|  0%| F|  |TAMS 0x00000000cdc00000, 0x00000000cdc00000| Untracked 
| 304|0x00000000ce000000, 0x00000000ce000000, 0x00000000ce400000|  0%| F|  |TAMS 0x00000000ce000000, 0x00000000ce000000| Untracked 
| 305|0x00000000ce400000, 0x00000000ce400000, 0x00000000ce800000|  0%| F|  |TAMS 0x00000000ce400000, 0x00000000ce400000| Untracked 
| 306|0x00000000ce800000, 0x00000000ce800000, 0x00000000cec00000|  0%| F|  |TAMS 0x00000000ce800000, 0x00000000ce800000| Untracked 
| 307|0x00000000cec00000, 0x00000000cec00000, 0x00000000cf000000|  0%| F|  |TAMS 0x00000000cec00000, 0x00000000cec00000| Untracked 
| 308|0x00000000cf000000, 0x00000000cf000000, 0x00000000cf400000|  0%| F|  |TAMS 0x00000000cf000000, 0x00000000cf000000| Untracked 
| 309|0x00000000cf400000, 0x00000000cf400000, 0x00000000cf800000|  0%| F|  |TAMS 0x00000000cf400000, 0x00000000cf400000| Untracked 
| 310|0x00000000cf800000, 0x00000000cf800000, 0x00000000cfc00000|  0%| F|  |TAMS 0x00000000cf800000, 0x00000000cf800000| Untracked 
| 311|0x00000000cfc00000, 0x00000000cfc00000, 0x00000000d0000000|  0%| F|  |TAMS 0x00000000cfc00000, 0x00000000cfc00000| Untracked 
| 312|0x00000000d0000000, 0x00000000d0000000, 0x00000000d0400000|  0%| F|  |TAMS 0x00000000d0000000, 0x00000000d0000000| Untracked 
| 313|0x00000000d0400000, 0x00000000d0400000, 0x00000000d0800000|  0%| F|  |TAMS 0x00000000d0400000, 0x00000000d0400000| Untracked 
| 314|0x00000000d0800000, 0x00000000d0800000, 0x00000000d0c00000|  0%| F|  |TAMS 0x00000000d0800000, 0x00000000d0800000| Untracked 
| 315|0x00000000d0c00000, 0x00000000d0c00000, 0x00000000d1000000|  0%| F|  |TAMS 0x00000000d0c00000, 0x00000000d0c00000| Untracked 
| 316|0x00000000d1000000, 0x00000000d1000000, 0x00000000d1400000|  0%| F|  |TAMS 0x00000000d1000000, 0x00000000d1000000| Untracked 
| 317|0x00000000d1400000, 0x00000000d1400000, 0x00000000d1800000|  0%| F|  |TAMS 0x00000000d1400000, 0x00000000d1400000| Untracked 
| 318|0x00000000d1800000, 0x00000000d1800000, 0x00000000d1c00000|  0%| F|  |TAMS 0x00000000d1800000, 0x00000000d1800000| Untracked 
| 319|0x00000000d1c00000, 0x00000000d1c00000, 0x00000000d2000000|  0%| F|  |TAMS 0x00000000d1c00000, 0x00000000d1c00000| Untracked 
| 320|0x00000000d2000000, 0x00000000d2000000, 0x00000000d2400000|  0%| F|  |TAMS 0x00000000d2000000, 0x00000000d2000000| Untracked 
| 321|0x00000000d2400000, 0x00000000d2400000, 0x00000000d2800000|  0%| F|  |TAMS 0x00000000d2400000, 0x00000000d2400000| Untracked 
| 322|0x00000000d2800000, 0x00000000d2800000, 0x00000000d2c00000|  0%| F|  |TAMS 0x00000000d2800000, 0x00000000d2800000| Untracked 
| 323|0x00000000d2c00000, 0x00000000d2c00000, 0x00000000d3000000|  0%| F|  |TAMS 0x00000000d2c00000, 0x00000000d2c00000| Untracked 
| 324|0x00000000d3000000, 0x00000000d3000000, 0x00000000d3400000|  0%| F|  |TAMS 0x00000000d3000000, 0x00000000d3000000| Untracked 
| 325|0x00000000d3400000, 0x00000000d3400000, 0x00000000d3800000|  0%| F|  |TAMS 0x00000000d3400000, 0x00000000d3400000| Untracked 
| 326|0x00000000d3800000, 0x00000000d3800000, 0x00000000d3c00000|  0%| F|  |TAMS 0x00000000d3800000, 0x00000000d3800000| Untracked 
| 327|0x00000000d3c00000, 0x00000000d3c00000, 0x00000000d4000000|  0%| F|  |TAMS 0x00000000d3c00000, 0x00000000d3c00000| Untracked 
| 328|0x00000000d4000000, 0x00000000d4000000, 0x00000000d4400000|  0%| F|  |TAMS 0x00000000d4000000, 0x00000000d4000000| Untracked 
| 329|0x00000000d4400000, 0x00000000d4400000, 0x00000000d4800000|  0%| F|  |TAMS 0x00000000d4400000, 0x00000000d4400000| Untracked 
| 330|0x00000000d4800000, 0x00000000d4800000, 0x00000000d4c00000|  0%| F|  |TAMS 0x00000000d4800000, 0x00000000d4800000| Untracked 
| 331|0x00000000d4c00000, 0x00000000d4c00000, 0x00000000d5000000|  0%| F|  |TAMS 0x00000000d4c00000, 0x00000000d4c00000| Untracked 
| 332|0x00000000d5000000, 0x00000000d5000000, 0x00000000d5400000|  0%| F|  |TAMS 0x00000000d5000000, 0x00000000d5000000| Untracked 
| 333|0x00000000d5400000, 0x00000000d5400000, 0x00000000d5800000|  0%| F|  |TAMS 0x00000000d5400000, 0x00000000d5400000| Untracked 
| 334|0x00000000d5800000, 0x00000000d5800000, 0x00000000d5c00000|  0%| F|  |TAMS 0x00000000d5800000, 0x00000000d5800000| Untracked 
| 335|0x00000000d5c00000, 0x00000000d5c00000, 0x00000000d6000000|  0%| F|  |TAMS 0x00000000d5c00000, 0x00000000d5c00000| Untracked 
| 336|0x00000000d6000000, 0x00000000d6000000, 0x00000000d6400000|  0%| F|  |TAMS 0x00000000d6000000, 0x00000000d6000000| Untracked 
| 337|0x00000000d6400000, 0x00000000d6400000, 0x00000000d6800000|  0%| F|  |TAMS 0x00000000d6400000, 0x00000000d6400000| Untracked 
| 338|0x00000000d6800000, 0x00000000d6800000, 0x00000000d6c00000|  0%| F|  |TAMS 0x00000000d6800000, 0x00000000d6800000| Untracked 
| 339|0x00000000d6c00000, 0x00000000d6c00000, 0x00000000d7000000|  0%| F|  |TAMS 0x00000000d6c00000, 0x00000000d6c00000| Untracked 
| 340|0x00000000d7000000, 0x00000000d7000000, 0x00000000d7400000|  0%| F|  |TAMS 0x00000000d7000000, 0x00000000d7000000| Untracked 
| 341|0x00000000d7400000, 0x00000000d7400000, 0x00000000d7800000|  0%| F|  |TAMS 0x00000000d7400000, 0x00000000d7400000| Untracked 
| 342|0x00000000d7800000, 0x00000000d7800000, 0x00000000d7c00000|  0%| F|  |TAMS 0x00000000d7800000, 0x00000000d7800000| Untracked 
| 343|0x00000000d7c00000, 0x00000000d7c00000, 0x00000000d8000000|  0%| F|  |TAMS 0x00000000d7c00000, 0x00000000d7c00000| Untracked 
| 344|0x00000000d8000000, 0x00000000d8000000, 0x00000000d8400000|  0%| F|  |TAMS 0x00000000d8000000, 0x00000000d8000000| Untracked 
| 345|0x00000000d8400000, 0x00000000d8400000, 0x00000000d8800000|  0%| F|  |TAMS 0x00000000d8400000, 0x00000000d8400000| Untracked 
| 346|0x00000000d8800000, 0x00000000d8800000, 0x00000000d8c00000|  0%| F|  |TAMS 0x00000000d8800000, 0x00000000d8800000| Untracked 
| 347|0x00000000d8c00000, 0x00000000d8c00000, 0x00000000d9000000|  0%| F|  |TAMS 0x00000000d8c00000, 0x00000000d8c00000| Untracked 
| 348|0x00000000d9000000, 0x00000000d9000000, 0x00000000d9400000|  0%| F|  |TAMS 0x00000000d9000000, 0x00000000d9000000| Untracked 
| 349|0x00000000d9400000, 0x00000000d9400000, 0x00000000d9800000|  0%| F|  |TAMS 0x00000000d9400000, 0x00000000d9400000| Untracked 
| 350|0x00000000d9800000, 0x00000000d9800000, 0x00000000d9c00000|  0%| F|  |TAMS 0x00000000d9800000, 0x00000000d9800000| Untracked 
| 351|0x00000000d9c00000, 0x00000000d9c00000, 0x00000000da000000|  0%| F|  |TAMS 0x00000000d9c00000, 0x00000000d9c00000| Untracked 
| 352|0x00000000da000000, 0x00000000da000000, 0x00000000da400000|  0%| F|  |TAMS 0x00000000da000000, 0x00000000da000000| Untracked 
| 353|0x00000000da400000, 0x00000000da400000, 0x00000000da800000|  0%| F|  |TAMS 0x00000000da400000, 0x00000000da400000| Untracked 
| 354|0x00000000da800000, 0x00000000da800000, 0x00000000dac00000|  0%| F|  |TAMS 0x00000000da800000, 0x00000000da800000| Untracked 
| 355|0x00000000dac00000, 0x00000000dac00000, 0x00000000db000000|  0%| F|  |TAMS 0x00000000dac00000, 0x00000000dac00000| Untracked 
| 356|0x00000000db000000, 0x00000000db000000, 0x00000000db400000|  0%| F|  |TAMS 0x00000000db000000, 0x00000000db000000| Untracked 
| 357|0x00000000db400000, 0x00000000db400000, 0x00000000db800000|  0%| F|  |TAMS 0x00000000db400000, 0x00000000db400000| Untracked 
| 358|0x00000000db800000, 0x00000000db800000, 0x00000000dbc00000|  0%| F|  |TAMS 0x00000000db800000, 0x00000000db800000| Untracked 
| 359|0x00000000dbc00000, 0x00000000dbc00000, 0x00000000dc000000|  0%| F|  |TAMS 0x00000000dbc00000, 0x00000000dbc00000| Untracked 
| 360|0x00000000dc000000, 0x00000000dc000000, 0x00000000dc400000|  0%| F|  |TAMS 0x00000000dc000000, 0x00000000dc000000| Untracked 
| 361|0x00000000dc400000, 0x00000000dc400000, 0x00000000dc800000|  0%| F|  |TAMS 0x00000000dc400000, 0x00000000dc400000| Untracked 
| 362|0x00000000dc800000, 0x00000000dc800000, 0x00000000dcc00000|  0%| F|  |TAMS 0x00000000dc800000, 0x00000000dc800000| Untracked 
| 363|0x00000000dcc00000, 0x00000000dcc00000, 0x00000000dd000000|  0%| F|  |TAMS 0x00000000dcc00000, 0x00000000dcc00000| Untracked 
| 364|0x00000000dd000000, 0x00000000dd000000, 0x00000000dd400000|  0%| F|  |TAMS 0x00000000dd000000, 0x00000000dd000000| Untracked 
| 365|0x00000000dd400000, 0x00000000dd400000, 0x00000000dd800000|  0%| F|  |TAMS 0x00000000dd400000, 0x00000000dd400000| Untracked 
| 366|0x00000000dd800000, 0x00000000dd800000, 0x00000000ddc00000|  0%| F|  |TAMS 0x00000000dd800000, 0x00000000dd800000| Untracked 
| 367|0x00000000ddc00000, 0x00000000ddc00000, 0x00000000de000000|  0%| F|  |TAMS 0x00000000ddc00000, 0x00000000ddc00000| Untracked 
| 368|0x00000000de000000, 0x00000000de000000, 0x00000000de400000|  0%| F|  |TAMS 0x00000000de000000, 0x00000000de000000| Untracked 
| 369|0x00000000de400000, 0x00000000de400000, 0x00000000de800000|  0%| F|  |TAMS 0x00000000de400000, 0x00000000de400000| Untracked 
| 370|0x00000000de800000, 0x00000000de800000, 0x00000000dec00000|  0%| F|  |TAMS 0x00000000de800000, 0x00000000de800000| Untracked 
| 371|0x00000000dec00000, 0x00000000dec00000, 0x00000000df000000|  0%| F|  |TAMS 0x00000000dec00000, 0x00000000dec00000| Untracked 
| 372|0x00000000df000000, 0x00000000df000000, 0x00000000df400000|  0%| F|  |TAMS 0x00000000df000000, 0x00000000df000000| Untracked 
| 373|0x00000000df400000, 0x00000000df400000, 0x00000000df800000|  0%| F|  |TAMS 0x00000000df400000, 0x00000000df400000| Untracked 
| 374|0x00000000df800000, 0x00000000df800000, 0x00000000dfc00000|  0%| F|  |TAMS 0x00000000df800000, 0x00000000df800000| Untracked 
| 375|0x00000000dfc00000, 0x00000000dfc00000, 0x00000000e0000000|  0%| F|  |TAMS 0x00000000dfc00000, 0x00000000dfc00000| Untracked 
| 376|0x00000000e0000000, 0x00000000e0000000, 0x00000000e0400000|  0%| F|  |TAMS 0x00000000e0000000, 0x00000000e0000000| Untracked 
| 377|0x00000000e0400000, 0x00000000e0400000, 0x00000000e0800000|  0%| F|  |TAMS 0x00000000e0400000, 0x00000000e0400000| Untracked 
| 378|0x00000000e0800000, 0x00000000e0800000, 0x00000000e0c00000|  0%| F|  |TAMS 0x00000000e0800000, 0x00000000e0800000| Untracked 
| 379|0x00000000e0c00000, 0x00000000e0c00000, 0x00000000e1000000|  0%| F|  |TAMS 0x00000000e0c00000, 0x00000000e0c00000| Untracked 
| 380|0x00000000e1000000, 0x00000000e1000000, 0x00000000e1400000|  0%| F|  |TAMS 0x00000000e1000000, 0x00000000e1000000| Untracked 
| 381|0x00000000e1400000, 0x00000000e1400000, 0x00000000e1800000|  0%| F|  |TAMS 0x00000000e1400000, 0x00000000e1400000| Untracked 
| 382|0x00000000e1800000, 0x00000000e1800000, 0x00000000e1c00000|  0%| F|  |TAMS 0x00000000e1800000, 0x00000000e1800000| Untracked 
| 383|0x00000000e1c00000, 0x00000000e1c00000, 0x00000000e2000000|  0%| F|  |TAMS 0x00000000e1c00000, 0x00000000e1c00000| Untracked 
| 384|0x00000000e2000000, 0x00000000e2000000, 0x00000000e2400000|  0%| F|  |TAMS 0x00000000e2000000, 0x00000000e2000000| Untracked 
| 385|0x00000000e2400000, 0x00000000e2400000, 0x00000000e2800000|  0%| F|  |TAMS 0x00000000e2400000, 0x00000000e2400000| Untracked 
| 386|0x00000000e2800000, 0x00000000e2800000, 0x00000000e2c00000|  0%| F|  |TAMS 0x00000000e2800000, 0x00000000e2800000| Untracked 
| 387|0x00000000e2c00000, 0x00000000e2c00000, 0x00000000e3000000|  0%| F|  |TAMS 0x00000000e2c00000, 0x00000000e2c00000| Untracked 
| 388|0x00000000e3000000, 0x00000000e3000000, 0x00000000e3400000|  0%| F|  |TAMS 0x00000000e3000000, 0x00000000e3000000| Untracked 
| 389|0x00000000e3400000, 0x00000000e3400000, 0x00000000e3800000|  0%| F|  |TAMS 0x00000000e3400000, 0x00000000e3400000| Untracked 
| 390|0x00000000e3800000, 0x00000000e3800000, 0x00000000e3c00000|  0%| F|  |TAMS 0x00000000e3800000, 0x00000000e3800000| Untracked 
| 391|0x00000000e3c00000, 0x00000000e3c00000, 0x00000000e4000000|  0%| F|  |TAMS 0x00000000e3c00000, 0x00000000e3c00000| Untracked 
| 392|0x00000000e4000000, 0x00000000e4000000, 0x00000000e4400000|  0%| F|  |TAMS 0x00000000e4000000, 0x00000000e4000000| Untracked 
| 393|0x00000000e4400000, 0x00000000e4400000, 0x00000000e4800000|  0%| F|  |TAMS 0x00000000e4400000, 0x00000000e4400000| Untracked 
| 394|0x00000000e4800000, 0x00000000e4800000, 0x00000000e4c00000|  0%| F|  |TAMS 0x00000000e4800000, 0x00000000e4800000| Untracked 
| 395|0x00000000e4c00000, 0x00000000e4c00000, 0x00000000e5000000|  0%| F|  |TAMS 0x00000000e4c00000, 0x00000000e4c00000| Untracked 
| 396|0x00000000e5000000, 0x00000000e5000000, 0x00000000e5400000|  0%| F|  |TAMS 0x00000000e5000000, 0x00000000e5000000| Untracked 
| 397|0x00000000e5400000, 0x00000000e5400000, 0x00000000e5800000|  0%| F|  |TAMS 0x00000000e5400000, 0x00000000e5400000| Untracked 
| 398|0x00000000e5800000, 0x00000000e5800000, 0x00000000e5c00000|  0%| F|  |TAMS 0x00000000e5800000, 0x00000000e5800000| Untracked 
| 399|0x00000000e5c00000, 0x00000000e5c00000, 0x00000000e6000000|  0%| F|  |TAMS 0x00000000e5c00000, 0x00000000e5c00000| Untracked 
| 400|0x00000000e6000000, 0x00000000e6000000, 0x00000000e6400000|  0%| F|  |TAMS 0x00000000e6000000, 0x00000000e6000000| Untracked 
| 401|0x00000000e6400000, 0x00000000e6400000, 0x00000000e6800000|  0%| F|  |TAMS 0x00000000e6400000, 0x00000000e6400000| Untracked 
| 402|0x00000000e6800000, 0x00000000e6800000, 0x00000000e6c00000|  0%| F|  |TAMS 0x00000000e6800000, 0x00000000e6800000| Untracked 
| 403|0x00000000e6c00000, 0x00000000e6c00000, 0x00000000e7000000|  0%| F|  |TAMS 0x00000000e6c00000, 0x00000000e6c00000| Untracked 
| 404|0x00000000e7000000, 0x00000000e7000000, 0x00000000e7400000|  0%| F|  |TAMS 0x00000000e7000000, 0x00000000e7000000| Untracked 
| 405|0x00000000e7400000, 0x00000000e7400000, 0x00000000e7800000|  0%| F|  |TAMS 0x00000000e7400000, 0x00000000e7400000| Untracked 
| 406|0x00000000e7800000, 0x00000000e7800000, 0x00000000e7c00000|  0%| F|  |TAMS 0x00000000e7800000, 0x00000000e7800000| Untracked 
| 407|0x00000000e7c00000, 0x00000000e7c00000, 0x00000000e8000000|  0%| F|  |TAMS 0x00000000e7c00000, 0x00000000e7c00000| Untracked 
| 408|0x00000000e8000000, 0x00000000e8000000, 0x00000000e8400000|  0%| F|  |TAMS 0x00000000e8000000, 0x00000000e8000000| Untracked 
| 409|0x00000000e8400000, 0x00000000e8400000, 0x00000000e8800000|  0%| F|  |TAMS 0x00000000e8400000, 0x00000000e8400000| Untracked 
| 410|0x00000000e8800000, 0x00000000e8800000, 0x00000000e8c00000|  0%| F|  |TAMS 0x00000000e8800000, 0x00000000e8800000| Untracked 
| 411|0x00000000e8c00000, 0x00000000e8c00000, 0x00000000e9000000|  0%| F|  |TAMS 0x00000000e8c00000, 0x00000000e8c00000| Untracked 
| 412|0x00000000e9000000, 0x00000000e9000000, 0x00000000e9400000|  0%| F|  |TAMS 0x00000000e9000000, 0x00000000e9000000| Untracked 
| 413|0x00000000e9400000, 0x00000000e9400000, 0x00000000e9800000|  0%| F|  |TAMS 0x00000000e9400000, 0x00000000e9400000| Untracked 
| 414|0x00000000e9800000, 0x00000000e9800000, 0x00000000e9c00000|  0%| F|  |TAMS 0x00000000e9800000, 0x00000000e9800000| Untracked 
| 415|0x00000000e9c00000, 0x00000000e9c00000, 0x00000000ea000000|  0%| F|  |TAMS 0x00000000e9c00000, 0x00000000e9c00000| Untracked 
| 416|0x00000000ea000000, 0x00000000ea000000, 0x00000000ea400000|  0%| F|  |TAMS 0x00000000ea000000, 0x00000000ea000000| Untracked 
| 417|0x00000000ea400000, 0x00000000ea400000, 0x00000000ea800000|  0%| F|  |TAMS 0x00000000ea400000, 0x00000000ea400000| Untracked 
| 418|0x00000000ea800000, 0x00000000ea800000, 0x00000000eac00000|  0%| F|  |TAMS 0x00000000ea800000, 0x00000000ea800000| Untracked 
| 419|0x00000000eac00000, 0x00000000eac00000, 0x00000000eb000000|  0%| F|  |TAMS 0x00000000eac00000, 0x00000000eac00000| Untracked 
| 420|0x00000000eb000000, 0x00000000eb000000, 0x00000000eb400000|  0%| F|  |TAMS 0x00000000eb000000, 0x00000000eb000000| Untracked 
| 421|0x00000000eb400000, 0x00000000eb400000, 0x00000000eb800000|  0%| F|  |TAMS 0x00000000eb400000, 0x00000000eb400000| Untracked 
| 422|0x00000000eb800000, 0x00000000eb800000, 0x00000000ebc00000|  0%| F|  |TAMS 0x00000000eb800000, 0x00000000eb800000| Untracked 
| 423|0x00000000ebc00000, 0x00000000ebc00000, 0x00000000ec000000|  0%| F|  |TAMS 0x00000000ebc00000, 0x00000000ebc00000| Untracked 
| 424|0x00000000ec000000, 0x00000000ec000000, 0x00000000ec400000|  0%| F|  |TAMS 0x00000000ec000000, 0x00000000ec000000| Untracked 
| 425|0x00000000ec400000, 0x00000000ec400000, 0x00000000ec800000|  0%| F|  |TAMS 0x00000000ec400000, 0x00000000ec400000| Untracked 
| 426|0x00000000ec800000, 0x00000000ec800000, 0x00000000ecc00000|  0%| F|  |TAMS 0x00000000ec800000, 0x00000000ec800000| Untracked 
| 427|0x00000000ecc00000, 0x00000000ecc00000, 0x00000000ed000000|  0%| F|  |TAMS 0x00000000ecc00000, 0x00000000ecc00000| Untracked 
| 428|0x00000000ed000000, 0x00000000ed000000, 0x00000000ed400000|  0%| F|  |TAMS 0x00000000ed000000, 0x00000000ed000000| Untracked 
| 429|0x00000000ed400000, 0x00000000ed400000, 0x00000000ed800000|  0%| F|  |TAMS 0x00000000ed400000, 0x00000000ed400000| Untracked 
| 430|0x00000000ed800000, 0x00000000ed800000, 0x00000000edc00000|  0%| F|  |TAMS 0x00000000ed800000, 0x00000000ed800000| Untracked 
| 431|0x00000000edc00000, 0x00000000edc00000, 0x00000000ee000000|  0%| F|  |TAMS 0x00000000edc00000, 0x00000000edc00000| Untracked 
| 432|0x00000000ee000000, 0x00000000ee000000, 0x00000000ee400000|  0%| F|  |TAMS 0x00000000ee000000, 0x00000000ee000000| Untracked 
| 433|0x00000000ee400000, 0x00000000ee400000, 0x00000000ee800000|  0%| F|  |TAMS 0x00000000ee400000, 0x00000000ee400000| Untracked 
| 434|0x00000000ee800000, 0x00000000ee800000, 0x00000000eec00000|  0%| F|  |TAMS 0x00000000ee800000, 0x00000000ee800000| Untracked 
| 435|0x00000000eec00000, 0x00000000eec00000, 0x00000000ef000000|  0%| F|  |TAMS 0x00000000eec00000, 0x00000000eec00000| Untracked 
| 436|0x00000000ef000000, 0x00000000ef000000, 0x00000000ef400000|  0%| F|  |TAMS 0x00000000ef000000, 0x00000000ef000000| Untracked 
| 437|0x00000000ef400000, 0x00000000ef400000, 0x00000000ef800000|  0%| F|  |TAMS 0x00000000ef400000, 0x00000000ef400000| Untracked 
| 438|0x00000000ef800000, 0x00000000ef800000, 0x00000000efc00000|  0%| F|  |TAMS 0x00000000ef800000, 0x00000000ef800000| Untracked 
| 439|0x00000000efc00000, 0x00000000efc00000, 0x00000000f0000000|  0%| F|  |TAMS 0x00000000efc00000, 0x00000000efc00000| Untracked 
| 440|0x00000000f0000000, 0x00000000f0000000, 0x00000000f0400000|  0%| F|  |TAMS 0x00000000f0000000, 0x00000000f0000000| Untracked 
| 441|0x00000000f0400000, 0x00000000f0400000, 0x00000000f0800000|  0%| F|  |TAMS 0x00000000f0400000, 0x00000000f0400000| Untracked 
| 442|0x00000000f0800000, 0x00000000f0800000, 0x00000000f0c00000|  0%| F|  |TAMS 0x00000000f0800000, 0x00000000f0800000| Untracked 
| 443|0x00000000f0c00000, 0x00000000f0c00000, 0x00000000f1000000|  0%| F|  |TAMS 0x00000000f0c00000, 0x00000000f0c00000| Untracked 
| 444|0x00000000f1000000, 0x00000000f1000000, 0x00000000f1400000|  0%| F|  |TAMS 0x00000000f1000000, 0x00000000f1000000| Untracked 
| 445|0x00000000f1400000, 0x00000000f1400000, 0x00000000f1800000|  0%| F|  |TAMS 0x00000000f1400000, 0x00000000f1400000| Untracked 
| 446|0x00000000f1800000, 0x00000000f1800000, 0x00000000f1c00000|  0%| F|  |TAMS 0x00000000f1800000, 0x00000000f1800000| Untracked 
| 447|0x00000000f1c00000, 0x00000000f1c00000, 0x00000000f2000000|  0%| F|  |TAMS 0x00000000f1c00000, 0x00000000f1c00000| Untracked 
| 448|0x00000000f2000000, 0x00000000f2000000, 0x00000000f2400000|  0%| F|  |TAMS 0x00000000f2000000, 0x00000000f2000000| Untracked 
| 449|0x00000000f2400000, 0x00000000f2400000, 0x00000000f2800000|  0%| F|  |TAMS 0x00000000f2400000, 0x00000000f2400000| Untracked 
| 450|0x00000000f2800000, 0x00000000f2800000, 0x00000000f2c00000|  0%| F|  |TAMS 0x00000000f2800000, 0x00000000f2800000| Untracked 
| 451|0x00000000f2c00000, 0x00000000f2c00000, 0x00000000f3000000|  0%| F|  |TAMS 0x00000000f2c00000, 0x00000000f2c00000| Untracked 
| 452|0x00000000f3000000, 0x00000000f3000000, 0x00000000f3400000|  0%| F|  |TAMS 0x00000000f3000000, 0x00000000f3000000| Untracked 
| 453|0x00000000f3400000, 0x00000000f3400000, 0x00000000f3800000|  0%| F|  |TAMS 0x00000000f3400000, 0x00000000f3400000| Untracked 
| 454|0x00000000f3800000, 0x00000000f3800000, 0x00000000f3c00000|  0%| F|  |TAMS 0x00000000f3800000, 0x00000000f3800000| Untracked 
| 455|0x00000000f3c00000, 0x00000000f3c00000, 0x00000000f4000000|  0%| F|  |TAMS 0x00000000f3c00000, 0x00000000f3c00000| Untracked 
| 456|0x00000000f4000000, 0x00000000f4000000, 0x00000000f4400000|  0%| F|  |TAMS 0x00000000f4000000, 0x00000000f4000000| Untracked 
| 457|0x00000000f4400000, 0x00000000f4400000, 0x00000000f4800000|  0%| F|  |TAMS 0x00000000f4400000, 0x00000000f4400000| Untracked 
| 458|0x00000000f4800000, 0x00000000f4800000, 0x00000000f4c00000|  0%| F|  |TAMS 0x00000000f4800000, 0x00000000f4800000| Untracked 
| 459|0x00000000f4c00000, 0x00000000f4c00000, 0x00000000f5000000|  0%| F|  |TAMS 0x00000000f4c00000, 0x00000000f4c00000| Untracked 
| 460|0x00000000f5000000, 0x00000000f5000000, 0x00000000f5400000|  0%| F|  |TAMS 0x00000000f5000000, 0x00000000f5000000| Untracked 
| 461|0x00000000f5400000, 0x00000000f5400000, 0x00000000f5800000|  0%| F|  |TAMS 0x00000000f5400000, 0x00000000f5400000| Untracked 
| 462|0x00000000f5800000, 0x00000000f5800000, 0x00000000f5c00000|  0%| F|  |TAMS 0x00000000f5800000, 0x00000000f5800000| Untracked 
| 463|0x00000000f5c00000, 0x00000000f5c00000, 0x00000000f6000000|  0%| F|  |TAMS 0x00000000f5c00000, 0x00000000f5c00000| Untracked 
| 464|0x00000000f6000000, 0x00000000f6000000, 0x00000000f6400000|  0%| F|  |TAMS 0x00000000f6000000, 0x00000000f6000000| Untracked 
| 465|0x00000000f6400000, 0x00000000f6400000, 0x00000000f6800000|  0%| F|  |TAMS 0x00000000f6400000, 0x00000000f6400000| Untracked 
| 466|0x00000000f6800000, 0x00000000f6800000, 0x00000000f6c00000|  0%| F|  |TAMS 0x00000000f6800000, 0x00000000f6800000| Untracked 
| 467|0x00000000f6c00000, 0x00000000f6c00000, 0x00000000f7000000|  0%| F|  |TAMS 0x00000000f6c00000, 0x00000000f6c00000| Untracked 
| 468|0x00000000f7000000, 0x00000000f7000000, 0x00000000f7400000|  0%| F|  |TAMS 0x00000000f7000000, 0x00000000f7000000| Untracked 
| 469|0x00000000f7400000, 0x00000000f7400000, 0x00000000f7800000|  0%| F|  |TAMS 0x00000000f7400000, 0x00000000f7400000| Untracked 
| 470|0x00000000f7800000, 0x00000000f7800000, 0x00000000f7c00000|  0%| F|  |TAMS 0x00000000f7800000, 0x00000000f7800000| Untracked 
| 471|0x00000000f7c00000, 0x00000000f7c00000, 0x00000000f8000000|  0%| F|  |TAMS 0x00000000f7c00000, 0x00000000f7c00000| Untracked 
| 472|0x00000000f8000000, 0x00000000f8000000, 0x00000000f8400000|  0%| F|  |TAMS 0x00000000f8000000, 0x00000000f8000000| Untracked 
| 473|0x00000000f8400000, 0x00000000f8400000, 0x00000000f8800000|  0%| F|  |TAMS 0x00000000f8400000, 0x00000000f8400000| Untracked 
| 474|0x00000000f8800000, 0x00000000f8800000, 0x00000000f8c00000|  0%| F|  |TAMS 0x00000000f8800000, 0x00000000f8800000| Untracked 
| 475|0x00000000f8c00000, 0x00000000f8c00000, 0x00000000f9000000|  0%| F|  |TAMS 0x00000000f8c00000, 0x00000000f8c00000| Untracked 
| 476|0x00000000f9000000, 0x00000000f9000000, 0x00000000f9400000|  0%| F|  |TAMS 0x00000000f9000000, 0x00000000f9000000| Untracked 
| 477|0x00000000f9400000, 0x00000000f9400000, 0x00000000f9800000|  0%| F|  |TAMS 0x00000000f9400000, 0x00000000f9400000| Untracked 
| 478|0x00000000f9800000, 0x00000000f9800000, 0x00000000f9c00000|  0%| F|  |TAMS 0x00000000f9800000, 0x00000000f9800000| Untracked 
| 479|0x00000000f9c00000, 0x00000000f9c00000, 0x00000000fa000000|  0%| F|  |TAMS 0x00000000f9c00000, 0x00000000f9c00000| Untracked 
| 480|0x00000000fa000000, 0x00000000fa000000, 0x00000000fa400000|  0%| F|  |TAMS 0x00000000fa000000, 0x00000000fa000000| Untracked 
| 481|0x00000000fa400000, 0x00000000fa400000, 0x00000000fa800000|  0%| F|  |TAMS 0x00000000fa400000, 0x00000000fa400000| Untracked 
| 482|0x00000000fa800000, 0x00000000fa800000, 0x00000000fac00000|  0%| F|  |TAMS 0x00000000fa800000, 0x00000000fa800000| Untracked 
| 483|0x00000000fac00000, 0x00000000fac00000, 0x00000000fb000000|  0%| F|  |TAMS 0x00000000fac00000, 0x00000000fac00000| Untracked 
| 484|0x00000000fb000000, 0x00000000fb000000, 0x00000000fb400000|  0%| F|  |TAMS 0x00000000fb000000, 0x00000000fb000000| Untracked 
| 485|0x00000000fb400000, 0x00000000fb400000, 0x00000000fb800000|  0%| F|  |TAMS 0x00000000fb400000, 0x00000000fb400000| Untracked 
| 486|0x00000000fb800000, 0x00000000fb800000, 0x00000000fbc00000|  0%| F|  |TAMS 0x00000000fb800000, 0x00000000fb800000| Untracked 
| 487|0x00000000fbc00000, 0x00000000fbc00000, 0x00000000fc000000|  0%| F|  |TAMS 0x00000000fbc00000, 0x00000000fbc00000| Untracked 
| 488|0x00000000fc000000, 0x00000000fc000000, 0x00000000fc400000|  0%| F|  |TAMS 0x00000000fc000000, 0x00000000fc000000| Untracked 
| 489|0x00000000fc400000, 0x00000000fc400000, 0x00000000fc800000|  0%| F|  |TAMS 0x00000000fc400000, 0x00000000fc400000| Untracked 
| 490|0x00000000fc800000, 0x00000000fc800000, 0x00000000fcc00000|  0%| F|  |TAMS 0x00000000fc800000, 0x00000000fc800000| Untracked 
| 491|0x00000000fcc00000, 0x00000000fcc00000, 0x00000000fd000000|  0%| F|  |TAMS 0x00000000fcc00000, 0x00000000fcc00000| Untracked 
| 492|0x00000000fd000000, 0x00000000fd000000, 0x00000000fd400000|  0%| F|  |TAMS 0x00000000fd000000, 0x00000000fd000000| Untracked 
| 493|0x00000000fd400000, 0x00000000fd400000, 0x00000000fd800000|  0%| F|  |TAMS 0x00000000fd400000, 0x00000000fd400000| Untracked 
| 494|0x00000000fd800000, 0x00000000fd800000, 0x00000000fdc00000|  0%| F|  |TAMS 0x00000000fd800000, 0x00000000fd800000| Untracked 
| 495|0x00000000fdc00000, 0x00000000fdc00000, 0x00000000fe000000|  0%| F|  |TAMS 0x00000000fdc00000, 0x00000000fdc00000| Untracked 
| 496|0x00000000fe000000, 0x00000000fe000000, 0x00000000fe400000|  0%| F|  |TAMS 0x00000000fe000000, 0x00000000fe000000| Untracked 
| 497|0x00000000fe400000, 0x00000000fe400000, 0x00000000fe800000|  0%| F|  |TAMS 0x00000000fe400000, 0x00000000fe400000| Untracked 
| 498|0x00000000fe800000, 0x00000000fe800000, 0x00000000fec00000|  0%| F|  |TAMS 0x00000000fe800000, 0x00000000fe800000| Untracked 
| 499|0x00000000fec00000, 0x00000000fec00000, 0x00000000ff000000|  0%| F|  |TAMS 0x00000000fec00000, 0x00000000fec00000| Untracked 
| 500|0x00000000ff000000, 0x00000000ff000000, 0x00000000ff400000|  0%| F|  |TAMS 0x00000000ff000000, 0x00000000ff000000| Untracked 
| 501|0x00000000ff400000, 0x00000000ff40e1b0, 0x00000000ff800000|  1%| E|  |TAMS 0x00000000ff400000, 0x00000000ff400000| Complete 

Card table byte_map: [0x00001477ad029000,0x00001477b0c19000] _byte_map_base: 0x00001477acc19000

Marking Bits (Prev, Next): (CMBitMap*) 0x00001477c407e238, (CMBitMap*) 0x00001477c407e278
 Prev Bits: [0x000014778b4b9000, 0x00001477a9439000)
 Next Bits: [0x000014776d539000, 0x000014778b4b9000)

Polling page: 0x00001477ceb39000

Metaspace:

Usage:
  Non-class:      4.00 MB capacity,     1.60 MB ( 40%) used,     2.40 MB ( 60%) free+waste,    64 bytes ( <1%) overhead. 
      Class:    384.00 KB capacity,   140.23 KB ( 37%) used,   243.71 KB ( 63%) free+waste,    64 bytes ( <1%) overhead. 
       Both:      4.38 MB capacity,     1.74 MB ( 40%) used,     2.63 MB ( 60%) free+waste,   128 bytes ( <1%) overhead. 

Virtual space:
  Non-class space:        8.00 MB reserved,       4.00 MB ( 50%) committed 
      Class space:        1.00 GB reserved,     384.00 KB ( <1%) committed 
             Both:        1.01 GB reserved,       4.38 MB ( <1%) committed 

Chunk freelists:
   Non-Class:  0 bytes
       Class:  0 bytes
        Both:  0 bytes

CodeHeap 'non-profiled nmethods': size=118884Kb used=0Kb max_used=0Kb free=118884Kb
 bounds [0x00001477bcbe7000, 0x00001477bce57000, 0x00001477c4000000]
CodeHeap 'profiled nmethods': size=118884Kb used=0Kb max_used=0Kb free=118884Kb
 bounds [0x00001477b57ce000, 0x00001477b5a3e000, 0x00001477bcbe7000]
CodeHeap 'non-nmethods': size=7992Kb used=365Kb max_used=365Kb free=7626Kb
 bounds [0x00001477b5000000, 0x00001477b5270000, 0x00001477b57ce000]
 total_blobs=153 nmethods=0 adapters=110
 compilation: enabled
              stopped_count=0, restarted_count=0
 full_count=0

Compilation events (0 events):
No events

GC Heap History (0 events):
No events

Deoptimization events (0 events):
No events

Classes redefined (0 events):
No events

Internal exceptions (0 events):
No events

Events (10 events):
Event: 0.041 loading class java/io/FileOutputStream
Event: 0.041 loading class java/io/OutputStream
Event: 0.041 loading class java/io/Flushable
Event: 0.041 loading class java/io/Flushable done
Event: 0.041 loading class java/io/OutputStream done
Event: 0.041 loading class java/io/FileOutputStream done
Event: 0.041 loading class java/io/BufferedInputStream
Event: 0.041 loading class java/io/FilterInputStream
Event: 0.041 loading class java/io/FilterInputStream done
Event: 0.041 loading class java/io/BufferedInputStream done


Dynamic libraries:
00400000-00401000 r-xp 00000000 fd:02 82141021                           /home/dcslab/cgmin/jdk12.0.1/build/linux-x86_64-server-release/support/interim-image/bin/java
00601000-00602000 r--p 00001000 fd:02 82141021                           /home/dcslab/cgmin/jdk12.0.1/build/linux-x86_64-server-release/support/interim-image/bin/java
00602000-00603000 rw-p 00002000 fd:02 82141021                           /home/dcslab/cgmin/jdk12.0.1/build/linux-x86_64-server-release/support/interim-image/bin/java
00d70000-00d91000 rw-p 00000000 00:00 0                                  [heap]
82000000-ff800000 rw-p 00000000 00:00 0 
ff800000-800000000 ---p 00000000 00:00 0 
800000000-800060000 rw-p 00000000 00:00 0 
800060000-840000000 ---p 00000000 00:00 0 
14773dad6000-147744000000 r--p 00000000 fd:00 1524467                    /usr/lib/locale/locale-archive
147744000000-147744021000 rw-p 00000000 00:00 0 
147744021000-147748000000 ---p 00000000 00:00 0 
147748000000-147748021000 rw-p 00000000 00:00 0 
147748021000-14774c000000 ---p 00000000 00:00 0 
14774c000000-14774c021000 rw-p 00000000 00:00 0 
14774c021000-147750000000 ---p 00000000 00:00 0 
147750000000-147750021000 rw-p 00000000 00:00 0 
147750021000-147754000000 ---p 00000000 00:00 0 
147757560000-147757c00000 rw-p 00000000 00:00 0 
147757c00000-147758000000 ---p 00000000 00:00 0 
147758000000-147758021000 rw-p 00000000 00:00 0 
147758021000-14775c000000 ---p 00000000 00:00 0 
14775c28b000-14775c3e1000 rw-p 00000000 00:00 0 
14775c3e1000-14775c3e5000 ---p 00000000 00:00 0 
14775c3e5000-14775c4e2000 rw-p 00000000 00:00 0 
14775c4e2000-14775c4e6000 ---p 00000000 00:00 0 
14775c4e6000-14775c5e3000 rw-p 00000000 00:00 0 
14775c5e3000-14775c5e4000 ---p 00000000 00:00 0 
14775c5e4000-14775c6e5000 rw-p 00000000 00:00 0 
14775c6e5000-14775c6e6000 ---p 00000000 00:00 0 
14775c6e6000-14775c7e7000 rw-p 00000000 00:00 0 
14775c7e7000-14775c7e8000 ---p 00000000 00:00 0 
14775c7e8000-147760000000 rw-p 00000000 00:00 0 
147760000000-147760021000 rw-p 00000000 00:00 0 
147760021000-147764000000 ---p 00000000 00:00 0 
147764000000-147764021000 rw-p 00000000 00:00 0 
147764021000-147768000000 ---p 00000000 00:00 0 
147768000000-147768021000 rw-p 00000000 00:00 0 
147768021000-14776c000000 ---p 00000000 00:00 0 
14776c01a000-14776caa5000 rw-p 00000000 00:00 0 
14776caa5000-14776caa6000 ---p 00000000 00:00 0 
14776caa6000-14776cba7000 rw-p 00000000 00:00 0 
14776cba7000-14776cba8000 ---p 00000000 00:00 0 
14776cba8000-14776cca9000 rw-p 00000000 00:00 0 
14776cca9000-14776ccaa000 ---p 00000000 00:00 0 
14776ccaa000-14776f499000 rw-p 00000000 00:00 0 
14776f499000-14778b4b9000 ---p 00000000 00:00 0 
14778b4b9000-14778d419000 rw-p 00000000 00:00 0 
14778d419000-1477a9439000 ---p 00000000 00:00 0 
1477a9439000-1477a9825000 rw-p 00000000 00:00 0 
1477a9825000-1477ad029000 ---p 00000000 00:00 0 
1477ad029000-1477ad415000 rw-p 00000000 00:00 0 
1477ad415000-1477b0c19000 ---p 00000000 00:00 0 
1477b0c19000-1477b1005000 rw-p 00000000 00:00 0 
1477b1005000-1477b4809000 ---p 00000000 00:00 0 
1477b4809000-1477b5000000 rw-p 00000000 00:00 0 
1477b5000000-1477b5270000 rwxp 00000000 00:00 0 
1477b5270000-1477b57ce000 ---p 00000000 00:00 0 
1477b57ce000-1477b5a3e000 rwxp 00000000 00:00 0 
1477b5a3e000-1477bcbe7000 ---p 00000000 00:00 0 
1477bcbe7000-1477bce57000 rwxp 00000000 00:00 0 
1477bce57000-1477c4000000 ---p 00000000 00:00 0 
1477c4000000-1477c44df000 rw-p 00000000 00:00 0 
1477c44df000-1477c8000000 ---p 00000000 00:00 0 
1477c800c000-1477c9a86000 rw-p 00000000 00:00 0 
1477c9a86000-1477c9b6a000 ---p 00000000 00:00 0 
1477c9b6a000-1477c9b6f000 rw-p 00000000 00:00 0 
1477c9b6f000-1477c9c53000 ---p 00000000 00:00 0 
1477c9c53000-1477cb4b3000 r--s 00000000 fd:02 149116325                  /home/dcslab/cgmin/jdk12.0.1/build/linux-x86_64-server-release/support/interim-image/lib/modules
1477cb4b3000-1477cb4b8000 r-xp 00000000 fd:02 149116345                  /home/dcslab/cgmin/jdk12.0.1/build/linux-x86_64-server-release/support/interim-image/lib/libjimage.so
1477cb4b8000-1477cb6b8000 ---p 00005000 fd:02 149116345                  /home/dcslab/cgmin/jdk12.0.1/build/linux-x86_64-server-release/support/interim-image/lib/libjimage.so
1477cb6b8000-1477cb6b9000 r--p 00005000 fd:02 149116345                  /home/dcslab/cgmin/jdk12.0.1/build/linux-x86_64-server-release/support/interim-image/lib/libjimage.so
1477cb6b9000-1477cb6ba000 rw-p 00006000 fd:02 149116345                  /home/dcslab/cgmin/jdk12.0.1/build/linux-x86_64-server-release/support/interim-image/lib/libjimage.so
1477cb6ba000-1477cb6c1000 r-xp 00000000 fd:02 149116344                  /home/dcslab/cgmin/jdk12.0.1/build/linux-x86_64-server-release/support/interim-image/lib/libzip.so
1477cb6c1000-1477cb8c0000 ---p 00007000 fd:02 149116344                  /home/dcslab/cgmin/jdk12.0.1/build/linux-x86_64-server-release/support/interim-image/lib/libzip.so
1477cb8c0000-1477cb8c1000 r--p 00006000 fd:02 149116344                  /home/dcslab/cgmin/jdk12.0.1/build/linux-x86_64-server-release/support/interim-image/lib/libzip.so
1477cb8c1000-1477cb8c2000 rw-p 00007000 fd:02 149116344                  /home/dcslab/cgmin/jdk12.0.1/build/linux-x86_64-server-release/support/interim-image/lib/libzip.so
1477cb8c2000-1477cb8ce000 r-xp 00000000 fd:00 67527450                   /usr/lib64/libnss_files-2.17.so
1477cb8ce000-1477cbacd000 ---p 0000c000 fd:00 67527450                   /usr/lib64/libnss_files-2.17.so
1477cbacd000-1477cbace000 r--p 0000b000 fd:00 67527450                   /usr/lib64/libnss_files-2.17.so
1477cbace000-1477cbacf000 rw-p 0000c000 fd:00 67527450                   /usr/lib64/libnss_files-2.17.so
1477cbacf000-1477cbad5000 rw-p 00000000 00:00 0 
1477cbad5000-1477cbafd000 r-xp 00000000 fd:02 149116342                  /home/dcslab/cgmin/jdk12.0.1/build/linux-x86_64-server-release/support/interim-image/lib/libjava.so
1477cbafd000-1477cbcfc000 ---p 00028000 fd:02 149116342                  /home/dcslab/cgmin/jdk12.0.1/build/linux-x86_64-server-release/support/interim-image/lib/libjava.so
1477cbcfc000-1477cbcfd000 r--p 00027000 fd:02 149116342                  /home/dcslab/cgmin/jdk12.0.1/build/linux-x86_64-server-release/support/interim-image/lib/libjava.so
1477cbcfd000-1477cbcff000 rw-p 00028000 fd:02 149116342                  /home/dcslab/cgmin/jdk12.0.1/build/linux-x86_64-server-release/support/interim-image/lib/libjava.so
1477cbcff000-1477cbd0c000 r-xp 00000000 fd:02 149116341                  /home/dcslab/cgmin/jdk12.0.1/build/linux-x86_64-server-release/support/interim-image/lib/libverify.so
1477cbd0c000-1477cbf0b000 ---p 0000d000 fd:02 149116341                  /home/dcslab/cgmin/jdk12.0.1/build/linux-x86_64-server-release/support/interim-image/lib/libverify.so
1477cbf0b000-1477cbf0d000 r--p 0000c000 fd:02 149116341                  /home/dcslab/cgmin/jdk12.0.1/build/linux-x86_64-server-release/support/interim-image/lib/libverify.so
1477cbf0d000-1477cbf0e000 rw-p 0000e000 fd:02 149116341                  /home/dcslab/cgmin/jdk12.0.1/build/linux-x86_64-server-release/support/interim-image/lib/libverify.so
1477cbf0e000-1477cbf23000 r-xp 00000000 fd:00 67349682                   /usr/lib64/libgcc_s-4.8.5-20150702.so.1
1477cbf23000-1477cc122000 ---p 00015000 fd:00 67349682                   /usr/lib64/libgcc_s-4.8.5-20150702.so.1
1477cc122000-1477cc123000 r--p 00014000 fd:00 67349682                   /usr/lib64/libgcc_s-4.8.5-20150702.so.1
1477cc123000-1477cc124000 rw-p 00015000 fd:00 67349682                   /usr/lib64/libgcc_s-4.8.5-20150702.so.1
1477cc124000-1477cc225000 r-xp 00000000 fd:00 67412312                   /usr/lib64/libm-2.17.so
1477cc225000-1477cc424000 ---p 00101000 fd:00 67412312                   /usr/lib64/libm-2.17.so
1477cc424000-1477cc425000 r--p 00100000 fd:00 67412312                   /usr/lib64/libm-2.17.so
1477cc425000-1477cc426000 rw-p 00101000 fd:00 67412312                   /usr/lib64/libm-2.17.so
1477cc426000-1477cc50f000 r-xp 00000000 fd:00 67349699                   /usr/lib64/libstdc++.so.6.0.19
1477cc50f000-1477cc70e000 ---p 000e9000 fd:00 67349699                   /usr/lib64/libstdc++.so.6.0.19
1477cc70e000-1477cc716000 r--p 000e8000 fd:00 67349699                   /usr/lib64/libstdc++.so.6.0.19
1477cc716000-1477cc718000 rw-p 000f0000 fd:00 67349699                   /usr/lib64/libstdc++.so.6.0.19
1477cc718000-1477cc72d000 rw-p 00000000 00:00 0 
1477cc72d000-1477cd972000 r-xp 00000000 fd:02 238039522                  /home/dcslab/cgmin/jdk12.0.1/build/linux-x86_64-server-release/support/interim-image/lib/server/libjvm.so
1477cd972000-1477cdb72000 ---p 01245000 fd:02 238039522                  /home/dcslab/cgmin/jdk12.0.1/build/linux-x86_64-server-release/support/interim-image/lib/server/libjvm.so
1477cdb72000-1477cdc47000 r--p 01245000 fd:02 238039522                  /home/dcslab/cgmin/jdk12.0.1/build/linux-x86_64-server-release/support/interim-image/lib/server/libjvm.so
1477cdc47000-1477cdc83000 rw-p 0131a000 fd:02 238039522                  /home/dcslab/cgmin/jdk12.0.1/build/linux-x86_64-server-release/support/interim-image/lib/server/libjvm.so
1477cdc83000-1477cdd09000 rw-p 00000000 00:00 0 
1477cdd09000-1477cdecb000 r-xp 00000000 fd:00 67116114                   /usr/lib64/libc-2.17.so
1477cdecb000-1477ce0cb000 ---p 001c2000 fd:00 67116114                   /usr/lib64/libc-2.17.so
1477ce0cb000-1477ce0cf000 r--p 001c2000 fd:00 67116114                   /usr/lib64/libc-2.17.so
1477ce0cf000-1477ce0d1000 rw-p 001c6000 fd:00 67116114                   /usr/lib64/libc-2.17.so
1477ce0d1000-1477ce0d6000 rw-p 00000000 00:00 0 
1477ce0d6000-1477ce0d8000 r-xp 00000000 fd:00 67412311                   /usr/lib64/libdl-2.17.so
1477ce0d8000-1477ce2d8000 ---p 00002000 fd:00 67412311                   /usr/lib64/libdl-2.17.so
1477ce2d8000-1477ce2d9000 r--p 00002000 fd:00 67412311                   /usr/lib64/libdl-2.17.so
1477ce2d9000-1477ce2da000 rw-p 00003000 fd:00 67412311                   /usr/lib64/libdl-2.17.so
1477ce2da000-1477ce2f1000 r-xp 00000000 fd:00 67527458                   /usr/lib64/libpthread-2.17.so
1477ce2f1000-1477ce4f0000 ---p 00017000 fd:00 67527458                   /usr/lib64/libpthread-2.17.so
1477ce4f0000-1477ce4f1000 r--p 00016000 fd:00 67527458                   /usr/lib64/libpthread-2.17.so
1477ce4f1000-1477ce4f2000 rw-p 00017000 fd:00 67527458                   /usr/lib64/libpthread-2.17.so
1477ce4f2000-1477ce4f6000 rw-p 00000000 00:00 0 
1477ce4f6000-1477ce505000 r-xp 00000000 fd:02 149116343                  /home/dcslab/cgmin/jdk12.0.1/build/linux-x86_64-server-release/support/interim-image/lib/libjli.so
1477ce505000-1477ce704000 ---p 0000f000 fd:02 149116343                  /home/dcslab/cgmin/jdk12.0.1/build/linux-x86_64-server-release/support/interim-image/lib/libjli.so
1477ce704000-1477ce705000 r--p 0000e000 fd:02 149116343                  /home/dcslab/cgmin/jdk12.0.1/build/linux-x86_64-server-release/support/interim-image/lib/libjli.so
1477ce705000-1477ce706000 rw-p 0000f000 fd:02 149116343                  /home/dcslab/cgmin/jdk12.0.1/build/linux-x86_64-server-release/support/interim-image/lib/libjli.so
1477ce706000-1477ce71b000 r-xp 00000000 fd:00 67116158                   /usr/lib64/libz.so.1.2.7
1477ce71b000-1477ce91a000 ---p 00015000 fd:00 67116158                   /usr/lib64/libz.so.1.2.7
1477ce91a000-1477ce91b000 r--p 00014000 fd:00 67116158                   /usr/lib64/libz.so.1.2.7
1477ce91b000-1477ce91c000 rw-p 00015000 fd:00 67116158                   /usr/lib64/libz.so.1.2.7
1477ce91c000-1477ce93e000 r-xp 00000000 fd:00 67116101                   /usr/lib64/ld-2.17.so
1477ce992000-1477cea1a000 rw-p 00000000 00:00 0 
1477cea1a000-1477cea25000 ---p 00000000 00:00 0 
1477cea25000-1477cea29000 ---p 00000000 00:00 0 
1477cea29000-1477ceb2b000 rw-p 00000000 00:00 0 
1477ceb2d000-1477ceb31000 rw-p 00000000 00:00 0 
1477ceb31000-1477ceb39000 rw-s 00000000 fd:00 67504679                   /tmp/hsperfdata_root/12931
1477ceb39000-1477ceb3a000 ---p 00000000 00:00 0 
1477ceb3a000-1477ceb3b000 r--p 00000000 00:00 0 
1477ceb3b000-1477ceb3c000 ---p 00000000 00:00 0 
1477ceb3c000-1477ceb3d000 rw-p 00000000 00:00 0 
1477ceb3d000-1477ceb3e000 r--p 00021000 fd:00 67116101                   /usr/lib64/ld-2.17.so
1477ceb3e000-1477ceb3f000 rw-p 00022000 fd:00 67116101                   /usr/lib64/ld-2.17.so
1477ceb3f000-1477ceb40000 rw-p 00000000 00:00 0 
7ffdd25e3000-7ffdd2605000 rw-p 00000000 00:00 0                          [stack]
7ffdd2772000-7ffdd2775000 r--p 00000000 00:00 0                          [vvar]
7ffdd2775000-7ffdd2776000 r-xp 00000000 00:00 0                          [vdso]
ffffffffff600000-ffffffffff601000 r-xp 00000000 00:00 0                  [vsyscall]


VM Arguments:
jvm_args: -XX:DumpLoadedClassList=/home/dcslab/cgmin/jdk12.0.1/build/linux-x86_64-server-release/support/link_opt/classlist.raw -Djava.lang.invoke.MethodHandle.TRACE_RESOLVE=true 
java_command: build.tools.classlist.HelloClasslist
java_class_path (initial): /home/dcslab/cgmin/jdk12.0.1/build/linux-x86_64-server-release/support/classlist.jar
Launcher Type: SUN_STANDARD

[Global flags]
     intx CICompilerCount                          = 15                                        {product} {ergonomic}
     uint ConcGCThreads                            = 8                                         {product} {ergonomic}
    ccstr DumpLoadedClassList                      = /home/dcslab/cgmin/jdk12.0.1/build/linux-x86_64-server-release/support/link_opt/classlist.raw            {product} {command line}
     uint G1ConcRefinementThreads                  = 33                                        {product} {ergonomic}
   size_t G1HeapRegionSize                         = 4194304                                   {product} {ergonomic}
    uintx GCDrainStackTargetSize                   = 64                                        {product} {ergonomic}
   size_t InitialHeapSize                          = 2105540608                                {product} {ergonomic}
   size_t MarkStackSize                            = 4194304                                   {product} {ergonomic}
   size_t MaxHeapSize                              = 32178700288                               {product} {ergonomic}
   size_t MaxNewSize                               = 19306381312                               {product} {ergonomic}
   size_t MinHeapDeltaBytes                        = 4194304                                   {product} {ergonomic}
    uintx NonNMethodCodeHeapSize                   = 8182140                                {pd product} {ergonomic}
    uintx NonProfiledCodeHeapSize                  = 121738050                              {pd product} {ergonomic}
    uintx ProfiledCodeHeapSize                     = 121738050                              {pd product} {ergonomic}
    uintx ReservedCodeCacheSize                    = 251658240                              {pd product} {ergonomic}
     bool SegmentedCodeCache                       = true                                      {product} {ergonomic}
     bool UseCompressedClassPointers               = true                                 {lp64_product} {ergonomic}
     bool UseCompressedOops                        = true                                 {lp64_product} {ergonomic}
     bool UseG1GC                                  = true                                      {product} {ergonomic}

Logging:
Log output configuration:
 #0: stdout all=warning uptime,level,tags
 #1: stderr all=off uptime,level,tags

Environment Variables:
PATH=/sbin:/bin:/usr/sbin:/usr/bin
USERNAME=root
LD_LIBRARY_PATH=:/usr/local/lib
SHELL=/bin/bash

Signal Handlers:
SIGSEGV: [libjvm.so+0xefc160], sa_mask[0]=11111111011111111101111111111110, sa_flags=SA_RESTART|SA_SIGINFO
SIGBUS: [libjvm.so+0xefc160], sa_mask[0]=11111111011111111101111111111110, sa_flags=SA_RESTART|SA_SIGINFO
SIGFPE: [libjvm.so+0xefc160], sa_mask[0]=11111111011111111101111111111110, sa_flags=SA_RESTART|SA_SIGINFO
SIGPIPE: [libjvm.so+0xbf1530], sa_mask[0]=11111111011111111101111111111110, sa_flags=SA_RESTART|SA_SIGINFO
SIGXFSZ: [libjvm.so+0xbf1530], sa_mask[0]=11111111011111111101111111111110, sa_flags=SA_RESTART|SA_SIGINFO
SIGILL: [libjvm.so+0xefc160], sa_mask[0]=11111111011111111101111111111110, sa_flags=SA_RESTART|SA_SIGINFO
SIGUSR2: [libjvm.so+0xbf13d0], sa_mask[0]=00000000000000000000000000000000, sa_flags=SA_RESTART|SA_SIGINFO
SIGHUP: SIG_DFL, sa_mask[0]=00000000000000000000000000000000, sa_flags=none
SIGINT: SIG_DFL, sa_mask[0]=00000000000000000000000000000000, sa_flags=none
SIGTERM: SIG_DFL, sa_mask[0]=00000000000000000000000000000000, sa_flags=none
SIGQUIT: SIG_DFL, sa_mask[0]=00000000000000000000000000000000, sa_flags=none


---------------  S Y S T E M  ---------------

OS:CentOS Linux release 7.6.1810 (Core) 
uname:Linux 5.2.0PMC0722+ #25 SMP Thu Jul 25 15:52:11 KST 2019 x86_64
libc:glibc 2.17 NPTL 2.17 
rlimit: STACK infinity, CORE 0k, NPROC 512949, NOFILE 4096, AS infinity, DATA infinity, FSIZE infinity
load average:0.32 0.30 0.32

/proc/meminfo:
MemTotal:       131379228 kB
MemFree:        120966444 kB
MemAvailable:   128528192 kB
Buffers:            2120 kB
Cached:          8443068 kB
SwapCached:            0 kB
Active:          3711920 kB
Inactive:        4827696 kB
Active(anon):     159992 kB
Inactive(anon):    50800 kB
Active(file):    3551928 kB
Inactive(file):  4776896 kB
Unevictable:           0 kB
Mlocked:               0 kB
SwapTotal:             0 kB
SwapFree:              0 kB
Dirty:               120 kB
Writeback:             0 kB
AnonPages:         94732 kB
Mapped:           131012 kB
Shmem:            116364 kB
KReclaimable:     419224 kB
Slab:             809396 kB
SReclaimable:     419224 kB
SUnreclaim:       390172 kB
KernelStack:        9072 kB
PageTables:         5660 kB
NFS_Unstable:          0 kB
Bounce:                0 kB
WritebackTmp:          0 kB
CommitLimit:    65689612 kB
Committed_AS:    2709180 kB
VmallocTotal:   34359738367 kB
VmallocUsed:           0 kB
VmallocChunk:          0 kB
Percpu:            14592 kB
HardwareCorrupted:     0 kB
CmaTotal:              0 kB
CmaFree:               0 kB
HugePages_Total:       0
HugePages_Free:        0
HugePages_Rsvd:        0
HugePages_Surp:        0
Hugepagesize:       2048 kB
Hugetlb:               0 kB
DirectMap4k:      959284 kB
DirectMap2M:    15702016 kB
DirectMap1G:    119537664 kB


/proc/sys/kernel/threads-max (system-wide limit on the number of threads):
1025899


/proc/sys/vm/max_map_count (maximum number of memory map areas a process may have):
65530


/proc/sys/kernel/pid_max (system-wide limit on number of process identifiers):
49152



container (cgroup) information:
container_type: cgroupv1
cpu_cpuset_cpus: 0-47
cpu_memory_nodes: 0
active_processor_count: 48
cpu_quota: -1
cpu_period: 100000
cpu_shares: -1
memory_limit_in_bytes: -1
memory_and_swap_limit_in_bytes: -1
memory_soft_limit_in_bytes: -1
memory_usage_in_bytes: 8745054208
memory_max_usage_in_bytes: 0


CPU:total 48 (initial active 48) (12 cores per cpu, 2 threads per core) family 6 model 79 stepping 1, cmov, cx8, fxsr, mmx, sse, sse2, sse3, ssse3, sse4.1, sse4.2, popcnt, avx, avx2, aes, clmul, erms, rtm, 3dnowpref, lzcnt, ht, tsc, tscinvbit, bmi1, bmi2, adx, fma
CPU Model and flags from /proc/cpuinfo:
model name	: Intel(R) Xeon(R) CPU E5-2650 v4 @ 2.20GHz
flags		: fpu vme de pse tsc msr pae mce cx8 apic sep mtrr pge mca cmov pat pse36 clflush dts acpi mmx fxsr sse sse2 ss ht tm pbe syscall nx pdpe1gb rdtscp lm constant_tsc arch_perfmon pebs bts rep_good nopl xtopology nonstop_tsc cpuid aperfmperf pni pclmulqdq dtes64 monitor ds_cpl vmx smx est tm2 ssse3 sdbg fma cx16 xtpr pdcm pcid dca sse4_1 sse4_2 x2apic movbe popcnt aes xsave avx f16c rdrand lahf_lm abm 3dnowprefetch cpuid_fault epb cat_l3 cdp_l3 invpcid_single pti intel_ppin tpr_shadow vnmi flexpriority ept vpid ept_ad fsgsbase tsc_adjust bmi1 hle avx2 smep bmi2 erms invpcid rtm cqm rdt_a rdseed adx smap intel_pt xsaveopt cqm_llc cqm_occup_llc cqm_mbm_total cqm_mbm_local dtherm arat pln pts

Memory: 4k page, physical 131379228k(120966444k free), swap 0k(0k free)

vm_info: OpenJDK 64-Bit Server VM (12.0.1-internal+0-adhoc.root.jdk12.0.1) for linux-amd64 JRE (12.0.1-internal+0-adhoc.root.jdk12.0.1), built on Aug  1 2019 15:05:04 by "root" with gcc 4.8.5 20150623 (Red Hat 4.8.5-36)

END.
