#
# A fatal error has been detected by the Java Runtime Environment:
#
#  SIGSEGV (0xb) at pc=0x00002afd2b897e81, pid=28281, tid=28338
#
# JRE version:  (12.0.1) (build )
# Java VM: OpenJDK 64-Bit Server VM (12.0.1-internal+0-adhoc.root.jdk12.0.1, mixed mode, tiered, compressed oops, serial gc, linux-amd64)
# Problematic frame:
# V  [libjvm.so+0xb3fe81]  ClassAllocator::initialize(HeapWord*) const+0x21
#
# No core dump will be written. Core dumps have been disabled. To enable core dumping, try "ulimit -c unlimited" before starting Java again
#
# If you would like to submit a bug report, please visit:
#   http://bugreport.java.com/bugreport/crash.jsp
#

---------------  S U M M A R Y ------------

Command Line: -Dapplication.home=/home/dcslab/cgmin/jdk12.0.1/build/linux-x86_64-server-release/jdk -Xms8m -XX:+UseSerialGC -Xms32M -Xmx512M -XX:TieredStopAtLevel=1 -Djdk.module.main=jdk.jlink jdk.jlink/jdk.tools.jmod.Main create --module-version 12.0.1-internal --target-platform linux-amd64 --module-path /home/dcslab/cgmin/jdk12.0.1/build/linux-x86_64-server-release/images/jmods --class-path /home/dcslab/cgmin/jdk12.0.1/build/linux-x86_64-server-release/jdk/modules/jdk.internal.le --legal-notices /home/dcslab/cgmin/jdk12.0.1/build/linux-x86_64-server-release/support/modules_legal/common:/home/dcslab/cgmin/jdk12.0.1/src/jdk.internal.le/share/legal --exclude **{_the.*,_*.marker,*.diz,*.debuginfo,*.dSYM/**,*.dSYM,*.pdb,*.map} /home/dcslab/cgmin/jdk12.0.1/build/linux-x86_64-server-release/support/jmods/jdk.internal.le.jmod

Host: Intel(R) Xeon(R) CPU E5-2650 v4 @ 2.20GHz, 48 cores, 124G, CentOS Linux release 7.6.1810 (Core) 
Time: Thu Jul 18 19:04:57 2019 KST elapsed time: 0 seconds (0d 0h 0m 0s)

---------------  T H R E A D  ---------------

Current thread (0x00002afd30010000):  JavaThread "Unknown thread" [_thread_in_vm, id=28338, stack(0x00002afd29f5a000,0x00002afd2a05b000)]

Stack: [0x00002afd29f5a000,0x00002afd2a05b000],  sp=0x00002afd2a059960,  free space=1022k
Native frames: (J=compiled Java code, A=aot compiled Java code, j=interpreted, Vv=VM code, C=native code)
V  [libjvm.so+0xb3fe81]  ClassAllocator::initialize(HeapWord*) const+0x21
V  [libjvm.so+0xb40613]  MemAllocator::allocate() const+0x73
V  [libjvm.so+0x61550d]  CollectedHeap::class_allocate(Klass*, int, Thread*)+0x3d
V  [libjvm.so+0x8863e8]  java_lang_Class::create_basic_type_mirror(char const*, BasicType, Thread*)+0x28
V  [libjvm.so+0xeb8294]  Universe::initialize_basic_type_mirrors(Thread*)+0xd4
V  [libjvm.so+0xe3f983]  SystemDictionary::resolve_well_known_classes(Thread*)+0xa3
V  [libjvm.so+0xeb7fe5]  Universe::genesis(Thread*)+0x2a5
V  [libjvm.so+0xeb912c]  universe2_init()+0x2c
V  [libjvm.so+0x851b9a]  init_globals()+0xaa
V  [libjvm.so+0xe91c1c]  Threads::create_vm(JavaVMInitArgs*, bool*)+0x4bc
V  [libjvm.so+0x908ae8]  JNI_CreateJavaVM+0x58
C  [libjli.so+0x4814]  JavaMain+0x84


siginfo: si_signo: 11 (SIGSEGV), si_code: 1 (SEGV_MAPERR), si_addr: 0x000000000000001c

Registers:
RAX=0x0000000000000010, RBX=0x0000000000000010, RCX=0x0000000000000078, RDX=0x00002afd2c260c90
RSP=0x00002afd2a059960, RBP=0x00002afd2a059980, RSI=0x0000000000000010, RDI=0x00002afd2a059a10
R8 =0x00002afd2b36d4d0, R9 =0x0000000100002940, R10=0x0000000000000313, R11=0x00002afd2c32b060
R12=0x00002afd2a059a10, R13=0x00002afd2c2e0c44, R14=0x00002afd3000eb10, R15=0x00002afd2c328720
RIP=0x00002afd2b897e81, EFLAGS=0x0000000000010202, CSGSFS=0x002b000000000033, ERR=0x0000000000000006
  TRAPNO=0x000000000000000e

Top of Stack: (sp=0x00002afd2a059960)
0x00002afd2a059960:   00002afd2e0e1928 00002afd2a059a10
0x00002afd2a059970:   0000000000000000 00002afd2a0599a0
0x00002afd2a059980:   00002afd2a059a00 00002afd2b898613
0x00002afd2a059990:   00002afd00000036 0000000000000000 

Instructions: (pc=0x00002afd2b897e81)
0x00002afd2b897e61:   48 89 e5 41 55 41 54 49 89 fc 53 48 89 f3 48 83
0x00002afd2b897e71:   ec 08 4c 8d 2d ca 8d a4 00 41 80 7d 00 00 74 07
0x00002afd2b897e81:   c7 46 0c 00 00 00 00 49 8b 74 24 20 48 83 fe 02
0x00002afd2b897e91:   74 18 48 8d 14 f5 f0 ff ff ff 48 8d 7b 10 31 f6 


---------------  P R O C E S S  ---------------

Threads class SMR info:
_java_thread_list=0x00002afd2c327c40, length=0, elements={
}

Java Threads: ( => current thread )

Other Threads:

=>0x00002afd30010000 (exited) JavaThread "Unknown thread" [_thread_in_vm, id=28338, stack(0x00002afd29f5a000,0x00002afd2a05b000)]

Threads with active compile tasks:

VM state:not at safepoint (not fully initialized)

VM Mutex/Monitor currently owned by a thread: None

Heap address: 0x00000000e0000000, size: 512 MB, Compressed Oops mode: 32-bit
Narrow klass base: 0x0000000000000000, Narrow klass shift: 3
Compressed class space size: 1073741824 Address: 0x0000000100000000

GC Heap History (0 events):
No events

Deoptimization events (0 events):
No events

Classes redefined (0 events):
No events

Internal exceptions (0 events):
No events

Events (10 events):
Event: 0.008 loading class java/lang/reflect/AnnotatedElement
Event: 0.008 loading class java/lang/reflect/AnnotatedElement done
Event: 0.008 loading class java/lang/reflect/GenericDeclaration done
Event: 0.008 loading class java/lang/reflect/Type
Event: 0.008 loading class java/lang/reflect/Type done
Event: 0.008 loading class java/lang/invoke/TypeDescriptor$OfField
Event: 0.008 loading class java/lang/invoke/TypeDescriptor
Event: 0.008 loading class java/lang/invoke/TypeDescriptor done
Event: 0.008 loading class java/lang/invoke/TypeDescriptor$OfField done
Event: 0.008 loading class java/lang/Class done


Dynamic libraries:
00400000-00401000 r-xp 00000000 fd:02 233300582                          /home/dcslab/cgmin/jdk12.0.1/build/linux-x86_64-server-release/jdk/bin/jmod
00601000-00602000 r--p 00001000 fd:02 233300582                          /home/dcslab/cgmin/jdk12.0.1/build/linux-x86_64-server-release/jdk/bin/jmod
00602000-00603000 rw-p 00002000 fd:02 233300582                          /home/dcslab/cgmin/jdk12.0.1/build/linux-x86_64-server-release/jdk/bin/jmod
015e2000-01603000 rw-p 00000000 00:00 0                                  [heap]
e0000000-e0aa0000 rw-p 00000000 00:00 0 
e0aa0000-eaaa0000 ---p 00000000 00:00 0 
eaaa0000-ec000000 rw-p 00000000 00:00 0 
ec000000-100000000 ---p 00000000 00:00 0 
100000000-100060000 rw-p 00000000 00:00 0 
100060000-140000000 ---p 00000000 00:00 0 
2afd29f21000-2afd29f43000 r-xp 00000000 fd:00 67116101                   /usr/lib64/ld-2.17.so
2afd29f43000-2afd29f44000 rw-p 00000000 00:00 0 
2afd29f44000-2afd29f46000 ---p 00000000 00:00 0 
2afd29f46000-2afd29f47000 r--p 00000000 00:00 0 
2afd29f47000-2afd29f4f000 rw-s 00000000 fd:00 67645819                   /tmp/hsperfdata_root/28281
2afd29f4f000-2afd29f51000 rw-p 00000000 00:00 0 
2afd29f55000-2afd29f5a000 rw-p 00000000 00:00 0 
2afd29f5a000-2afd29f5e000 ---p 00000000 00:00 0 
2afd29f5e000-2afd2a060000 rw-p 00000000 00:00 0 
2afd2a060000-2afd2a076000 ---p 00000000 00:00 0 
2afd2a076000-2afd2a081000 rw-p 00000000 00:00 0 
2afd2a081000-2afd2a121000 ---p 00000000 00:00 0 
2afd2a121000-2afd2a142000 rw-p 00000000 00:00 0 
2afd2a142000-2afd2a143000 r--p 00021000 fd:00 67116101                   /usr/lib64/ld-2.17.so
2afd2a143000-2afd2a144000 rw-p 00022000 fd:00 67116101                   /usr/lib64/ld-2.17.so
2afd2a144000-2afd2a145000 rw-p 00000000 00:00 0 
2afd2a145000-2afd2a15a000 r-xp 00000000 fd:00 67116158                   /usr/lib64/libz.so.1.2.7
2afd2a15a000-2afd2a359000 ---p 00015000 fd:00 67116158                   /usr/lib64/libz.so.1.2.7
2afd2a359000-2afd2a35a000 r--p 00014000 fd:00 67116158                   /usr/lib64/libz.so.1.2.7
2afd2a35a000-2afd2a35b000 rw-p 00015000 fd:00 67116158                   /usr/lib64/libz.so.1.2.7
2afd2a35b000-2afd2a36a000 r-xp 00000000 fd:02 233283259                  /home/dcslab/cgmin/jdk12.0.1/build/linux-x86_64-server-release/jdk/lib/libjli.so
2afd2a36a000-2afd2a569000 ---p 0000f000 fd:02 233283259                  /home/dcslab/cgmin/jdk12.0.1/build/linux-x86_64-server-release/jdk/lib/libjli.so
2afd2a569000-2afd2a56a000 r--p 0000e000 fd:02 233283259                  /home/dcslab/cgmin/jdk12.0.1/build/linux-x86_64-server-release/jdk/lib/libjli.so
2afd2a56a000-2afd2a56b000 rw-p 0000f000 fd:02 233283259                  /home/dcslab/cgmin/jdk12.0.1/build/linux-x86_64-server-release/jdk/lib/libjli.so
2afd2a56b000-2afd2a582000 r-xp 00000000 fd:00 67527458                   /usr/lib64/libpthread-2.17.so
2afd2a582000-2afd2a781000 ---p 00017000 fd:00 67527458                   /usr/lib64/libpthread-2.17.so
2afd2a781000-2afd2a782000 r--p 00016000 fd:00 67527458                   /usr/lib64/libpthread-2.17.so
2afd2a782000-2afd2a783000 rw-p 00017000 fd:00 67527458                   /usr/lib64/libpthread-2.17.so
2afd2a783000-2afd2a787000 rw-p 00000000 00:00 0 
2afd2a787000-2afd2a789000 r-xp 00000000 fd:00 67412311                   /usr/lib64/libdl-2.17.so
2afd2a789000-2afd2a989000 ---p 00002000 fd:00 67412311                   /usr/lib64/libdl-2.17.so
2afd2a989000-2afd2a98a000 r--p 00002000 fd:00 67412311                   /usr/lib64/libdl-2.17.so
2afd2a98a000-2afd2a98b000 rw-p 00003000 fd:00 67412311                   /usr/lib64/libdl-2.17.so
2afd2a98b000-2afd2ab4d000 r-xp 00000000 fd:00 67116114                   /usr/lib64/libc-2.17.so
2afd2ab4d000-2afd2ad4d000 ---p 001c2000 fd:00 67116114                   /usr/lib64/libc-2.17.so
2afd2ad4d000-2afd2ad51000 r--p 001c2000 fd:00 67116114                   /usr/lib64/libc-2.17.so
2afd2ad51000-2afd2ad53000 rw-p 001c6000 fd:00 67116114                   /usr/lib64/libc-2.17.so
2afd2ad53000-2afd2ad58000 rw-p 00000000 00:00 0 
2afd2ad58000-2afd2bf9d000 r-xp 00000000 fd:02 149929323                  /home/dcslab/cgmin/jdk12.0.1/build/linux-x86_64-server-release/jdk/lib/server/libjvm.so
2afd2bf9d000-2afd2c19d000 ---p 01245000 fd:02 149929323                  /home/dcslab/cgmin/jdk12.0.1/build/linux-x86_64-server-release/jdk/lib/server/libjvm.so
2afd2c19d000-2afd2c272000 r--p 01245000 fd:02 149929323                  /home/dcslab/cgmin/jdk12.0.1/build/linux-x86_64-server-release/jdk/lib/server/libjvm.so
2afd2c272000-2afd2c2ae000 rw-p 0131a000 fd:02 149929323                  /home/dcslab/cgmin/jdk12.0.1/build/linux-x86_64-server-release/jdk/lib/server/libjvm.so
2afd2c2ae000-2afd2c334000 rw-p 00000000 00:00 0 
2afd2c334000-2afd2c41d000 r-xp 00000000 fd:00 67349699                   /usr/lib64/libstdc++.so.6.0.19
2afd2c41d000-2afd2c61c000 ---p 000e9000 fd:00 67349699                   /usr/lib64/libstdc++.so.6.0.19
2afd2c61c000-2afd2c624000 r--p 000e8000 fd:00 67349699                   /usr/lib64/libstdc++.so.6.0.19
2afd2c624000-2afd2c626000 rw-p 000f0000 fd:00 67349699                   /usr/lib64/libstdc++.so.6.0.19
2afd2c626000-2afd2c63b000 rw-p 00000000 00:00 0 
2afd2c63b000-2afd2c73c000 r-xp 00000000 fd:00 67412312                   /usr/lib64/libm-2.17.so
2afd2c73c000-2afd2c93b000 ---p 00101000 fd:00 67412312                   /usr/lib64/libm-2.17.so
2afd2c93b000-2afd2c93c000 r--p 00100000 fd:00 67412312                   /usr/lib64/libm-2.17.so
2afd2c93c000-2afd2c93d000 rw-p 00101000 fd:00 67412312                   /usr/lib64/libm-2.17.so
2afd2c93d000-2afd2c952000 r-xp 00000000 fd:00 67349682                   /usr/lib64/libgcc_s-4.8.5-20150702.so.1
2afd2c952000-2afd2cb51000 ---p 00015000 fd:00 67349682                   /usr/lib64/libgcc_s-4.8.5-20150702.so.1
2afd2cb51000-2afd2cb52000 r--p 00014000 fd:00 67349682                   /usr/lib64/libgcc_s-4.8.5-20150702.so.1
2afd2cb52000-2afd2cb53000 rw-p 00015000 fd:00 67349682                   /usr/lib64/libgcc_s-4.8.5-20150702.so.1
2afd2cb53000-2afd2cb60000 r-xp 00000000 fd:02 233283245                  /home/dcslab/cgmin/jdk12.0.1/build/linux-x86_64-server-release/jdk/lib/libverify.so
2afd2cb60000-2afd2cd5f000 ---p 0000d000 fd:02 233283245                  /home/dcslab/cgmin/jdk12.0.1/build/linux-x86_64-server-release/jdk/lib/libverify.so
2afd2cd5f000-2afd2cd61000 r--p 0000c000 fd:02 233283245                  /home/dcslab/cgmin/jdk12.0.1/build/linux-x86_64-server-release/jdk/lib/libverify.so
2afd2cd61000-2afd2cd62000 rw-p 0000e000 fd:02 233283245                  /home/dcslab/cgmin/jdk12.0.1/build/linux-x86_64-server-release/jdk/lib/libverify.so
2afd2cd62000-2afd2cd8a000 r-xp 00000000 fd:02 233283260                  /home/dcslab/cgmin/jdk12.0.1/build/linux-x86_64-server-release/jdk/lib/libjava.so
2afd2cd8a000-2afd2cf89000 ---p 00028000 fd:02 233283260                  /home/dcslab/cgmin/jdk12.0.1/build/linux-x86_64-server-release/jdk/lib/libjava.so
2afd2cf89000-2afd2cf8a000 r--p 00027000 fd:02 233283260                  /home/dcslab/cgmin/jdk12.0.1/build/linux-x86_64-server-release/jdk/lib/libjava.so
2afd2cf8a000-2afd2cf8c000 rw-p 00028000 fd:02 233283260                  /home/dcslab/cgmin/jdk12.0.1/build/linux-x86_64-server-release/jdk/lib/libjava.so
2afd2cf8c000-2afd2cf98000 r-xp 00000000 fd:00 67527450                   /usr/lib64/libnss_files-2.17.so
2afd2cf98000-2afd2d197000 ---p 0000c000 fd:00 67527450                   /usr/lib64/libnss_files-2.17.so
2afd2d197000-2afd2d198000 r--p 0000b000 fd:00 67527450                   /usr/lib64/libnss_files-2.17.so
2afd2d198000-2afd2d199000 rw-p 0000c000 fd:00 67527450                   /usr/lib64/libnss_files-2.17.so
2afd2d199000-2afd2d19f000 rw-p 00000000 00:00 0 
2afd2d19f000-2afd2d1a6000 r-xp 00000000 fd:02 233283271                  /home/dcslab/cgmin/jdk12.0.1/build/linux-x86_64-server-release/jdk/lib/libzip.so
2afd2d1a6000-2afd2d3a5000 ---p 00007000 fd:02 233283271                  /home/dcslab/cgmin/jdk12.0.1/build/linux-x86_64-server-release/jdk/lib/libzip.so
2afd2d3a5000-2afd2d3a6000 r--p 00006000 fd:02 233283271                  /home/dcslab/cgmin/jdk12.0.1/build/linux-x86_64-server-release/jdk/lib/libzip.so
2afd2d3a6000-2afd2d3a7000 rw-p 00007000 fd:02 233283271                  /home/dcslab/cgmin/jdk12.0.1/build/linux-x86_64-server-release/jdk/lib/libzip.so
2afd2d3a7000-2afd2d3ac000 r-xp 00000000 fd:02 233283273                  /home/dcslab/cgmin/jdk12.0.1/build/linux-x86_64-server-release/jdk/lib/libjimage.so
2afd2d3ac000-2afd2d5ac000 ---p 00005000 fd:02 233283273                  /home/dcslab/cgmin/jdk12.0.1/build/linux-x86_64-server-release/jdk/lib/libjimage.so
2afd2d5ac000-2afd2d5ad000 r--p 00005000 fd:02 233283273                  /home/dcslab/cgmin/jdk12.0.1/build/linux-x86_64-server-release/jdk/lib/libjimage.so
2afd2d5ad000-2afd2d5ae000 rw-p 00006000 fd:02 233283273                  /home/dcslab/cgmin/jdk12.0.1/build/linux-x86_64-server-release/jdk/lib/libjimage.so
2afd2d5ae000-2afd2d5b3000 rw-p 00000000 00:00 0 
2afd2d5b3000-2afd2d774000 ---p 00000000 00:00 0 
2afd2d774000-2afd2d77a000 rw-p 00000000 00:00 0 
2afd2d77a000-2afd2d7c9000 ---p 00000000 00:00 0 
2afd2d7c9000-2afd2d7d4000 rw-p 00000000 00:00 0 
2afd2d7d4000-2afd2d874000 ---p 00000000 00:00 0 
2afd2d874000-2afd2dc96000 rw-p 00000000 00:00 0 
2afd2dc96000-2afd2e096000 ---p 00000000 00:00 0 
2afd2e096000-2afd2e5a9000 rw-p 00000000 00:00 0 
2afd30000000-2afd3005f000 rw-p 00000000 00:00 0 
2afd3005f000-2afd34000000 ---p 00000000 00:00 0 
2afd34000000-2afd34270000 rwxp 00000000 00:00 0 
2afd34270000-2afd34d40000 ---p 00000000 00:00 0 
2afd34d40000-2afd34fb0000 rwxp 00000000 00:00 0 
2afd34fb0000-2afd43000000 ---p 00000000 00:00 0 
7ffc67aa7000-7ffc67ac9000 rw-p 00000000 00:00 0                          [stack]
7ffc67bd2000-7ffc67bd5000 r--p 00000000 00:00 0                          [vvar]
7ffc67bd5000-7ffc67bd7000 r-xp 00000000 00:00 0                          [vdso]
ffffffffff600000-ffffffffff601000 r-xp 00000000 00:00 0                  [vsyscall]


VM Arguments:
jvm_args: -Dapplication.home=/home/dcslab/cgmin/jdk12.0.1/build/linux-x86_64-server-release/jdk -Xms8m -XX:+UseSerialGC -Xms32M -Xmx512M -XX:TieredStopAtLevel=1 -Djdk.module.main=jdk.jlink 
java_command: jdk.jlink/jdk.tools.jmod.Main create --module-version 12.0.1-internal --target-platform linux-amd64 --module-path /home/dcslab/cgmin/jdk12.0.1/build/linux-x86_64-server-release/images/jmods --class-path /home/dcslab/cgmin/jdk12.0.1/build/linux-x86_64-server-release/jdk/modules/jdk.internal.le --legal-notices /home/dcslab/cgmin/jdk12.0.1/build/linux-x86_64-server-release/support/modules_legal/common:/home/dcslab/cgmin/jdk12.0.1/src/jdk.internal.le/share/legal --exclude **{_the.*,_*.marker,*.diz,*.debuginfo,*.dSYM/**,*.dSYM,*.pdb,*.map} /home/dcslab/cgmin/jdk12.0.1/build/linux-x86_64-server-release/support/jmods/jdk.internal.le.jmod
java_class_path (initial): <not set>
Launcher Type: SUN_STANDARD

[Global flags]
     intx CICompilerCount                          = 15                                        {product} {ergonomic}
   size_t InitialHeapSize                          = 33554432                                  {product} {command line}
   size_t MaxHeapSize                              = 536870912                                 {product} {command line}
   size_t MaxNewSize                               = 178913280                                 {product} {ergonomic}
   size_t MinHeapDeltaBytes                        = 196608                                    {product} {ergonomic}
   size_t NewSize                                  = 11141120                                  {product} {ergonomic}
    uintx NonNMethodCodeHeapSize                   = 13893620                               {pd product} {ergonomic}
    uintx NonProfiledCodeHeapSize                  = 237764620                              {pd product} {ergonomic}
   size_t OldSize                                  = 22413312                                  {product} {ergonomic}
    uintx ProfiledCodeHeapSize                     = 0                                      {pd product} {ergonomic}
    uintx ReservedCodeCacheSize                    = 251658240                              {pd product} {ergonomic}
     bool SegmentedCodeCache                       = true                                      {product} {ergonomic}
     intx TieredStopAtLevel                        = 1                                         {product} {command line}
     bool UseCompressedClassPointers               = true                                 {lp64_product} {ergonomic}
     bool UseCompressedOops                        = true                                 {lp64_product} {ergonomic}
     bool UseSerialGC                              = true                                      {product} {command line}

Logging:
Log output configuration:
 #0: stdout all=warning uptime,level,tags
 #1: stderr all=off uptime,level,tags

Environment Variables:
PATH=/sbin:/bin:/usr/sbin:/usr/bin
USERNAME=root
LD_LIBRARY_PATH=:/usr/local/lib
SHELL=/bin/bash

Signal Handlers:
SIGSEGV: [libjvm.so+0xefc070], sa_mask[0]=11111111011111111101111111111110, sa_flags=SA_RESTART|SA_SIGINFO
SIGBUS: [libjvm.so+0xefc070], sa_mask[0]=11111111011111111101111111111110, sa_flags=SA_RESTART|SA_SIGINFO
SIGFPE: [libjvm.so+0xefc070], sa_mask[0]=11111111011111111101111111111110, sa_flags=SA_RESTART|SA_SIGINFO
SIGPIPE: [libjvm.so+0xbf1310], sa_mask[0]=11111111011111111101111111111110, sa_flags=SA_RESTART|SA_SIGINFO
SIGXFSZ: [libjvm.so+0xbf1310], sa_mask[0]=11111111011111111101111111111110, sa_flags=SA_RESTART|SA_SIGINFO
SIGILL: [libjvm.so+0xefc070], sa_mask[0]=11111111011111111101111111111110, sa_flags=SA_RESTART|SA_SIGINFO
SIGUSR2: [libjvm.so+0xbf11b0], sa_mask[0]=00000000000000000000000000000000, sa_flags=SA_RESTART|SA_SIGINFO
SIGHUP: SIG_DFL, sa_mask[0]=00000000000000000000000000000000, sa_flags=none
SIGINT: SIG_DFL, sa_mask[0]=00000000000000000000000000000000, sa_flags=none
SIGTERM: SIG_DFL, sa_mask[0]=00000000000000000000000000000000, sa_flags=none
SIGQUIT: SIG_DFL, sa_mask[0]=00000000000000000000000000000000, sa_flags=none


---------------  S Y S T E M  ---------------

OS:CentOS Linux release 7.6.1810 (Core) 
uname:Linux 4.12.9RTFM0227+ #988 SMP Thu May 30 20:11:32 KST 2019 x86_64
libc:glibc 2.17 NPTL 2.17 
rlimit: STACK infinity, CORE 0k, NPROC 510968, NOFILE 4096, AS infinity, DATA infinity, FSIZE infinity
load average:0.77 0.99 3.19

/proc/meminfo:
MemTotal:       130865364 kB
MemFree:        122526528 kB
MemAvailable:   127417504 kB
Buffers:            2120 kB
Cached:          6116100 kB
SwapCached:            0 kB
Active:          3996480 kB
Inactive:        2400900 kB
Active(anon):     599896 kB
Inactive(anon):   189424 kB
Active(file):    3396584 kB
Inactive(file):  2211476 kB
Unevictable:           0 kB
Mlocked:               0 kB
SwapTotal:             0 kB
SwapFree:              0 kB
Dirty:            641828 kB
Writeback:         69556 kB
AnonPages:        278436 kB
Mapped:           257652 kB
Shmem:            510156 kB
Slab:             815356 kB
SReclaimable:     464948 kB
SUnreclaim:       350408 kB
KernelStack:       11888 kB
PageTables:        13768 kB
NFS_Unstable:          0 kB
Bounce:                0 kB
WritebackTmp:          0 kB
CommitLimit:    65432680 kB
Committed_AS:     954168 kB
VmallocTotal:   34359738367 kB
VmallocUsed:           0 kB
VmallocChunk:          0 kB
HardwareCorrupted:     0 kB
CmaTotal:              0 kB
CmaFree:               0 kB
HugePages_Total:       0
HugePages_Free:        0
HugePages_Rsvd:        0
HugePages_Surp:        0
Hugepagesize:       2048 kB
DirectMap4k:      836404 kB
DirectMap2M:    10582016 kB
DirectMap1G:    124780544 kB


/proc/sys/kernel/threads-max (system-wide limit on the number of threads):
1021936


/proc/sys/vm/max_map_count (maximum number of memory map areas a process may have):
65530


/proc/sys/kernel/pid_max (system-wide limit on number of process identifiers):
49152



container (cgroup) information:
container_type: cgroupv1
cpu_cpuset_cpus: 0-47
cpu_memory_nodes: 0
active_processor_count: 48
cpu_quota: -1
cpu_period: 100000
cpu_shares: -1
memory_limit_in_bytes: -1
memory_and_swap_limit_in_bytes: -1
memory_soft_limit_in_bytes: -1
memory_usage_in_bytes: 6548279296
memory_max_usage_in_bytes: 0


CPU:total 48 (initial active 48) (12 cores per cpu, 2 threads per core) family 6 model 79 stepping 1, cmov, cx8, fxsr, mmx, sse, sse2, sse3, ssse3, sse4.1, sse4.2, popcnt, avx, avx2, aes, clmul, erms, rtm, 3dnowpref, lzcnt, ht, tsc, tscinvbit, bmi1, bmi2, adx, fma
CPU Model and flags from /proc/cpuinfo:
model name	: Intel(R) Xeon(R) CPU E5-2650 v4 @ 2.20GHz
flags		: fpu vme de pse tsc msr pae mce cx8 apic sep mtrr pge mca cmov pat pse36 clflush dts acpi mmx fxsr sse sse2 ss ht tm pbe syscall nx pdpe1gb rdtscp lm constant_tsc arch_perfmon pebs bts rep_good nopl xtopology nonstop_tsc cpuid aperfmperf pni pclmulqdq dtes64 monitor ds_cpl vmx smx est tm2 ssse3 sdbg fma cx16 xtpr pdcm pcid dca sse4_1 sse4_2 x2apic movbe popcnt tsc_deadline_timer aes xsave avx f16c rdrand lahf_lm abm 3dnowprefetch cpuid_fault epb cat_l3 cdp_l3 intel_ppin intel_pt tpr_shadow vnmi flexpriority ept vpid fsgsbase tsc_adjust bmi1 hle avx2 smep bmi2 erms invpcid rtm cqm rdt_a rdseed adx smap xsaveopt cqm_llc cqm_occup_llc cqm_mbm_total cqm_mbm_local dtherm arat pln pts

Memory: 4k page, physical 130865364k(122527032k free), swap 0k(0k free)

vm_info: OpenJDK 64-Bit Server VM (12.0.1-internal+0-adhoc.root.jdk12.0.1) for linux-amd64 JRE (12.0.1-internal+0-adhoc.root.jdk12.0.1), built on Jul 18 2019 19:04:40 by "root" with gcc 4.8.5 20150623 (Red Hat 4.8.5-36)

END.
