#
# A fatal error has been detected by the Java Runtime Environment:
#
#  SIGSEGV (0xb) at pc=0x00001515bb75ff39, pid=26975, tid=26981
#
# JRE version:  (12.0.1) (build )
# Java VM: OpenJDK 64-Bit Server VM (12.0.1-internal+0-adhoc.root.jdk12.0.1, mixed mode, tiered, compressed oops, serial gc, linux-amd64)
# Problematic frame:
# V  [libjvm.so+0xb3ff39]  ObjArrayAllocator::initialize(HeapWord*) const+0x29
#
# No core dump will be written. Core dumps have been disabled. To enable core dumping, try "ulimit -c unlimited" before starting Java again
#
# If you would like to submit a bug report, please visit:
#   http://bugreport.java.com/bugreport/crash.jsp
#

---------------  S U M M A R Y ------------

Command Line: -Dapplication.home=/home/dcslab/cgmin/jdk12.0.1/build/linux-x86_64-server-release/jdk -Xms8m -XX:+UseSerialGC -Xms32M -Xmx512M -XX:TieredStopAtLevel=1 -Djdk.module.main=jdk.jlink jdk.jlink/jdk.tools.jmod.Main create --module-version 12.0.1-internal --target-platform linux-amd64 --module-path /home/dcslab/cgmin/jdk12.0.1/build/linux-x86_64-server-release/support/interim-jmods --libs /home/dcslab/cgmin/jdk12.0.1/build/linux-x86_64-server-release/support/modules_libs/java.base --cmds /home/dcslab/cgmin/jdk12.0.1/build/linux-x86_64-server-release/support/modules_cmds/java.base --config /home/dcslab/cgmin/jdk12.0.1/build/linux-x86_64-server-release/support/modules_conf/java.base --class-path /home/dcslab/cgmin/jdk12.0.1/build/linux-x86_64-server-release/jdk/modules/java.base --header-files /home/dcslab/cgmin/jdk12.0.1/build/linux-x86_64-server-release/support/modules_include/java.base --man-pages /home/dcslab/cgmin/jdk12.0.1/build/linux-x86_64-server-release/support/modules_man/java.base --legal-notices /home/dcslab/cgmin/jdk12.0.1/build/linux-x86_64-server-release/support/modules_legal/common:/home/dcslab/cgmin/jdk12.0.1/build/linux-x86_64-server-release/support/modules_legal/java.base --exclude **{_the.*,_*.marker,*.diz,*.debuginfo,*.dSYM/**,*.dSYM,*.pdb,*.map} /home/dcslab/cgmin/jdk12.0.1/build/linux-x86_64-server-release/support/interim-jmods/temp/java.base.jmod

Host: Intel(R) Xeon(R) CPU E5-2650 v4 @ 2.20GHz, 48 cores, 125G, CentOS Linux release 7.6.1810 (Core) 
Time: Fri Jul 26 16:59:13 2019 KST elapsed time: 0 seconds (0d 0h 0m 0s)

---------------  T H R E A D  ---------------

Current thread (0x00001515b4010800):  JavaThread "main" [_thread_in_vm, id=26981, stack(0x00001515bcf18000,0x00001515bd019000)]

Stack: [0x00001515bcf18000,0x00001515bd019000],  sp=0x00001515bd0175a0,  free space=1021k
Native frames: (J=compiled Java code, A=aot compiled Java code, j=interpreted, Vv=VM code, C=native code)
V  [libjvm.so+0xb3ff39]  ObjArrayAllocator::initialize(HeapWord*) const+0x29
V  [libjvm.so+0xb40793]  MemAllocator::allocate() const+0x73
V  [libjvm.so+0x6154c4]  CollectedHeap::array_allocate(Klass*, int, int, bool, Thread*)+0x44
V  [libjvm.so+0x8721f8]  InterpreterRuntime::newarray(JavaThread*, BasicType, int)+0x28
j  java.io.BufferedInputStream.<init>(Ljava/io/InputStream;I)V+26 java.base
j  java.io.BufferedInputStream.<init>(Ljava/io/InputStream;)V+5 java.base
j  java.lang.System.initPhase1()V+72 java.base
v  ~StubRoutines::call_stub
V  [libjvm.so+0x881cd3]  JavaCalls::call_helper(JavaValue*, methodHandle const&, JavaCallArguments*, Thread*)+0x3a3
V  [libjvm.so+0x880c28]  JavaCalls::call_static(JavaValue*, Klass*, Symbol*, Symbol*, Thread*)+0x198
V  [libjvm.so+0xe91045]  Threads::initialize_java_lang_classes(JavaThread*, Thread*)+0x2c5
V  [libjvm.so+0xe921cf]  Threads::create_vm(JavaVMInitArgs*, bool*)+0x6ef
V  [libjvm.so+0x908cd8]  JNI_CreateJavaVM+0x58
C  [libjli.so+0x4814]  JavaMain+0x84

Java frames: (J=compiled Java code, j=interpreted, Vv=VM code)
j  java.io.BufferedInputStream.<init>(Ljava/io/InputStream;I)V+26 java.base
j  java.io.BufferedInputStream.<init>(Ljava/io/InputStream;)V+5 java.base
j  java.lang.System.initPhase1()V+72 java.base
v  ~StubRoutines::call_stub

siginfo: si_signo: 11 (SIGSEGV), si_code: 1 (SEGV_MAPERR), si_addr: 0x000000000000009f

Register to memory mapping:

RAX=0x0000000000000001 is an unknown value
RBX=0x0000000000000093 is an unknown value
RCX=0x00ffffffffffffed is an unknown value
RDX=0x00001515bc128c50: <offset 0x0000000001508c50> in /home/dcslab/cgmin/jdk12.0.1/build/linux-x86_64-server-release/jdk/lib/server/libjvm.so at 0x00001515bac20000
RSP=0x00001515bd0175a0 is pointing into the stack for thread: 0x00001515b4010800
RBP=0x00001515bd0175c0 is pointing into the stack for thread: 0x00001515b4010800
RSI=0x0000000000000093 is an unknown value
RDI=0x00001515bd017650 is pointing into the stack for thread: 0x00001515b4010800
R8 =0x0000000000000001 is an unknown value
R9 =0x00001515b4010800 is a thread
R10=0x00001515bb235480: <offset 0x0000000000615480> in /home/dcslab/cgmin/jdk12.0.1/build/linux-x86_64-server-release/jdk/lib/server/libjvm.so at 0x00001515bac20000
R11=0x0 is NULL
R12=0x00001515bd017650 is pointing into the stack for thread: 0x00001515b4010800
R13=0x00001515bc1a8c44: <offset 0x0000000001588c44> in /home/dcslab/cgmin/jdk12.0.1/build/linux-x86_64-server-release/jdk/lib/server/libjvm.so at 0x00001515bac20000
R14=0x00001515bd017738 is pointing into the stack for thread: 0x00001515b4010800
R15=0x00001515b4010800 is a thread


Registers:
RAX=0x0000000000000001, RBX=0x0000000000000093, RCX=0x00ffffffffffffed, RDX=0x00001515bc128c50
RSP=0x00001515bd0175a0, RBP=0x00001515bd0175c0, RSI=0x0000000000000093, RDI=0x00001515bd017650
R8 =0x0000000000000001, R9 =0x00001515b4010800, R10=0x00001515bb235480, R11=0x0000000000000000
R12=0x00001515bd017650, R13=0x00001515bc1a8c44, R14=0x00001515bd017738, R15=0x00001515b4010800
RIP=0x00001515bb75ff39, EFLAGS=0x0000000000010202, CSGSFS=0x002b000000000033, ERR=0x0000000000000006
  TRAPNO=0x000000000000000e

Top of Stack: (sp=0x00001515bd0175a0)
0x00001515bd0175a0:   00001515b9056de8 00001515bd017650
0x00001515bd0175b0:   0000000000000000 00001515bd0175e0
0x00001515bd0175c0:   00001515bd017640 00001515bb760793
0x00001515bd0175d0:   00001515b4010800 0000000000000000 

Instructions: (pc=0x00001515bb75ff39)
0x00001515bb75ff19:   89 fc 53 48 89 f3 48 83 ec 08 80 7f 2c 00 4c 8d
0x00001515bb75ff29:   2d 16 8d a4 00 41 0f b6 45 00 74 2e 84 c0 74 07
0x00001515bb75ff39:   c7 46 0c 00 00 00 00 49 8b 54 24 20 48 83 fa 02
0x00001515bb75ff49:   74 18 48 8d 14 d5 f0 ff ff ff 48 8d 7b 10 31 f6 

Stack slot to memory mapping:
stack at sp + 0 slots: {method} {0x00001515b9056de8} '<init>' '(Ljava/io/InputStream;I)V' in 'java/io/BufferedInputStream'
stack at sp + 1 slots: 0x00001515bd017650 is pointing into the stack for thread: 0x00001515b4010800
stack at sp + 2 slots: 0x0 is NULL
stack at sp + 3 slots: 0x00001515bd0175e0 is pointing into the stack for thread: 0x00001515b4010800
stack at sp + 4 slots: 0x00001515bd017640 is pointing into the stack for thread: 0x00001515b4010800
stack at sp + 5 slots: 0x00001515bb760793: <offset 0x0000000000b40793> in /home/dcslab/cgmin/jdk12.0.1/build/linux-x86_64-server-release/jdk/lib/server/libjvm.so at 0x00001515bac20000
stack at sp + 6 slots: 0x00001515b4010800 is a thread
stack at sp + 7 slots: 0x0 is NULL


---------------  P R O C E S S  ---------------

Threads class SMR info:
_java_thread_list=0x00001515b409e620, length=3, elements={
0x00001515b4010800, 0x00001515b4099000, 0x00001515b409c800
}

Java Threads: ( => current thread )
=>0x00001515b4010800 JavaThread "main" [_thread_in_vm, id=26981, stack(0x00001515bcf18000,0x00001515bd019000)]
  0x00001515b4099000 JavaThread "Reference Handler" daemon [_thread_blocked, id=26997, stack(0x00001515b8b9e000,0x00001515b8c9f000)]
  0x00001515b409c800 JavaThread "Finalizer" daemon [_thread_blocked, id=26998, stack(0x00001515b8a9d000,0x00001515b8b9e000)]

Other Threads:
  0x00001515b408d000 VMThread "VM Thread" [stack: 0x00001515b8ca1000,0x00001515b8da1000] [id=26991]

Threads with active compile tasks:

VM state:not at safepoint (normal execution)

VM Mutex/Monitor currently owned by a thread: None

Heap address: 0x00000000e0000000, size: 512 MB, Compressed Oops mode: 32-bit
Narrow klass base: 0x0000000000000000, Narrow klass shift: 3
Compressed class space size: 1073741824 Address: 0x0000000100000000

Heap:
 def new generation   total 9792K, used 174K [0x00000000e0000000, 0x00000000e0aa0000, 0x00000000eaaa0000)
  eden space 8704K,   2% used [0x00000000e0000000, 0x00000000e002b860, 0x00000000e0880000)
  from space 1088K,   0% used [0x00000000e0880000, 0x00000000e0880000, 0x00000000e0990000)
  to   space 1088K,   0% used [0x00000000e0990000, 0x00000000e0990000, 0x00000000e0aa0000)
 tenured generation   total 21888K, used 0K [0x00000000eaaa0000, 0x00000000ec000000, 0x0000000100000000)
   the space 21888K,   0% used [0x00000000eaaa0000, 0x00000000eaaa0000, 0x00000000eaaa0200, 0x00000000ec000000)
 Metaspace       used 1782K, capacity 4480K, committed 4480K, reserved 1056768K
  class space    used 140K, capacity 384K, committed 384K, reserved 1048576K

Card table byte_map: [0x00001515b96df000,0x00001515b97e0000] _byte_map_base: 0x00001515b8fdf000

Polling page: 0x00001515bd02c000

Metaspace:

Usage:
  Non-class:      4.00 MB capacity,     1.60 MB ( 40%) used,     2.40 MB ( 60%) free+waste,    64 bytes ( <1%) overhead. 
      Class:    384.00 KB capacity,   140.23 KB ( 37%) used,   243.71 KB ( 63%) free+waste,    64 bytes ( <1%) overhead. 
       Both:      4.38 MB capacity,     1.74 MB ( 40%) used,     2.63 MB ( 60%) free+waste,   128 bytes ( <1%) overhead. 

Virtual space:
  Non-class space:        8.00 MB reserved,       4.00 MB ( 50%) committed 
      Class space:        1.00 GB reserved,     384.00 KB ( <1%) committed 
             Both:        1.01 GB reserved,       4.38 MB ( <1%) committed 

Chunk freelists:
   Non-Class:  0 bytes
       Class:  0 bytes
        Both:  0 bytes

CodeHeap 'non-profiled nmethods': size=232192Kb used=0Kb max_used=0Kb free=232192Kb
 bounds [0x00001515a5d40000, 0x00001515a5fb0000, 0x00001515b4000000]
CodeHeap 'non-nmethods': size=13568Kb used=358Kb max_used=358Kb free=13209Kb
 bounds [0x00001515a5000000, 0x00001515a5270000, 0x00001515a5d40000]
 total_blobs=153 nmethods=0 adapters=110
 compilation: enabled
              stopped_count=0, restarted_count=0
 full_count=0

Compilation events (0 events):
No events

GC Heap History (0 events):
No events

Deoptimization events (0 events):
No events

Classes redefined (0 events):
No events

Internal exceptions (0 events):
No events

Events (10 events):
Event: 0.051 loading class java/io/FileOutputStream
Event: 0.051 loading class java/io/OutputStream
Event: 0.051 loading class java/io/Flushable
Event: 0.051 loading class java/io/Flushable done
Event: 0.051 loading class java/io/OutputStream done
Event: 0.051 loading class java/io/FileOutputStream done
Event: 0.051 loading class java/io/BufferedInputStream
Event: 0.051 loading class java/io/FilterInputStream
Event: 0.051 loading class java/io/FilterInputStream done
Event: 0.051 loading class java/io/BufferedInputStream done


Dynamic libraries:
00400000-00401000 r-xp 00000000 fd:02 233300582                          /home/dcslab/cgmin/jdk12.0.1/build/linux-x86_64-server-release/jdk/bin/jmod
00601000-00602000 r--p 00001000 fd:02 233300582                          /home/dcslab/cgmin/jdk12.0.1/build/linux-x86_64-server-release/jdk/bin/jmod
00602000-00603000 rw-p 00002000 fd:02 233300582                          /home/dcslab/cgmin/jdk12.0.1/build/linux-x86_64-server-release/jdk/bin/jmod
02567000-02588000 rw-p 00000000 00:00 0                                  [heap]
e0000000-e0aa0000 rw-p 00000000 00:00 0 
e0aa0000-eaaa0000 ---p 00000000 00:00 0 
eaaa0000-ec000000 rw-p 00000000 00:00 0 
ec000000-100000000 ---p 00000000 00:00 0 
100000000-100060000 rw-p 00000000 00:00 0 
100060000-140000000 ---p 00000000 00:00 0 
151591ad6000-151598000000 r--p 00000000 fd:00 1524467                    /usr/lib/locale/locale-archive
151598000000-151598021000 rw-p 00000000 00:00 0 
151598021000-15159c000000 ---p 00000000 00:00 0 
15159c000000-15159c021000 rw-p 00000000 00:00 0 
15159c021000-1515a0000000 ---p 00000000 00:00 0 
1515a0000000-1515a0021000 rw-p 00000000 00:00 0 
1515a0021000-1515a4000000 ---p 00000000 00:00 0 
1515a5000000-1515a5270000 rwxp 00000000 00:00 0 
1515a5270000-1515a5d40000 ---p 00000000 00:00 0 
1515a5d40000-1515a5fb0000 rwxp 00000000 00:00 0 
1515a5fb0000-1515b4000000 ---p 00000000 00:00 0 
1515b4000000-1515b40b9000 rw-p 00000000 00:00 0 
1515b40b9000-1515b8000000 ---p 00000000 00:00 0 
1515b86a7000-1515b8a9d000 rw-p 00000000 00:00 0 
1515b8a9d000-1515b8aa1000 ---p 00000000 00:00 0 
1515b8aa1000-1515b8b9e000 rw-p 00000000 00:00 0 
1515b8b9e000-1515b8ba2000 ---p 00000000 00:00 0 
1515b8ba2000-1515b8c9f000 rw-p 00000000 00:00 0 
1515b8c9f000-1515b8ca0000 ---p 00000000 00:00 0 
1515b8ca0000-1515b92be000 rw-p 00000000 00:00 0 
1515b92be000-1515b96be000 ---p 00000000 00:00 0 
1515b96be000-1515b96e5000 rw-p 00000000 00:00 0 
1515b96e5000-1515b9734000 ---p 00000000 00:00 0 
1515b9734000-1515b973f000 rw-p 00000000 00:00 0 
1515b973f000-1515b97df000 ---p 00000000 00:00 0 
1515b97df000-1515b97e5000 rw-p 00000000 00:00 0 
1515b97e5000-1515b99a6000 ---p 00000000 00:00 0 
1515b99a6000-1515b99ab000 r-xp 00000000 fd:02 233283273                  /home/dcslab/cgmin/jdk12.0.1/build/linux-x86_64-server-release/jdk/lib/libjimage.so
1515b99ab000-1515b9bab000 ---p 00005000 fd:02 233283273                  /home/dcslab/cgmin/jdk12.0.1/build/linux-x86_64-server-release/jdk/lib/libjimage.so
1515b9bab000-1515b9bac000 r--p 00005000 fd:02 233283273                  /home/dcslab/cgmin/jdk12.0.1/build/linux-x86_64-server-release/jdk/lib/libjimage.so
1515b9bac000-1515b9bad000 rw-p 00006000 fd:02 233283273                  /home/dcslab/cgmin/jdk12.0.1/build/linux-x86_64-server-release/jdk/lib/libjimage.so
1515b9bad000-1515b9bb4000 r-xp 00000000 fd:02 233283271                  /home/dcslab/cgmin/jdk12.0.1/build/linux-x86_64-server-release/jdk/lib/libzip.so
1515b9bb4000-1515b9db3000 ---p 00007000 fd:02 233283271                  /home/dcslab/cgmin/jdk12.0.1/build/linux-x86_64-server-release/jdk/lib/libzip.so
1515b9db3000-1515b9db4000 r--p 00006000 fd:02 233283271                  /home/dcslab/cgmin/jdk12.0.1/build/linux-x86_64-server-release/jdk/lib/libzip.so
1515b9db4000-1515b9db5000 rw-p 00007000 fd:02 233283271                  /home/dcslab/cgmin/jdk12.0.1/build/linux-x86_64-server-release/jdk/lib/libzip.so
1515b9db5000-1515b9dc1000 r-xp 00000000 fd:00 67527450                   /usr/lib64/libnss_files-2.17.so
1515b9dc1000-1515b9fc0000 ---p 0000c000 fd:00 67527450                   /usr/lib64/libnss_files-2.17.so
1515b9fc0000-1515b9fc1000 r--p 0000b000 fd:00 67527450                   /usr/lib64/libnss_files-2.17.so
1515b9fc1000-1515b9fc2000 rw-p 0000c000 fd:00 67527450                   /usr/lib64/libnss_files-2.17.so
1515b9fc2000-1515b9fc8000 rw-p 00000000 00:00 0 
1515b9fc8000-1515b9ff0000 r-xp 00000000 fd:02 233283260                  /home/dcslab/cgmin/jdk12.0.1/build/linux-x86_64-server-release/jdk/lib/libjava.so
1515b9ff0000-1515ba1ef000 ---p 00028000 fd:02 233283260                  /home/dcslab/cgmin/jdk12.0.1/build/linux-x86_64-server-release/jdk/lib/libjava.so
1515ba1ef000-1515ba1f0000 r--p 00027000 fd:02 233283260                  /home/dcslab/cgmin/jdk12.0.1/build/linux-x86_64-server-release/jdk/lib/libjava.so
1515ba1f0000-1515ba1f2000 rw-p 00028000 fd:02 233283260                  /home/dcslab/cgmin/jdk12.0.1/build/linux-x86_64-server-release/jdk/lib/libjava.so
1515ba1f2000-1515ba1ff000 r-xp 00000000 fd:02 233283245                  /home/dcslab/cgmin/jdk12.0.1/build/linux-x86_64-server-release/jdk/lib/libverify.so
1515ba1ff000-1515ba3fe000 ---p 0000d000 fd:02 233283245                  /home/dcslab/cgmin/jdk12.0.1/build/linux-x86_64-server-release/jdk/lib/libverify.so
1515ba3fe000-1515ba400000 r--p 0000c000 fd:02 233283245                  /home/dcslab/cgmin/jdk12.0.1/build/linux-x86_64-server-release/jdk/lib/libverify.so
1515ba400000-1515ba401000 rw-p 0000e000 fd:02 233283245                  /home/dcslab/cgmin/jdk12.0.1/build/linux-x86_64-server-release/jdk/lib/libverify.so
1515ba401000-1515ba416000 r-xp 00000000 fd:00 67349682                   /usr/lib64/libgcc_s-4.8.5-20150702.so.1
1515ba416000-1515ba615000 ---p 00015000 fd:00 67349682                   /usr/lib64/libgcc_s-4.8.5-20150702.so.1
1515ba615000-1515ba616000 r--p 00014000 fd:00 67349682                   /usr/lib64/libgcc_s-4.8.5-20150702.so.1
1515ba616000-1515ba617000 rw-p 00015000 fd:00 67349682                   /usr/lib64/libgcc_s-4.8.5-20150702.so.1
1515ba617000-1515ba718000 r-xp 00000000 fd:00 67412312                   /usr/lib64/libm-2.17.so
1515ba718000-1515ba917000 ---p 00101000 fd:00 67412312                   /usr/lib64/libm-2.17.so
1515ba917000-1515ba918000 r--p 00100000 fd:00 67412312                   /usr/lib64/libm-2.17.so
1515ba918000-1515ba919000 rw-p 00101000 fd:00 67412312                   /usr/lib64/libm-2.17.so
1515ba919000-1515baa02000 r-xp 00000000 fd:00 67349699                   /usr/lib64/libstdc++.so.6.0.19
1515baa02000-1515bac01000 ---p 000e9000 fd:00 67349699                   /usr/lib64/libstdc++.so.6.0.19
1515bac01000-1515bac09000 r--p 000e8000 fd:00 67349699                   /usr/lib64/libstdc++.so.6.0.19
1515bac09000-1515bac0b000 rw-p 000f0000 fd:00 67349699                   /usr/lib64/libstdc++.so.6.0.19
1515bac0b000-1515bac20000 rw-p 00000000 00:00 0 
1515bac20000-1515bbe65000 r-xp 00000000 fd:02 149929323                  /home/dcslab/cgmin/jdk12.0.1/build/linux-x86_64-server-release/jdk/lib/server/libjvm.so
1515bbe65000-1515bc065000 ---p 01245000 fd:02 149929323                  /home/dcslab/cgmin/jdk12.0.1/build/linux-x86_64-server-release/jdk/lib/server/libjvm.so
1515bc065000-1515bc13a000 r--p 01245000 fd:02 149929323                  /home/dcslab/cgmin/jdk12.0.1/build/linux-x86_64-server-release/jdk/lib/server/libjvm.so
1515bc13a000-1515bc176000 rw-p 0131a000 fd:02 149929323                  /home/dcslab/cgmin/jdk12.0.1/build/linux-x86_64-server-release/jdk/lib/server/libjvm.so
1515bc176000-1515bc1fc000 rw-p 00000000 00:00 0 
1515bc1fc000-1515bc3be000 r-xp 00000000 fd:00 67116114                   /usr/lib64/libc-2.17.so
1515bc3be000-1515bc5be000 ---p 001c2000 fd:00 67116114                   /usr/lib64/libc-2.17.so
1515bc5be000-1515bc5c2000 r--p 001c2000 fd:00 67116114                   /usr/lib64/libc-2.17.so
1515bc5c2000-1515bc5c4000 rw-p 001c6000 fd:00 67116114                   /usr/lib64/libc-2.17.so
1515bc5c4000-1515bc5c9000 rw-p 00000000 00:00 0 
1515bc5c9000-1515bc5cb000 r-xp 00000000 fd:00 67412311                   /usr/lib64/libdl-2.17.so
1515bc5cb000-1515bc7cb000 ---p 00002000 fd:00 67412311                   /usr/lib64/libdl-2.17.so
1515bc7cb000-1515bc7cc000 r--p 00002000 fd:00 67412311                   /usr/lib64/libdl-2.17.so
1515bc7cc000-1515bc7cd000 rw-p 00003000 fd:00 67412311                   /usr/lib64/libdl-2.17.so
1515bc7cd000-1515bc7e4000 r-xp 00000000 fd:00 67527458                   /usr/lib64/libpthread-2.17.so
1515bc7e4000-1515bc9e3000 ---p 00017000 fd:00 67527458                   /usr/lib64/libpthread-2.17.so
1515bc9e3000-1515bc9e4000 r--p 00016000 fd:00 67527458                   /usr/lib64/libpthread-2.17.so
1515bc9e4000-1515bc9e5000 rw-p 00017000 fd:00 67527458                   /usr/lib64/libpthread-2.17.so
1515bc9e5000-1515bc9e9000 rw-p 00000000 00:00 0 
1515bc9e9000-1515bc9f8000 r-xp 00000000 fd:02 233283259                  /home/dcslab/cgmin/jdk12.0.1/build/linux-x86_64-server-release/jdk/lib/libjli.so
1515bc9f8000-1515bcbf7000 ---p 0000f000 fd:02 233283259                  /home/dcslab/cgmin/jdk12.0.1/build/linux-x86_64-server-release/jdk/lib/libjli.so
1515bcbf7000-1515bcbf8000 r--p 0000e000 fd:02 233283259                  /home/dcslab/cgmin/jdk12.0.1/build/linux-x86_64-server-release/jdk/lib/libjli.so
1515bcbf8000-1515bcbf9000 rw-p 0000f000 fd:02 233283259                  /home/dcslab/cgmin/jdk12.0.1/build/linux-x86_64-server-release/jdk/lib/libjli.so
1515bcbf9000-1515bcc0e000 r-xp 00000000 fd:00 67116158                   /usr/lib64/libz.so.1.2.7
1515bcc0e000-1515bce0d000 ---p 00015000 fd:00 67116158                   /usr/lib64/libz.so.1.2.7
1515bce0d000-1515bce0e000 r--p 00014000 fd:00 67116158                   /usr/lib64/libz.so.1.2.7
1515bce0e000-1515bce0f000 rw-p 00015000 fd:00 67116158                   /usr/lib64/libz.so.1.2.7
1515bce0f000-1515bce31000 r-xp 00000000 fd:00 67116101                   /usr/lib64/ld-2.17.so
1515bce31000-1515bce5d000 rw-p 00000000 00:00 0 
1515bce5d000-1515bcefd000 ---p 00000000 00:00 0 
1515bcefd000-1515bcf02000 rw-p 00000000 00:00 0 
1515bcf02000-1515bcf18000 ---p 00000000 00:00 0 
1515bcf18000-1515bcf1c000 ---p 00000000 00:00 0 
1515bcf1c000-1515bd01e000 rw-p 00000000 00:00 0 
1515bd022000-1515bd024000 rw-p 00000000 00:00 0 
1515bd024000-1515bd02c000 rw-s 00000000 fd:00 76968814                   /tmp/hsperfdata_root/26975
1515bd02c000-1515bd02d000 ---p 00000000 00:00 0 
1515bd02d000-1515bd02e000 r--p 00000000 00:00 0 
1515bd02e000-1515bd02f000 ---p 00000000 00:00 0 
1515bd02f000-1515bd030000 rw-p 00000000 00:00 0 
1515bd030000-1515bd031000 r--p 00021000 fd:00 67116101                   /usr/lib64/ld-2.17.so
1515bd031000-1515bd032000 rw-p 00022000 fd:00 67116101                   /usr/lib64/ld-2.17.so
1515bd032000-1515bd033000 rw-p 00000000 00:00 0 
7ffdbd948000-7ffdbd96a000 rw-p 00000000 00:00 0                          [stack]
7ffdbd9d6000-7ffdbd9d9000 r--p 00000000 00:00 0                          [vvar]
7ffdbd9d9000-7ffdbd9da000 r-xp 00000000 00:00 0                          [vdso]
ffffffffff600000-ffffffffff601000 r-xp 00000000 00:00 0                  [vsyscall]


VM Arguments:
jvm_args: -Dapplication.home=/home/dcslab/cgmin/jdk12.0.1/build/linux-x86_64-server-release/jdk -Xms8m -XX:+UseSerialGC -Xms32M -Xmx512M -XX:TieredStopAtLevel=1 -Djdk.module.main=jdk.jlink 
java_command: jdk.jlink/jdk.tools.jmod.Main create --module-version 12.0.1-internal --target-platform linux-amd64 --module-path /home/dcslab/cgmin/jdk12.0.1/build/linux-x86_64-server-release/support/interim-jmods --libs /home/dcslab/cgmin/jdk12.0.1/build/linux-x86_64-server-release/support/modules_libs/java.base --cmds /home/dcslab/cgmin/jdk12.0.1/build/linux-x86_64-server-release/support/modules_cmds/java.base --config /home/dcslab/cgmin/jdk12.0.1/build/linux-x86_64-server-release/support/modules_conf/java.base --class-path /home/dcslab/cgmin/jdk12.0.1/build/linux-x86_64-server-release/jdk/modules/java.base --header-files /home/dcslab/cgmin/jdk12.0.1/build/linux-x86_64-server-release/support/modules_include/java.base --man-pages /home/dcslab/cgmin/jdk12.0.1/build/linux-x86_64-server-release/support/modules_man/java.base --legal-notices /home/dcslab/cgmin/jdk12.0.1/build/linux-x86_64-server-release/support/modules_legal/common:/home/dcslab/cgmin/jdk12.0.1/build/linux-x86_64-server-release/support/modules_legal/java.base --exclude **{_the.*,_*.marker,*.diz,*.debuginfo,*.dSYM/**,*.dSYM,*.pdb,*.map} /home/dcslab/cgmin/jdk12.0.1/build/linux-x86_64-server-release/support/interim-jmods/temp/java.base.jmod
java_class_path (initial): <not set>
Launcher Type: SUN_STANDARD

[Global flags]
     intx CICompilerCount                          = 15                                        {product} {ergonomic}
   size_t InitialHeapSize                          = 33554432                                  {product} {command line}
   size_t MaxHeapSize                              = 536870912                                 {product} {command line}
   size_t MaxNewSize                               = 178913280                                 {product} {ergonomic}
   size_t MinHeapDeltaBytes                        = 196608                                    {product} {ergonomic}
   size_t NewSize                                  = 11141120                                  {product} {ergonomic}
    uintx NonNMethodCodeHeapSize                   = 13893620                               {pd product} {ergonomic}
    uintx NonProfiledCodeHeapSize                  = 237764620                              {pd product} {ergonomic}
   size_t OldSize                                  = 22413312                                  {product} {ergonomic}
    uintx ProfiledCodeHeapSize                     = 0                                      {pd product} {ergonomic}
    uintx ReservedCodeCacheSize                    = 251658240                              {pd product} {ergonomic}
     bool SegmentedCodeCache                       = true                                      {product} {ergonomic}
     intx TieredStopAtLevel                        = 1                                         {product} {command line}
     bool UseCompressedClassPointers               = true                                 {lp64_product} {ergonomic}
     bool UseCompressedOops                        = true                                 {lp64_product} {ergonomic}
     bool UseSerialGC                              = true                                      {product} {command line}

Logging:
Log output configuration:
 #0: stdout all=warning uptime,level,tags
 #1: stderr all=off uptime,level,tags

Environment Variables:
PATH=/sbin:/bin:/usr/sbin:/usr/bin
USERNAME=root
LD_LIBRARY_PATH=:/usr/local/lib
SHELL=/bin/bash

Signal Handlers:
SIGSEGV: [libjvm.so+0xefc2c0], sa_mask[0]=11111111011111111101111111111110, sa_flags=SA_RESTART|SA_SIGINFO
SIGBUS: [libjvm.so+0xefc2c0], sa_mask[0]=11111111011111111101111111111110, sa_flags=SA_RESTART|SA_SIGINFO
SIGFPE: [libjvm.so+0xefc2c0], sa_mask[0]=11111111011111111101111111111110, sa_flags=SA_RESTART|SA_SIGINFO
SIGPIPE: [libjvm.so+0xbf1690], sa_mask[0]=11111111011111111101111111111110, sa_flags=SA_RESTART|SA_SIGINFO
SIGXFSZ: [libjvm.so+0xbf1690], sa_mask[0]=11111111011111111101111111111110, sa_flags=SA_RESTART|SA_SIGINFO
SIGILL: [libjvm.so+0xefc2c0], sa_mask[0]=11111111011111111101111111111110, sa_flags=SA_RESTART|SA_SIGINFO
SIGUSR2: [libjvm.so+0xbf1530], sa_mask[0]=00000000000000000000000000000000, sa_flags=SA_RESTART|SA_SIGINFO
SIGHUP: SIG_DFL, sa_mask[0]=00000000000000000000000000000000, sa_flags=none
SIGINT: SIG_DFL, sa_mask[0]=00000000000000000000000000000000, sa_flags=none
SIGTERM: SIG_DFL, sa_mask[0]=00000000000000000000000000000000, sa_flags=none
SIGQUIT: SIG_DFL, sa_mask[0]=00000000000000000000000000000000, sa_flags=none


---------------  S Y S T E M  ---------------

OS:CentOS Linux release 7.6.1810 (Core) 
uname:Linux 5.2.0PMC0722+ #25 SMP Thu Jul 25 15:52:11 KST 2019 x86_64
libc:glibc 2.17 NPTL 2.17 
rlimit: STACK infinity, CORE 0k, NPROC 512949, NOFILE 4096, AS infinity, DATA infinity, FSIZE infinity
load average:23.28 12.71 5.10

/proc/meminfo:
MemTotal:       131379228 kB
MemFree:        118441576 kB
MemAvailable:   125226600 kB
Buffers:            2120 kB
Cached:          7581736 kB
SwapCached:            0 kB
Active:          6344176 kB
Inactive:        4675096 kB
Active(anon):    3436312 kB
Inactive(anon):    25856 kB
Active(file):    2907864 kB
Inactive(file):  4649240 kB
Unevictable:           0 kB
Mlocked:               0 kB
SwapTotal:             0 kB
SwapFree:              0 kB
Dirty:            174492 kB
Writeback:         44180 kB
AnonPages:       3437488 kB
Mapped:            90108 kB
Shmem:             26248 kB
KReclaimable:     414220 kB
Slab:             799040 kB
SReclaimable:     414220 kB
SUnreclaim:       384820 kB
KernelStack:       21312 kB
PageTables:        34652 kB
NFS_Unstable:          0 kB
Bounce:                0 kB
WritebackTmp:          0 kB
CommitLimit:    65689612 kB
Committed_AS:    5419456 kB
VmallocTotal:   34359738367 kB
VmallocUsed:           0 kB
VmallocChunk:          0 kB
Percpu:            14592 kB
HardwareCorrupted:     0 kB
CmaTotal:              0 kB
CmaFree:               0 kB
HugePages_Total:       0
HugePages_Free:        0
HugePages_Rsvd:        0
HugePages_Surp:        0
Hugepagesize:       2048 kB
Hugetlb:               0 kB
DirectMap4k:      564020 kB
DirectMap2M:    14000128 kB
DirectMap1G:    121634816 kB


/proc/sys/kernel/threads-max (system-wide limit on the number of threads):
1025899


/proc/sys/vm/max_map_count (maximum number of memory map areas a process may have):
65530


/proc/sys/kernel/pid_max (system-wide limit on number of process identifiers):
49152



container (cgroup) information:
container_type: cgroupv1
cpu_cpuset_cpus: 0-47
cpu_memory_nodes: 0
active_processor_count: 48
cpu_quota: -1
cpu_period: 100000
cpu_shares: -1
memory_limit_in_bytes: -1
memory_and_swap_limit_in_bytes: -1
memory_soft_limit_in_bytes: -1
memory_usage_in_bytes: 11290529792
memory_max_usage_in_bytes: 0


CPU:total 48 (initial active 48) (12 cores per cpu, 2 threads per core) family 6 model 79 stepping 1, cmov, cx8, fxsr, mmx, sse, sse2, sse3, ssse3, sse4.1, sse4.2, popcnt, avx, avx2, aes, clmul, erms, rtm, 3dnowpref, lzcnt, ht, tsc, tscinvbit, bmi1, bmi2, adx, fma
CPU Model and flags from /proc/cpuinfo:
model name	: Intel(R) Xeon(R) CPU E5-2650 v4 @ 2.20GHz
flags		: fpu vme de pse tsc msr pae mce cx8 apic sep mtrr pge mca cmov pat pse36 clflush dts acpi mmx fxsr sse sse2 ss ht tm pbe syscall nx pdpe1gb rdtscp lm constant_tsc arch_perfmon pebs bts rep_good nopl xtopology nonstop_tsc cpuid aperfmperf pni pclmulqdq dtes64 monitor ds_cpl vmx smx est tm2 ssse3 sdbg fma cx16 xtpr pdcm pcid dca sse4_1 sse4_2 x2apic movbe popcnt aes xsave avx f16c rdrand lahf_lm abm 3dnowprefetch cpuid_fault epb cat_l3 cdp_l3 invpcid_single pti intel_ppin tpr_shadow vnmi flexpriority ept vpid ept_ad fsgsbase tsc_adjust bmi1 hle avx2 smep bmi2 erms invpcid rtm cqm rdt_a rdseed adx smap intel_pt xsaveopt cqm_llc cqm_occup_llc cqm_mbm_total cqm_mbm_local dtherm arat pln pts

Memory: 4k page, physical 131379228k(118441576k free), swap 0k(0k free)

vm_info: OpenJDK 64-Bit Server VM (12.0.1-internal+0-adhoc.root.jdk12.0.1) for linux-amd64 JRE (12.0.1-internal+0-adhoc.root.jdk12.0.1), built on Jul 26 2019 16:58:18 by "root" with gcc 4.8.5 20150623 (Red Hat 4.8.5-36)

END.
