#
# A fatal error has been detected by the Java Runtime Environment:
#
#  SIGSEGV (0xb) at pc=0x00002ade4d862ee9, pid=27621, tid=27751
#
# JRE version:  (12.0.1) (build )
# Java VM: OpenJDK 64-Bit Server VM (12.0.1-internal+0-adhoc.root.jdk12.0.1, mixed mode, tiered, compressed oops, serial gc, linux-amd64)
# Problematic frame:
# V  [libjvm.so+0xb3fee9]  ObjArrayAllocator::initialize(HeapWord*) const+0x29
#
# No core dump will be written. Core dumps have been disabled. To enable core dumping, try "ulimit -c unlimited" before starting Java again
#
# If you would like to submit a bug report, please visit:
#   http://bugreport.java.com/bugreport/crash.jsp
#

---------------  S U M M A R Y ------------

Command Line: -Dapplication.home=/home/dcslab/cgmin/jdk12.0.1/build/linux-x86_64-server-release/jdk -Xms8m -XX:+UseSerialGC -Xms32M -Xmx512M -XX:TieredStopAtLevel=1 -Djdk.module.main=jdk.jlink jdk.jlink/jdk.tools.jmod.Main create --module-version 12.0.1-internal --target-platform linux-amd64 --module-path /home/dcslab/cgmin/jdk12.0.1/build/linux-x86_64-server-release/images/jmods --class-path /home/dcslab/cgmin/jdk12.0.1/build/linux-x86_64-server-release/jdk/modules/java.xml.crypto --legal-notices /home/dcslab/cgmin/jdk12.0.1/build/linux-x86_64-server-release/support/modules_legal/common:/home/dcslab/cgmin/jdk12.0.1/src/java.xml.crypto/share/legal --exclude **{_the.*,_*.marker,*.diz,*.debuginfo,*.dSYM/**,*.dSYM,*.pdb,*.map} /home/dcslab/cgmin/jdk12.0.1/build/linux-x86_64-server-release/support/jmods/java.xml.crypto.jmod

Host: Intel(R) Xeon(R) CPU E5-2650 v4 @ 2.20GHz, 48 cores, 124G, CentOS Linux release 7.6.1810 (Core) 
Time: Thu Jul 18 18:30:33 2019 KST elapsed time: 0 seconds (0d 0h 0m 0s)

---------------  T H R E A D  ---------------

Current thread (0x00002ade50010000):  JavaThread "main" [_thread_in_vm, id=27751, stack(0x00002ade4bf25000,0x00002ade4c026000)]

Stack: [0x00002ade4bf25000,0x00002ade4c026000],  sp=0x00002ade4c024220,  free space=1020k
Native frames: (J=compiled Java code, A=aot compiled Java code, j=interpreted, Vv=VM code, C=native code)
V  [libjvm.so+0xb3fee9]  ObjArrayAllocator::initialize(HeapWord*) const+0x29
V  [libjvm.so+0xb40743]  MemAllocator::allocate() const+0x73
V  [libjvm.so+0x6154c4]  CollectedHeap::array_allocate(Klass*, int, int, bool, Thread*)+0x44
V  [libjvm.so+0x8721a8]  InterpreterRuntime::newarray(JavaThread*, BasicType, int)+0x28
j  java.nio.HeapByteBuffer.<init>(II)V+6 java.base
j  java.nio.ByteBuffer.allocate(I)Ljava/nio/ByteBuffer;+15 java.base
j  sun.nio.cs.StreamEncoder.<init>(Ljava/io/OutputStream;Ljava/lang/Object;Ljava/nio/charset/CharsetEncoder;)V+49 java.base
j  sun.nio.cs.StreamEncoder.<init>(Ljava/io/OutputStream;Ljava/lang/Object;Ljava/nio/charset/Charset;)V+19 java.base
j  sun.nio.cs.StreamEncoder.forOutputStreamWriter(Ljava/io/OutputStream;Ljava/lang/Object;Ljava/lang/String;)Lsun/nio/cs/StreamEncoder;+30 java.base
j  java.io.OutputStreamWriter.<init>(Ljava/io/OutputStream;)V+12 java.base
j  java.io.PrintStream.<init>(ZLjava/io/OutputStream;)V+26 java.base
j  java.io.PrintStream.<init>(Ljava/io/OutputStream;Z)V+11 java.base
j  java.lang.System.newPrintStream(Ljava/io/FileOutputStream;Ljava/lang/String;)Ljava/io/PrintStream;+42 java.base
j  java.lang.System.initPhase1()V+87 java.base
v  ~StubRoutines::call_stub
V  [libjvm.so+0x881c83]  JavaCalls::call_helper(JavaValue*, methodHandle const&, JavaCallArguments*, Thread*)+0x3a3
V  [libjvm.so+0x880bd8]  JavaCalls::call_static(JavaValue*, Klass*, Symbol*, Symbol*, Thread*)+0x198
V  [libjvm.so+0xe90ff5]  Threads::initialize_java_lang_classes(JavaThread*, Thread*)+0x2c5
V  [libjvm.so+0xe9217f]  Threads::create_vm(JavaVMInitArgs*, bool*)+0x6ef
V  [libjvm.so+0x908c88]  JNI_CreateJavaVM+0x58
C  [libjli.so+0x4814]  JavaMain+0x84

Java frames: (J=compiled Java code, j=interpreted, Vv=VM code)
j  java.nio.HeapByteBuffer.<init>(II)V+6 java.base
j  java.nio.ByteBuffer.allocate(I)Ljava/nio/ByteBuffer;+15 java.base
j  sun.nio.cs.StreamEncoder.<init>(Ljava/io/OutputStream;Ljava/lang/Object;Ljava/nio/charset/CharsetEncoder;)V+49 java.base
j  sun.nio.cs.StreamEncoder.<init>(Ljava/io/OutputStream;Ljava/lang/Object;Ljava/nio/charset/Charset;)V+19 java.base
j  sun.nio.cs.StreamEncoder.forOutputStreamWriter(Ljava/io/OutputStream;Ljava/lang/Object;Ljava/lang/String;)Lsun/nio/cs/StreamEncoder;+30 java.base
j  java.io.OutputStreamWriter.<init>(Ljava/io/OutputStream;)V+12 java.base
j  java.io.PrintStream.<init>(ZLjava/io/OutputStream;)V+26 java.base
j  java.io.PrintStream.<init>(Ljava/io/OutputStream;Z)V+11 java.base
j  java.lang.System.newPrintStream(Ljava/io/FileOutputStream;Ljava/lang/String;)Ljava/io/PrintStream;+42 java.base
j  java.lang.System.initPhase1()V+87 java.base
v  ~StubRoutines::call_stub

siginfo: si_signo: 11 (SIGSEGV), si_code: 1 (SEGV_MAPERR), si_addr: 0x000000000000201c

Register to memory mapping:

RAX=0x0000000000000001 is an unknown value
RBX=0x0000000000002010 is an unknown value
RCX=0x0000000000001dc8 is an unknown value
RDX=0x00002ade4e22bc50: <offset 0x0000000001508c50> in /home/dcslab/cgmin/jdk12.0.1/build/linux-x86_64-server-release/jdk/lib/server/libjvm.so at 0x00002ade4cd23000
RSP=0x00002ade4c024220 is pointing into the stack for thread: 0x00002ade50010000
RBP=0x00002ade4c024240 is pointing into the stack for thread: 0x00002ade50010000
RSI=0x0000000000002010 is an unknown value
RDI=0x00002ade4c0242d0 is pointing into the stack for thread: 0x00002ade50010000
R8 =0x0000000000000001 is an unknown value
R9 =0x00002ade50010000 is a thread
R10=0x00002ade4d338480: <offset 0x0000000000615480> in /home/dcslab/cgmin/jdk12.0.1/build/linux-x86_64-server-release/jdk/lib/server/libjvm.so at 0x00002ade4cd23000
R11=0x0000000100026748 is a pointer to class: 
java.nio.HeapByteBuffer {0x0000000100026748}
R12=0x00002ade4c0242d0 is pointing into the stack for thread: 0x00002ade50010000
R13=0x00002ade4e2abc44: <offset 0x0000000001588c44> in /home/dcslab/cgmin/jdk12.0.1/build/linux-x86_64-server-release/jdk/lib/server/libjvm.so at 0x00002ade4cd23000
R14=0x00002ade4c0243e0 is pointing into the stack for thread: 0x00002ade50010000
R15=0x00002ade50010000 is a thread


Registers:
RAX=0x0000000000000001, RBX=0x0000000000002010, RCX=0x0000000000001dc8, RDX=0x00002ade4e22bc50
RSP=0x00002ade4c024220, RBP=0x00002ade4c024240, RSI=0x0000000000002010, RDI=0x00002ade4c0242d0
R8 =0x0000000000000001, R9 =0x00002ade50010000, R10=0x00002ade4d338480, R11=0x0000000100026748
R12=0x00002ade4c0242d0, R13=0x00002ade4e2abc44, R14=0x00002ade4c0243e0, R15=0x00002ade50010000
RIP=0x00002ade4d862ee9, EFLAGS=0x0000000000010202, CSGSFS=0x002b000000000033, ERR=0x0000000000000006
  TRAPNO=0x000000000000000e

Top of Stack: (sp=0x00002ade4c024220)
0x00002ade4c024220:   00002ade631c1488 00002ade4c0242d0
0x00002ade4c024230:   0000000000000000 00002ade4c024260
0x00002ade4c024240:   00002ade4c0242c0 00002ade4d863743
0x00002ade4c024250:   00002ade4c0248e0 0000000000000000 

Instructions: (pc=0x00002ade4d862ee9)
0x00002ade4d862ec9:   89 fc 53 48 89 f3 48 83 ec 08 80 7f 2c 00 4c 8d
0x00002ade4d862ed9:   2d 66 8d a4 00 41 0f b6 45 00 74 2e 84 c0 74 07
0x00002ade4d862ee9:   c7 46 0c 00 00 00 00 49 8b 54 24 20 48 83 fa 02
0x00002ade4d862ef9:   74 18 48 8d 14 d5 f0 ff ff ff 48 8d 7b 10 31 f6 

Stack slot to memory mapping:
stack at sp + 0 slots: 0x00002ade631c1488 is pointing into metadata
stack at sp + 1 slots: 0x00002ade4c0242d0 is pointing into the stack for thread: 0x00002ade50010000
stack at sp + 2 slots: 0x0 is NULL
stack at sp + 3 slots: 0x00002ade4c024260 is pointing into the stack for thread: 0x00002ade50010000
stack at sp + 4 slots: 0x00002ade4c0242c0 is pointing into the stack for thread: 0x00002ade50010000
stack at sp + 5 slots: 0x00002ade4d863743: <offset 0x0000000000b40743> in /home/dcslab/cgmin/jdk12.0.1/build/linux-x86_64-server-release/jdk/lib/server/libjvm.so at 0x00002ade4cd23000
stack at sp + 6 slots: 0x00002ade4c0248e0 is pointing into the stack for thread: 0x00002ade50010000
stack at sp + 7 slots: 0x0 is NULL


---------------  P R O C E S S  ---------------

Threads class SMR info:
_java_thread_list=0x00002ade5009e1d0, length=3, elements={
0x00002ade50010000, 0x00002ade50099000, 0x00002ade5009c800
}

Java Threads: ( => current thread )
=>0x00002ade50010000 JavaThread "main" [_thread_in_vm, id=27751, stack(0x00002ade4bf25000,0x00002ade4c026000)]
  0x00002ade50099000 JavaThread "Reference Handler" daemon [_thread_blocked, id=28150, stack(0x00002ade4fa80000,0x00002ade4fb81000)]
  0x00002ade5009c800 JavaThread "Finalizer" daemon [_thread_blocked, id=28156, stack(0x00002ade4fb81000,0x00002ade4fc82000)]

Other Threads:
  0x00002ade5008c800 VMThread "VM Thread" [stack: 0x00002ade4f980000,0x00002ade4fa80000] [id=28017]

Threads with active compile tasks:

VM state:not at safepoint (normal execution)

VM Mutex/Monitor currently owned by a thread: None

Heap address: 0x00000000e0000000, size: 512 MB, Compressed Oops mode: 32-bit
Narrow klass base: 0x0000000000000000, Narrow klass shift: 3
Compressed class space size: 1073741824 Address: 0x0000000100000000

Heap:
 def new generation   total 9792K, used 182K [0x00000000e0000000, 0x00000000e0aa0000, 0x00000000eaaa0000)
  eden space 8704K,   2% used [0x00000000e0000000, 0x00000000e002d870, 0x00000000e0880000)
  from space 1088K,   0% used [0x00000000e0880000, 0x00000000e0880000, 0x00000000e0990000)
  to   space 1088K,   0% used [0x00000000e0990000, 0x00000000e0990000, 0x00000000e0aa0000)
 tenured generation   total 21888K, used 0K [0x00000000eaaa0000, 0x00000000ec000000, 0x0000000100000000)
   the space 21888K,   0% used [0x00000000eaaa0000, 0x00000000eaaa0000, 0x00000000eaaa0200, 0x00000000ec000000)
 Metaspace       used 1973K, capacity 4480K, committed 4480K, reserved 1056768K
  class space    used 154K, capacity 384K, committed 384K, reserved 1048576K

Card table byte_map: [0x00002ade4f73f000,0x00002ade4f840000] _byte_map_base: 0x00002ade4f03f000

Polling page: 0x00002ade4bf10000

Metaspace:

Usage:
  Non-class:      4.00 MB capacity,     1.78 MB ( 44%) used,     2.22 MB ( 56%) free+waste,    64 bytes ( <1%) overhead. 
      Class:    384.00 KB capacity,   154.88 KB ( 40%) used,   229.06 KB ( 60%) free+waste,    64 bytes ( <1%) overhead. 
       Both:      4.38 MB capacity,     1.93 MB ( 44%) used,     2.45 MB ( 56%) free+waste,   128 bytes ( <1%) overhead. 

Virtual space:
  Non-class space:        8.00 MB reserved,       4.00 MB ( 50%) committed 
      Class space:        1.00 GB reserved,     384.00 KB ( <1%) committed 
             Both:        1.01 GB reserved,       4.38 MB ( <1%) committed 

Chunk freelists:
   Non-Class:  0 bytes
       Class:  0 bytes
        Both:  0 bytes

CodeHeap 'non-profiled nmethods': size=232192Kb used=0Kb max_used=0Kb free=232192Kb
 bounds [0x00002ade54d40000, 0x00002ade54fb0000, 0x00002ade63000000]
CodeHeap 'non-nmethods': size=13568Kb used=362Kb max_used=362Kb free=13205Kb
 bounds [0x00002ade54000000, 0x00002ade54270000, 0x00002ade54d40000]
 total_blobs=161 nmethods=0 adapters=118
 compilation: enabled
              stopped_count=0, restarted_count=0
 full_count=0

Compilation events (0 events):
No events

GC Heap History (0 events):
No events

Deoptimization events (0 events):
No events

Classes redefined (0 events):
No events

Internal exceptions (0 events):
No events

Events (10 events):
Event: 0.049 loading class java/nio/charset/CodingErrorAction
Event: 0.049 loading class java/nio/charset/CodingErrorAction done
Event: 0.049 loading class java/nio/ByteBuffer
Event: 0.049 loading class java/nio/ByteBuffer done
Event: 0.049 loading class java/nio/Buffer$1
Event: 0.049 loading class jdk/internal/access/JavaNioAccess
Event: 0.049 loading class jdk/internal/access/JavaNioAccess done
Event: 0.049 loading class java/nio/Buffer$1 done
Event: 0.049 loading class java/nio/HeapByteBuffer
Event: 0.050 loading class java/nio/HeapByteBuffer done


Dynamic libraries:
00400000-00401000 r-xp 00000000 fd:02 80725812                           /home/dcslab/cgmin/jdk12.0.1/build/linux-x86_64-server-release/jdk/bin/jmod
00601000-00602000 r--p 00001000 fd:02 80725812                           /home/dcslab/cgmin/jdk12.0.1/build/linux-x86_64-server-release/jdk/bin/jmod
00602000-00603000 rw-p 00002000 fd:02 80725812                           /home/dcslab/cgmin/jdk12.0.1/build/linux-x86_64-server-release/jdk/bin/jmod
011e6000-01207000 rw-p 00000000 00:00 0                                  [heap]
e0000000-e0aa0000 rw-p 00000000 00:00 0 
e0aa0000-eaaa0000 ---p 00000000 00:00 0 
eaaa0000-ec000000 rw-p 00000000 00:00 0 
ec000000-100000000 ---p 00000000 00:00 0 
100000000-100060000 rw-p 00000000 00:00 0 
100060000-140000000 ---p 00000000 00:00 0 
2ade4beec000-2ade4bf0e000 r-xp 00000000 fd:00 67116101                   /usr/lib64/ld-2.17.so
2ade4bf0e000-2ade4bf0f000 rw-p 00000000 00:00 0 
2ade4bf0f000-2ade4bf11000 ---p 00000000 00:00 0 
2ade4bf11000-2ade4bf12000 r--p 00000000 00:00 0 
2ade4bf12000-2ade4bf1a000 rw-s 00000000 fd:00 67645897                   /tmp/hsperfdata_root/27621
2ade4bf1a000-2ade4bf1c000 rw-p 00000000 00:00 0 
2ade4bf20000-2ade4bf25000 rw-p 00000000 00:00 0 
2ade4bf25000-2ade4bf29000 ---p 00000000 00:00 0 
2ade4bf29000-2ade4c02b000 rw-p 00000000 00:00 0 
2ade4c02b000-2ade4c041000 ---p 00000000 00:00 0 
2ade4c041000-2ade4c04c000 rw-p 00000000 00:00 0 
2ade4c04c000-2ade4c0ec000 ---p 00000000 00:00 0 
2ade4c0ec000-2ade4c10d000 rw-p 00000000 00:00 0 
2ade4c10d000-2ade4c10e000 r--p 00021000 fd:00 67116101                   /usr/lib64/ld-2.17.so
2ade4c10e000-2ade4c10f000 rw-p 00022000 fd:00 67116101                   /usr/lib64/ld-2.17.so
2ade4c10f000-2ade4c110000 rw-p 00000000 00:00 0 
2ade4c110000-2ade4c125000 r-xp 00000000 fd:00 67116158                   /usr/lib64/libz.so.1.2.7
2ade4c125000-2ade4c324000 ---p 00015000 fd:00 67116158                   /usr/lib64/libz.so.1.2.7
2ade4c324000-2ade4c325000 r--p 00014000 fd:00 67116158                   /usr/lib64/libz.so.1.2.7
2ade4c325000-2ade4c326000 rw-p 00015000 fd:00 67116158                   /usr/lib64/libz.so.1.2.7
2ade4c326000-2ade4c335000 r-xp 00000000 fd:02 149203286                  /home/dcslab/cgmin/jdk12.0.1/build/linux-x86_64-server-release/jdk/lib/libjli.so
2ade4c335000-2ade4c534000 ---p 0000f000 fd:02 149203286                  /home/dcslab/cgmin/jdk12.0.1/build/linux-x86_64-server-release/jdk/lib/libjli.so
2ade4c534000-2ade4c535000 r--p 0000e000 fd:02 149203286                  /home/dcslab/cgmin/jdk12.0.1/build/linux-x86_64-server-release/jdk/lib/libjli.so
2ade4c535000-2ade4c536000 rw-p 0000f000 fd:02 149203286                  /home/dcslab/cgmin/jdk12.0.1/build/linux-x86_64-server-release/jdk/lib/libjli.so
2ade4c536000-2ade4c54d000 r-xp 00000000 fd:00 67527458                   /usr/lib64/libpthread-2.17.so
2ade4c54d000-2ade4c74c000 ---p 00017000 fd:00 67527458                   /usr/lib64/libpthread-2.17.so
2ade4c74c000-2ade4c74d000 r--p 00016000 fd:00 67527458                   /usr/lib64/libpthread-2.17.so
2ade4c74d000-2ade4c74e000 rw-p 00017000 fd:00 67527458                   /usr/lib64/libpthread-2.17.so
2ade4c74e000-2ade4c752000 rw-p 00000000 00:00 0 
2ade4c752000-2ade4c754000 r-xp 00000000 fd:00 67412311                   /usr/lib64/libdl-2.17.so
2ade4c754000-2ade4c954000 ---p 00002000 fd:00 67412311                   /usr/lib64/libdl-2.17.so
2ade4c954000-2ade4c955000 r--p 00002000 fd:00 67412311                   /usr/lib64/libdl-2.17.so
2ade4c955000-2ade4c956000 rw-p 00003000 fd:00 67412311                   /usr/lib64/libdl-2.17.so
2ade4c956000-2ade4cb18000 r-xp 00000000 fd:00 67116114                   /usr/lib64/libc-2.17.so
2ade4cb18000-2ade4cd18000 ---p 001c2000 fd:00 67116114                   /usr/lib64/libc-2.17.so
2ade4cd18000-2ade4cd1c000 r--p 001c2000 fd:00 67116114                   /usr/lib64/libc-2.17.so
2ade4cd1c000-2ade4cd1e000 rw-p 001c6000 fd:00 67116114                   /usr/lib64/libc-2.17.so
2ade4cd1e000-2ade4cd23000 rw-p 00000000 00:00 0 
2ade4cd23000-2ade4df68000 r-xp 00000000 fd:02 231059769                  /home/dcslab/cgmin/jdk12.0.1/build/linux-x86_64-server-release/jdk/lib/server/libjvm.so
2ade4df68000-2ade4e168000 ---p 01245000 fd:02 231059769                  /home/dcslab/cgmin/jdk12.0.1/build/linux-x86_64-server-release/jdk/lib/server/libjvm.so
2ade4e168000-2ade4e23d000 r--p 01245000 fd:02 231059769                  /home/dcslab/cgmin/jdk12.0.1/build/linux-x86_64-server-release/jdk/lib/server/libjvm.so
2ade4e23d000-2ade4e279000 rw-p 0131a000 fd:02 231059769                  /home/dcslab/cgmin/jdk12.0.1/build/linux-x86_64-server-release/jdk/lib/server/libjvm.so
2ade4e279000-2ade4e2ff000 rw-p 00000000 00:00 0 
2ade4e2ff000-2ade4e3e8000 r-xp 00000000 fd:00 67349699                   /usr/lib64/libstdc++.so.6.0.19
2ade4e3e8000-2ade4e5e7000 ---p 000e9000 fd:00 67349699                   /usr/lib64/libstdc++.so.6.0.19
2ade4e5e7000-2ade4e5ef000 r--p 000e8000 fd:00 67349699                   /usr/lib64/libstdc++.so.6.0.19
2ade4e5ef000-2ade4e5f1000 rw-p 000f0000 fd:00 67349699                   /usr/lib64/libstdc++.so.6.0.19
2ade4e5f1000-2ade4e606000 rw-p 00000000 00:00 0 
2ade4e606000-2ade4e707000 r-xp 00000000 fd:00 67412312                   /usr/lib64/libm-2.17.so
2ade4e707000-2ade4e906000 ---p 00101000 fd:00 67412312                   /usr/lib64/libm-2.17.so
2ade4e906000-2ade4e907000 r--p 00100000 fd:00 67412312                   /usr/lib64/libm-2.17.so
2ade4e907000-2ade4e908000 rw-p 00101000 fd:00 67412312                   /usr/lib64/libm-2.17.so
2ade4e908000-2ade4e91d000 r-xp 00000000 fd:00 67349682                   /usr/lib64/libgcc_s-4.8.5-20150702.so.1
2ade4e91d000-2ade4eb1c000 ---p 00015000 fd:00 67349682                   /usr/lib64/libgcc_s-4.8.5-20150702.so.1
2ade4eb1c000-2ade4eb1d000 r--p 00014000 fd:00 67349682                   /usr/lib64/libgcc_s-4.8.5-20150702.so.1
2ade4eb1d000-2ade4eb1e000 rw-p 00015000 fd:00 67349682                   /usr/lib64/libgcc_s-4.8.5-20150702.so.1
2ade4eb1e000-2ade4eb2b000 r-xp 00000000 fd:02 149203278                  /home/dcslab/cgmin/jdk12.0.1/build/linux-x86_64-server-release/jdk/lib/libverify.so
2ade4eb2b000-2ade4ed2a000 ---p 0000d000 fd:02 149203278                  /home/dcslab/cgmin/jdk12.0.1/build/linux-x86_64-server-release/jdk/lib/libverify.so
2ade4ed2a000-2ade4ed2c000 r--p 0000c000 fd:02 149203278                  /home/dcslab/cgmin/jdk12.0.1/build/linux-x86_64-server-release/jdk/lib/libverify.so
2ade4ed2c000-2ade4ed2d000 rw-p 0000e000 fd:02 149203278                  /home/dcslab/cgmin/jdk12.0.1/build/linux-x86_64-server-release/jdk/lib/libverify.so
2ade4ed2d000-2ade4ed55000 r-xp 00000000 fd:02 149203280                  /home/dcslab/cgmin/jdk12.0.1/build/linux-x86_64-server-release/jdk/lib/libjava.so
2ade4ed55000-2ade4ef54000 ---p 00028000 fd:02 149203280                  /home/dcslab/cgmin/jdk12.0.1/build/linux-x86_64-server-release/jdk/lib/libjava.so
2ade4ef54000-2ade4ef55000 r--p 00027000 fd:02 149203280                  /home/dcslab/cgmin/jdk12.0.1/build/linux-x86_64-server-release/jdk/lib/libjava.so
2ade4ef55000-2ade4ef57000 rw-p 00028000 fd:02 149203280                  /home/dcslab/cgmin/jdk12.0.1/build/linux-x86_64-server-release/jdk/lib/libjava.so
2ade4ef57000-2ade4ef63000 r-xp 00000000 fd:00 67527450                   /usr/lib64/libnss_files-2.17.so
2ade4ef63000-2ade4f162000 ---p 0000c000 fd:00 67527450                   /usr/lib64/libnss_files-2.17.so
2ade4f162000-2ade4f163000 r--p 0000b000 fd:00 67527450                   /usr/lib64/libnss_files-2.17.so
2ade4f163000-2ade4f164000 rw-p 0000c000 fd:00 67527450                   /usr/lib64/libnss_files-2.17.so
2ade4f164000-2ade4f16a000 rw-p 00000000 00:00 0 
2ade4f16a000-2ade4f171000 r-xp 00000000 fd:02 149203284                  /home/dcslab/cgmin/jdk12.0.1/build/linux-x86_64-server-release/jdk/lib/libzip.so
2ade4f171000-2ade4f370000 ---p 00007000 fd:02 149203284                  /home/dcslab/cgmin/jdk12.0.1/build/linux-x86_64-server-release/jdk/lib/libzip.so
2ade4f370000-2ade4f371000 r--p 00006000 fd:02 149203284                  /home/dcslab/cgmin/jdk12.0.1/build/linux-x86_64-server-release/jdk/lib/libzip.so
2ade4f371000-2ade4f372000 rw-p 00007000 fd:02 149203284                  /home/dcslab/cgmin/jdk12.0.1/build/linux-x86_64-server-release/jdk/lib/libzip.so
2ade4f372000-2ade4f377000 r-xp 00000000 fd:02 149203289                  /home/dcslab/cgmin/jdk12.0.1/build/linux-x86_64-server-release/jdk/lib/libjimage.so
2ade4f377000-2ade4f577000 ---p 00005000 fd:02 149203289                  /home/dcslab/cgmin/jdk12.0.1/build/linux-x86_64-server-release/jdk/lib/libjimage.so
2ade4f577000-2ade4f578000 r--p 00005000 fd:02 149203289                  /home/dcslab/cgmin/jdk12.0.1/build/linux-x86_64-server-release/jdk/lib/libjimage.so
2ade4f578000-2ade4f579000 rw-p 00006000 fd:02 149203289                  /home/dcslab/cgmin/jdk12.0.1/build/linux-x86_64-server-release/jdk/lib/libjimage.so
2ade4f579000-2ade4f57e000 rw-p 00000000 00:00 0 
2ade4f57e000-2ade4f73f000 ---p 00000000 00:00 0 
2ade4f73f000-2ade4f745000 rw-p 00000000 00:00 0 
2ade4f745000-2ade4f794000 ---p 00000000 00:00 0 
2ade4f794000-2ade4f79f000 rw-p 00000000 00:00 0 
2ade4f79f000-2ade4f83f000 ---p 00000000 00:00 0 
2ade4f83f000-2ade4f97e000 rw-p 00000000 00:00 0 
2ade4f97e000-2ade4f97f000 ---p 00000000 00:00 0 
2ade4f97f000-2ade4fa80000 rw-p 00000000 00:00 0 
2ade4fa80000-2ade4fa84000 ---p 00000000 00:00 0 
2ade4fa84000-2ade4fb81000 rw-p 00000000 00:00 0 
2ade4fb81000-2ade4fb85000 ---p 00000000 00:00 0 
2ade4fb85000-2ade4fdd8000 rw-p 00000000 00:00 0 
2ade50000000-2ade500bc000 rw-p 00000000 00:00 0 
2ade500bc000-2ade54000000 ---p 00000000 00:00 0 
2ade54000000-2ade54270000 rwxp 00000000 00:00 0 
2ade54270000-2ade54d40000 ---p 00000000 00:00 0 
2ade54d40000-2ade54fb0000 rwxp 00000000 00:00 0 
2ade54fb0000-2ade63000000 ---p 00000000 00:00 0 
2ade63000000-2ade63400000 rw-p 00000000 00:00 0 
2ade63400000-2ade63800000 ---p 00000000 00:00 0 
2ade63800000-2ade63aa0000 rw-p 00000000 00:00 0 
2ade64000000-2ade64021000 rw-p 00000000 00:00 0 
2ade64021000-2ade68000000 ---p 00000000 00:00 0 
2ade68000000-2ade68021000 rw-p 00000000 00:00 0 
2ade68021000-2ade6c000000 ---p 00000000 00:00 0 
2ade6c000000-2ade6c021000 rw-p 00000000 00:00 0 
2ade6c021000-2ade70000000 ---p 00000000 00:00 0 
2ade70000000-2ade7652a000 r--p 00000000 fd:00 1524467                    /usr/lib/locale/locale-archive
7ffe18bb1000-7ffe18bd3000 rw-p 00000000 00:00 0                          [stack]
7ffe18be1000-7ffe18be4000 r--p 00000000 00:00 0                          [vvar]
7ffe18be4000-7ffe18be6000 r-xp 00000000 00:00 0                          [vdso]
ffffffffff600000-ffffffffff601000 r-xp 00000000 00:00 0                  [vsyscall]


VM Arguments:
jvm_args: -Dapplication.home=/home/dcslab/cgmin/jdk12.0.1/build/linux-x86_64-server-release/jdk -Xms8m -XX:+UseSerialGC -Xms32M -Xmx512M -XX:TieredStopAtLevel=1 -Djdk.module.main=jdk.jlink 
java_command: jdk.jlink/jdk.tools.jmod.Main create --module-version 12.0.1-internal --target-platform linux-amd64 --module-path /home/dcslab/cgmin/jdk12.0.1/build/linux-x86_64-server-release/images/jmods --class-path /home/dcslab/cgmin/jdk12.0.1/build/linux-x86_64-server-release/jdk/modules/java.xml.crypto --legal-notices /home/dcslab/cgmin/jdk12.0.1/build/linux-x86_64-server-release/support/modules_legal/common:/home/dcslab/cgmin/jdk12.0.1/src/java.xml.crypto/share/legal --exclude **{_the.*,_*.marker,*.diz,*.debuginfo,*.dSYM/**,*.dSYM,*.pdb,*.map} /home/dcslab/cgmin/jdk12.0.1/build/linux-x86_64-server-release/support/jmods/java.xml.crypto.jmod
java_class_path (initial): <not set>
Launcher Type: SUN_STANDARD

[Global flags]
     intx CICompilerCount                          = 15                                        {product} {ergonomic}
   size_t InitialHeapSize                          = 33554432                                  {product} {command line}
   size_t MaxHeapSize                              = 536870912                                 {product} {command line}
   size_t MaxNewSize                               = 178913280                                 {product} {ergonomic}
   size_t MinHeapDeltaBytes                        = 196608                                    {product} {ergonomic}
   size_t NewSize                                  = 11141120                                  {product} {ergonomic}
    uintx NonNMethodCodeHeapSize                   = 13893620                               {pd product} {ergonomic}
    uintx NonProfiledCodeHeapSize                  = 237764620                              {pd product} {ergonomic}
   size_t OldSize                                  = 22413312                                  {product} {ergonomic}
    uintx ProfiledCodeHeapSize                     = 0                                      {pd product} {ergonomic}
    uintx ReservedCodeCacheSize                    = 251658240                              {pd product} {ergonomic}
     bool SegmentedCodeCache                       = true                                      {product} {ergonomic}
     intx TieredStopAtLevel                        = 1                                         {product} {command line}
     bool UseCompressedClassPointers               = true                                 {lp64_product} {ergonomic}
     bool UseCompressedOops                        = true                                 {lp64_product} {ergonomic}
     bool UseSerialGC                              = true                                      {product} {command line}

Logging:
Log output configuration:
 #0: stdout all=warning uptime,level,tags
 #1: stderr all=off uptime,level,tags

Environment Variables:
PATH=/sbin:/bin:/usr/sbin:/usr/bin
USERNAME=root
LD_LIBRARY_PATH=:/usr/local/lib
SHELL=/bin/bash

Signal Handlers:
SIGSEGV: [libjvm.so+0xefc270], sa_mask[0]=11111111011111111101111111111110, sa_flags=SA_RESTART|SA_SIGINFO
SIGBUS: [libjvm.so+0xefc270], sa_mask[0]=11111111011111111101111111111110, sa_flags=SA_RESTART|SA_SIGINFO
SIGFPE: [libjvm.so+0xefc270], sa_mask[0]=11111111011111111101111111111110, sa_flags=SA_RESTART|SA_SIGINFO
SIGPIPE: [libjvm.so+0xbf1640], sa_mask[0]=11111111011111111101111111111110, sa_flags=SA_RESTART|SA_SIGINFO
SIGXFSZ: [libjvm.so+0xbf1640], sa_mask[0]=11111111011111111101111111111110, sa_flags=SA_RESTART|SA_SIGINFO
SIGILL: [libjvm.so+0xefc270], sa_mask[0]=11111111011111111101111111111110, sa_flags=SA_RESTART|SA_SIGINFO
SIGUSR2: [libjvm.so+0xbf14e0], sa_mask[0]=00000000000000000000000000000000, sa_flags=SA_RESTART|SA_SIGINFO
SIGHUP: SIG_DFL, sa_mask[0]=00000000000000000000000000000000, sa_flags=none
SIGINT: SIG_DFL, sa_mask[0]=00000000000000000000000000000000, sa_flags=none
SIGTERM: SIG_DFL, sa_mask[0]=00000000000000000000000000000000, sa_flags=none
SIGQUIT: SIG_DFL, sa_mask[0]=00000000000000000000000000000000, sa_flags=none


---------------  S Y S T E M  ---------------

OS:CentOS Linux release 7.6.1810 (Core) 
uname:Linux 4.12.9RTFM0227+ #988 SMP Thu May 30 20:11:32 KST 2019 x86_64
libc:glibc 2.17 NPTL 2.17 
rlimit: STACK infinity, CORE 0k, NPROC 510968, NOFILE 4096, AS infinity, DATA infinity, FSIZE infinity
load average:6.88 9.25 6.12

/proc/meminfo:
MemTotal:       130865364 kB
MemFree:        122295880 kB
MemAvailable:   127148888 kB
Buffers:            2120 kB
Cached:          6083084 kB
SwapCached:            0 kB
Active:          4170600 kB
Inactive:        2443060 kB
Active(anon):     849188 kB
Inactive(anon):   189428 kB
Active(file):    3321412 kB
Inactive(file):  2253632 kB
Unevictable:           0 kB
Mlocked:               0 kB
SwapTotal:             0 kB
SwapFree:              0 kB
Dirty:                72 kB
Writeback:             0 kB
AnonPages:        533180 kB
Mapped:           261800 kB
Shmem:            510160 kB
Slab:             808252 kB
SReclaimable:     459996 kB
SUnreclaim:       348256 kB
KernelStack:       16496 kB
PageTables:        24808 kB
NFS_Unstable:          0 kB
Bounce:                0 kB
WritebackTmp:          0 kB
CommitLimit:    65432680 kB
Committed_AS:    2635752 kB
VmallocTotal:   34359738367 kB
VmallocUsed:           0 kB
VmallocChunk:          0 kB
HardwareCorrupted:     0 kB
CmaTotal:              0 kB
CmaFree:               0 kB
HugePages_Total:       0
HugePages_Free:        0
HugePages_Rsvd:        0
HugePages_Surp:        0
Hugepagesize:       2048 kB
DirectMap4k:      817972 kB
DirectMap2M:     8503296 kB
DirectMap1G:    126877696 kB


/proc/sys/kernel/threads-max (system-wide limit on the number of threads):
1021936


/proc/sys/vm/max_map_count (maximum number of memory map areas a process may have):
65530


/proc/sys/kernel/pid_max (system-wide limit on number of process identifiers):
49152



container (cgroup) information:
container_type: cgroupv1
cpu_cpuset_cpus: 0-47
cpu_memory_nodes: 0
active_processor_count: 48
cpu_quota: -1
cpu_period: 100000
cpu_shares: -1
memory_limit_in_bytes: -1
memory_and_swap_limit_in_bytes: -1
memory_soft_limit_in_bytes: -1
memory_usage_in_bytes: 6788927488
memory_max_usage_in_bytes: 0


CPU:total 48 (initial active 48) (12 cores per cpu, 2 threads per core) family 6 model 79 stepping 1, cmov, cx8, fxsr, mmx, sse, sse2, sse3, ssse3, sse4.1, sse4.2, popcnt, avx, avx2, aes, clmul, erms, rtm, 3dnowpref, lzcnt, ht, tsc, tscinvbit, bmi1, bmi2, adx, fma
CPU Model and flags from /proc/cpuinfo:
model name	: Intel(R) Xeon(R) CPU E5-2650 v4 @ 2.20GHz
flags		: fpu vme de pse tsc msr pae mce cx8 apic sep mtrr pge mca cmov pat pse36 clflush dts acpi mmx fxsr sse sse2 ss ht tm pbe syscall nx pdpe1gb rdtscp lm constant_tsc arch_perfmon pebs bts rep_good nopl xtopology nonstop_tsc cpuid aperfmperf pni pclmulqdq dtes64 monitor ds_cpl vmx smx est tm2 ssse3 sdbg fma cx16 xtpr pdcm pcid dca sse4_1 sse4_2 x2apic movbe popcnt tsc_deadline_timer aes xsave avx f16c rdrand lahf_lm abm 3dnowprefetch cpuid_fault epb cat_l3 cdp_l3 intel_ppin intel_pt tpr_shadow vnmi flexpriority ept vpid fsgsbase tsc_adjust bmi1 hle avx2 smep bmi2 erms invpcid rtm cqm rdt_a rdseed adx smap xsaveopt cqm_llc cqm_occup_llc cqm_mbm_total cqm_mbm_local dtherm arat pln pts

Memory: 4k page, physical 130865364k(122293012k free), swap 0k(0k free)

vm_info: OpenJDK 64-Bit Server VM (12.0.1-internal+0-adhoc.root.jdk12.0.1) for linux-amd64 JRE (12.0.1-internal+0-adhoc.root.jdk12.0.1), built on Jul 18 2019 18:28:35 by "root" with gcc 4.8.5 20150623 (Red Hat 4.8.5-36)

END.
