#
# A fatal error has been detected by the Java Runtime Environment:
#
#  SIGSEGV (0xb) at pc=0x00002abed3767e81, pid=28234, tid=28312
#
# JRE version:  (12.0.1) (build )
# Java VM: OpenJDK 64-Bit Server VM (12.0.1-internal+0-adhoc.root.jdk12.0.1, mixed mode, tiered, compressed oops, serial gc, linux-amd64)
# Problematic frame:
# V  [libjvm.so+0xb3fe81]  ClassAllocator::initialize(HeapWord*) const+0x21
#
# No core dump will be written. Core dumps have been disabled. To enable core dumping, try "ulimit -c unlimited" before starting Java again
#
# If you would like to submit a bug report, please visit:
#   http://bugreport.java.com/bugreport/crash.jsp
#

---------------  S U M M A R Y ------------

Command Line: -Dapplication.home=/home/dcslab/cgmin/jdk12.0.1/build/linux-x86_64-server-release/jdk -Xms8m -XX:+UseSerialGC -Xms32M -Xmx512M -XX:TieredStopAtLevel=1 -Djdk.module.main=jdk.jlink jdk.jlink/jdk.tools.jmod.Main create --module-version 12.0.1-internal --target-platform linux-amd64 --module-path /home/dcslab/cgmin/jdk12.0.1/build/linux-x86_64-server-release/images/jmods --class-path /home/dcslab/cgmin/jdk12.0.1/build/linux-x86_64-server-release/jdk/modules/jdk.internal.opt --legal-notices /home/dcslab/cgmin/jdk12.0.1/build/linux-x86_64-server-release/support/modules_legal/common:/home/dcslab/cgmin/jdk12.0.1/src/jdk.internal.opt/share/legal --exclude **{_the.*,_*.marker,*.diz,*.debuginfo,*.dSYM/**,*.dSYM,*.pdb,*.map} /home/dcslab/cgmin/jdk12.0.1/build/linux-x86_64-server-release/support/jmods/jdk.internal.opt.jmod

Host: Intel(R) Xeon(R) CPU E5-2650 v4 @ 2.20GHz, 48 cores, 124G, CentOS Linux release 7.6.1810 (Core) 
Time: Thu Jul 18 19:04:57 2019 KST elapsed time: 0 seconds (0d 0h 0m 0s)

---------------  T H R E A D  ---------------

Current thread (0x00002abed8010000):  JavaThread "Unknown thread" [_thread_in_vm, id=28312, stack(0x00002abed1e2a000,0x00002abed1f2b000)]

Stack: [0x00002abed1e2a000,0x00002abed1f2b000],  sp=0x00002abed1f29960,  free space=1022k
Native frames: (J=compiled Java code, A=aot compiled Java code, j=interpreted, Vv=VM code, C=native code)
V  [libjvm.so+0xb3fe81]  ClassAllocator::initialize(HeapWord*) const+0x21
V  [libjvm.so+0xb40613]  MemAllocator::allocate() const+0x73
V  [libjvm.so+0x61550d]  CollectedHeap::class_allocate(Klass*, int, Thread*)+0x3d
V  [libjvm.so+0x8863e8]  java_lang_Class::create_basic_type_mirror(char const*, BasicType, Thread*)+0x28
V  [libjvm.so+0xeb8294]  Universe::initialize_basic_type_mirrors(Thread*)+0xd4
V  [libjvm.so+0xe3f983]  SystemDictionary::resolve_well_known_classes(Thread*)+0xa3
V  [libjvm.so+0xeb7fe5]  Universe::genesis(Thread*)+0x2a5
V  [libjvm.so+0xeb912c]  universe2_init()+0x2c
V  [libjvm.so+0x851b9a]  init_globals()+0xaa
V  [libjvm.so+0xe91c1c]  Threads::create_vm(JavaVMInitArgs*, bool*)+0x4bc
V  [libjvm.so+0x908ae8]  JNI_CreateJavaVM+0x58
C  [libjli.so+0x4814]  JavaMain+0x84


siginfo: si_signo: 11 (SIGSEGV), si_code: 1 (SEGV_MAPERR), si_addr: 0x000000000000001c

Registers:
RAX=0x0000000000000010, RBX=0x0000000000000010, RCX=0x0000000000000078, RDX=0x00002abed4130c90
RSP=0x00002abed1f29960, RBP=0x00002abed1f29980, RSI=0x0000000000000010, RDI=0x00002abed1f29a10
R8 =0x00002abed323d4d0, R9 =0x0000000100002940, R10=0x0000000000000313, R11=0x00002abed41fb060
R12=0x00002abed1f29a10, R13=0x00002abed41b0c44, R14=0x00002abed800eb10, R15=0x00002abed41f8720
RIP=0x00002abed3767e81, EFLAGS=0x0000000000010202, CSGSFS=0x002b000000000033, ERR=0x0000000000000006
  TRAPNO=0x000000000000000e

Top of Stack: (sp=0x00002abed1f29960)
0x00002abed1f29960:   00002abed5fb1928 00002abed1f29a10
0x00002abed1f29970:   0000000000000000 00002abed1f299a0
0x00002abed1f29980:   00002abed1f29a00 00002abed3768613
0x00002abed1f29990:   00002abe00000036 0000000000000000 

Instructions: (pc=0x00002abed3767e81)
0x00002abed3767e61:   48 89 e5 41 55 41 54 49 89 fc 53 48 89 f3 48 83
0x00002abed3767e71:   ec 08 4c 8d 2d ca 8d a4 00 41 80 7d 00 00 74 07
0x00002abed3767e81:   c7 46 0c 00 00 00 00 49 8b 74 24 20 48 83 fe 02
0x00002abed3767e91:   74 18 48 8d 14 f5 f0 ff ff ff 48 8d 7b 10 31 f6 


---------------  P R O C E S S  ---------------

Threads class SMR info:
_java_thread_list=0x00002abed41f7c40, length=0, elements={
}

Java Threads: ( => current thread )

Other Threads:

=>0x00002abed8010000 (exited) JavaThread "Unknown thread" [_thread_in_vm, id=28312, stack(0x00002abed1e2a000,0x00002abed1f2b000)]

Threads with active compile tasks:

VM state:not at safepoint (not fully initialized)

VM Mutex/Monitor currently owned by a thread: None

Heap address: 0x00000000e0000000, size: 512 MB, Compressed Oops mode: 32-bit
Narrow klass base: 0x0000000000000000, Narrow klass shift: 3
Compressed class space size: 1073741824 Address: 0x0000000100000000

GC Heap History (0 events):
No events

Deoptimization events (0 events):
No events

Classes redefined (0 events):
No events

Internal exceptions (0 events):
No events

Events (10 events):
Event: 0.009 loading class java/lang/reflect/AnnotatedElement
Event: 0.009 loading class java/lang/reflect/AnnotatedElement done
Event: 0.009 loading class java/lang/reflect/GenericDeclaration done
Event: 0.009 loading class java/lang/reflect/Type
Event: 0.009 loading class java/lang/reflect/Type done
Event: 0.009 loading class java/lang/invoke/TypeDescriptor$OfField
Event: 0.009 loading class java/lang/invoke/TypeDescriptor
Event: 0.009 loading class java/lang/invoke/TypeDescriptor done
Event: 0.009 loading class java/lang/invoke/TypeDescriptor$OfField done
Event: 0.009 loading class java/lang/Class done


Dynamic libraries:
00400000-00401000 r-xp 00000000 fd:02 233300582                          /home/dcslab/cgmin/jdk12.0.1/build/linux-x86_64-server-release/jdk/bin/jmod
00601000-00602000 r--p 00001000 fd:02 233300582                          /home/dcslab/cgmin/jdk12.0.1/build/linux-x86_64-server-release/jdk/bin/jmod
00602000-00603000 rw-p 00002000 fd:02 233300582                          /home/dcslab/cgmin/jdk12.0.1/build/linux-x86_64-server-release/jdk/bin/jmod
01a68000-01a89000 rw-p 00000000 00:00 0                                  [heap]
e0000000-e0aa0000 rw-p 00000000 00:00 0 
e0aa0000-eaaa0000 ---p 00000000 00:00 0 
eaaa0000-ec000000 rw-p 00000000 00:00 0 
ec000000-100000000 ---p 00000000 00:00 0 
100000000-100060000 rw-p 00000000 00:00 0 
100060000-140000000 ---p 00000000 00:00 0 
2abed1df1000-2abed1e13000 r-xp 00000000 fd:00 67116101                   /usr/lib64/ld-2.17.so
2abed1e13000-2abed1e14000 rw-p 00000000 00:00 0 
2abed1e14000-2abed1e16000 ---p 00000000 00:00 0 
2abed1e16000-2abed1e17000 r--p 00000000 00:00 0 
2abed1e17000-2abed1e1f000 rw-s 00000000 fd:00 67645816                   /tmp/hsperfdata_root/28234
2abed1e1f000-2abed1e21000 rw-p 00000000 00:00 0 
2abed1e25000-2abed1e2a000 rw-p 00000000 00:00 0 
2abed1e2a000-2abed1e2e000 ---p 00000000 00:00 0 
2abed1e2e000-2abed1f30000 rw-p 00000000 00:00 0 
2abed1f30000-2abed1f46000 ---p 00000000 00:00 0 
2abed1f46000-2abed1f51000 rw-p 00000000 00:00 0 
2abed1f51000-2abed1ff1000 ---p 00000000 00:00 0 
2abed1ff1000-2abed2012000 rw-p 00000000 00:00 0 
2abed2012000-2abed2013000 r--p 00021000 fd:00 67116101                   /usr/lib64/ld-2.17.so
2abed2013000-2abed2014000 rw-p 00022000 fd:00 67116101                   /usr/lib64/ld-2.17.so
2abed2014000-2abed2015000 rw-p 00000000 00:00 0 
2abed2015000-2abed202a000 r-xp 00000000 fd:00 67116158                   /usr/lib64/libz.so.1.2.7
2abed202a000-2abed2229000 ---p 00015000 fd:00 67116158                   /usr/lib64/libz.so.1.2.7
2abed2229000-2abed222a000 r--p 00014000 fd:00 67116158                   /usr/lib64/libz.so.1.2.7
2abed222a000-2abed222b000 rw-p 00015000 fd:00 67116158                   /usr/lib64/libz.so.1.2.7
2abed222b000-2abed223a000 r-xp 00000000 fd:02 233283259                  /home/dcslab/cgmin/jdk12.0.1/build/linux-x86_64-server-release/jdk/lib/libjli.so
2abed223a000-2abed2439000 ---p 0000f000 fd:02 233283259                  /home/dcslab/cgmin/jdk12.0.1/build/linux-x86_64-server-release/jdk/lib/libjli.so
2abed2439000-2abed243a000 r--p 0000e000 fd:02 233283259                  /home/dcslab/cgmin/jdk12.0.1/build/linux-x86_64-server-release/jdk/lib/libjli.so
2abed243a000-2abed243b000 rw-p 0000f000 fd:02 233283259                  /home/dcslab/cgmin/jdk12.0.1/build/linux-x86_64-server-release/jdk/lib/libjli.so
2abed243b000-2abed2452000 r-xp 00000000 fd:00 67527458                   /usr/lib64/libpthread-2.17.so
2abed2452000-2abed2651000 ---p 00017000 fd:00 67527458                   /usr/lib64/libpthread-2.17.so
2abed2651000-2abed2652000 r--p 00016000 fd:00 67527458                   /usr/lib64/libpthread-2.17.so
2abed2652000-2abed2653000 rw-p 00017000 fd:00 67527458                   /usr/lib64/libpthread-2.17.so
2abed2653000-2abed2657000 rw-p 00000000 00:00 0 
2abed2657000-2abed2659000 r-xp 00000000 fd:00 67412311                   /usr/lib64/libdl-2.17.so
2abed2659000-2abed2859000 ---p 00002000 fd:00 67412311                   /usr/lib64/libdl-2.17.so
2abed2859000-2abed285a000 r--p 00002000 fd:00 67412311                   /usr/lib64/libdl-2.17.so
2abed285a000-2abed285b000 rw-p 00003000 fd:00 67412311                   /usr/lib64/libdl-2.17.so
2abed285b000-2abed2a1d000 r-xp 00000000 fd:00 67116114                   /usr/lib64/libc-2.17.so
2abed2a1d000-2abed2c1d000 ---p 001c2000 fd:00 67116114                   /usr/lib64/libc-2.17.so
2abed2c1d000-2abed2c21000 r--p 001c2000 fd:00 67116114                   /usr/lib64/libc-2.17.so
2abed2c21000-2abed2c23000 rw-p 001c6000 fd:00 67116114                   /usr/lib64/libc-2.17.so
2abed2c23000-2abed2c28000 rw-p 00000000 00:00 0 
2abed2c28000-2abed3e6d000 r-xp 00000000 fd:02 149929323                  /home/dcslab/cgmin/jdk12.0.1/build/linux-x86_64-server-release/jdk/lib/server/libjvm.so
2abed3e6d000-2abed406d000 ---p 01245000 fd:02 149929323                  /home/dcslab/cgmin/jdk12.0.1/build/linux-x86_64-server-release/jdk/lib/server/libjvm.so
2abed406d000-2abed4142000 r--p 01245000 fd:02 149929323                  /home/dcslab/cgmin/jdk12.0.1/build/linux-x86_64-server-release/jdk/lib/server/libjvm.so
2abed4142000-2abed417e000 rw-p 0131a000 fd:02 149929323                  /home/dcslab/cgmin/jdk12.0.1/build/linux-x86_64-server-release/jdk/lib/server/libjvm.so
2abed417e000-2abed4204000 rw-p 00000000 00:00 0 
2abed4204000-2abed42ed000 r-xp 00000000 fd:00 67349699                   /usr/lib64/libstdc++.so.6.0.19
2abed42ed000-2abed44ec000 ---p 000e9000 fd:00 67349699                   /usr/lib64/libstdc++.so.6.0.19
2abed44ec000-2abed44f4000 r--p 000e8000 fd:00 67349699                   /usr/lib64/libstdc++.so.6.0.19
2abed44f4000-2abed44f6000 rw-p 000f0000 fd:00 67349699                   /usr/lib64/libstdc++.so.6.0.19
2abed44f6000-2abed450b000 rw-p 00000000 00:00 0 
2abed450b000-2abed460c000 r-xp 00000000 fd:00 67412312                   /usr/lib64/libm-2.17.so
2abed460c000-2abed480b000 ---p 00101000 fd:00 67412312                   /usr/lib64/libm-2.17.so
2abed480b000-2abed480c000 r--p 00100000 fd:00 67412312                   /usr/lib64/libm-2.17.so
2abed480c000-2abed480d000 rw-p 00101000 fd:00 67412312                   /usr/lib64/libm-2.17.so
2abed480d000-2abed4822000 r-xp 00000000 fd:00 67349682                   /usr/lib64/libgcc_s-4.8.5-20150702.so.1
2abed4822000-2abed4a21000 ---p 00015000 fd:00 67349682                   /usr/lib64/libgcc_s-4.8.5-20150702.so.1
2abed4a21000-2abed4a22000 r--p 00014000 fd:00 67349682                   /usr/lib64/libgcc_s-4.8.5-20150702.so.1
2abed4a22000-2abed4a23000 rw-p 00015000 fd:00 67349682                   /usr/lib64/libgcc_s-4.8.5-20150702.so.1
2abed4a23000-2abed4a30000 r-xp 00000000 fd:02 233283245                  /home/dcslab/cgmin/jdk12.0.1/build/linux-x86_64-server-release/jdk/lib/libverify.so
2abed4a30000-2abed4c2f000 ---p 0000d000 fd:02 233283245                  /home/dcslab/cgmin/jdk12.0.1/build/linux-x86_64-server-release/jdk/lib/libverify.so
2abed4c2f000-2abed4c31000 r--p 0000c000 fd:02 233283245                  /home/dcslab/cgmin/jdk12.0.1/build/linux-x86_64-server-release/jdk/lib/libverify.so
2abed4c31000-2abed4c32000 rw-p 0000e000 fd:02 233283245                  /home/dcslab/cgmin/jdk12.0.1/build/linux-x86_64-server-release/jdk/lib/libverify.so
2abed4c32000-2abed4c5a000 r-xp 00000000 fd:02 233283260                  /home/dcslab/cgmin/jdk12.0.1/build/linux-x86_64-server-release/jdk/lib/libjava.so
2abed4c5a000-2abed4e59000 ---p 00028000 fd:02 233283260                  /home/dcslab/cgmin/jdk12.0.1/build/linux-x86_64-server-release/jdk/lib/libjava.so
2abed4e59000-2abed4e5a000 r--p 00027000 fd:02 233283260                  /home/dcslab/cgmin/jdk12.0.1/build/linux-x86_64-server-release/jdk/lib/libjava.so
2abed4e5a000-2abed4e5c000 rw-p 00028000 fd:02 233283260                  /home/dcslab/cgmin/jdk12.0.1/build/linux-x86_64-server-release/jdk/lib/libjava.so
2abed4e5c000-2abed4e68000 r-xp 00000000 fd:00 67527450                   /usr/lib64/libnss_files-2.17.so
2abed4e68000-2abed5067000 ---p 0000c000 fd:00 67527450                   /usr/lib64/libnss_files-2.17.so
2abed5067000-2abed5068000 r--p 0000b000 fd:00 67527450                   /usr/lib64/libnss_files-2.17.so
2abed5068000-2abed5069000 rw-p 0000c000 fd:00 67527450                   /usr/lib64/libnss_files-2.17.so
2abed5069000-2abed506f000 rw-p 00000000 00:00 0 
2abed506f000-2abed5076000 r-xp 00000000 fd:02 233283271                  /home/dcslab/cgmin/jdk12.0.1/build/linux-x86_64-server-release/jdk/lib/libzip.so
2abed5076000-2abed5275000 ---p 00007000 fd:02 233283271                  /home/dcslab/cgmin/jdk12.0.1/build/linux-x86_64-server-release/jdk/lib/libzip.so
2abed5275000-2abed5276000 r--p 00006000 fd:02 233283271                  /home/dcslab/cgmin/jdk12.0.1/build/linux-x86_64-server-release/jdk/lib/libzip.so
2abed5276000-2abed5277000 rw-p 00007000 fd:02 233283271                  /home/dcslab/cgmin/jdk12.0.1/build/linux-x86_64-server-release/jdk/lib/libzip.so
2abed5277000-2abed527c000 r-xp 00000000 fd:02 233283273                  /home/dcslab/cgmin/jdk12.0.1/build/linux-x86_64-server-release/jdk/lib/libjimage.so
2abed527c000-2abed547c000 ---p 00005000 fd:02 233283273                  /home/dcslab/cgmin/jdk12.0.1/build/linux-x86_64-server-release/jdk/lib/libjimage.so
2abed547c000-2abed547d000 r--p 00005000 fd:02 233283273                  /home/dcslab/cgmin/jdk12.0.1/build/linux-x86_64-server-release/jdk/lib/libjimage.so
2abed547d000-2abed547e000 rw-p 00006000 fd:02 233283273                  /home/dcslab/cgmin/jdk12.0.1/build/linux-x86_64-server-release/jdk/lib/libjimage.so
2abed547e000-2abed5483000 rw-p 00000000 00:00 0 
2abed5483000-2abed5644000 ---p 00000000 00:00 0 
2abed5644000-2abed564a000 rw-p 00000000 00:00 0 
2abed564a000-2abed5699000 ---p 00000000 00:00 0 
2abed5699000-2abed56a4000 rw-p 00000000 00:00 0 
2abed56a4000-2abed5744000 ---p 00000000 00:00 0 
2abed5744000-2abed5b66000 rw-p 00000000 00:00 0 
2abed5b66000-2abed5f66000 ---p 00000000 00:00 0 
2abed5f66000-2abed6479000 rw-p 00000000 00:00 0 
2abed8000000-2abed805f000 rw-p 00000000 00:00 0 
2abed805f000-2abedc000000 ---p 00000000 00:00 0 
2abedc000000-2abedc270000 rwxp 00000000 00:00 0 
2abedc270000-2abedcd40000 ---p 00000000 00:00 0 
2abedcd40000-2abedcfb0000 rwxp 00000000 00:00 0 
2abedcfb0000-2abeeb000000 ---p 00000000 00:00 0 
7ffce50e8000-7ffce510a000 rw-p 00000000 00:00 0                          [stack]
7ffce511e000-7ffce5121000 r--p 00000000 00:00 0                          [vvar]
7ffce5121000-7ffce5123000 r-xp 00000000 00:00 0                          [vdso]
ffffffffff600000-ffffffffff601000 r-xp 00000000 00:00 0                  [vsyscall]


VM Arguments:
jvm_args: -Dapplication.home=/home/dcslab/cgmin/jdk12.0.1/build/linux-x86_64-server-release/jdk -Xms8m -XX:+UseSerialGC -Xms32M -Xmx512M -XX:TieredStopAtLevel=1 -Djdk.module.main=jdk.jlink 
java_command: jdk.jlink/jdk.tools.jmod.Main create --module-version 12.0.1-internal --target-platform linux-amd64 --module-path /home/dcslab/cgmin/jdk12.0.1/build/linux-x86_64-server-release/images/jmods --class-path /home/dcslab/cgmin/jdk12.0.1/build/linux-x86_64-server-release/jdk/modules/jdk.internal.opt --legal-notices /home/dcslab/cgmin/jdk12.0.1/build/linux-x86_64-server-release/support/modules_legal/common:/home/dcslab/cgmin/jdk12.0.1/src/jdk.internal.opt/share/legal --exclude **{_the.*,_*.marker,*.diz,*.debuginfo,*.dSYM/**,*.dSYM,*.pdb,*.map} /home/dcslab/cgmin/jdk12.0.1/build/linux-x86_64-server-release/support/jmods/jdk.internal.opt.jmod
java_class_path (initial): <not set>
Launcher Type: SUN_STANDARD

[Global flags]
     intx CICompilerCount                          = 15                                        {product} {ergonomic}
   size_t InitialHeapSize                          = 33554432                                  {product} {command line}
   size_t MaxHeapSize                              = 536870912                                 {product} {command line}
   size_t MaxNewSize                               = 178913280                                 {product} {ergonomic}
   size_t MinHeapDeltaBytes                        = 196608                                    {product} {ergonomic}
   size_t NewSize                                  = 11141120                                  {product} {ergonomic}
    uintx NonNMethodCodeHeapSize                   = 13893620                               {pd product} {ergonomic}
    uintx NonProfiledCodeHeapSize                  = 237764620                              {pd product} {ergonomic}
   size_t OldSize                                  = 22413312                                  {product} {ergonomic}
    uintx ProfiledCodeHeapSize                     = 0                                      {pd product} {ergonomic}
    uintx ReservedCodeCacheSize                    = 251658240                              {pd product} {ergonomic}
     bool SegmentedCodeCache                       = true                                      {product} {ergonomic}
     intx TieredStopAtLevel                        = 1                                         {product} {command line}
     bool UseCompressedClassPointers               = true                                 {lp64_product} {ergonomic}
     bool UseCompressedOops                        = true                                 {lp64_product} {ergonomic}
     bool UseSerialGC                              = true                                      {product} {command line}

Logging:
Log output configuration:
 #0: stdout all=warning uptime,level,tags
 #1: stderr all=off uptime,level,tags

Environment Variables:
PATH=/sbin:/bin:/usr/sbin:/usr/bin
USERNAME=root
LD_LIBRARY_PATH=:/usr/local/lib
SHELL=/bin/bash

Signal Handlers:
SIGSEGV: [libjvm.so+0xefc070], sa_mask[0]=11111111011111111101111111111110, sa_flags=SA_RESTART|SA_SIGINFO
SIGBUS: [libjvm.so+0xefc070], sa_mask[0]=11111111011111111101111111111110, sa_flags=SA_RESTART|SA_SIGINFO
SIGFPE: [libjvm.so+0xefc070], sa_mask[0]=11111111011111111101111111111110, sa_flags=SA_RESTART|SA_SIGINFO
SIGPIPE: [libjvm.so+0xbf1310], sa_mask[0]=11111111011111111101111111111110, sa_flags=SA_RESTART|SA_SIGINFO
SIGXFSZ: [libjvm.so+0xbf1310], sa_mask[0]=11111111011111111101111111111110, sa_flags=SA_RESTART|SA_SIGINFO
SIGILL: [libjvm.so+0xefc070], sa_mask[0]=11111111011111111101111111111110, sa_flags=SA_RESTART|SA_SIGINFO
SIGUSR2: [libjvm.so+0xbf11b0], sa_mask[0]=00000000000000000000000000000000, sa_flags=SA_RESTART|SA_SIGINFO
SIGHUP: SIG_DFL, sa_mask[0]=00000000000000000000000000000000, sa_flags=none
SIGINT: SIG_DFL, sa_mask[0]=00000000000000000000000000000000, sa_flags=none
SIGTERM: SIG_DFL, sa_mask[0]=00000000000000000000000000000000, sa_flags=none
SIGQUIT: SIG_DFL, sa_mask[0]=00000000000000000000000000000000, sa_flags=none


---------------  S Y S T E M  ---------------

OS:CentOS Linux release 7.6.1810 (Core) 
uname:Linux 4.12.9RTFM0227+ #988 SMP Thu May 30 20:11:32 KST 2019 x86_64
libc:glibc 2.17 NPTL 2.17 
rlimit: STACK infinity, CORE 0k, NPROC 510968, NOFILE 4096, AS infinity, DATA infinity, FSIZE infinity
load average:0.77 0.99 3.19

/proc/meminfo:
MemTotal:       130865364 kB
MemFree:        122525520 kB
MemAvailable:   127416496 kB
Buffers:            2120 kB
Cached:          6116100 kB
SwapCached:            0 kB
Active:          3996480 kB
Inactive:        2400900 kB
Active(anon):     599896 kB
Inactive(anon):   189424 kB
Active(file):    3396584 kB
Inactive(file):  2211476 kB
Unevictable:           0 kB
Mlocked:               0 kB
SwapTotal:             0 kB
SwapFree:              0 kB
Dirty:            641828 kB
Writeback:         69556 kB
AnonPages:        277428 kB
Mapped:           257652 kB
Shmem:            510156 kB
Slab:             815356 kB
SReclaimable:     464948 kB
SUnreclaim:       350408 kB
KernelStack:       11888 kB
PageTables:        13768 kB
NFS_Unstable:          0 kB
Bounce:                0 kB
WritebackTmp:          0 kB
CommitLimit:    65432680 kB
Committed_AS:     954168 kB
VmallocTotal:   34359738367 kB
VmallocUsed:           0 kB
VmallocChunk:          0 kB
HardwareCorrupted:     0 kB
CmaTotal:              0 kB
CmaFree:               0 kB
HugePages_Total:       0
HugePages_Free:        0
HugePages_Rsvd:        0
HugePages_Surp:        0
Hugepagesize:       2048 kB
DirectMap4k:      836404 kB
DirectMap2M:    10582016 kB
DirectMap1G:    124780544 kB


/proc/sys/kernel/threads-max (system-wide limit on the number of threads):
1021936


/proc/sys/vm/max_map_count (maximum number of memory map areas a process may have):
65530


/proc/sys/kernel/pid_max (system-wide limit on number of process identifiers):
49152



container (cgroup) information:
container_type: cgroupv1
cpu_cpuset_cpus: 0-47
cpu_memory_nodes: 0
active_processor_count: 48
cpu_quota: -1
cpu_period: 100000
cpu_shares: -1
memory_limit_in_bytes: -1
memory_and_swap_limit_in_bytes: -1
memory_soft_limit_in_bytes: -1
memory_usage_in_bytes: 6549577728
memory_max_usage_in_bytes: 0


CPU:total 48 (initial active 48) (12 cores per cpu, 2 threads per core) family 6 model 79 stepping 1, cmov, cx8, fxsr, mmx, sse, sse2, sse3, ssse3, sse4.1, sse4.2, popcnt, avx, avx2, aes, clmul, erms, rtm, 3dnowpref, lzcnt, ht, tsc, tscinvbit, bmi1, bmi2, adx, fma
CPU Model and flags from /proc/cpuinfo:
model name	: Intel(R) Xeon(R) CPU E5-2650 v4 @ 2.20GHz
flags		: fpu vme de pse tsc msr pae mce cx8 apic sep mtrr pge mca cmov pat pse36 clflush dts acpi mmx fxsr sse sse2 ss ht tm pbe syscall nx pdpe1gb rdtscp lm constant_tsc arch_perfmon pebs bts rep_good nopl xtopology nonstop_tsc cpuid aperfmperf pni pclmulqdq dtes64 monitor ds_cpl vmx smx est tm2 ssse3 sdbg fma cx16 xtpr pdcm pcid dca sse4_1 sse4_2 x2apic movbe popcnt tsc_deadline_timer aes xsave avx f16c rdrand lahf_lm abm 3dnowprefetch cpuid_fault epb cat_l3 cdp_l3 intel_ppin intel_pt tpr_shadow vnmi flexpriority ept vpid fsgsbase tsc_adjust bmi1 hle avx2 smep bmi2 erms invpcid rtm cqm rdt_a rdseed adx smap xsaveopt cqm_llc cqm_occup_llc cqm_mbm_total cqm_mbm_local dtherm arat pln pts

Memory: 4k page, physical 130865364k(122525520k free), swap 0k(0k free)

vm_info: OpenJDK 64-Bit Server VM (12.0.1-internal+0-adhoc.root.jdk12.0.1) for linux-amd64 JRE (12.0.1-internal+0-adhoc.root.jdk12.0.1), built on Jul 18 2019 19:04:40 by "root" with gcc 4.8.5 20150623 (Red Hat 4.8.5-36)

END.
