#
# A fatal error has been detected by the Java Runtime Environment:
#
#  SIGSEGV (0xb) at pc=0x00002aff93980061, pid=22096, tid=22108
#
# JRE version:  (12.0.1) (build )
# Java VM: OpenJDK 64-Bit Server VM (12.0.1-internal+0-adhoc.root.jdk12.0.1, mixed mode, tiered, compressed oops, serial gc, linux-amd64)
# Problematic frame:
# V  [libjvm.so+0xb40061]  ClassAllocator::initialize(HeapWord*) const+0x21
#
# No core dump will be written. Core dumps have been disabled. To enable core dumping, try "ulimit -c unlimited" before starting Java again
#
# If you would like to submit a bug report, please visit:
#   http://bugreport.java.com/bugreport/crash.jsp
#

---------------  S U M M A R Y ------------

Command Line: -Dapplication.home=/home/dcslab/cgmin/jdk12.0.1/build/linux-x86_64-server-release/jdk -Xms8m -XX:+UseSerialGC -Xms32M -Xmx512M -XX:TieredStopAtLevel=1 -Djdk.module.main=jdk.jlink jdk.jlink/jdk.tools.jmod.Main create --module-version 12.0.1-internal --target-platform linux-amd64 --module-path /home/dcslab/cgmin/jdk12.0.1/build/linux-x86_64-server-release/images/jmods --class-path /home/dcslab/cgmin/jdk12.0.1/build/linux-x86_64-server-release/jdk/modules/jdk.internal.opt --legal-notices /home/dcslab/cgmin/jdk12.0.1/build/linux-x86_64-server-release/support/modules_legal/common:/home/dcslab/cgmin/jdk12.0.1/src/jdk.internal.opt/share/legal --exclude **{_the.*,_*.marker,*.diz,*.debuginfo,*.dSYM/**,*.dSYM,*.pdb,*.map} /home/dcslab/cgmin/jdk12.0.1/build/linux-x86_64-server-release/support/jmods/jdk.internal.opt.jmod

Host: Intel(R) Xeon(R) CPU E5-2650 v4 @ 2.20GHz, 48 cores, 124G, CentOS Linux release 7.6.1810 (Core) 
Time: Thu Jul 18 18:51:40 2019 KST elapsed time: 0 seconds (0d 0h 0m 0s)

---------------  T H R E A D  ---------------

Current thread (0x00002aff98010000):  JavaThread "Unknown thread" [_thread_in_vm, id=22108, stack(0x00002aff92047000,0x00002aff92148000)]

Stack: [0x00002aff92047000,0x00002aff92148000],  sp=0x00002aff92146960,  free space=1022k
Native frames: (J=compiled Java code, A=aot compiled Java code, j=interpreted, Vv=VM code, C=native code)
V  [libjvm.so+0xb40061]  ClassAllocator::initialize(HeapWord*) const+0x21
V  [libjvm.so+0xb407f3]  MemAllocator::allocate() const+0x73
V  [libjvm.so+0x61550d]  CollectedHeap::class_allocate(Klass*, int, Thread*)+0x3d
V  [libjvm.so+0x8865c8]  java_lang_Class::create_basic_type_mirror(char const*, BasicType, Thread*)+0x28
V  [libjvm.so+0xeb8474]  Universe::initialize_basic_type_mirrors(Thread*)+0xd4
V  [libjvm.so+0xe3fb63]  SystemDictionary::resolve_well_known_classes(Thread*)+0xa3
V  [libjvm.so+0xeb81c5]  Universe::genesis(Thread*)+0x2a5
V  [libjvm.so+0xeb930c]  universe2_init()+0x2c
V  [libjvm.so+0x851d7a]  init_globals()+0xaa
V  [libjvm.so+0xe91dfc]  Threads::create_vm(JavaVMInitArgs*, bool*)+0x4bc
V  [libjvm.so+0x908cc8]  JNI_CreateJavaVM+0x58
C  [libjli.so+0x4814]  JavaMain+0x84


siginfo: si_signo: 11 (SIGSEGV), si_code: 1 (SEGV_MAPERR), si_addr: 0x000000000000001c

Registers:
RAX=0x0000000000000010, RBX=0x0000000000000010, RCX=0x0000000000000078, RDX=0x00002aff94348c90
RSP=0x00002aff92146960, RBP=0x00002aff92146980, RSI=0x0000000000000010, RDI=0x00002aff92146a10
R8 =0x00002aff934554d0, R9 =0x0000000100002940, R10=0x0000000000000313, R11=0x00002aff94413060
R12=0x00002aff92146a10, R13=0x00002aff943c8c44, R14=0x00002aff9800eb10, R15=0x00002aff94410720
RIP=0x00002aff93980061, EFLAGS=0x0000000000010202, CSGSFS=0x002b000000000033, ERR=0x0000000000000006
  TRAPNO=0x000000000000000e

Top of Stack: (sp=0x00002aff92146960)
0x00002aff92146960:   00002aff961ea928 00002aff92146a10
0x00002aff92146970:   0000000000000000 00002aff921469a0
0x00002aff92146980:   00002aff92146a00 00002aff939807f3
0x00002aff92146990:   00002aff00000036 0000000000000000 

Instructions: (pc=0x00002aff93980061)
0x00002aff93980041:   48 89 e5 41 55 41 54 49 89 fc 53 48 89 f3 48 83
0x00002aff93980051:   ec 08 4c 8d 2d ea 8b a4 00 41 80 7d 00 00 74 07
0x00002aff93980061:   c7 46 0c 00 00 00 00 49 8b 74 24 20 48 83 fe 02
0x00002aff93980071:   74 18 48 8d 14 f5 f0 ff ff ff 48 8d 7b 10 31 f6 


---------------  P R O C E S S  ---------------

Threads class SMR info:
_java_thread_list=0x00002aff9440fc40, length=0, elements={
}

Java Threads: ( => current thread )

Other Threads:

=>0x00002aff98010000 (exited) JavaThread "Unknown thread" [_thread_in_vm, id=22108, stack(0x00002aff92047000,0x00002aff92148000)]

Threads with active compile tasks:

VM state:not at safepoint (not fully initialized)

VM Mutex/Monitor currently owned by a thread: None

Heap address: 0x00000000e0000000, size: 512 MB, Compressed Oops mode: 32-bit
Narrow klass base: 0x0000000000000000, Narrow klass shift: 3
Compressed class space size: 1073741824 Address: 0x0000000100000000

GC Heap History (0 events):
No events

Deoptimization events (0 events):
No events

Classes redefined (0 events):
No events

Internal exceptions (0 events):
No events

Events (10 events):
Event: 0.006 loading class java/lang/reflect/AnnotatedElement
Event: 0.006 loading class java/lang/reflect/AnnotatedElement done
Event: 0.006 loading class java/lang/reflect/GenericDeclaration done
Event: 0.006 loading class java/lang/reflect/Type
Event: 0.006 loading class java/lang/reflect/Type done
Event: 0.006 loading class java/lang/invoke/TypeDescriptor$OfField
Event: 0.006 loading class java/lang/invoke/TypeDescriptor
Event: 0.006 loading class java/lang/invoke/TypeDescriptor done
Event: 0.006 loading class java/lang/invoke/TypeDescriptor$OfField done
Event: 0.007 loading class java/lang/Class done


Dynamic libraries:
00400000-00401000 r-xp 00000000 fd:02 233300582                          /home/dcslab/cgmin/jdk12.0.1/build/linux-x86_64-server-release/jdk/bin/jmod
00601000-00602000 r--p 00001000 fd:02 233300582                          /home/dcslab/cgmin/jdk12.0.1/build/linux-x86_64-server-release/jdk/bin/jmod
00602000-00603000 rw-p 00002000 fd:02 233300582                          /home/dcslab/cgmin/jdk12.0.1/build/linux-x86_64-server-release/jdk/bin/jmod
0105e000-0107f000 rw-p 00000000 00:00 0                                  [heap]
e0000000-e0aa0000 rw-p 00000000 00:00 0 
e0aa0000-eaaa0000 ---p 00000000 00:00 0 
eaaa0000-ec000000 rw-p 00000000 00:00 0 
ec000000-100000000 ---p 00000000 00:00 0 
100000000-100060000 rw-p 00000000 00:00 0 
100060000-140000000 ---p 00000000 00:00 0 
2aff92009000-2aff9202b000 r-xp 00000000 fd:00 67116101                   /usr/lib64/ld-2.17.so
2aff9202b000-2aff9202e000 r--p 00000000 00:00 0                          [vvar]
2aff9202e000-2aff92030000 r-xp 00000000 00:00 0                          [vdso]
2aff92030000-2aff92031000 rw-p 00000000 00:00 0 
2aff92031000-2aff92033000 ---p 00000000 00:00 0 
2aff92033000-2aff92034000 r--p 00000000 00:00 0 
2aff92034000-2aff9203c000 rw-s 00000000 fd:00 67645890                   /tmp/hsperfdata_root/22096
2aff9203c000-2aff9203e000 rw-p 00000000 00:00 0 
2aff92042000-2aff92047000 rw-p 00000000 00:00 0 
2aff92047000-2aff9204b000 ---p 00000000 00:00 0 
2aff9204b000-2aff9214d000 rw-p 00000000 00:00 0 
2aff9214d000-2aff92163000 ---p 00000000 00:00 0 
2aff92163000-2aff9216e000 rw-p 00000000 00:00 0 
2aff9216e000-2aff9220e000 ---p 00000000 00:00 0 
2aff9222a000-2aff9222b000 r--p 00021000 fd:00 67116101                   /usr/lib64/ld-2.17.so
2aff9222b000-2aff9222c000 rw-p 00022000 fd:00 67116101                   /usr/lib64/ld-2.17.so
2aff9222c000-2aff9222d000 rw-p 00000000 00:00 0 
2aff9222d000-2aff92242000 r-xp 00000000 fd:00 67116158                   /usr/lib64/libz.so.1.2.7
2aff92242000-2aff92441000 ---p 00015000 fd:00 67116158                   /usr/lib64/libz.so.1.2.7
2aff92441000-2aff92442000 r--p 00014000 fd:00 67116158                   /usr/lib64/libz.so.1.2.7
2aff92442000-2aff92443000 rw-p 00015000 fd:00 67116158                   /usr/lib64/libz.so.1.2.7
2aff92443000-2aff92452000 r-xp 00000000 fd:02 233283259                  /home/dcslab/cgmin/jdk12.0.1/build/linux-x86_64-server-release/jdk/lib/libjli.so
2aff92452000-2aff92651000 ---p 0000f000 fd:02 233283259                  /home/dcslab/cgmin/jdk12.0.1/build/linux-x86_64-server-release/jdk/lib/libjli.so
2aff92651000-2aff92652000 r--p 0000e000 fd:02 233283259                  /home/dcslab/cgmin/jdk12.0.1/build/linux-x86_64-server-release/jdk/lib/libjli.so
2aff92652000-2aff92653000 rw-p 0000f000 fd:02 233283259                  /home/dcslab/cgmin/jdk12.0.1/build/linux-x86_64-server-release/jdk/lib/libjli.so
2aff92653000-2aff9266a000 r-xp 00000000 fd:00 67527458                   /usr/lib64/libpthread-2.17.so
2aff9266a000-2aff92869000 ---p 00017000 fd:00 67527458                   /usr/lib64/libpthread-2.17.so
2aff92869000-2aff9286a000 r--p 00016000 fd:00 67527458                   /usr/lib64/libpthread-2.17.so
2aff9286a000-2aff9286b000 rw-p 00017000 fd:00 67527458                   /usr/lib64/libpthread-2.17.so
2aff9286b000-2aff9286f000 rw-p 00000000 00:00 0 
2aff9286f000-2aff92871000 r-xp 00000000 fd:00 67412311                   /usr/lib64/libdl-2.17.so
2aff92871000-2aff92a71000 ---p 00002000 fd:00 67412311                   /usr/lib64/libdl-2.17.so
2aff92a71000-2aff92a72000 r--p 00002000 fd:00 67412311                   /usr/lib64/libdl-2.17.so
2aff92a72000-2aff92a73000 rw-p 00003000 fd:00 67412311                   /usr/lib64/libdl-2.17.so
2aff92a73000-2aff92c35000 r-xp 00000000 fd:00 67116114                   /usr/lib64/libc-2.17.so
2aff92c35000-2aff92e35000 ---p 001c2000 fd:00 67116114                   /usr/lib64/libc-2.17.so
2aff92e35000-2aff92e39000 r--p 001c2000 fd:00 67116114                   /usr/lib64/libc-2.17.so
2aff92e39000-2aff92e3b000 rw-p 001c6000 fd:00 67116114                   /usr/lib64/libc-2.17.so
2aff92e3b000-2aff92e40000 rw-p 00000000 00:00 0 
2aff92e40000-2aff94085000 r-xp 00000000 fd:02 149929323                  /home/dcslab/cgmin/jdk12.0.1/build/linux-x86_64-server-release/jdk/lib/server/libjvm.so
2aff94085000-2aff94285000 ---p 01245000 fd:02 149929323                  /home/dcslab/cgmin/jdk12.0.1/build/linux-x86_64-server-release/jdk/lib/server/libjvm.so
2aff94285000-2aff9435a000 r--p 01245000 fd:02 149929323                  /home/dcslab/cgmin/jdk12.0.1/build/linux-x86_64-server-release/jdk/lib/server/libjvm.so
2aff9435a000-2aff94396000 rw-p 0131a000 fd:02 149929323                  /home/dcslab/cgmin/jdk12.0.1/build/linux-x86_64-server-release/jdk/lib/server/libjvm.so
2aff94396000-2aff9441c000 rw-p 00000000 00:00 0 
2aff9441c000-2aff94505000 r-xp 00000000 fd:00 67349699                   /usr/lib64/libstdc++.so.6.0.19
2aff94505000-2aff94704000 ---p 000e9000 fd:00 67349699                   /usr/lib64/libstdc++.so.6.0.19
2aff94704000-2aff9470c000 r--p 000e8000 fd:00 67349699                   /usr/lib64/libstdc++.so.6.0.19
2aff9470c000-2aff9470e000 rw-p 000f0000 fd:00 67349699                   /usr/lib64/libstdc++.so.6.0.19
2aff9470e000-2aff94723000 rw-p 00000000 00:00 0 
2aff94723000-2aff94824000 r-xp 00000000 fd:00 67412312                   /usr/lib64/libm-2.17.so
2aff94824000-2aff94a23000 ---p 00101000 fd:00 67412312                   /usr/lib64/libm-2.17.so
2aff94a23000-2aff94a24000 r--p 00100000 fd:00 67412312                   /usr/lib64/libm-2.17.so
2aff94a24000-2aff94a25000 rw-p 00101000 fd:00 67412312                   /usr/lib64/libm-2.17.so
2aff94a25000-2aff94a3a000 r-xp 00000000 fd:00 67349682                   /usr/lib64/libgcc_s-4.8.5-20150702.so.1
2aff94a3a000-2aff94c39000 ---p 00015000 fd:00 67349682                   /usr/lib64/libgcc_s-4.8.5-20150702.so.1
2aff94c39000-2aff94c3a000 r--p 00014000 fd:00 67349682                   /usr/lib64/libgcc_s-4.8.5-20150702.so.1
2aff94c3a000-2aff94c3b000 rw-p 00015000 fd:00 67349682                   /usr/lib64/libgcc_s-4.8.5-20150702.so.1
2aff94c3b000-2aff94c48000 r-xp 00000000 fd:02 233283245                  /home/dcslab/cgmin/jdk12.0.1/build/linux-x86_64-server-release/jdk/lib/libverify.so
2aff94c48000-2aff94e47000 ---p 0000d000 fd:02 233283245                  /home/dcslab/cgmin/jdk12.0.1/build/linux-x86_64-server-release/jdk/lib/libverify.so
2aff94e47000-2aff94e49000 r--p 0000c000 fd:02 233283245                  /home/dcslab/cgmin/jdk12.0.1/build/linux-x86_64-server-release/jdk/lib/libverify.so
2aff94e49000-2aff94e4a000 rw-p 0000e000 fd:02 233283245                  /home/dcslab/cgmin/jdk12.0.1/build/linux-x86_64-server-release/jdk/lib/libverify.so
2aff94e4a000-2aff94e72000 r-xp 00000000 fd:02 233283260                  /home/dcslab/cgmin/jdk12.0.1/build/linux-x86_64-server-release/jdk/lib/libjava.so
2aff94e72000-2aff95071000 ---p 00028000 fd:02 233283260                  /home/dcslab/cgmin/jdk12.0.1/build/linux-x86_64-server-release/jdk/lib/libjava.so
2aff95071000-2aff95072000 r--p 00027000 fd:02 233283260                  /home/dcslab/cgmin/jdk12.0.1/build/linux-x86_64-server-release/jdk/lib/libjava.so
2aff95072000-2aff95074000 rw-p 00028000 fd:02 233283260                  /home/dcslab/cgmin/jdk12.0.1/build/linux-x86_64-server-release/jdk/lib/libjava.so
2aff95074000-2aff95080000 r-xp 00000000 fd:00 67527450                   /usr/lib64/libnss_files-2.17.so
2aff95080000-2aff9527f000 ---p 0000c000 fd:00 67527450                   /usr/lib64/libnss_files-2.17.so
2aff9527f000-2aff95280000 r--p 0000b000 fd:00 67527450                   /usr/lib64/libnss_files-2.17.so
2aff95280000-2aff95281000 rw-p 0000c000 fd:00 67527450                   /usr/lib64/libnss_files-2.17.so
2aff95281000-2aff95287000 rw-p 00000000 00:00 0 
2aff95287000-2aff9528e000 r-xp 00000000 fd:02 233283271                  /home/dcslab/cgmin/jdk12.0.1/build/linux-x86_64-server-release/jdk/lib/libzip.so
2aff9528e000-2aff9548d000 ---p 00007000 fd:02 233283271                  /home/dcslab/cgmin/jdk12.0.1/build/linux-x86_64-server-release/jdk/lib/libzip.so
2aff9548d000-2aff9548e000 r--p 00006000 fd:02 233283271                  /home/dcslab/cgmin/jdk12.0.1/build/linux-x86_64-server-release/jdk/lib/libzip.so
2aff9548e000-2aff9548f000 rw-p 00007000 fd:02 233283271                  /home/dcslab/cgmin/jdk12.0.1/build/linux-x86_64-server-release/jdk/lib/libzip.so
2aff9548f000-2aff95494000 r-xp 00000000 fd:02 233283273                  /home/dcslab/cgmin/jdk12.0.1/build/linux-x86_64-server-release/jdk/lib/libjimage.so
2aff95494000-2aff95694000 ---p 00005000 fd:02 233283273                  /home/dcslab/cgmin/jdk12.0.1/build/linux-x86_64-server-release/jdk/lib/libjimage.so
2aff95694000-2aff95695000 r--p 00005000 fd:02 233283273                  /home/dcslab/cgmin/jdk12.0.1/build/linux-x86_64-server-release/jdk/lib/libjimage.so
2aff95695000-2aff95696000 rw-p 00006000 fd:02 233283273                  /home/dcslab/cgmin/jdk12.0.1/build/linux-x86_64-server-release/jdk/lib/libjimage.so
2aff95696000-2aff9569b000 rw-p 00000000 00:00 0 
2aff9569b000-2aff9585c000 ---p 00000000 00:00 0 
2aff9585c000-2aff95862000 rw-p 00000000 00:00 0 
2aff95862000-2aff958b1000 ---p 00000000 00:00 0 
2aff958b1000-2aff958bc000 rw-p 00000000 00:00 0 
2aff958bc000-2aff9595c000 ---p 00000000 00:00 0 
2aff9595c000-2aff95d9f000 rw-p 00000000 00:00 0 
2aff95d9f000-2aff9619f000 ---p 00000000 00:00 0 
2aff9619f000-2aff966b2000 rw-p 00000000 00:00 0 
2aff98000000-2aff9805f000 rw-p 00000000 00:00 0 
2aff9805f000-2aff9c000000 ---p 00000000 00:00 0 
2aff9c000000-2aff9c270000 rwxp 00000000 00:00 0 
2aff9c270000-2aff9cd40000 ---p 00000000 00:00 0 
2aff9cd40000-2aff9cfb0000 rwxp 00000000 00:00 0 
2aff9cfb0000-2affab000000 ---p 00000000 00:00 0 
7ffe69bd3000-7ffe69bf5000 rw-p 00000000 00:00 0                          [stack]
ffffffffff600000-ffffffffff601000 r-xp 00000000 00:00 0                  [vsyscall]


VM Arguments:
jvm_args: -Dapplication.home=/home/dcslab/cgmin/jdk12.0.1/build/linux-x86_64-server-release/jdk -Xms8m -XX:+UseSerialGC -Xms32M -Xmx512M -XX:TieredStopAtLevel=1 -Djdk.module.main=jdk.jlink 
java_command: jdk.jlink/jdk.tools.jmod.Main create --module-version 12.0.1-internal --target-platform linux-amd64 --module-path /home/dcslab/cgmin/jdk12.0.1/build/linux-x86_64-server-release/images/jmods --class-path /home/dcslab/cgmin/jdk12.0.1/build/linux-x86_64-server-release/jdk/modules/jdk.internal.opt --legal-notices /home/dcslab/cgmin/jdk12.0.1/build/linux-x86_64-server-release/support/modules_legal/common:/home/dcslab/cgmin/jdk12.0.1/src/jdk.internal.opt/share/legal --exclude **{_the.*,_*.marker,*.diz,*.debuginfo,*.dSYM/**,*.dSYM,*.pdb,*.map} /home/dcslab/cgmin/jdk12.0.1/build/linux-x86_64-server-release/support/jmods/jdk.internal.opt.jmod
java_class_path (initial): <not set>
Launcher Type: SUN_STANDARD

[Global flags]
     intx CICompilerCount                          = 15                                        {product} {ergonomic}
   size_t InitialHeapSize                          = 33554432                                  {product} {command line}
   size_t MaxHeapSize                              = 536870912                                 {product} {command line}
   size_t MaxNewSize                               = 178913280                                 {product} {ergonomic}
   size_t MinHeapDeltaBytes                        = 196608                                    {product} {ergonomic}
   size_t NewSize                                  = 11141120                                  {product} {ergonomic}
    uintx NonNMethodCodeHeapSize                   = 13893620                               {pd product} {ergonomic}
    uintx NonProfiledCodeHeapSize                  = 237764620                              {pd product} {ergonomic}
   size_t OldSize                                  = 22413312                                  {product} {ergonomic}
    uintx ProfiledCodeHeapSize                     = 0                                      {pd product} {ergonomic}
    uintx ReservedCodeCacheSize                    = 251658240                              {pd product} {ergonomic}
     bool SegmentedCodeCache                       = true                                      {product} {ergonomic}
     intx TieredStopAtLevel                        = 1                                         {product} {command line}
     bool UseCompressedClassPointers               = true                                 {lp64_product} {ergonomic}
     bool UseCompressedOops                        = true                                 {lp64_product} {ergonomic}
     bool UseSerialGC                              = true                                      {product} {command line}

Logging:
Log output configuration:
 #0: stdout all=warning uptime,level,tags
 #1: stderr all=off uptime,level,tags

Environment Variables:
PATH=/sbin:/bin:/usr/sbin:/usr/bin
USERNAME=root
LD_LIBRARY_PATH=:/usr/local/lib
SHELL=/bin/bash

Signal Handlers:
SIGSEGV: [libjvm.so+0xefc250], sa_mask[0]=11111111011111111101111111111110, sa_flags=SA_RESTART|SA_SIGINFO
SIGBUS: [libjvm.so+0xefc250], sa_mask[0]=11111111011111111101111111111110, sa_flags=SA_RESTART|SA_SIGINFO
SIGFPE: [libjvm.so+0xefc250], sa_mask[0]=11111111011111111101111111111110, sa_flags=SA_RESTART|SA_SIGINFO
SIGPIPE: [libjvm.so+0xbf14f0], sa_mask[0]=11111111011111111101111111111110, sa_flags=SA_RESTART|SA_SIGINFO
SIGXFSZ: [libjvm.so+0xbf14f0], sa_mask[0]=11111111011111111101111111111110, sa_flags=SA_RESTART|SA_SIGINFO
SIGILL: [libjvm.so+0xefc250], sa_mask[0]=11111111011111111101111111111110, sa_flags=SA_RESTART|SA_SIGINFO
SIGUSR2: [libjvm.so+0xbf1390], sa_mask[0]=00000000000000000000000000000000, sa_flags=SA_RESTART|SA_SIGINFO
SIGHUP: SIG_DFL, sa_mask[0]=00000000000000000000000000000000, sa_flags=none
SIGINT: SIG_DFL, sa_mask[0]=00000000000000000000000000000000, sa_flags=none
SIGTERM: SIG_DFL, sa_mask[0]=00000000000000000000000000000000, sa_flags=none
SIGQUIT: SIG_DFL, sa_mask[0]=00000000000000000000000000000000, sa_flags=none


---------------  S Y S T E M  ---------------

OS:CentOS Linux release 7.6.1810 (Core) 
uname:Linux 4.12.9RTFM0227+ #988 SMP Thu May 30 20:11:32 KST 2019 x86_64
libc:glibc 2.17 NPTL 2.17 
rlimit: STACK infinity, CORE 0k, NPROC 510968, NOFILE 4096, AS infinity, DATA infinity, FSIZE infinity
load average:11.12 9.03 7.08

/proc/meminfo:
MemTotal:       130865364 kB
MemFree:        122516216 kB
MemAvailable:   127373276 kB
Buffers:            2120 kB
Cached:          6083440 kB
SwapCached:            0 kB
Active:          3911520 kB
Inactive:        2504056 kB
Active(anon):     650748 kB
Inactive(anon):   189424 kB
Active(file):    3260772 kB
Inactive(file):  2314632 kB
Unevictable:           0 kB
Mlocked:               0 kB
SwapTotal:             0 kB
SwapFree:              0 kB
Dirty:            371276 kB
Writeback:        114180 kB
AnonPages:        327976 kB
Mapped:           259404 kB
Shmem:            510156 kB
Slab:             813756 kB
SReclaimable:     463688 kB
SUnreclaim:       350068 kB
KernelStack:       11792 kB
PageTables:        12788 kB
NFS_Unstable:          0 kB
Bounce:                0 kB
WritebackTmp:          0 kB
CommitLimit:    65432680 kB
Committed_AS:    1129164 kB
VmallocTotal:   34359738367 kB
VmallocUsed:           0 kB
VmallocChunk:          0 kB
HardwareCorrupted:     0 kB
CmaTotal:              0 kB
CmaFree:               0 kB
HugePages_Total:       0
HugePages_Free:        0
HugePages_Rsvd:        0
HugePages_Surp:        0
Hugepagesize:       2048 kB
DirectMap4k:      828212 kB
DirectMap2M:    10590208 kB
DirectMap1G:    124780544 kB


/proc/sys/kernel/threads-max (system-wide limit on the number of threads):
1021936


/proc/sys/vm/max_map_count (maximum number of memory map areas a process may have):
65530


/proc/sys/kernel/pid_max (system-wide limit on number of process identifiers):
49152



container (cgroup) information:
container_type: cgroupv1
cpu_cpuset_cpus: 0-47
cpu_memory_nodes: 0
active_processor_count: 48
cpu_quota: -1
cpu_period: 100000
cpu_shares: -1
memory_limit_in_bytes: -1
memory_and_swap_limit_in_bytes: -1
memory_soft_limit_in_bytes: -1
memory_usage_in_bytes: 6573854720
memory_max_usage_in_bytes: 0


CPU:total 48 (initial active 48) (12 cores per cpu, 2 threads per core) family 6 model 79 stepping 1, cmov, cx8, fxsr, mmx, sse, sse2, sse3, ssse3, sse4.1, sse4.2, popcnt, avx, avx2, aes, clmul, erms, rtm, 3dnowpref, lzcnt, ht, tsc, tscinvbit, bmi1, bmi2, adx, fma
CPU Model and flags from /proc/cpuinfo:
model name	: Intel(R) Xeon(R) CPU E5-2650 v4 @ 2.20GHz
flags		: fpu vme de pse tsc msr pae mce cx8 apic sep mtrr pge mca cmov pat pse36 clflush dts acpi mmx fxsr sse sse2 ss ht tm pbe syscall nx pdpe1gb rdtscp lm constant_tsc arch_perfmon pebs bts rep_good nopl xtopology nonstop_tsc cpuid aperfmperf pni pclmulqdq dtes64 monitor ds_cpl vmx smx est tm2 ssse3 sdbg fma cx16 xtpr pdcm pcid dca sse4_1 sse4_2 x2apic movbe popcnt tsc_deadline_timer aes xsave avx f16c rdrand lahf_lm abm 3dnowprefetch cpuid_fault epb cat_l3 cdp_l3 intel_ppin intel_pt tpr_shadow vnmi flexpriority ept vpid fsgsbase tsc_adjust bmi1 hle avx2 smep bmi2 erms invpcid rtm cqm rdt_a rdseed adx smap xsaveopt cqm_llc cqm_occup_llc cqm_mbm_total cqm_mbm_local dtherm arat pln pts

Memory: 4k page, physical 130865364k(122514976k free), swap 0k(0k free)

vm_info: OpenJDK 64-Bit Server VM (12.0.1-internal+0-adhoc.root.jdk12.0.1) for linux-amd64 JRE (12.0.1-internal+0-adhoc.root.jdk12.0.1), built on Jul 18 2019 18:51:22 by "root" with gcc 4.8.5 20150623 (Red Hat 4.8.5-36)

END.
