#
# A fatal error has been detected by the Java Runtime Environment:
#
#  SIGSEGV (0xb) at pc=0x00002ae78401f342, pid=42531, tid=42546
#
# JRE version: OpenJDK Runtime Environment (12.0.1) (build 12.0.1-internal+0-adhoc.root.jdk12.0.1)
# Java VM: OpenJDK 64-Bit Server VM (12.0.1-internal+0-adhoc.root.jdk12.0.1, mixed mode, tiered, compressed oops, serial gc, linux-amd64)
# Problematic frame:
# j  java.nio.file.FileTreeWalker.next()Ljava/nio/file/FileTreeWalker$Event;+4 java.base
#
# No core dump will be written. Core dumps have been disabled. To enable core dumping, try "ulimit -c unlimited" before starting Java again
#
# If you would like to submit a bug report, please visit:
#   http://bugreport.java.com/bugreport/crash.jsp
#

---------------  S U M M A R Y ------------

Command Line: -Dapplication.home=/home/dcslab/cgmin/jdk12.0.1/build/linux-x86_64-server-release/jdk -Xms8m -XX:+UseSerialGC -Xms32M -Xmx512M -XX:TieredStopAtLevel=1 -Djdk.module.main=jdk.jlink jdk.jlink/jdk.tools.jmod.Main create --module-version 12.0.1-internal --target-platform linux-amd64 --module-path /home/dcslab/cgmin/jdk12.0.1/build/linux-x86_64-server-release/images/jmods --class-path /home/dcslab/cgmin/jdk12.0.1/build/linux-x86_64-server-release/jdk/modules/jdk.dynalink --legal-notices /home/dcslab/cgmin/jdk12.0.1/build/linux-x86_64-server-release/support/modules_legal/common:/home/dcslab/cgmin/jdk12.0.1/src/jdk.dynalink/share/legal --exclude **{_the.*,_*.marker,*.diz,*.debuginfo,*.dSYM/**,*.dSYM,*.pdb,*.map} /home/dcslab/cgmin/jdk12.0.1/build/linux-x86_64-server-release/support/jmods/jdk.dynalink.jmod

Host: Intel(R) Xeon(R) CPU E5-2650 v4 @ 2.20GHz, 48 cores, 124G, CentOS Linux release 7.6.1810 (Core) 
Time: Thu Jul 18 18:46:28 2019 KST elapsed time: 1 seconds (0d 0h 0m 1s)

---------------  T H R E A D  ---------------

Current thread (0x00002ae780010000):  JavaThread "main" [_thread_in_Java, id=42546, stack(0x00002ae77b148000,0x00002ae77b249000)]

Stack: [0x00002ae77b148000,0x00002ae77b249000],  sp=0x00002ae77b247610,  free space=1021k
Native frames: (J=compiled Java code, A=aot compiled Java code, j=interpreted, Vv=VM code, C=native code)
j  java.nio.file.FileTreeWalker.next()Ljava/nio/file/FileTreeWalker$Event;+4 java.base
j  java.nio.file.Files.walkFileTree(Ljava/nio/file/Path;Ljava/util/Set;ILjava/nio/file/FileVisitor;)Ljava/nio/file/Path;+252 java.base
j  jdk.tools.jmod.JmodTask$JmodFileWriter.processSection(Ljdk/tools/jmod/JmodOutputStream;Ljdk/internal/jmod/JmodFile$Section;Ljava/nio/file/Path;)V+20 jdk.jlink
j  jdk.tools.jmod.JmodTask$JmodFileWriter.processClasses(Ljdk/tools/jmod/JmodOutputStream;Ljava/util/List;)V+51 jdk.jlink
j  jdk.tools.jmod.JmodTask$JmodFileWriter.write(Ljdk/tools/jmod/JmodOutputStream;)V+19 jdk.jlink
j  jdk.tools.jmod.JmodTask.create()Z+31 jdk.jlink
j  jdk.tools.jmod.JmodTask.run([Ljava/lang/String;)I+137 jdk.jlink
j  jdk.tools.jmod.Main.main([Ljava/lang/String;)V+10 jdk.jlink
v  ~StubRoutines::call_stub
V  [libjvm.so+0x881c83]  JavaCalls::call_helper(JavaValue*, methodHandle const&, JavaCallArguments*, Thread*)+0x3a3
V  [libjvm.so+0x8ee35d]  jni_invoke_static(JNIEnv_*, JavaValue*, _jobject*, JNICallType, _jmethodID*, JNI_ArgumentPusher*, Thread*) [clone .isra.103]+0x22d
V  [libjvm.so+0x8f5bca]  jni_CallStaticVoidMethod+0x16a
C  [libjli.so+0x51d1]  JavaMain+0xa41


siginfo: si_signo: 11 (SIGSEGV), si_code: 1 (SEGV_MAPERR), si_addr: 0x000000032ba3a340

Register to memory mapping:

RAX=0x0000000100065aa8 is a pointer to class: 
java.nio.file.FileTreeWalker$DirectoryNode {0x0000000100065aa8}
RBX=0x000000032ba3a308 is an unknown value
RCX=0x0000000000000038 is an unknown value
RDX=0x00000000e00542a0 is pointing into object: [B 
{0x00000000e0054298} - klass: {type array byte}
 - length: 57
RSP=0x00002ae77b247610 is pointing into the stack for thread: 0x00002ae780010000
RBP=0x00002ae77b247658 is pointing into the stack for thread: 0x00002ae780010000
RSI=0x00002ae77b2475b0 is pointing into the stack for thread: 0x00002ae780010000
RDI=0x00002ae780010000 is a thread
R8 =0x00002ae780022370 points into unknown readable memory: a8 16 0c e0 00 00 00 00
R9 =0x0000000000000020 is an unknown value
R10=0x00002ae77d50e420: <offset 0x00000000015c8420> in /home/dcslab/cgmin/jdk12.0.1/build/linux-x86_64-server-release/jdk/lib/server/libjvm.so at 0x00002ae77bf46000
R11=0x00002ae784e5cd40 is at entry_point+0 in (nmethod*)0x00002ae784e5cb90
R12=0x0 is NULL
R13=0x00002ae77eea2e7f is pointing into metadata
R14=0x00002ae77b247698 is pointing into the stack for thread: 0x00002ae780010000
R15=0x00002ae780010000 is a thread


Registers:
RAX=0x0000000100065aa8, RBX=0x000000032ba3a308, RCX=0x0000000000000038, RDX=0x00000000e00542a0
RSP=0x00002ae77b247610, RBP=0x00002ae77b247658, RSI=0x00002ae77b2475b0, RDI=0x00002ae780010000
R8 =0x00002ae780022370, R9 =0x0000000000000020, R10=0x00002ae77d50e420, R11=0x00002ae784e5cd40
R12=0x0000000000000000, R13=0x00002ae77eea2e7f, R14=0x00002ae77b247698, R15=0x00002ae780010000
RIP=0x00002ae78401f342, EFLAGS=0x0000000000010206, CSGSFS=0x002b000000000033, ERR=0x0000000000000004
  TRAPNO=0x000000000000000e

Top of Stack: (sp=0x00002ae77b247610)
0x00002ae77b247610:   00002ae77b247610 00002ae77eea2e7c
0x00002ae77b247620:   00002ae77b247698 00002ae77eea3418
0x00002ae77b247630:   0000000000000000 00000000e09a4940
0x00002ae77b247640:   00002ae77eea2fa0 0000000000000000 

Instructions: (pc=0x00002ae78401f342)
0x00002ae78401f322:   89 59 18 bf 01 00 00 00 48 89 79 20 48 83 c1 38
0x00002ae78401f332:   48 89 4d d8 48 3b d8 0f 84 5b 00 00 00 8b 48 10
0x00002ae78401f342:   48 3b 04 0b 0f 84 4e 00 00 00 83 f9 20 0f 85 22
0x00002ae78401f352:   00 00 00 50 48 8b c0 57 48 8b 7b 28 8b 0f 48 83 

Stack slot to memory mapping:
stack at sp + 0 slots: 0x00002ae77b247610 is pointing into the stack for thread: 0x00002ae780010000
stack at sp + 1 slots: 0x00002ae77eea2e7c is pointing into metadata
stack at sp + 2 slots: 0x00002ae77b247698 is pointing into the stack for thread: 0x00002ae780010000
stack at sp + 3 slots: 0x00002ae77eea3418 is pointing into metadata
stack at sp + 4 slots: 0x0 is NULL
stack at sp + 5 slots: 0x00000000e09a4940 is an oop: java.lang.Class 
{0x00000000e09a4940} - klass: 'java/lang/Class'
stack at sp + 6 slots: {method} {0x00002ae77eea2fa0} 'next' '()Ljava/nio/file/FileTreeWalker$Event;' in 'java/nio/file/FileTreeWalker'
stack at sp + 7 slots: 0x0 is NULL

checkcast  192 checkcast  [0x00002ae78401f1a0, 0x00002ae78401f3e0]  576 bytes

---------------  P R O C E S S  ---------------

Threads class SMR info:
_java_thread_list=0x00002ae7801c4290, length=8, elements={
0x00002ae780010000, 0x00002ae780099000, 0x00002ae78009c800, 0x00002ae7800b4800,
0x00002ae7800b7000, 0x00002ae7800b9000, 0x00002ae7800ec800, 0x00002ae7801c2800
}

Java Threads: ( => current thread )
=>0x00002ae780010000 JavaThread "main" [_thread_in_Java, id=42546, stack(0x00002ae77b148000,0x00002ae77b249000)]
  0x00002ae780099000 JavaThread "Reference Handler" daemon [_thread_blocked, id=43625, stack(0x00002ae77f4a3000,0x00002ae77f5a4000)]
  0x00002ae78009c800 JavaThread "Finalizer" daemon [_thread_blocked, id=43630, stack(0x00002ae77f5a4000,0x00002ae77f6a5000)]
  0x00002ae7800b4800 JavaThread "Signal Dispatcher" daemon [_thread_blocked, id=43663, stack(0x00002ae77f6a5000,0x00002ae77f7a6000)]
  0x00002ae7800b7000 JavaThread "C1 CompilerThread0" daemon [_thread_blocked, id=43665, stack(0x00002ae77f7a6000,0x00002ae77f8a7000)]
  0x00002ae7800b9000 JavaThread "Sweeper thread" daemon [_thread_blocked, id=43668, stack(0x00002ae77f8a7000,0x00002ae77f9a8000)]
  0x00002ae7800ec800 JavaThread "Common-Cleaner" daemon [_thread_blocked, id=43704, stack(0x00002ae77fe03000,0x00002ae77ff04000)]
  0x00002ae7801c2800 JavaThread "Service Thread" daemon [_thread_blocked, id=43749, stack(0x00002ae793000000,0x00002ae793101000)]

Other Threads:
  0x00002ae78008c800 VMThread "VM Thread" [stack: 0x00002ae77f3a3000,0x00002ae77f4a3000] [id=43602]
  0x00002ae7801c5000 WatcherThread [stack: 0x00002ae793103000,0x00002ae793203000] [id=43750]

Threads with active compile tasks:

VM state:not at safepoint (normal execution)

VM Mutex/Monitor currently owned by a thread: None

Heap address: 0x00000000e0000000, size: 512 MB, Compressed Oops mode: 32-bit
Narrow klass base: 0x0000000000000000, Narrow klass shift: 3
Compressed class space size: 1073741824 Address: 0x0000000100000000

Heap:
 def new generation   total 9792K, used 1861K [0x00000000e0000000, 0x00000000e0aa0000, 0x00000000eaaa0000)
  eden space 8704K,   8% used [0x00000000e0000000, 0x00000000e00c16a8, 0x00000000e0880000)
  from space 1088K, 100% used [0x00000000e0990000, 0x00000000e0aa0000, 0x00000000e0aa0000)
  to   space 1088K,   0% used [0x00000000e0880000, 0x00000000e0880000, 0x00000000e0990000)
 tenured generation   total 21888K, used 245K [0x00000000eaaa0000, 0x00000000ec000000, 0x0000000100000000)
   the space 21888K,   1% used [0x00000000eaaa0000, 0x00000000eaadd5b0, 0x00000000eaadd600, 0x00000000ec000000)
 Metaspace       used 8003K, capacity 8188K, committed 8320K, reserved 1056768K
  class space    used 789K, capacity 878K, committed 896K, reserved 1048576K

Card table byte_map: [0x00002ae77e962000,0x00002ae77ea63000] _byte_map_base: 0x00002ae77e262000

Polling page: 0x00002ae77b133000

Metaspace:

Usage:
  Non-class:      7.14 MB capacity,     7.04 MB ( 99%) used,    81.17 KB (  1%) free+waste,    14.94 KB ( <1%) overhead. 
      Class:    878.00 KB capacity,   789.19 KB ( 90%) used,    79.69 KB (  9%) free+waste,     9.12 KB (  1%) overhead. 
       Both:      8.00 MB capacity,     7.82 MB ( 98%) used,   160.86 KB (  2%) free+waste,    24.06 KB ( <1%) overhead. 

Virtual space:
  Non-class space:        8.00 MB reserved,       7.25 MB ( 91%) committed 
      Class space:        1.00 GB reserved,     896.00 KB ( <1%) committed 
             Both:        1.01 GB reserved,       8.12 MB ( <1%) committed 

Chunk freelists:
   Non-Class:  4.25 KB
       Class:  2.25 KB
        Both:  6.50 KB

CodeHeap 'non-profiled nmethods': size=232192Kb used=1151Kb max_used=1151Kb free=231040Kb
 bounds [0x00002ae784d40000, 0x00002ae784fb0000, 0x00002ae793000000]
CodeHeap 'non-nmethods': size=13568Kb used=1048Kb max_used=1048Kb free=12519Kb
 bounds [0x00002ae784000000, 0x00002ae784270000, 0x00002ae784d40000]
 total_blobs=1233 nmethods=868 adapters=279
 compilation: enabled
              stopped_count=0, restarted_count=0
 full_count=0

Compilation events (10 events):
Event: 1.178 Thread 0x00002ae7800b7000  863       1       java.util.concurrent.locks.AbstractQueuedSynchronizer::doReleaseShared (79 bytes)
Event: 1.179 Thread 0x00002ae7800b7000 nmethod 863 0x00002ae784e5e410 code [0x00002ae784e5e5e0, 0x00002ae784e5e828]
Event: 1.180 Thread 0x00002ae7800b7000  864       1       java.time.ZoneOffset::getTotalSeconds (5 bytes)
Event: 1.180 Thread 0x00002ae7800b7000 nmethod 864 0x00002ae784e5e990 code [0x00002ae784e5eb40, 0x00002ae784e5ec50]
Event: 1.180 Thread 0x00002ae7800b7000  865       1       java.util.zip.ZipOutputStream::writeInt (69 bytes)
Event: 1.181 Thread 0x00002ae7800b7000 nmethod 865 0x00002ae784e5ec90 code [0x00002ae784e5ee80, 0x00002ae784e5f0b8]
Event: 1.182 Thread 0x00002ae7800b7000  866   !   1       sun.nio.fs.UnixNativeDispatcher::open (32 bytes)
Event: 1.182 Thread 0x00002ae7800b7000 nmethod 866 0x00002ae784e5f590 code [0x00002ae784e5f760, 0x00002ae784e5f918]
Event: 1.183 Thread 0x00002ae7800b7000  868       1       java.nio.HeapByteBuffer::ix (7 bytes)
Event: 1.183 Thread 0x00002ae7800b7000 nmethod 868 0x00002ae784e5fb10 code [0x00002ae784e5fcc0, 0x00002ae784e5fdd0]

GC Heap History (2 events):
Event: 1.143 GC heap before
{Heap before GC invocations=0 (full 0):
 def new generation   total 9792K, used 8703K [0x00000000e0000000, 0x00000000e0aa0000, 0x00000000eaaa0000)
  eden space 8704K,  99% used [0x00000000e0000000, 0x00000000e087ff40, 0x00000000e0880000)
  from space 1088K,   0% used [0x00000000e0880000, 0x00000000e0880000, 0x00000000e0990000)
  to   space 1088K,   0% used [0x00000000e0990000, 0x00000000e0990000, 0x00000000e0aa0000)
 tenured generation   total 21888K, used 0K [0x00000000eaaa0000, 0x00000000ec000000, 0x0000000100000000)
   the space 21888K,   0% used [0x00000000eaaa0000, 0x00000000eaaa0000, 0x00000000eaaa0200, 0x00000000ec000000)
 Metaspace       used 7515K, capacity 7672K, committed 7808K, reserved 1056768K
  class space    used 751K, capacity 813K, committed 896K, reserved 1048576K
}
Event: 1.150 GC heap after
{Heap after GC invocations=1 (full 0):
 def new generation   total 9792K, used 1088K [0x00000000e0000000, 0x00000000e0aa0000, 0x00000000eaaa0000)
  eden space 8704K,   0% used [0x00000000e0000000, 0x00000000e0000000, 0x00000000e0880000)
  from space 1088K, 100% used [0x00000000e0990000, 0x00000000e0aa0000, 0x00000000e0aa0000)
  to   space 1088K,   0% used [0x00000000e0880000, 0x00000000e0880000, 0x00000000e0990000)
 tenured generation   total 21888K, used 245K [0x00000000eaaa0000, 0x00000000ec000000, 0x0000000100000000)
   the space 21888K,   1% used [0x00000000eaaa0000, 0x00000000eaadd5b0, 0x00000000eaadd600, 0x00000000ec000000)
 Metaspace       used 7515K, capacity 7672K, committed 7808K, reserved 1056768K
  class space    used 751K, capacity 813K, committed 896K, reserved 1048576K
}

Deoptimization events (0 events):
No events

Classes redefined (0 events):
No events

Internal exceptions (10 events):
Event: 1.156 Thread 0x00002ae780010000 Exception <a 'sun/nio/fs/UnixException'{0x00000000e0040f60}> (0x00000000e0040f60) thrown at [/home/dcslab/cgmin/jdk12.0.1/src/hotspot/share/prims/jni.cpp, line 615]
Event: 1.156 Thread 0x00002ae780010000 Exception <a 'sun/nio/fs/UnixException'{0x00000000e0041978}> (0x00000000e0041978) thrown at [/home/dcslab/cgmin/jdk12.0.1/src/hotspot/share/prims/jni.cpp, line 615]
Event: 1.157 Thread 0x00002ae780010000 Exception <a 'sun/nio/fs/UnixException'{0x00000000e00424c0}> (0x00000000e00424c0) thrown at [/home/dcslab/cgmin/jdk12.0.1/src/hotspot/share/prims/jni.cpp, line 615]
Event: 1.157 Thread 0x00002ae780010000 Exception <a 'sun/nio/fs/UnixException'{0x00000000e00431d8}> (0x00000000e00431d8) thrown at [/home/dcslab/cgmin/jdk12.0.1/src/hotspot/share/prims/jni.cpp, line 615]
Event: 1.157 Thread 0x00002ae780010000 Exception <a 'sun/nio/fs/UnixException'{0x00000000e0043c18}> (0x00000000e0043c18) thrown at [/home/dcslab/cgmin/jdk12.0.1/src/hotspot/share/prims/jni.cpp, line 615]
Event: 1.157 Thread 0x00002ae780010000 Exception <a 'sun/nio/fs/UnixException'{0x00000000e0044650}> (0x00000000e0044650) thrown at [/home/dcslab/cgmin/jdk12.0.1/src/hotspot/share/prims/jni.cpp, line 615]
Event: 1.157 Thread 0x00002ae780010000 Exception <a 'sun/nio/fs/UnixException'{0x00000000e0045008}> (0x00000000e0045008) thrown at [/home/dcslab/cgmin/jdk12.0.1/src/hotspot/share/prims/jni.cpp, line 615]
Event: 1.157 Thread 0x00002ae780010000 Exception <a 'sun/nio/fs/UnixException'{0x00000000e0045a38}> (0x00000000e0045a38) thrown at [/home/dcslab/cgmin/jdk12.0.1/src/hotspot/share/prims/jni.cpp, line 615]
Event: 1.157 Thread 0x00002ae780010000 Exception <a 'sun/nio/fs/UnixException'{0x00000000e0046400}> (0x00000000e0046400) thrown at [/home/dcslab/cgmin/jdk12.0.1/src/hotspot/share/prims/jni.cpp, line 615]
Event: 1.157 Thread 0x00002ae780010000 Exception <a 'sun/nio/fs/UnixException'{0x00000000e0046e38}> (0x00000000e0046e38) thrown at [/home/dcslab/cgmin/jdk12.0.1/src/hotspot/share/prims/jni.cpp, line 615]

Events (10 events):
Event: 1.164 loading class java/nio/file/Files$3
Event: 1.164 loading class java/nio/file/Files$3 done
Event: 1.164 loading class java/nio/file/FileVisitResult
Event: 1.164 loading class java/nio/file/FileVisitResult done
Event: 1.165 loading class java/util/regex/Matcher
Event: 1.165 loading class java/util/regex/MatchResult
Event: 1.165 loading class java/util/regex/MatchResult done
Event: 1.165 loading class java/util/regex/Matcher done
Event: 1.165 loading class java/util/regex/IntHashSet
Event: 1.165 loading class java/util/regex/IntHashSet done


Dynamic libraries:
00400000-00401000 r-xp 00000000 fd:02 233300582                          /home/dcslab/cgmin/jdk12.0.1/build/linux-x86_64-server-release/jdk/bin/jmod
00601000-00602000 r--p 00001000 fd:02 233300582                          /home/dcslab/cgmin/jdk12.0.1/build/linux-x86_64-server-release/jdk/bin/jmod
00602000-00603000 rw-p 00002000 fd:02 233300582                          /home/dcslab/cgmin/jdk12.0.1/build/linux-x86_64-server-release/jdk/bin/jmod
01b5d000-01b7e000 rw-p 00000000 00:00 0                                  [heap]
e0000000-e0aa0000 rw-p 00000000 00:00 0 
e0aa0000-eaaa0000 ---p 00000000 00:00 0 
eaaa0000-ec000000 rw-p 00000000 00:00 0 
ec000000-100000000 ---p 00000000 00:00 0 
100000000-1000e0000 rw-p 00000000 00:00 0 
1000e0000-140000000 ---p 00000000 00:00 0 
2ae77b10f000-2ae77b131000 r-xp 00000000 fd:00 67116101                   /usr/lib64/ld-2.17.so
2ae77b131000-2ae77b132000 rw-p 00000000 00:00 0 
2ae77b132000-2ae77b134000 ---p 00000000 00:00 0 
2ae77b134000-2ae77b135000 r--p 00000000 00:00 0 
2ae77b135000-2ae77b13d000 rw-s 00000000 fd:00 67645916                   /tmp/hsperfdata_root/42531
2ae77b13d000-2ae77b140000 rw-p 00000000 00:00 0 
2ae77b143000-2ae77b148000 rw-p 00000000 00:00 0 
2ae77b148000-2ae77b14c000 ---p 00000000 00:00 0 
2ae77b14c000-2ae77b24e000 rw-p 00000000 00:00 0 
2ae77b24e000-2ae77b264000 ---p 00000000 00:00 0 
2ae77b264000-2ae77b26f000 rw-p 00000000 00:00 0 
2ae77b26f000-2ae77b30f000 ---p 00000000 00:00 0 
2ae77b30f000-2ae77b330000 rw-p 00000000 00:00 0 
2ae77b330000-2ae77b331000 r--p 00021000 fd:00 67116101                   /usr/lib64/ld-2.17.so
2ae77b331000-2ae77b332000 rw-p 00022000 fd:00 67116101                   /usr/lib64/ld-2.17.so
2ae77b332000-2ae77b333000 rw-p 00000000 00:00 0 
2ae77b333000-2ae77b348000 r-xp 00000000 fd:00 67116158                   /usr/lib64/libz.so.1.2.7
2ae77b348000-2ae77b547000 ---p 00015000 fd:00 67116158                   /usr/lib64/libz.so.1.2.7
2ae77b547000-2ae77b548000 r--p 00014000 fd:00 67116158                   /usr/lib64/libz.so.1.2.7
2ae77b548000-2ae77b549000 rw-p 00015000 fd:00 67116158                   /usr/lib64/libz.so.1.2.7
2ae77b549000-2ae77b558000 r-xp 00000000 fd:02 233283259                  /home/dcslab/cgmin/jdk12.0.1/build/linux-x86_64-server-release/jdk/lib/libjli.so
2ae77b558000-2ae77b757000 ---p 0000f000 fd:02 233283259                  /home/dcslab/cgmin/jdk12.0.1/build/linux-x86_64-server-release/jdk/lib/libjli.so
2ae77b757000-2ae77b758000 r--p 0000e000 fd:02 233283259                  /home/dcslab/cgmin/jdk12.0.1/build/linux-x86_64-server-release/jdk/lib/libjli.so
2ae77b758000-2ae77b759000 rw-p 0000f000 fd:02 233283259                  /home/dcslab/cgmin/jdk12.0.1/build/linux-x86_64-server-release/jdk/lib/libjli.so
2ae77b759000-2ae77b770000 r-xp 00000000 fd:00 67527458                   /usr/lib64/libpthread-2.17.so
2ae77b770000-2ae77b96f000 ---p 00017000 fd:00 67527458                   /usr/lib64/libpthread-2.17.so
2ae77b96f000-2ae77b970000 r--p 00016000 fd:00 67527458                   /usr/lib64/libpthread-2.17.so
2ae77b970000-2ae77b971000 rw-p 00017000 fd:00 67527458                   /usr/lib64/libpthread-2.17.so
2ae77b971000-2ae77b975000 rw-p 00000000 00:00 0 
2ae77b975000-2ae77b977000 r-xp 00000000 fd:00 67412311                   /usr/lib64/libdl-2.17.so
2ae77b977000-2ae77bb77000 ---p 00002000 fd:00 67412311                   /usr/lib64/libdl-2.17.so
2ae77bb77000-2ae77bb78000 r--p 00002000 fd:00 67412311                   /usr/lib64/libdl-2.17.so
2ae77bb78000-2ae77bb79000 rw-p 00003000 fd:00 67412311                   /usr/lib64/libdl-2.17.so
2ae77bb79000-2ae77bd3b000 r-xp 00000000 fd:00 67116114                   /usr/lib64/libc-2.17.so
2ae77bd3b000-2ae77bf3b000 ---p 001c2000 fd:00 67116114                   /usr/lib64/libc-2.17.so
2ae77bf3b000-2ae77bf3f000 r--p 001c2000 fd:00 67116114                   /usr/lib64/libc-2.17.so
2ae77bf3f000-2ae77bf41000 rw-p 001c6000 fd:00 67116114                   /usr/lib64/libc-2.17.so
2ae77bf41000-2ae77bf46000 rw-p 00000000 00:00 0 
2ae77bf46000-2ae77d18b000 r-xp 00000000 fd:02 149929323                  /home/dcslab/cgmin/jdk12.0.1/build/linux-x86_64-server-release/jdk/lib/server/libjvm.so
2ae77d18b000-2ae77d38b000 ---p 01245000 fd:02 149929323                  /home/dcslab/cgmin/jdk12.0.1/build/linux-x86_64-server-release/jdk/lib/server/libjvm.so
2ae77d38b000-2ae77d460000 r--p 01245000 fd:02 149929323                  /home/dcslab/cgmin/jdk12.0.1/build/linux-x86_64-server-release/jdk/lib/server/libjvm.so
2ae77d460000-2ae77d49c000 rw-p 0131a000 fd:02 149929323                  /home/dcslab/cgmin/jdk12.0.1/build/linux-x86_64-server-release/jdk/lib/server/libjvm.so
2ae77d49c000-2ae77d522000 rw-p 00000000 00:00 0 
2ae77d522000-2ae77d60b000 r-xp 00000000 fd:00 67349699                   /usr/lib64/libstdc++.so.6.0.19
2ae77d60b000-2ae77d80a000 ---p 000e9000 fd:00 67349699                   /usr/lib64/libstdc++.so.6.0.19
2ae77d80a000-2ae77d812000 r--p 000e8000 fd:00 67349699                   /usr/lib64/libstdc++.so.6.0.19
2ae77d812000-2ae77d814000 rw-p 000f0000 fd:00 67349699                   /usr/lib64/libstdc++.so.6.0.19
2ae77d814000-2ae77d829000 rw-p 00000000 00:00 0 
2ae77d829000-2ae77d92a000 r-xp 00000000 fd:00 67412312                   /usr/lib64/libm-2.17.so
2ae77d92a000-2ae77db29000 ---p 00101000 fd:00 67412312                   /usr/lib64/libm-2.17.so
2ae77db29000-2ae77db2a000 r--p 00100000 fd:00 67412312                   /usr/lib64/libm-2.17.so
2ae77db2a000-2ae77db2b000 rw-p 00101000 fd:00 67412312                   /usr/lib64/libm-2.17.so
2ae77db2b000-2ae77db40000 r-xp 00000000 fd:00 67349682                   /usr/lib64/libgcc_s-4.8.5-20150702.so.1
2ae77db40000-2ae77dd3f000 ---p 00015000 fd:00 67349682                   /usr/lib64/libgcc_s-4.8.5-20150702.so.1
2ae77dd3f000-2ae77dd40000 r--p 00014000 fd:00 67349682                   /usr/lib64/libgcc_s-4.8.5-20150702.so.1
2ae77dd40000-2ae77dd41000 rw-p 00015000 fd:00 67349682                   /usr/lib64/libgcc_s-4.8.5-20150702.so.1
2ae77dd41000-2ae77dd4e000 r-xp 00000000 fd:02 233283245                  /home/dcslab/cgmin/jdk12.0.1/build/linux-x86_64-server-release/jdk/lib/libverify.so
2ae77dd4e000-2ae77df4d000 ---p 0000d000 fd:02 233283245                  /home/dcslab/cgmin/jdk12.0.1/build/linux-x86_64-server-release/jdk/lib/libverify.so
2ae77df4d000-2ae77df4f000 r--p 0000c000 fd:02 233283245                  /home/dcslab/cgmin/jdk12.0.1/build/linux-x86_64-server-release/jdk/lib/libverify.so
2ae77df4f000-2ae77df50000 rw-p 0000e000 fd:02 233283245                  /home/dcslab/cgmin/jdk12.0.1/build/linux-x86_64-server-release/jdk/lib/libverify.so
2ae77df50000-2ae77df78000 r-xp 00000000 fd:02 233283260                  /home/dcslab/cgmin/jdk12.0.1/build/linux-x86_64-server-release/jdk/lib/libjava.so
2ae77df78000-2ae77e177000 ---p 00028000 fd:02 233283260                  /home/dcslab/cgmin/jdk12.0.1/build/linux-x86_64-server-release/jdk/lib/libjava.so
2ae77e177000-2ae77e178000 r--p 00027000 fd:02 233283260                  /home/dcslab/cgmin/jdk12.0.1/build/linux-x86_64-server-release/jdk/lib/libjava.so
2ae77e178000-2ae77e17a000 rw-p 00028000 fd:02 233283260                  /home/dcslab/cgmin/jdk12.0.1/build/linux-x86_64-server-release/jdk/lib/libjava.so
2ae77e17a000-2ae77e186000 r-xp 00000000 fd:00 67527450                   /usr/lib64/libnss_files-2.17.so
2ae77e186000-2ae77e385000 ---p 0000c000 fd:00 67527450                   /usr/lib64/libnss_files-2.17.so
2ae77e385000-2ae77e386000 r--p 0000b000 fd:00 67527450                   /usr/lib64/libnss_files-2.17.so
2ae77e386000-2ae77e387000 rw-p 0000c000 fd:00 67527450                   /usr/lib64/libnss_files-2.17.so
2ae77e387000-2ae77e38d000 rw-p 00000000 00:00 0 
2ae77e38d000-2ae77e394000 r-xp 00000000 fd:02 233283271                  /home/dcslab/cgmin/jdk12.0.1/build/linux-x86_64-server-release/jdk/lib/libzip.so
2ae77e394000-2ae77e593000 ---p 00007000 fd:02 233283271                  /home/dcslab/cgmin/jdk12.0.1/build/linux-x86_64-server-release/jdk/lib/libzip.so
2ae77e593000-2ae77e594000 r--p 00006000 fd:02 233283271                  /home/dcslab/cgmin/jdk12.0.1/build/linux-x86_64-server-release/jdk/lib/libzip.so
2ae77e594000-2ae77e595000 rw-p 00007000 fd:02 233283271                  /home/dcslab/cgmin/jdk12.0.1/build/linux-x86_64-server-release/jdk/lib/libzip.so
2ae77e595000-2ae77e59a000 r-xp 00000000 fd:02 233283273                  /home/dcslab/cgmin/jdk12.0.1/build/linux-x86_64-server-release/jdk/lib/libjimage.so
2ae77e59a000-2ae77e79a000 ---p 00005000 fd:02 233283273                  /home/dcslab/cgmin/jdk12.0.1/build/linux-x86_64-server-release/jdk/lib/libjimage.so
2ae77e79a000-2ae77e79b000 r--p 00005000 fd:02 233283273                  /home/dcslab/cgmin/jdk12.0.1/build/linux-x86_64-server-release/jdk/lib/libjimage.so
2ae77e79b000-2ae77e79c000 rw-p 00006000 fd:02 233283273                  /home/dcslab/cgmin/jdk12.0.1/build/linux-x86_64-server-release/jdk/lib/libjimage.so
2ae77e79c000-2ae77e7a1000 rw-p 00000000 00:00 0 
2ae77e7a1000-2ae77e962000 ---p 00000000 00:00 0 
2ae77e962000-2ae77e968000 rw-p 00000000 00:00 0 
2ae77e968000-2ae77e9b7000 ---p 00000000 00:00 0 
2ae77e9b7000-2ae77e9c2000 rw-p 00000000 00:00 0 
2ae77e9c2000-2ae77ea62000 ---p 00000000 00:00 0 
2ae77ea62000-2ae77f1c4000 rw-p 00000000 00:00 0 
2ae77f1c4000-2ae77f284000 ---p 00000000 00:00 0 
2ae77f284000-2ae77f3a1000 rw-p 00000000 00:00 0 
2ae77f3a1000-2ae77f3a2000 ---p 00000000 00:00 0 
2ae77f3a2000-2ae77f4a3000 rw-p 00000000 00:00 0 
2ae77f4a3000-2ae77f4a7000 ---p 00000000 00:00 0 
2ae77f4a7000-2ae77f5a4000 rw-p 00000000 00:00 0 
2ae77f5a4000-2ae77f5a8000 ---p 00000000 00:00 0 
2ae77f5a8000-2ae77f6a5000 rw-p 00000000 00:00 0 
2ae77f6a5000-2ae77f6a9000 ---p 00000000 00:00 0 
2ae77f6a9000-2ae77f7a6000 rw-p 00000000 00:00 0 
2ae77f7a6000-2ae77f7aa000 ---p 00000000 00:00 0 
2ae77f7aa000-2ae77f8a7000 rw-p 00000000 00:00 0 
2ae77f8a7000-2ae77f8ab000 ---p 00000000 00:00 0 
2ae77f8ab000-2ae77f9a8000 rw-p 00000000 00:00 0 
2ae77f9a8000-2ae77f9b9000 r-xp 00000000 fd:02 233283281                  /home/dcslab/cgmin/jdk12.0.1/build/linux-x86_64-server-release/jdk/lib/libnio.so
2ae77f9b9000-2ae77fbb8000 ---p 00011000 fd:02 233283281                  /home/dcslab/cgmin/jdk12.0.1/build/linux-x86_64-server-release/jdk/lib/libnio.so
2ae77fbb8000-2ae77fbb9000 r--p 00010000 fd:02 233283281                  /home/dcslab/cgmin/jdk12.0.1/build/linux-x86_64-server-release/jdk/lib/libnio.so
2ae77fbb9000-2ae77fbba000 rw-p 00011000 fd:02 233283281                  /home/dcslab/cgmin/jdk12.0.1/build/linux-x86_64-server-release/jdk/lib/libnio.so
2ae77fbba000-2ae77fbd1000 r-xp 00000000 fd:02 233283275                  /home/dcslab/cgmin/jdk12.0.1/build/linux-x86_64-server-release/jdk/lib/libnet.so
2ae77fbd1000-2ae77fdd0000 ---p 00017000 fd:02 233283275                  /home/dcslab/cgmin/jdk12.0.1/build/linux-x86_64-server-release/jdk/lib/libnet.so
2ae77fdd0000-2ae77fdd1000 r--p 00016000 fd:02 233283275                  /home/dcslab/cgmin/jdk12.0.1/build/linux-x86_64-server-release/jdk/lib/libnet.so
2ae77fdd1000-2ae77fdd2000 rw-p 00017000 fd:02 233283275                  /home/dcslab/cgmin/jdk12.0.1/build/linux-x86_64-server-release/jdk/lib/libnet.so
2ae77fdd2000-2ae77fe03000 rw-p 00000000 00:00 0 
2ae77fe03000-2ae77fe07000 ---p 00000000 00:00 0 
2ae77fe07000-2ae77ff04000 rw-p 00000000 00:00 0 
2ae780000000-2ae7802ac000 rw-p 00000000 00:00 0 
2ae7802ac000-2ae784000000 ---p 00000000 00:00 0 
2ae784000000-2ae784270000 rwxp 00000000 00:00 0 
2ae784270000-2ae784d40000 ---p 00000000 00:00 0 
2ae784d40000-2ae784fb0000 rwxp 00000000 00:00 0 
2ae784fb0000-2ae793000000 ---p 00000000 00:00 0 
2ae793000000-2ae793004000 ---p 00000000 00:00 0 
2ae793004000-2ae793101000 rw-p 00000000 00:00 0 
2ae793101000-2ae793102000 ---p 00000000 00:00 0 
2ae793102000-2ae7935f9000 rw-p 00000000 00:00 0 
2ae794000000-2ae794021000 rw-p 00000000 00:00 0 
2ae794021000-2ae798000000 ---p 00000000 00:00 0 
2ae798000000-2ae798021000 rw-p 00000000 00:00 0 
2ae798021000-2ae79c000000 ---p 00000000 00:00 0 
2ae79c000000-2ae79c021000 rw-p 00000000 00:00 0 
2ae79c021000-2ae7a0000000 ---p 00000000 00:00 0 
2ae7a0000000-2ae7a652a000 r--p 00000000 fd:00 1524467                    /usr/lib/locale/locale-archive
2ae7a8000000-2ae7a8021000 rw-p 00000000 00:00 0 
2ae7a8021000-2ae7ac000000 ---p 00000000 00:00 0 
2ae7ac000000-2ae7ac297000 rw-p 00000000 00:00 0 
2ae7ac297000-2ae7b0000000 ---p 00000000 00:00 0 
2ae7b0000000-2ae7b0021000 rw-p 00000000 00:00 0 
2ae7b0021000-2ae7b4000000 ---p 00000000 00:00 0 
2ae7b4000000-2ae7b4021000 rw-p 00000000 00:00 0 
2ae7b4021000-2ae7b8000000 ---p 00000000 00:00 0 
2ae7b8000000-2ae7b8021000 rw-p 00000000 00:00 0 
2ae7b8021000-2ae7bc000000 ---p 00000000 00:00 0 
2ae7bc000000-2ae7bc021000 rw-p 00000000 00:00 0 
2ae7bc021000-2ae7c0000000 ---p 00000000 00:00 0 
7ffd6bc88000-7ffd6bcaa000 rw-p 00000000 00:00 0                          [stack]
7ffd6bcc6000-7ffd6bcc9000 r--p 00000000 00:00 0                          [vvar]
7ffd6bcc9000-7ffd6bccb000 r-xp 00000000 00:00 0                          [vdso]
ffffffffff600000-ffffffffff601000 r-xp 00000000 00:00 0                  [vsyscall]


VM Arguments:
jvm_args: -Dapplication.home=/home/dcslab/cgmin/jdk12.0.1/build/linux-x86_64-server-release/jdk -Xms8m -XX:+UseSerialGC -Xms32M -Xmx512M -XX:TieredStopAtLevel=1 -Djdk.module.main=jdk.jlink 
java_command: jdk.jlink/jdk.tools.jmod.Main create --module-version 12.0.1-internal --target-platform linux-amd64 --module-path /home/dcslab/cgmin/jdk12.0.1/build/linux-x86_64-server-release/images/jmods --class-path /home/dcslab/cgmin/jdk12.0.1/build/linux-x86_64-server-release/jdk/modules/jdk.dynalink --legal-notices /home/dcslab/cgmin/jdk12.0.1/build/linux-x86_64-server-release/support/modules_legal/common:/home/dcslab/cgmin/jdk12.0.1/src/jdk.dynalink/share/legal --exclude **{_the.*,_*.marker,*.diz,*.debuginfo,*.dSYM/**,*.dSYM,*.pdb,*.map} /home/dcslab/cgmin/jdk12.0.1/build/linux-x86_64-server-release/support/jmods/jdk.dynalink.jmod
java_class_path (initial): <not set>
Launcher Type: SUN_STANDARD

[Global flags]
     intx CICompilerCount                          = 15                                        {product} {ergonomic}
   size_t InitialHeapSize                          = 33554432                                  {product} {command line}
   size_t MaxHeapSize                              = 536870912                                 {product} {command line}
   size_t MaxNewSize                               = 178913280                                 {product} {ergonomic}
   size_t MinHeapDeltaBytes                        = 196608                                    {product} {ergonomic}
   size_t NewSize                                  = 11141120                                  {product} {ergonomic}
    uintx NonNMethodCodeHeapSize                   = 13893620                               {pd product} {ergonomic}
    uintx NonProfiledCodeHeapSize                  = 237764620                              {pd product} {ergonomic}
   size_t OldSize                                  = 22413312                                  {product} {ergonomic}
    uintx ProfiledCodeHeapSize                     = 0                                      {pd product} {ergonomic}
    uintx ReservedCodeCacheSize                    = 251658240                              {pd product} {ergonomic}
     bool SegmentedCodeCache                       = true                                      {product} {ergonomic}
     intx TieredStopAtLevel                        = 1                                         {product} {command line}
     bool UseCompressedClassPointers               = true                                 {lp64_product} {ergonomic}
     bool UseCompressedOops                        = true                                 {lp64_product} {ergonomic}
     bool UseSerialGC                              = true                                      {product} {command line}

Logging:
Log output configuration:
 #0: stdout all=warning uptime,level,tags
 #1: stderr all=off uptime,level,tags

Environment Variables:
PATH=/sbin:/bin:/usr/sbin:/usr/bin
USERNAME=root
LD_LIBRARY_PATH=:/usr/local/lib
SHELL=/bin/bash

Signal Handlers:
SIGSEGV: [libjvm.so+0xefc070], sa_mask[0]=11111111011111111101111111111110, sa_flags=SA_RESTART|SA_SIGINFO
SIGBUS: [libjvm.so+0xefc070], sa_mask[0]=11111111011111111101111111111110, sa_flags=SA_RESTART|SA_SIGINFO
SIGFPE: [libjvm.so+0xefc070], sa_mask[0]=11111111011111111101111111111110, sa_flags=SA_RESTART|SA_SIGINFO
SIGPIPE: [libjvm.so+0xbf1440], sa_mask[0]=11111111011111111101111111111110, sa_flags=SA_RESTART|SA_SIGINFO
SIGXFSZ: [libjvm.so+0xbf1440], sa_mask[0]=11111111011111111101111111111110, sa_flags=SA_RESTART|SA_SIGINFO
SIGILL: [libjvm.so+0xefc070], sa_mask[0]=11111111011111111101111111111110, sa_flags=SA_RESTART|SA_SIGINFO
SIGUSR2: [libjvm.so+0xbf12e0], sa_mask[0]=00000000000000000000000000000000, sa_flags=SA_RESTART|SA_SIGINFO
SIGHUP: [libjvm.so+0xbf1490], sa_mask[0]=11111111011111111101111111111110, sa_flags=SA_RESTART|SA_SIGINFO
SIGINT: [libjvm.so+0xbf1490], sa_mask[0]=11111111011111111101111111111110, sa_flags=SA_RESTART|SA_SIGINFO
SIGTERM: [libjvm.so+0xbf1490], sa_mask[0]=11111111011111111101111111111110, sa_flags=SA_RESTART|SA_SIGINFO
SIGQUIT: [libjvm.so+0xbf1490], sa_mask[0]=11111111011111111101111111111110, sa_flags=SA_RESTART|SA_SIGINFO


---------------  S Y S T E M  ---------------

OS:CentOS Linux release 7.6.1810 (Core) 
uname:Linux 4.12.9RTFM0227+ #988 SMP Thu May 30 20:11:32 KST 2019 x86_64
libc:glibc 2.17 NPTL 2.17 
rlimit: STACK infinity, CORE 0k, NPROC 510968, NOFILE 4096, AS infinity, DATA infinity, FSIZE infinity
load average:0.77 2.52 5.10

/proc/meminfo:
MemTotal:       130865364 kB
MemFree:        121913044 kB
MemAvailable:   126757856 kB
Buffers:            2120 kB
Cached:          6072696 kB
SwapCached:            0 kB
Active:          4662916 kB
Inactive:        2328368 kB
Active(anon):    1237996 kB
Inactive(anon):   189428 kB
Active(file):    3424920 kB
Inactive(file):  2138940 kB
Unevictable:           0 kB
Mlocked:               0 kB
SwapTotal:             0 kB
SwapFree:              0 kB
Dirty:            399184 kB
Writeback:        111240 kB
AnonPages:        917556 kB
Mapped:           279152 kB
Shmem:            510160 kB
Slab:             813096 kB
SReclaimable:     462984 kB
SUnreclaim:       350112 kB
KernelStack:       19248 kB
PageTables:        27452 kB
NFS_Unstable:          0 kB
Bounce:                0 kB
WritebackTmp:          0 kB
CommitLimit:    65432680 kB
Committed_AS:    3341448 kB
VmallocTotal:   34359738367 kB
VmallocUsed:           0 kB
VmallocChunk:          0 kB
HardwareCorrupted:     0 kB
CmaTotal:              0 kB
CmaFree:               0 kB
HugePages_Total:       0
HugePages_Free:        0
HugePages_Rsvd:        0
HugePages_Surp:        0
Hugepagesize:       2048 kB
DirectMap4k:      826164 kB
DirectMap2M:     9543680 kB
DirectMap1G:    125829120 kB


/proc/sys/kernel/threads-max (system-wide limit on the number of threads):
1021936


/proc/sys/vm/max_map_count (maximum number of memory map areas a process may have):
65530


/proc/sys/kernel/pid_max (system-wide limit on number of process identifiers):
49152



container (cgroup) information:
container_type: cgroupv1
cpu_cpuset_cpus: 0-47
cpu_memory_nodes: 0
active_processor_count: 48
cpu_quota: -1
cpu_period: 100000
cpu_shares: -1
memory_limit_in_bytes: -1
memory_and_swap_limit_in_bytes: -1
memory_soft_limit_in_bytes: -1
memory_usage_in_bytes: 7175380992
memory_max_usage_in_bytes: 0


CPU:total 48 (initial active 48) (12 cores per cpu, 2 threads per core) family 6 model 79 stepping 1, cmov, cx8, fxsr, mmx, sse, sse2, sse3, ssse3, sse4.1, sse4.2, popcnt, avx, avx2, aes, clmul, erms, rtm, 3dnowpref, lzcnt, ht, tsc, tscinvbit, bmi1, bmi2, adx, fma
CPU Model and flags from /proc/cpuinfo:
model name	: Intel(R) Xeon(R) CPU E5-2650 v4 @ 2.20GHz
flags		: fpu vme de pse tsc msr pae mce cx8 apic sep mtrr pge mca cmov pat pse36 clflush dts acpi mmx fxsr sse sse2 ss ht tm pbe syscall nx pdpe1gb rdtscp lm constant_tsc arch_perfmon pebs bts rep_good nopl xtopology nonstop_tsc cpuid aperfmperf pni pclmulqdq dtes64 monitor ds_cpl vmx smx est tm2 ssse3 sdbg fma cx16 xtpr pdcm pcid dca sse4_1 sse4_2 x2apic movbe popcnt tsc_deadline_timer aes xsave avx f16c rdrand lahf_lm abm 3dnowprefetch cpuid_fault epb cat_l3 cdp_l3 intel_ppin intel_pt tpr_shadow vnmi flexpriority ept vpid fsgsbase tsc_adjust bmi1 hle avx2 smep bmi2 erms invpcid rtm cqm rdt_a rdseed adx smap xsaveopt cqm_llc cqm_occup_llc cqm_mbm_total cqm_mbm_local dtherm arat pln pts

Memory: 4k page, physical 130865364k(121913044k free), swap 0k(0k free)

vm_info: OpenJDK 64-Bit Server VM (12.0.1-internal+0-adhoc.root.jdk12.0.1) for linux-amd64 JRE (12.0.1-internal+0-adhoc.root.jdk12.0.1), built on Jul 18 2019 18:46:09 by "root" with gcc 4.8.5 20150623 (Red Hat 4.8.5-36)

END.
