#
# A fatal error has been detected by the Java Runtime Environment:
#
#  SIGSEGV (0xb) at pc=0x00002b7d1527aee9, pid=33624, tid=33716
#
# JRE version:  (12.0.1) (build )
# Java VM: OpenJDK 64-Bit Server VM (12.0.1-internal+0-adhoc.root.jdk12.0.1, mixed mode, tiered, compressed oops, serial gc, linux-amd64)
# Problematic frame:
# V  [libjvm.so+0xb3fee9]  ObjArrayAllocator::initialize(HeapWord*) const+0x29
#
# No core dump will be written. Core dumps have been disabled. To enable core dumping, try "ulimit -c unlimited" before starting Java again
#
# If you would like to submit a bug report, please visit:
#   http://bugreport.java.com/bugreport/crash.jsp
#

---------------  S U M M A R Y ------------

Command Line: -Dapplication.home=/home/dcslab/cgmin/jdk12.0.1/build/linux-x86_64-server-release/jdk -Xms8m -XX:+UseSerialGC -Xms32M -Xmx512M -XX:TieredStopAtLevel=1 -Djdk.module.main=jdk.jlink jdk.jlink/jdk.tools.jmod.Main create --module-version 12.0.1-internal --target-platform linux-amd64 --module-path /home/dcslab/cgmin/jdk12.0.1/build/linux-x86_64-server-release/images/jmods --class-path /home/dcslab/cgmin/jdk12.0.1/build/linux-x86_64-server-release/jdk/modules/jdk.internal.le --legal-notices /home/dcslab/cgmin/jdk12.0.1/build/linux-x86_64-server-release/support/modules_legal/common:/home/dcslab/cgmin/jdk12.0.1/src/jdk.internal.le/share/legal --exclude **{_the.*,_*.marker,*.diz,*.debuginfo,*.dSYM/**,*.dSYM,*.pdb,*.map} /home/dcslab/cgmin/jdk12.0.1/build/linux-x86_64-server-release/support/jmods/jdk.internal.le.jmod

Host: Intel(R) Xeon(R) CPU E5-2650 v4 @ 2.20GHz, 48 cores, 124G, CentOS Linux release 7.6.1810 (Core) 
Time: Thu Jul 18 18:31:03 2019 KST elapsed time: 0 seconds (0d 0h 0m 0s)

---------------  T H R E A D  ---------------

Current thread (0x00002b7d18010000):  JavaThread "main" [_thread_in_vm, id=33716, stack(0x00002b7d1393d000,0x00002b7d13a3e000)]

Stack: [0x00002b7d1393d000,0x00002b7d13a3e000],  sp=0x00002b7d13a3c220,  free space=1020k
Native frames: (J=compiled Java code, A=aot compiled Java code, j=interpreted, Vv=VM code, C=native code)
V  [libjvm.so+0xb3fee9]  ObjArrayAllocator::initialize(HeapWord*) const+0x29
V  [libjvm.so+0xb40743]  MemAllocator::allocate() const+0x73
V  [libjvm.so+0x6154c4]  CollectedHeap::array_allocate(Klass*, int, int, bool, Thread*)+0x44
V  [libjvm.so+0x8721a8]  InterpreterRuntime::newarray(JavaThread*, BasicType, int)+0x28
j  java.nio.HeapByteBuffer.<init>(II)V+6 java.base
j  java.nio.ByteBuffer.allocate(I)Ljava/nio/ByteBuffer;+15 java.base
j  sun.nio.cs.StreamEncoder.<init>(Ljava/io/OutputStream;Ljava/lang/Object;Ljava/nio/charset/CharsetEncoder;)V+49 java.base
j  sun.nio.cs.StreamEncoder.<init>(Ljava/io/OutputStream;Ljava/lang/Object;Ljava/nio/charset/Charset;)V+19 java.base
j  sun.nio.cs.StreamEncoder.forOutputStreamWriter(Ljava/io/OutputStream;Ljava/lang/Object;Ljava/lang/String;)Lsun/nio/cs/StreamEncoder;+30 java.base
j  java.io.OutputStreamWriter.<init>(Ljava/io/OutputStream;)V+12 java.base
j  java.io.PrintStream.<init>(ZLjava/io/OutputStream;)V+26 java.base
j  java.io.PrintStream.<init>(Ljava/io/OutputStream;Z)V+11 java.base
j  java.lang.System.newPrintStream(Ljava/io/FileOutputStream;Ljava/lang/String;)Ljava/io/PrintStream;+42 java.base
j  java.lang.System.initPhase1()V+87 java.base
v  ~StubRoutines::call_stub
V  [libjvm.so+0x881c83]  JavaCalls::call_helper(JavaValue*, methodHandle const&, JavaCallArguments*, Thread*)+0x3a3
V  [libjvm.so+0x880bd8]  JavaCalls::call_static(JavaValue*, Klass*, Symbol*, Symbol*, Thread*)+0x198
V  [libjvm.so+0xe90ff5]  Threads::initialize_java_lang_classes(JavaThread*, Thread*)+0x2c5
V  [libjvm.so+0xe9217f]  Threads::create_vm(JavaVMInitArgs*, bool*)+0x6ef
V  [libjvm.so+0x908c88]  JNI_CreateJavaVM+0x58
C  [libjli.so+0x4814]  JavaMain+0x84

Java frames: (J=compiled Java code, j=interpreted, Vv=VM code)
j  java.nio.HeapByteBuffer.<init>(II)V+6 java.base
j  java.nio.ByteBuffer.allocate(I)Ljava/nio/ByteBuffer;+15 java.base
j  sun.nio.cs.StreamEncoder.<init>(Ljava/io/OutputStream;Ljava/lang/Object;Ljava/nio/charset/CharsetEncoder;)V+49 java.base
j  sun.nio.cs.StreamEncoder.<init>(Ljava/io/OutputStream;Ljava/lang/Object;Ljava/nio/charset/Charset;)V+19 java.base
j  sun.nio.cs.StreamEncoder.forOutputStreamWriter(Ljava/io/OutputStream;Ljava/lang/Object;Ljava/lang/String;)Lsun/nio/cs/StreamEncoder;+30 java.base
j  java.io.OutputStreamWriter.<init>(Ljava/io/OutputStream;)V+12 java.base
j  java.io.PrintStream.<init>(ZLjava/io/OutputStream;)V+26 java.base
j  java.io.PrintStream.<init>(Ljava/io/OutputStream;Z)V+11 java.base
j  java.lang.System.newPrintStream(Ljava/io/FileOutputStream;Ljava/lang/String;)Ljava/io/PrintStream;+42 java.base
j  java.lang.System.initPhase1()V+87 java.base
v  ~StubRoutines::call_stub

siginfo: si_signo: 11 (SIGSEGV), si_code: 1 (SEGV_MAPERR), si_addr: 0x000000000000201c

Register to memory mapping:

RAX=0x0000000000000001 is an unknown value
RBX=0x0000000000002010 is an unknown value
RCX=0x0000000000001dc8 is an unknown value
RDX=0x00002b7d15c43c50: <offset 0x0000000001508c50> in /home/dcslab/cgmin/jdk12.0.1/build/linux-x86_64-server-release/jdk/lib/server/libjvm.so at 0x00002b7d1473b000
RSP=0x00002b7d13a3c220 is pointing into the stack for thread: 0x00002b7d18010000
RBP=0x00002b7d13a3c240 is pointing into the stack for thread: 0x00002b7d18010000
RSI=0x0000000000002010 is an unknown value
RDI=0x00002b7d13a3c2d0 is pointing into the stack for thread: 0x00002b7d18010000
R8 =0x0000000000000001 is an unknown value
R9 =0x00002b7d18010000 is a thread
R10=0x00002b7d14d50480: <offset 0x0000000000615480> in /home/dcslab/cgmin/jdk12.0.1/build/linux-x86_64-server-release/jdk/lib/server/libjvm.so at 0x00002b7d1473b000
R11=0x0000000100026748 is a pointer to class: 
java.nio.HeapByteBuffer {0x0000000100026748}
R12=0x00002b7d13a3c2d0 is pointing into the stack for thread: 0x00002b7d18010000
R13=0x00002b7d15cc3c44: <offset 0x0000000001588c44> in /home/dcslab/cgmin/jdk12.0.1/build/linux-x86_64-server-release/jdk/lib/server/libjvm.so at 0x00002b7d1473b000
R14=0x00002b7d13a3c3e0 is pointing into the stack for thread: 0x00002b7d18010000
R15=0x00002b7d18010000 is a thread


Registers:
RAX=0x0000000000000001, RBX=0x0000000000002010, RCX=0x0000000000001dc8, RDX=0x00002b7d15c43c50
RSP=0x00002b7d13a3c220, RBP=0x00002b7d13a3c240, RSI=0x0000000000002010, RDI=0x00002b7d13a3c2d0
R8 =0x0000000000000001, R9 =0x00002b7d18010000, R10=0x00002b7d14d50480, R11=0x0000000100026748
R12=0x00002b7d13a3c2d0, R13=0x00002b7d15cc3c44, R14=0x00002b7d13a3c3e0, R15=0x00002b7d18010000
RIP=0x00002b7d1527aee9, EFLAGS=0x0000000000010202, CSGSFS=0x002b000000000033, ERR=0x0000000000000006
  TRAPNO=0x000000000000000e

Top of Stack: (sp=0x00002b7d13a3c220)
0x00002b7d13a3c220:   00002b7d1743a488 00002b7d13a3c2d0
0x00002b7d13a3c230:   0000000000000000 00002b7d13a3c260
0x00002b7d13a3c240:   00002b7d13a3c2c0 00002b7d1527b743
0x00002b7d13a3c250:   00002b7d13a3c8e0 0000000000000000 

Instructions: (pc=0x00002b7d1527aee9)
0x00002b7d1527aec9:   89 fc 53 48 89 f3 48 83 ec 08 80 7f 2c 00 4c 8d
0x00002b7d1527aed9:   2d 66 8d a4 00 41 0f b6 45 00 74 2e 84 c0 74 07
0x00002b7d1527aee9:   c7 46 0c 00 00 00 00 49 8b 54 24 20 48 83 fa 02
0x00002b7d1527aef9:   74 18 48 8d 14 d5 f0 ff ff ff 48 8d 7b 10 31 f6 

Stack slot to memory mapping:
stack at sp + 0 slots: 0x00002b7d1743a488 is pointing into metadata
stack at sp + 1 slots: 0x00002b7d13a3c2d0 is pointing into the stack for thread: 0x00002b7d18010000
stack at sp + 2 slots: 0x0 is NULL
stack at sp + 3 slots: 0x00002b7d13a3c260 is pointing into the stack for thread: 0x00002b7d18010000
stack at sp + 4 slots: 0x00002b7d13a3c2c0 is pointing into the stack for thread: 0x00002b7d18010000
stack at sp + 5 slots: 0x00002b7d1527b743: <offset 0x0000000000b40743> in /home/dcslab/cgmin/jdk12.0.1/build/linux-x86_64-server-release/jdk/lib/server/libjvm.so at 0x00002b7d1473b000
stack at sp + 6 slots: 0x00002b7d13a3c8e0 is pointing into the stack for thread: 0x00002b7d18010000
stack at sp + 7 slots: 0x0 is NULL


---------------  P R O C E S S  ---------------

Threads class SMR info:
_java_thread_list=0x00002b7d1809e1d0, length=3, elements={
0x00002b7d18010000, 0x00002b7d18099000, 0x00002b7d1809c800
}

Java Threads: ( => current thread )
=>0x00002b7d18010000 JavaThread "main" [_thread_in_vm, id=33716, stack(0x00002b7d1393d000,0x00002b7d13a3e000)]
  0x00002b7d18099000 JavaThread "Reference Handler" daemon [_thread_blocked, id=34000, stack(0x00002b7d17c98000,0x00002b7d17d99000)]
  0x00002b7d1809c800 JavaThread "Finalizer" daemon [_thread_blocked, id=34003, stack(0x00002b7d17d99000,0x00002b7d17e9a000)]

Other Threads:
  0x00002b7d1808c800 VMThread "VM Thread" [stack: 0x00002b7d17b98000,0x00002b7d17c98000] [id=33982]

Threads with active compile tasks:

VM state:not at safepoint (normal execution)

VM Mutex/Monitor currently owned by a thread: None

Heap address: 0x00000000e0000000, size: 512 MB, Compressed Oops mode: 32-bit
Narrow klass base: 0x0000000000000000, Narrow klass shift: 3
Compressed class space size: 1073741824 Address: 0x0000000100000000

Heap:
 def new generation   total 9792K, used 182K [0x00000000e0000000, 0x00000000e0aa0000, 0x00000000eaaa0000)
  eden space 8704K,   2% used [0x00000000e0000000, 0x00000000e002d870, 0x00000000e0880000)
  from space 1088K,   0% used [0x00000000e0880000, 0x00000000e0880000, 0x00000000e0990000)
  to   space 1088K,   0% used [0x00000000e0990000, 0x00000000e0990000, 0x00000000e0aa0000)
 tenured generation   total 21888K, used 0K [0x00000000eaaa0000, 0x00000000ec000000, 0x0000000100000000)
   the space 21888K,   0% used [0x00000000eaaa0000, 0x00000000eaaa0000, 0x00000000eaaa0200, 0x00000000ec000000)
 Metaspace       used 1973K, capacity 4480K, committed 4480K, reserved 1056768K
  class space    used 154K, capacity 384K, committed 384K, reserved 1048576K

Card table byte_map: [0x00002b7d17157000,0x00002b7d17258000] _byte_map_base: 0x00002b7d16a57000

Polling page: 0x00002b7d13928000

Metaspace:

Usage:
  Non-class:      4.00 MB capacity,     1.78 MB ( 44%) used,     2.22 MB ( 56%) free+waste,    64 bytes ( <1%) overhead. 
      Class:    384.00 KB capacity,   154.88 KB ( 40%) used,   229.06 KB ( 60%) free+waste,    64 bytes ( <1%) overhead. 
       Both:      4.38 MB capacity,     1.93 MB ( 44%) used,     2.45 MB ( 56%) free+waste,   128 bytes ( <1%) overhead. 

Virtual space:
  Non-class space:        8.00 MB reserved,       4.00 MB ( 50%) committed 
      Class space:        1.00 GB reserved,     384.00 KB ( <1%) committed 
             Both:        1.01 GB reserved,       4.38 MB ( <1%) committed 

Chunk freelists:
   Non-Class:  0 bytes
       Class:  0 bytes
        Both:  0 bytes

CodeHeap 'non-profiled nmethods': size=232192Kb used=0Kb max_used=0Kb free=232192Kb
 bounds [0x00002b7d1cd40000, 0x00002b7d1cfb0000, 0x00002b7d2b000000]
CodeHeap 'non-nmethods': size=13568Kb used=362Kb max_used=362Kb free=13205Kb
 bounds [0x00002b7d1c000000, 0x00002b7d1c270000, 0x00002b7d1cd40000]
 total_blobs=161 nmethods=0 adapters=118
 compilation: enabled
              stopped_count=0, restarted_count=0
 full_count=0

Compilation events (0 events):
No events

GC Heap History (0 events):
No events

Deoptimization events (0 events):
No events

Classes redefined (0 events):
No events

Internal exceptions (0 events):
No events

Events (10 events):
Event: 0.040 loading class java/nio/charset/CodingErrorAction
Event: 0.040 loading class java/nio/charset/CodingErrorAction done
Event: 0.040 loading class java/nio/ByteBuffer
Event: 0.040 loading class java/nio/ByteBuffer done
Event: 0.040 loading class java/nio/Buffer$1
Event: 0.040 loading class jdk/internal/access/JavaNioAccess
Event: 0.040 loading class jdk/internal/access/JavaNioAccess done
Event: 0.040 loading class java/nio/Buffer$1 done
Event: 0.040 loading class java/nio/HeapByteBuffer
Event: 0.041 loading class java/nio/HeapByteBuffer done


Dynamic libraries:
00400000-00401000 r-xp 00000000 fd:02 80725812                           /home/dcslab/cgmin/jdk12.0.1/build/linux-x86_64-server-release/jdk/bin/jmod
00601000-00602000 r--p 00001000 fd:02 80725812                           /home/dcslab/cgmin/jdk12.0.1/build/linux-x86_64-server-release/jdk/bin/jmod
00602000-00603000 rw-p 00002000 fd:02 80725812                           /home/dcslab/cgmin/jdk12.0.1/build/linux-x86_64-server-release/jdk/bin/jmod
00fa1000-00fc2000 rw-p 00000000 00:00 0                                  [heap]
e0000000-e0aa0000 rw-p 00000000 00:00 0 
e0aa0000-eaaa0000 ---p 00000000 00:00 0 
eaaa0000-ec000000 rw-p 00000000 00:00 0 
ec000000-100000000 ---p 00000000 00:00 0 
100000000-100060000 rw-p 00000000 00:00 0 
100060000-140000000 ---p 00000000 00:00 0 
2b7d13904000-2b7d13926000 r-xp 00000000 fd:00 67116101                   /usr/lib64/ld-2.17.so
2b7d13926000-2b7d13927000 rw-p 00000000 00:00 0 
2b7d13927000-2b7d13929000 ---p 00000000 00:00 0 
2b7d13929000-2b7d1392a000 r--p 00000000 00:00 0 
2b7d1392a000-2b7d13932000 rw-s 00000000 fd:00 67645889                   /tmp/hsperfdata_root/33624
2b7d13932000-2b7d13934000 rw-p 00000000 00:00 0 
2b7d13938000-2b7d1393d000 rw-p 00000000 00:00 0 
2b7d1393d000-2b7d13941000 ---p 00000000 00:00 0 
2b7d13941000-2b7d13a43000 rw-p 00000000 00:00 0 
2b7d13a43000-2b7d13a59000 ---p 00000000 00:00 0 
2b7d13a59000-2b7d13a64000 rw-p 00000000 00:00 0 
2b7d13a64000-2b7d13b04000 ---p 00000000 00:00 0 
2b7d13b04000-2b7d13b25000 rw-p 00000000 00:00 0 
2b7d13b25000-2b7d13b26000 r--p 00021000 fd:00 67116101                   /usr/lib64/ld-2.17.so
2b7d13b26000-2b7d13b27000 rw-p 00022000 fd:00 67116101                   /usr/lib64/ld-2.17.so
2b7d13b27000-2b7d13b28000 rw-p 00000000 00:00 0 
2b7d13b28000-2b7d13b3d000 r-xp 00000000 fd:00 67116158                   /usr/lib64/libz.so.1.2.7
2b7d13b3d000-2b7d13d3c000 ---p 00015000 fd:00 67116158                   /usr/lib64/libz.so.1.2.7
2b7d13d3c000-2b7d13d3d000 r--p 00014000 fd:00 67116158                   /usr/lib64/libz.so.1.2.7
2b7d13d3d000-2b7d13d3e000 rw-p 00015000 fd:00 67116158                   /usr/lib64/libz.so.1.2.7
2b7d13d3e000-2b7d13d4d000 r-xp 00000000 fd:02 149203286                  /home/dcslab/cgmin/jdk12.0.1/build/linux-x86_64-server-release/jdk/lib/libjli.so
2b7d13d4d000-2b7d13f4c000 ---p 0000f000 fd:02 149203286                  /home/dcslab/cgmin/jdk12.0.1/build/linux-x86_64-server-release/jdk/lib/libjli.so
2b7d13f4c000-2b7d13f4d000 r--p 0000e000 fd:02 149203286                  /home/dcslab/cgmin/jdk12.0.1/build/linux-x86_64-server-release/jdk/lib/libjli.so
2b7d13f4d000-2b7d13f4e000 rw-p 0000f000 fd:02 149203286                  /home/dcslab/cgmin/jdk12.0.1/build/linux-x86_64-server-release/jdk/lib/libjli.so
2b7d13f4e000-2b7d13f65000 r-xp 00000000 fd:00 67527458                   /usr/lib64/libpthread-2.17.so
2b7d13f65000-2b7d14164000 ---p 00017000 fd:00 67527458                   /usr/lib64/libpthread-2.17.so
2b7d14164000-2b7d14165000 r--p 00016000 fd:00 67527458                   /usr/lib64/libpthread-2.17.so
2b7d14165000-2b7d14166000 rw-p 00017000 fd:00 67527458                   /usr/lib64/libpthread-2.17.so
2b7d14166000-2b7d1416a000 rw-p 00000000 00:00 0 
2b7d1416a000-2b7d1416c000 r-xp 00000000 fd:00 67412311                   /usr/lib64/libdl-2.17.so
2b7d1416c000-2b7d1436c000 ---p 00002000 fd:00 67412311                   /usr/lib64/libdl-2.17.so
2b7d1436c000-2b7d1436d000 r--p 00002000 fd:00 67412311                   /usr/lib64/libdl-2.17.so
2b7d1436d000-2b7d1436e000 rw-p 00003000 fd:00 67412311                   /usr/lib64/libdl-2.17.so
2b7d1436e000-2b7d14530000 r-xp 00000000 fd:00 67116114                   /usr/lib64/libc-2.17.so
2b7d14530000-2b7d14730000 ---p 001c2000 fd:00 67116114                   /usr/lib64/libc-2.17.so
2b7d14730000-2b7d14734000 r--p 001c2000 fd:00 67116114                   /usr/lib64/libc-2.17.so
2b7d14734000-2b7d14736000 rw-p 001c6000 fd:00 67116114                   /usr/lib64/libc-2.17.so
2b7d14736000-2b7d1473b000 rw-p 00000000 00:00 0 
2b7d1473b000-2b7d15980000 r-xp 00000000 fd:02 231059769                  /home/dcslab/cgmin/jdk12.0.1/build/linux-x86_64-server-release/jdk/lib/server/libjvm.so
2b7d15980000-2b7d15b80000 ---p 01245000 fd:02 231059769                  /home/dcslab/cgmin/jdk12.0.1/build/linux-x86_64-server-release/jdk/lib/server/libjvm.so
2b7d15b80000-2b7d15c55000 r--p 01245000 fd:02 231059769                  /home/dcslab/cgmin/jdk12.0.1/build/linux-x86_64-server-release/jdk/lib/server/libjvm.so
2b7d15c55000-2b7d15c91000 rw-p 0131a000 fd:02 231059769                  /home/dcslab/cgmin/jdk12.0.1/build/linux-x86_64-server-release/jdk/lib/server/libjvm.so
2b7d15c91000-2b7d15d17000 rw-p 00000000 00:00 0 
2b7d15d17000-2b7d15e00000 r-xp 00000000 fd:00 67349699                   /usr/lib64/libstdc++.so.6.0.19
2b7d15e00000-2b7d15fff000 ---p 000e9000 fd:00 67349699                   /usr/lib64/libstdc++.so.6.0.19
2b7d15fff000-2b7d16007000 r--p 000e8000 fd:00 67349699                   /usr/lib64/libstdc++.so.6.0.19
2b7d16007000-2b7d16009000 rw-p 000f0000 fd:00 67349699                   /usr/lib64/libstdc++.so.6.0.19
2b7d16009000-2b7d1601e000 rw-p 00000000 00:00 0 
2b7d1601e000-2b7d1611f000 r-xp 00000000 fd:00 67412312                   /usr/lib64/libm-2.17.so
2b7d1611f000-2b7d1631e000 ---p 00101000 fd:00 67412312                   /usr/lib64/libm-2.17.so
2b7d1631e000-2b7d1631f000 r--p 00100000 fd:00 67412312                   /usr/lib64/libm-2.17.so
2b7d1631f000-2b7d16320000 rw-p 00101000 fd:00 67412312                   /usr/lib64/libm-2.17.so
2b7d16320000-2b7d16335000 r-xp 00000000 fd:00 67349682                   /usr/lib64/libgcc_s-4.8.5-20150702.so.1
2b7d16335000-2b7d16534000 ---p 00015000 fd:00 67349682                   /usr/lib64/libgcc_s-4.8.5-20150702.so.1
2b7d16534000-2b7d16535000 r--p 00014000 fd:00 67349682                   /usr/lib64/libgcc_s-4.8.5-20150702.so.1
2b7d16535000-2b7d16536000 rw-p 00015000 fd:00 67349682                   /usr/lib64/libgcc_s-4.8.5-20150702.so.1
2b7d16536000-2b7d16543000 r-xp 00000000 fd:02 149203278                  /home/dcslab/cgmin/jdk12.0.1/build/linux-x86_64-server-release/jdk/lib/libverify.so
2b7d16543000-2b7d16742000 ---p 0000d000 fd:02 149203278                  /home/dcslab/cgmin/jdk12.0.1/build/linux-x86_64-server-release/jdk/lib/libverify.so
2b7d16742000-2b7d16744000 r--p 0000c000 fd:02 149203278                  /home/dcslab/cgmin/jdk12.0.1/build/linux-x86_64-server-release/jdk/lib/libverify.so
2b7d16744000-2b7d16745000 rw-p 0000e000 fd:02 149203278                  /home/dcslab/cgmin/jdk12.0.1/build/linux-x86_64-server-release/jdk/lib/libverify.so
2b7d16745000-2b7d1676d000 r-xp 00000000 fd:02 149203280                  /home/dcslab/cgmin/jdk12.0.1/build/linux-x86_64-server-release/jdk/lib/libjava.so
2b7d1676d000-2b7d1696c000 ---p 00028000 fd:02 149203280                  /home/dcslab/cgmin/jdk12.0.1/build/linux-x86_64-server-release/jdk/lib/libjava.so
2b7d1696c000-2b7d1696d000 r--p 00027000 fd:02 149203280                  /home/dcslab/cgmin/jdk12.0.1/build/linux-x86_64-server-release/jdk/lib/libjava.so
2b7d1696d000-2b7d1696f000 rw-p 00028000 fd:02 149203280                  /home/dcslab/cgmin/jdk12.0.1/build/linux-x86_64-server-release/jdk/lib/libjava.so
2b7d1696f000-2b7d1697b000 r-xp 00000000 fd:00 67527450                   /usr/lib64/libnss_files-2.17.so
2b7d1697b000-2b7d16b7a000 ---p 0000c000 fd:00 67527450                   /usr/lib64/libnss_files-2.17.so
2b7d16b7a000-2b7d16b7b000 r--p 0000b000 fd:00 67527450                   /usr/lib64/libnss_files-2.17.so
2b7d16b7b000-2b7d16b7c000 rw-p 0000c000 fd:00 67527450                   /usr/lib64/libnss_files-2.17.so
2b7d16b7c000-2b7d16b82000 rw-p 00000000 00:00 0 
2b7d16b82000-2b7d16b89000 r-xp 00000000 fd:02 149203284                  /home/dcslab/cgmin/jdk12.0.1/build/linux-x86_64-server-release/jdk/lib/libzip.so
2b7d16b89000-2b7d16d88000 ---p 00007000 fd:02 149203284                  /home/dcslab/cgmin/jdk12.0.1/build/linux-x86_64-server-release/jdk/lib/libzip.so
2b7d16d88000-2b7d16d89000 r--p 00006000 fd:02 149203284                  /home/dcslab/cgmin/jdk12.0.1/build/linux-x86_64-server-release/jdk/lib/libzip.so
2b7d16d89000-2b7d16d8a000 rw-p 00007000 fd:02 149203284                  /home/dcslab/cgmin/jdk12.0.1/build/linux-x86_64-server-release/jdk/lib/libzip.so
2b7d16d8a000-2b7d16d8f000 r-xp 00000000 fd:02 149203289                  /home/dcslab/cgmin/jdk12.0.1/build/linux-x86_64-server-release/jdk/lib/libjimage.so
2b7d16d8f000-2b7d16f8f000 ---p 00005000 fd:02 149203289                  /home/dcslab/cgmin/jdk12.0.1/build/linux-x86_64-server-release/jdk/lib/libjimage.so
2b7d16f8f000-2b7d16f90000 r--p 00005000 fd:02 149203289                  /home/dcslab/cgmin/jdk12.0.1/build/linux-x86_64-server-release/jdk/lib/libjimage.so
2b7d16f90000-2b7d16f91000 rw-p 00006000 fd:02 149203289                  /home/dcslab/cgmin/jdk12.0.1/build/linux-x86_64-server-release/jdk/lib/libjimage.so
2b7d16f91000-2b7d16f96000 rw-p 00000000 00:00 0 
2b7d16f96000-2b7d17157000 ---p 00000000 00:00 0 
2b7d17157000-2b7d1715d000 rw-p 00000000 00:00 0 
2b7d1715d000-2b7d171ac000 ---p 00000000 00:00 0 
2b7d171ac000-2b7d171b7000 rw-p 00000000 00:00 0 
2b7d171b7000-2b7d17257000 ---p 00000000 00:00 0 
2b7d17257000-2b7d17679000 rw-p 00000000 00:00 0 
2b7d17679000-2b7d17a79000 ---p 00000000 00:00 0 
2b7d17a79000-2b7d17b96000 rw-p 00000000 00:00 0 
2b7d17b96000-2b7d17b97000 ---p 00000000 00:00 0 
2b7d17b97000-2b7d17c98000 rw-p 00000000 00:00 0 
2b7d17c98000-2b7d17c9c000 ---p 00000000 00:00 0 
2b7d17c9c000-2b7d17d99000 rw-p 00000000 00:00 0 
2b7d17d99000-2b7d17d9d000 ---p 00000000 00:00 0 
2b7d17d9d000-2b7d17ff0000 rw-p 00000000 00:00 0 
2b7d18000000-2b7d180bc000 rw-p 00000000 00:00 0 
2b7d180bc000-2b7d1c000000 ---p 00000000 00:00 0 
2b7d1c000000-2b7d1c270000 rwxp 00000000 00:00 0 
2b7d1c270000-2b7d1cd40000 ---p 00000000 00:00 0 
2b7d1cd40000-2b7d1cfb0000 rwxp 00000000 00:00 0 
2b7d1cfb0000-2b7d2b000000 ---p 00000000 00:00 0 
2b7d2b000000-2b7d2b2a0000 rw-p 00000000 00:00 0 
2b7d2c000000-2b7d2c021000 rw-p 00000000 00:00 0 
2b7d2c021000-2b7d30000000 ---p 00000000 00:00 0 
2b7d30000000-2b7d30021000 rw-p 00000000 00:00 0 
2b7d30021000-2b7d34000000 ---p 00000000 00:00 0 
2b7d34000000-2b7d34021000 rw-p 00000000 00:00 0 
2b7d34021000-2b7d38000000 ---p 00000000 00:00 0 
2b7d38000000-2b7d3e52a000 r--p 00000000 fd:00 1524467                    /usr/lib/locale/locale-archive
7ffdd4878000-7ffdd489a000 rw-p 00000000 00:00 0                          [stack]
7ffdd49b7000-7ffdd49ba000 r--p 00000000 00:00 0                          [vvar]
7ffdd49ba000-7ffdd49bc000 r-xp 00000000 00:00 0                          [vdso]
ffffffffff600000-ffffffffff601000 r-xp 00000000 00:00 0                  [vsyscall]


VM Arguments:
jvm_args: -Dapplication.home=/home/dcslab/cgmin/jdk12.0.1/build/linux-x86_64-server-release/jdk -Xms8m -XX:+UseSerialGC -Xms32M -Xmx512M -XX:TieredStopAtLevel=1 -Djdk.module.main=jdk.jlink 
java_command: jdk.jlink/jdk.tools.jmod.Main create --module-version 12.0.1-internal --target-platform linux-amd64 --module-path /home/dcslab/cgmin/jdk12.0.1/build/linux-x86_64-server-release/images/jmods --class-path /home/dcslab/cgmin/jdk12.0.1/build/linux-x86_64-server-release/jdk/modules/jdk.internal.le --legal-notices /home/dcslab/cgmin/jdk12.0.1/build/linux-x86_64-server-release/support/modules_legal/common:/home/dcslab/cgmin/jdk12.0.1/src/jdk.internal.le/share/legal --exclude **{_the.*,_*.marker,*.diz,*.debuginfo,*.dSYM/**,*.dSYM,*.pdb,*.map} /home/dcslab/cgmin/jdk12.0.1/build/linux-x86_64-server-release/support/jmods/jdk.internal.le.jmod
java_class_path (initial): <not set>
Launcher Type: SUN_STANDARD

[Global flags]
     intx CICompilerCount                          = 15                                        {product} {ergonomic}
   size_t InitialHeapSize                          = 33554432                                  {product} {command line}
   size_t MaxHeapSize                              = 536870912                                 {product} {command line}
   size_t MaxNewSize                               = 178913280                                 {product} {ergonomic}
   size_t MinHeapDeltaBytes                        = 196608                                    {product} {ergonomic}
   size_t NewSize                                  = 11141120                                  {product} {ergonomic}
    uintx NonNMethodCodeHeapSize                   = 13893620                               {pd product} {ergonomic}
    uintx NonProfiledCodeHeapSize                  = 237764620                              {pd product} {ergonomic}
   size_t OldSize                                  = 22413312                                  {product} {ergonomic}
    uintx ProfiledCodeHeapSize                     = 0                                      {pd product} {ergonomic}
    uintx ReservedCodeCacheSize                    = 251658240                              {pd product} {ergonomic}
     bool SegmentedCodeCache                       = true                                      {product} {ergonomic}
     intx TieredStopAtLevel                        = 1                                         {product} {command line}
     bool UseCompressedClassPointers               = true                                 {lp64_product} {ergonomic}
     bool UseCompressedOops                        = true                                 {lp64_product} {ergonomic}
     bool UseSerialGC                              = true                                      {product} {command line}

Logging:
Log output configuration:
 #0: stdout all=warning uptime,level,tags
 #1: stderr all=off uptime,level,tags

Environment Variables:
PATH=/sbin:/bin:/usr/sbin:/usr/bin
USERNAME=root
LD_LIBRARY_PATH=:/usr/local/lib
SHELL=/bin/bash

Signal Handlers:
SIGSEGV: [libjvm.so+0xefc270], sa_mask[0]=11111111011111111101111111111110, sa_flags=SA_RESTART|SA_SIGINFO
SIGBUS: [libjvm.so+0xefc270], sa_mask[0]=11111111011111111101111111111110, sa_flags=SA_RESTART|SA_SIGINFO
SIGFPE: [libjvm.so+0xefc270], sa_mask[0]=11111111011111111101111111111110, sa_flags=SA_RESTART|SA_SIGINFO
SIGPIPE: [libjvm.so+0xbf1640], sa_mask[0]=11111111011111111101111111111110, sa_flags=SA_RESTART|SA_SIGINFO
SIGXFSZ: [libjvm.so+0xbf1640], sa_mask[0]=11111111011111111101111111111110, sa_flags=SA_RESTART|SA_SIGINFO
SIGILL: [libjvm.so+0xefc270], sa_mask[0]=11111111011111111101111111111110, sa_flags=SA_RESTART|SA_SIGINFO
SIGUSR2: [libjvm.so+0xbf14e0], sa_mask[0]=00000000000000000000000000000000, sa_flags=SA_RESTART|SA_SIGINFO
SIGHUP: SIG_DFL, sa_mask[0]=00000000000000000000000000000000, sa_flags=none
SIGINT: SIG_DFL, sa_mask[0]=00000000000000000000000000000000, sa_flags=none
SIGTERM: SIG_DFL, sa_mask[0]=00000000000000000000000000000000, sa_flags=none
SIGQUIT: SIG_DFL, sa_mask[0]=00000000000000000000000000000000, sa_flags=none


---------------  S Y S T E M  ---------------

OS:CentOS Linux release 7.6.1810 (Core) 
uname:Linux 4.12.9RTFM0227+ #988 SMP Thu May 30 20:11:32 KST 2019 x86_64
libc:glibc 2.17 NPTL 2.17 
rlimit: STACK infinity, CORE 0k, NPROC 510968, NOFILE 4096, AS infinity, DATA infinity, FSIZE infinity
load average:6.28 8.98 6.14

/proc/meminfo:
MemTotal:       130865364 kB
MemFree:        122438972 kB
MemAvailable:   127311196 kB
Buffers:            2120 kB
Cached:          6100436 kB
SwapCached:            0 kB
Active:          4055228 kB
Inactive:        2433836 kB
Active(anon):     707240 kB
Inactive(anon):   189428 kB
Active(file):    3347988 kB
Inactive(file):  2244408 kB
Unevictable:           0 kB
Mlocked:               0 kB
SwapTotal:             0 kB
SwapFree:              0 kB
Dirty:                48 kB
Writeback:             4 kB
AnonPages:        388408 kB
Mapped:           262600 kB
Shmem:            510160 kB
Slab:             809996 kB
SReclaimable:     461860 kB
SUnreclaim:       348136 kB
KernelStack:       13088 kB
PageTables:        15180 kB
NFS_Unstable:          0 kB
Bounce:                0 kB
WritebackTmp:          0 kB
CommitLimit:    65432680 kB
Committed_AS:    1636292 kB
VmallocTotal:   34359738367 kB
VmallocUsed:           0 kB
VmallocChunk:          0 kB
HardwareCorrupted:     0 kB
CmaTotal:              0 kB
CmaFree:               0 kB
HugePages_Total:       0
HugePages_Free:        0
HugePages_Rsvd:        0
HugePages_Surp:        0
Hugepagesize:       2048 kB
DirectMap4k:      820020 kB
DirectMap2M:     8501248 kB
DirectMap1G:    126877696 kB


/proc/sys/kernel/threads-max (system-wide limit on the number of threads):
1021936


/proc/sys/vm/max_map_count (maximum number of memory map areas a process may have):
65530


/proc/sys/kernel/pid_max (system-wide limit on number of process identifiers):
49152



container (cgroup) information:
container_type: cgroupv1
cpu_cpuset_cpus: 0-47
cpu_memory_nodes: 0
active_processor_count: 48
cpu_quota: -1
cpu_period: 100000
cpu_shares: -1
memory_limit_in_bytes: -1
memory_and_swap_limit_in_bytes: -1
memory_soft_limit_in_bytes: -1
memory_usage_in_bytes: 6656856064
memory_max_usage_in_bytes: 0


CPU:total 48 (initial active 48) (12 cores per cpu, 2 threads per core) family 6 model 79 stepping 1, cmov, cx8, fxsr, mmx, sse, sse2, sse3, ssse3, sse4.1, sse4.2, popcnt, avx, avx2, aes, clmul, erms, rtm, 3dnowpref, lzcnt, ht, tsc, tscinvbit, bmi1, bmi2, adx, fma
CPU Model and flags from /proc/cpuinfo:
model name	: Intel(R) Xeon(R) CPU E5-2650 v4 @ 2.20GHz
flags		: fpu vme de pse tsc msr pae mce cx8 apic sep mtrr pge mca cmov pat pse36 clflush dts acpi mmx fxsr sse sse2 ss ht tm pbe syscall nx pdpe1gb rdtscp lm constant_tsc arch_perfmon pebs bts rep_good nopl xtopology nonstop_tsc cpuid aperfmperf pni pclmulqdq dtes64 monitor ds_cpl vmx smx est tm2 ssse3 sdbg fma cx16 xtpr pdcm pcid dca sse4_1 sse4_2 x2apic movbe popcnt tsc_deadline_timer aes xsave avx f16c rdrand lahf_lm abm 3dnowprefetch cpuid_fault epb cat_l3 cdp_l3 intel_ppin intel_pt tpr_shadow vnmi flexpriority ept vpid fsgsbase tsc_adjust bmi1 hle avx2 smep bmi2 erms invpcid rtm cqm rdt_a rdseed adx smap xsaveopt cqm_llc cqm_occup_llc cqm_mbm_total cqm_mbm_local dtherm arat pln pts

Memory: 4k page, physical 130865364k(122437112k free), swap 0k(0k free)

vm_info: OpenJDK 64-Bit Server VM (12.0.1-internal+0-adhoc.root.jdk12.0.1) for linux-amd64 JRE (12.0.1-internal+0-adhoc.root.jdk12.0.1), built on Jul 18 2019 18:28:35 by "root" with gcc 4.8.5 20150623 (Red Hat 4.8.5-36)

END.
