#
# A fatal error has been detected by the Java Runtime Environment:
#
#  SIGSEGV (0xb) at pc=0x000014d36471ef39, pid=30791, tid=30819
#
# JRE version:  (12.0.1) (build )
# Java VM: OpenJDK 64-Bit Server VM (12.0.1-internal+0-adhoc.root.jdk12.0.1, mixed mode, tiered, compressed oops, serial gc, linux-amd64)
# Problematic frame:
# V  [libjvm.so+0xb3ff39]  ObjArrayAllocator::initialize(HeapWord*) const+0x29
#
# No core dump will be written. Core dumps have been disabled. To enable core dumping, try "ulimit -c unlimited" before starting Java again
#
# If you would like to submit a bug report, please visit:
#   http://bugreport.java.com/bugreport/crash.jsp
#

---------------  S U M M A R Y ------------

Command Line: -Dapplication.home=/home/dcslab/cgmin/jdk12.0.1/build/linux-x86_64-server-release/jdk -Xms8m -XX:+UseSerialGC -Xms32M -Xmx512M -XX:TieredStopAtLevel=1 -Djdk.module.main=jdk.jlink jdk.jlink/jdk.tools.jmod.Main create --module-version 12.0.1-internal --target-platform linux-amd64 --module-path /home/dcslab/cgmin/jdk12.0.1/build/linux-x86_64-server-release/images/jmods --class-path /home/dcslab/cgmin/jdk12.0.1/build/linux-x86_64-server-release/jdk/modules/java.xml --legal-notices /home/dcslab/cgmin/jdk12.0.1/build/linux-x86_64-server-release/support/modules_legal/common:/home/dcslab/cgmin/jdk12.0.1/src/java.xml/share/legal --exclude **{_the.*,_*.marker,*.diz,*.debuginfo,*.dSYM/**,*.dSYM,*.pdb,*.map} /home/dcslab/cgmin/jdk12.0.1/build/linux-x86_64-server-release/support/jmods/java.xml.jmod

Host: Intel(R) Xeon(R) CPU E5-2650 v4 @ 2.20GHz, 48 cores, 125G, CentOS Linux release 7.6.1810 (Core) 
Time: Fri Jul 26 17:02:37 2019 KST elapsed time: 0 seconds (0d 0h 0m 0s)

---------------  T H R E A D  ---------------

Current thread (0x000014d35c010000):  JavaThread "main" [_thread_in_vm, id=30819, stack(0x000014d365ed7000,0x000014d365fd8000)]

Stack: [0x000014d365ed7000,0x000014d365fd8000],  sp=0x000014d365fd65a0,  free space=1021k
Native frames: (J=compiled Java code, A=aot compiled Java code, j=interpreted, Vv=VM code, C=native code)
V  [libjvm.so+0xb3ff39]  ObjArrayAllocator::initialize(HeapWord*) const+0x29
V  [libjvm.so+0xb40793]  MemAllocator::allocate() const+0x73
V  [libjvm.so+0x6154c4]  CollectedHeap::array_allocate(Klass*, int, int, bool, Thread*)+0x44
V  [libjvm.so+0x8721f8]  InterpreterRuntime::newarray(JavaThread*, BasicType, int)+0x28
j  java.io.BufferedInputStream.<init>(Ljava/io/InputStream;I)V+26 java.base
j  java.io.BufferedInputStream.<init>(Ljava/io/InputStream;)V+5 java.base
j  java.lang.System.initPhase1()V+72 java.base
v  ~StubRoutines::call_stub
V  [libjvm.so+0x881cd3]  JavaCalls::call_helper(JavaValue*, methodHandle const&, JavaCallArguments*, Thread*)+0x3a3
V  [libjvm.so+0x880c28]  JavaCalls::call_static(JavaValue*, Klass*, Symbol*, Symbol*, Thread*)+0x198
V  [libjvm.so+0xe91045]  Threads::initialize_java_lang_classes(JavaThread*, Thread*)+0x2c5
V  [libjvm.so+0xe921cf]  Threads::create_vm(JavaVMInitArgs*, bool*)+0x6ef
V  [libjvm.so+0x908cd8]  JNI_CreateJavaVM+0x58
C  [libjli.so+0x4814]  JavaMain+0x84

Java frames: (J=compiled Java code, j=interpreted, Vv=VM code)
j  java.io.BufferedInputStream.<init>(Ljava/io/InputStream;I)V+26 java.base
j  java.io.BufferedInputStream.<init>(Ljava/io/InputStream;)V+5 java.base
j  java.lang.System.initPhase1()V+72 java.base
v  ~StubRoutines::call_stub

siginfo: si_signo: 11 (SIGSEGV), si_code: 1 (SEGV_MAPERR), si_addr: 0x0000000000000051

Register to memory mapping:

RAX=0x0000000000000001 is an unknown value
RBX=0x0000000000000045 is an unknown value
RCX=0x00fffffffffffff7 is an unknown value
RDX=0x000014d3650e7c50: <offset 0x0000000001508c50> in /home/dcslab/cgmin/jdk12.0.1/build/linux-x86_64-server-release/jdk/lib/server/libjvm.so at 0x000014d363bdf000
RSP=0x000014d365fd65a0 is pointing into the stack for thread: 0x000014d35c010000
RBP=0x000014d365fd65c0 is pointing into the stack for thread: 0x000014d35c010000
RSI=0x0000000000000045 is an unknown value
RDI=0x000014d365fd6650 is pointing into the stack for thread: 0x000014d35c010000
R8 =0x0000000000000001 is an unknown value
R9 =0x000014d35c010000 is a thread
R10=0x000014d3641f4480: <offset 0x0000000000615480> in /home/dcslab/cgmin/jdk12.0.1/build/linux-x86_64-server-release/jdk/lib/server/libjvm.so at 0x000014d363bdf000
R11=0x0 is NULL
R12=0x000014d365fd6650 is pointing into the stack for thread: 0x000014d35c010000
R13=0x000014d365167c44: <offset 0x0000000001588c44> in /home/dcslab/cgmin/jdk12.0.1/build/linux-x86_64-server-release/jdk/lib/server/libjvm.so at 0x000014d363bdf000
R14=0x000014d365fd6738 is pointing into the stack for thread: 0x000014d35c010000
R15=0x000014d35c010000 is a thread


Registers:
RAX=0x0000000000000001, RBX=0x0000000000000045, RCX=0x00fffffffffffff7, RDX=0x000014d3650e7c50
RSP=0x000014d365fd65a0, RBP=0x000014d365fd65c0, RSI=0x0000000000000045, RDI=0x000014d365fd6650
R8 =0x0000000000000001, R9 =0x000014d35c010000, R10=0x000014d3641f4480, R11=0x0000000000000000
R12=0x000014d365fd6650, R13=0x000014d365167c44, R14=0x000014d365fd6738, R15=0x000014d35c010000
RIP=0x000014d36471ef39, EFLAGS=0x0000000000010202, CSGSFS=0x002b000000000033, ERR=0x0000000000000006
  TRAPNO=0x000000000000000e

Top of Stack: (sp=0x000014d365fd65a0)
0x000014d365fd65a0:   000014d362015de8 000014d365fd6650
0x000014d365fd65b0:   0000000000000000 000014d365fd65e0
0x000014d365fd65c0:   000014d365fd6640 000014d36471f793
0x000014d365fd65d0:   000014d35c010000 0000000000000000 

Instructions: (pc=0x000014d36471ef39)
0x000014d36471ef19:   89 fc 53 48 89 f3 48 83 ec 08 80 7f 2c 00 4c 8d
0x000014d36471ef29:   2d 16 8d a4 00 41 0f b6 45 00 74 2e 84 c0 74 07
0x000014d36471ef39:   c7 46 0c 00 00 00 00 49 8b 54 24 20 48 83 fa 02
0x000014d36471ef49:   74 18 48 8d 14 d5 f0 ff ff ff 48 8d 7b 10 31 f6 

Stack slot to memory mapping:
stack at sp + 0 slots: {method} {0x000014d362015de8} '<init>' '(Ljava/io/InputStream;I)V' in 'java/io/BufferedInputStream'
stack at sp + 1 slots: 0x000014d365fd6650 is pointing into the stack for thread: 0x000014d35c010000
stack at sp + 2 slots: 0x0 is NULL
stack at sp + 3 slots: 0x000014d365fd65e0 is pointing into the stack for thread: 0x000014d35c010000
stack at sp + 4 slots: 0x000014d365fd6640 is pointing into the stack for thread: 0x000014d35c010000
stack at sp + 5 slots: 0x000014d36471f793: <offset 0x0000000000b40793> in /home/dcslab/cgmin/jdk12.0.1/build/linux-x86_64-server-release/jdk/lib/server/libjvm.so at 0x000014d363bdf000
stack at sp + 6 slots: 0x000014d35c010000 is a thread
stack at sp + 7 slots: 0x0 is NULL


---------------  P R O C E S S  ---------------

Threads class SMR info:
_java_thread_list=0x000014d35c09e1b0, length=3, elements={
0x000014d35c010000, 0x000014d35c099000, 0x000014d35c09c800
}

Java Threads: ( => current thread )
=>0x000014d35c010000 JavaThread "main" [_thread_in_vm, id=30819, stack(0x000014d365ed7000,0x000014d365fd8000)]
  0x000014d35c099000 JavaThread "Reference Handler" daemon [_thread_blocked, id=31011, stack(0x000014d361b5d000,0x000014d361c5e000)]
  0x000014d35c09c800 JavaThread "Finalizer" daemon [_thread_blocked, id=31018, stack(0x000014d361a5c000,0x000014d361b5d000)]

Other Threads:
  0x000014d35c08c800 VMThread "VM Thread" [stack: 0x000014d361c60000,0x000014d361d60000] [id=30963]

Threads with active compile tasks:

VM state:not at safepoint (normal execution)

VM Mutex/Monitor currently owned by a thread: None

Heap address: 0x00000000e0000000, size: 512 MB, Compressed Oops mode: 32-bit
Narrow klass base: 0x0000000000000000, Narrow klass shift: 3
Compressed class space size: 1073741824 Address: 0x0000000100000000

Heap:
 def new generation   total 9792K, used 174K [0x00000000e0000000, 0x00000000e0aa0000, 0x00000000eaaa0000)
  eden space 8704K,   2% used [0x00000000e0000000, 0x00000000e002b860, 0x00000000e0880000)
  from space 1088K,   0% used [0x00000000e0880000, 0x00000000e0880000, 0x00000000e0990000)
  to   space 1088K,   0% used [0x00000000e0990000, 0x00000000e0990000, 0x00000000e0aa0000)
 tenured generation   total 21888K, used 0K [0x00000000eaaa0000, 0x00000000ec000000, 0x0000000100000000)
   the space 21888K,   0% used [0x00000000eaaa0000, 0x00000000eaaa0000, 0x00000000eaaa0200, 0x00000000ec000000)
 Metaspace       used 1782K, capacity 4480K, committed 4480K, reserved 1056768K
  class space    used 140K, capacity 384K, committed 384K, reserved 1048576K

Card table byte_map: [0x000014d36269e000,0x000014d36279f000] _byte_map_base: 0x000014d361f9e000

Polling page: 0x000014d365feb000

Metaspace:

Usage:
  Non-class:      4.00 MB capacity,     1.60 MB ( 40%) used,     2.40 MB ( 60%) free+waste,    64 bytes ( <1%) overhead. 
      Class:    384.00 KB capacity,   140.23 KB ( 37%) used,   243.71 KB ( 63%) free+waste,    64 bytes ( <1%) overhead. 
       Both:      4.38 MB capacity,     1.74 MB ( 40%) used,     2.63 MB ( 60%) free+waste,   128 bytes ( <1%) overhead. 

Virtual space:
  Non-class space:        8.00 MB reserved,       4.00 MB ( 50%) committed 
      Class space:        1.00 GB reserved,     384.00 KB ( <1%) committed 
             Both:        1.01 GB reserved,       4.38 MB ( <1%) committed 

Chunk freelists:
   Non-Class:  0 bytes
       Class:  0 bytes
        Both:  0 bytes

CodeHeap 'non-profiled nmethods': size=232192Kb used=0Kb max_used=0Kb free=232192Kb
 bounds [0x000014d34dd40000, 0x000014d34dfb0000, 0x000014d35c000000]
CodeHeap 'non-nmethods': size=13568Kb used=358Kb max_used=358Kb free=13209Kb
 bounds [0x000014d34d000000, 0x000014d34d270000, 0x000014d34dd40000]
 total_blobs=153 nmethods=0 adapters=110
 compilation: enabled
              stopped_count=0, restarted_count=0
 full_count=0

Compilation events (0 events):
No events

GC Heap History (0 events):
No events

Deoptimization events (0 events):
No events

Classes redefined (0 events):
No events

Internal exceptions (0 events):
No events

Events (10 events):
Event: 0.053 loading class java/io/FileOutputStream
Event: 0.053 loading class java/io/OutputStream
Event: 0.053 loading class java/io/Flushable
Event: 0.053 loading class java/io/Flushable done
Event: 0.053 loading class java/io/OutputStream done
Event: 0.053 loading class java/io/FileOutputStream done
Event: 0.053 loading class java/io/BufferedInputStream
Event: 0.053 loading class java/io/FilterInputStream
Event: 0.053 loading class java/io/FilterInputStream done
Event: 0.053 loading class java/io/BufferedInputStream done


Dynamic libraries:
00400000-00401000 r-xp 00000000 fd:02 80675782                           /home/dcslab/cgmin/jdk12.0.1/build/linux-x86_64-server-release/jdk/bin/jmod
00601000-00602000 r--p 00001000 fd:02 80675782                           /home/dcslab/cgmin/jdk12.0.1/build/linux-x86_64-server-release/jdk/bin/jmod
00602000-00603000 rw-p 00002000 fd:02 80675782                           /home/dcslab/cgmin/jdk12.0.1/build/linux-x86_64-server-release/jdk/bin/jmod
0095f000-00980000 rw-p 00000000 00:00 0                                  [heap]
e0000000-e0aa0000 rw-p 00000000 00:00 0 
e0aa0000-eaaa0000 ---p 00000000 00:00 0 
eaaa0000-ec000000 rw-p 00000000 00:00 0 
ec000000-100000000 ---p 00000000 00:00 0 
100000000-100060000 rw-p 00000000 00:00 0 
100060000-140000000 ---p 00000000 00:00 0 
14d339ad6000-14d340000000 r--p 00000000 fd:00 1524467                    /usr/lib/locale/locale-archive
14d340000000-14d340021000 rw-p 00000000 00:00 0 
14d340021000-14d344000000 ---p 00000000 00:00 0 
14d344000000-14d344021000 rw-p 00000000 00:00 0 
14d344021000-14d348000000 ---p 00000000 00:00 0 
14d348000000-14d348021000 rw-p 00000000 00:00 0 
14d348021000-14d34c000000 ---p 00000000 00:00 0 
14d34d000000-14d34d270000 rwxp 00000000 00:00 0 
14d34d270000-14d34dd40000 ---p 00000000 00:00 0 
14d34dd40000-14d34dfb0000 rwxp 00000000 00:00 0 
14d34dfb0000-14d35c000000 ---p 00000000 00:00 0 
14d35c000000-14d35c0b9000 rw-p 00000000 00:00 0 
14d35c0b9000-14d360000000 ---p 00000000 00:00 0 
14d361666000-14d361a5c000 rw-p 00000000 00:00 0 
14d361a5c000-14d361a60000 ---p 00000000 00:00 0 
14d361a60000-14d361b5d000 rw-p 00000000 00:00 0 
14d361b5d000-14d361b61000 ---p 00000000 00:00 0 
14d361b61000-14d361c5e000 rw-p 00000000 00:00 0 
14d361c5e000-14d361c5f000 ---p 00000000 00:00 0 
14d361c5f000-14d36227d000 rw-p 00000000 00:00 0 
14d36227d000-14d36267d000 ---p 00000000 00:00 0 
14d36267d000-14d3626a4000 rw-p 00000000 00:00 0 
14d3626a4000-14d3626f3000 ---p 00000000 00:00 0 
14d3626f3000-14d3626fe000 rw-p 00000000 00:00 0 
14d3626fe000-14d36279e000 ---p 00000000 00:00 0 
14d36279e000-14d3627a4000 rw-p 00000000 00:00 0 
14d3627a4000-14d362965000 ---p 00000000 00:00 0 
14d362965000-14d36296a000 r-xp 00000000 fd:02 80674781                   /home/dcslab/cgmin/jdk12.0.1/build/linux-x86_64-server-release/jdk/lib/libjimage.so
14d36296a000-14d362b6a000 ---p 00005000 fd:02 80674781                   /home/dcslab/cgmin/jdk12.0.1/build/linux-x86_64-server-release/jdk/lib/libjimage.so
14d362b6a000-14d362b6b000 r--p 00005000 fd:02 80674781                   /home/dcslab/cgmin/jdk12.0.1/build/linux-x86_64-server-release/jdk/lib/libjimage.so
14d362b6b000-14d362b6c000 rw-p 00006000 fd:02 80674781                   /home/dcslab/cgmin/jdk12.0.1/build/linux-x86_64-server-release/jdk/lib/libjimage.so
14d362b6c000-14d362b73000 r-xp 00000000 fd:02 80674755                   /home/dcslab/cgmin/jdk12.0.1/build/linux-x86_64-server-release/jdk/lib/libzip.so
14d362b73000-14d362d72000 ---p 00007000 fd:02 80674755                   /home/dcslab/cgmin/jdk12.0.1/build/linux-x86_64-server-release/jdk/lib/libzip.so
14d362d72000-14d362d73000 r--p 00006000 fd:02 80674755                   /home/dcslab/cgmin/jdk12.0.1/build/linux-x86_64-server-release/jdk/lib/libzip.so
14d362d73000-14d362d74000 rw-p 00007000 fd:02 80674755                   /home/dcslab/cgmin/jdk12.0.1/build/linux-x86_64-server-release/jdk/lib/libzip.so
14d362d74000-14d362d80000 r-xp 00000000 fd:00 67527450                   /usr/lib64/libnss_files-2.17.so
14d362d80000-14d362f7f000 ---p 0000c000 fd:00 67527450                   /usr/lib64/libnss_files-2.17.so
14d362f7f000-14d362f80000 r--p 0000b000 fd:00 67527450                   /usr/lib64/libnss_files-2.17.so
14d362f80000-14d362f81000 rw-p 0000c000 fd:00 67527450                   /usr/lib64/libnss_files-2.17.so
14d362f81000-14d362f87000 rw-p 00000000 00:00 0 
14d362f87000-14d362faf000 r-xp 00000000 fd:02 80674673                   /home/dcslab/cgmin/jdk12.0.1/build/linux-x86_64-server-release/jdk/lib/libjava.so
14d362faf000-14d3631ae000 ---p 00028000 fd:02 80674673                   /home/dcslab/cgmin/jdk12.0.1/build/linux-x86_64-server-release/jdk/lib/libjava.so
14d3631ae000-14d3631af000 r--p 00027000 fd:02 80674673                   /home/dcslab/cgmin/jdk12.0.1/build/linux-x86_64-server-release/jdk/lib/libjava.so
14d3631af000-14d3631b1000 rw-p 00028000 fd:02 80674673                   /home/dcslab/cgmin/jdk12.0.1/build/linux-x86_64-server-release/jdk/lib/libjava.so
14d3631b1000-14d3631be000 r-xp 00000000 fd:02 80674591                   /home/dcslab/cgmin/jdk12.0.1/build/linux-x86_64-server-release/jdk/lib/libverify.so
14d3631be000-14d3633bd000 ---p 0000d000 fd:02 80674591                   /home/dcslab/cgmin/jdk12.0.1/build/linux-x86_64-server-release/jdk/lib/libverify.so
14d3633bd000-14d3633bf000 r--p 0000c000 fd:02 80674591                   /home/dcslab/cgmin/jdk12.0.1/build/linux-x86_64-server-release/jdk/lib/libverify.so
14d3633bf000-14d3633c0000 rw-p 0000e000 fd:02 80674591                   /home/dcslab/cgmin/jdk12.0.1/build/linux-x86_64-server-release/jdk/lib/libverify.so
14d3633c0000-14d3633d5000 r-xp 00000000 fd:00 67349682                   /usr/lib64/libgcc_s-4.8.5-20150702.so.1
14d3633d5000-14d3635d4000 ---p 00015000 fd:00 67349682                   /usr/lib64/libgcc_s-4.8.5-20150702.so.1
14d3635d4000-14d3635d5000 r--p 00014000 fd:00 67349682                   /usr/lib64/libgcc_s-4.8.5-20150702.so.1
14d3635d5000-14d3635d6000 rw-p 00015000 fd:00 67349682                   /usr/lib64/libgcc_s-4.8.5-20150702.so.1
14d3635d6000-14d3636d7000 r-xp 00000000 fd:00 67412312                   /usr/lib64/libm-2.17.so
14d3636d7000-14d3638d6000 ---p 00101000 fd:00 67412312                   /usr/lib64/libm-2.17.so
14d3638d6000-14d3638d7000 r--p 00100000 fd:00 67412312                   /usr/lib64/libm-2.17.so
14d3638d7000-14d3638d8000 rw-p 00101000 fd:00 67412312                   /usr/lib64/libm-2.17.so
14d3638d8000-14d3639c1000 r-xp 00000000 fd:00 67349699                   /usr/lib64/libstdc++.so.6.0.19
14d3639c1000-14d363bc0000 ---p 000e9000 fd:00 67349699                   /usr/lib64/libstdc++.so.6.0.19
14d363bc0000-14d363bc8000 r--p 000e8000 fd:00 67349699                   /usr/lib64/libstdc++.so.6.0.19
14d363bc8000-14d363bca000 rw-p 000f0000 fd:00 67349699                   /usr/lib64/libstdc++.so.6.0.19
14d363bca000-14d363bdf000 rw-p 00000000 00:00 0 
14d363bdf000-14d364e24000 r-xp 00000000 fd:02 80670104                   /home/dcslab/cgmin/jdk12.0.1/build/linux-x86_64-server-release/jdk/lib/server/libjvm.so
14d364e24000-14d365024000 ---p 01245000 fd:02 80670104                   /home/dcslab/cgmin/jdk12.0.1/build/linux-x86_64-server-release/jdk/lib/server/libjvm.so
14d365024000-14d3650f9000 r--p 01245000 fd:02 80670104                   /home/dcslab/cgmin/jdk12.0.1/build/linux-x86_64-server-release/jdk/lib/server/libjvm.so
14d3650f9000-14d365135000 rw-p 0131a000 fd:02 80670104                   /home/dcslab/cgmin/jdk12.0.1/build/linux-x86_64-server-release/jdk/lib/server/libjvm.so
14d365135000-14d3651bb000 rw-p 00000000 00:00 0 
14d3651bb000-14d36537d000 r-xp 00000000 fd:00 67116114                   /usr/lib64/libc-2.17.so
14d36537d000-14d36557d000 ---p 001c2000 fd:00 67116114                   /usr/lib64/libc-2.17.so
14d36557d000-14d365581000 r--p 001c2000 fd:00 67116114                   /usr/lib64/libc-2.17.so
14d365581000-14d365583000 rw-p 001c6000 fd:00 67116114                   /usr/lib64/libc-2.17.so
14d365583000-14d365588000 rw-p 00000000 00:00 0 
14d365588000-14d36558a000 r-xp 00000000 fd:00 67412311                   /usr/lib64/libdl-2.17.so
14d36558a000-14d36578a000 ---p 00002000 fd:00 67412311                   /usr/lib64/libdl-2.17.so
14d36578a000-14d36578b000 r--p 00002000 fd:00 67412311                   /usr/lib64/libdl-2.17.so
14d36578b000-14d36578c000 rw-p 00003000 fd:00 67412311                   /usr/lib64/libdl-2.17.so
14d36578c000-14d3657a3000 r-xp 00000000 fd:00 67527458                   /usr/lib64/libpthread-2.17.so
14d3657a3000-14d3659a2000 ---p 00017000 fd:00 67527458                   /usr/lib64/libpthread-2.17.so
14d3659a2000-14d3659a3000 r--p 00016000 fd:00 67527458                   /usr/lib64/libpthread-2.17.so
14d3659a3000-14d3659a4000 rw-p 00017000 fd:00 67527458                   /usr/lib64/libpthread-2.17.so
14d3659a4000-14d3659a8000 rw-p 00000000 00:00 0 
14d3659a8000-14d3659b7000 r-xp 00000000 fd:02 80674745                   /home/dcslab/cgmin/jdk12.0.1/build/linux-x86_64-server-release/jdk/lib/libjli.so
14d3659b7000-14d365bb6000 ---p 0000f000 fd:02 80674745                   /home/dcslab/cgmin/jdk12.0.1/build/linux-x86_64-server-release/jdk/lib/libjli.so
14d365bb6000-14d365bb7000 r--p 0000e000 fd:02 80674745                   /home/dcslab/cgmin/jdk12.0.1/build/linux-x86_64-server-release/jdk/lib/libjli.so
14d365bb7000-14d365bb8000 rw-p 0000f000 fd:02 80674745                   /home/dcslab/cgmin/jdk12.0.1/build/linux-x86_64-server-release/jdk/lib/libjli.so
14d365bb8000-14d365bcd000 r-xp 00000000 fd:00 67116158                   /usr/lib64/libz.so.1.2.7
14d365bcd000-14d365dcc000 ---p 00015000 fd:00 67116158                   /usr/lib64/libz.so.1.2.7
14d365dcc000-14d365dcd000 r--p 00014000 fd:00 67116158                   /usr/lib64/libz.so.1.2.7
14d365dcd000-14d365dce000 rw-p 00015000 fd:00 67116158                   /usr/lib64/libz.so.1.2.7
14d365dce000-14d365df0000 r-xp 00000000 fd:00 67116101                   /usr/lib64/ld-2.17.so
14d365df0000-14d365e1c000 rw-p 00000000 00:00 0 
14d365e1c000-14d365ebc000 ---p 00000000 00:00 0 
14d365ebc000-14d365ec1000 rw-p 00000000 00:00 0 
14d365ec1000-14d365ed7000 ---p 00000000 00:00 0 
14d365ed7000-14d365edb000 ---p 00000000 00:00 0 
14d365edb000-14d365fdd000 rw-p 00000000 00:00 0 
14d365fe1000-14d365fe3000 rw-p 00000000 00:00 0 
14d365fe3000-14d365feb000 rw-s 00000000 fd:00 76968895                   /tmp/hsperfdata_root/30791
14d365feb000-14d365fec000 ---p 00000000 00:00 0 
14d365fec000-14d365fed000 r--p 00000000 00:00 0 
14d365fed000-14d365fee000 ---p 00000000 00:00 0 
14d365fee000-14d365fef000 rw-p 00000000 00:00 0 
14d365fef000-14d365ff0000 r--p 00021000 fd:00 67116101                   /usr/lib64/ld-2.17.so
14d365ff0000-14d365ff1000 rw-p 00022000 fd:00 67116101                   /usr/lib64/ld-2.17.so
14d365ff1000-14d365ff2000 rw-p 00000000 00:00 0 
7fff7253b000-7fff7255d000 rw-p 00000000 00:00 0                          [stack]
7fff725e5000-7fff725e8000 r--p 00000000 00:00 0                          [vvar]
7fff725e8000-7fff725e9000 r-xp 00000000 00:00 0                          [vdso]
ffffffffff600000-ffffffffff601000 r-xp 00000000 00:00 0                  [vsyscall]


VM Arguments:
jvm_args: -Dapplication.home=/home/dcslab/cgmin/jdk12.0.1/build/linux-x86_64-server-release/jdk -Xms8m -XX:+UseSerialGC -Xms32M -Xmx512M -XX:TieredStopAtLevel=1 -Djdk.module.main=jdk.jlink 
java_command: jdk.jlink/jdk.tools.jmod.Main create --module-version 12.0.1-internal --target-platform linux-amd64 --module-path /home/dcslab/cgmin/jdk12.0.1/build/linux-x86_64-server-release/images/jmods --class-path /home/dcslab/cgmin/jdk12.0.1/build/linux-x86_64-server-release/jdk/modules/java.xml --legal-notices /home/dcslab/cgmin/jdk12.0.1/build/linux-x86_64-server-release/support/modules_legal/common:/home/dcslab/cgmin/jdk12.0.1/src/java.xml/share/legal --exclude **{_the.*,_*.marker,*.diz,*.debuginfo,*.dSYM/**,*.dSYM,*.pdb,*.map} /home/dcslab/cgmin/jdk12.0.1/build/linux-x86_64-server-release/support/jmods/java.xml.jmod
java_class_path (initial): <not set>
Launcher Type: SUN_STANDARD

[Global flags]
     intx CICompilerCount                          = 15                                        {product} {ergonomic}
   size_t InitialHeapSize                          = 33554432                                  {product} {command line}
   size_t MaxHeapSize                              = 536870912                                 {product} {command line}
   size_t MaxNewSize                               = 178913280                                 {product} {ergonomic}
   size_t MinHeapDeltaBytes                        = 196608                                    {product} {ergonomic}
   size_t NewSize                                  = 11141120                                  {product} {ergonomic}
    uintx NonNMethodCodeHeapSize                   = 13893620                               {pd product} {ergonomic}
    uintx NonProfiledCodeHeapSize                  = 237764620                              {pd product} {ergonomic}
   size_t OldSize                                  = 22413312                                  {product} {ergonomic}
    uintx ProfiledCodeHeapSize                     = 0                                      {pd product} {ergonomic}
    uintx ReservedCodeCacheSize                    = 251658240                              {pd product} {ergonomic}
     bool SegmentedCodeCache                       = true                                      {product} {ergonomic}
     intx TieredStopAtLevel                        = 1                                         {product} {command line}
     bool UseCompressedClassPointers               = true                                 {lp64_product} {ergonomic}
     bool UseCompressedOops                        = true                                 {lp64_product} {ergonomic}
     bool UseSerialGC                              = true                                      {product} {command line}

Logging:
Log output configuration:
 #0: stdout all=warning uptime,level,tags
 #1: stderr all=off uptime,level,tags

Environment Variables:
PATH=/sbin:/bin:/usr/sbin:/usr/bin
USERNAME=root
LD_LIBRARY_PATH=:/usr/local/lib
SHELL=/bin/bash

Signal Handlers:
SIGSEGV: [libjvm.so+0xefc2c0], sa_mask[0]=11111111011111111101111111111110, sa_flags=SA_RESTART|SA_SIGINFO
SIGBUS: [libjvm.so+0xefc2c0], sa_mask[0]=11111111011111111101111111111110, sa_flags=SA_RESTART|SA_SIGINFO
SIGFPE: [libjvm.so+0xefc2c0], sa_mask[0]=11111111011111111101111111111110, sa_flags=SA_RESTART|SA_SIGINFO
SIGPIPE: [libjvm.so+0xbf1690], sa_mask[0]=11111111011111111101111111111110, sa_flags=SA_RESTART|SA_SIGINFO
SIGXFSZ: [libjvm.so+0xbf1690], sa_mask[0]=11111111011111111101111111111110, sa_flags=SA_RESTART|SA_SIGINFO
SIGILL: [libjvm.so+0xefc2c0], sa_mask[0]=11111111011111111101111111111110, sa_flags=SA_RESTART|SA_SIGINFO
SIGUSR2: [libjvm.so+0xbf1530], sa_mask[0]=00000000000000000000000000000000, sa_flags=SA_RESTART|SA_SIGINFO
SIGHUP: SIG_DFL, sa_mask[0]=00000000000000000000000000000000, sa_flags=none
SIGINT: SIG_DFL, sa_mask[0]=00000000000000000000000000000000, sa_flags=none
SIGTERM: SIG_DFL, sa_mask[0]=00000000000000000000000000000000, sa_flags=none
SIGQUIT: SIG_DFL, sa_mask[0]=00000000000000000000000000000000, sa_flags=none


---------------  S Y S T E M  ---------------

OS:CentOS Linux release 7.6.1810 (Core) 
uname:Linux 5.2.0PMC0722+ #25 SMP Thu Jul 25 15:52:11 KST 2019 x86_64
libc:glibc 2.17 NPTL 2.17 
rlimit: STACK infinity, CORE 0k, NPROC 512949, NOFILE 4096, AS infinity, DATA infinity, FSIZE infinity
load average:23.08 19.15 9.12

/proc/meminfo:
MemTotal:       131379228 kB
MemFree:        119662032 kB
MemAvailable:   125630084 kB
Buffers:            2120 kB
Cached:          6768988 kB
SwapCached:            0 kB
Active:          6084408 kB
Inactive:        3734952 kB
Active(anon):    3048864 kB
Inactive(anon):    25860 kB
Active(file):    3035544 kB
Inactive(file):  3709092 kB
Unevictable:           0 kB
Mlocked:               0 kB
SwapTotal:             0 kB
SwapFree:              0 kB
Dirty:            253816 kB
Writeback:             0 kB
AnonPages:       3047852 kB
Mapped:            92176 kB
Shmem:             26252 kB
KReclaimable:     409716 kB
Slab:             792464 kB
SReclaimable:     409716 kB
SUnreclaim:       382748 kB
KernelStack:       19504 kB
PageTables:        29028 kB
NFS_Unstable:          0 kB
Bounce:                0 kB
WritebackTmp:          0 kB
CommitLimit:    65689612 kB
Committed_AS:    4298268 kB
VmallocTotal:   34359738367 kB
VmallocUsed:           0 kB
VmallocChunk:          0 kB
Percpu:            14592 kB
HardwareCorrupted:     0 kB
CmaTotal:              0 kB
CmaFree:               0 kB
HugePages_Total:       0
HugePages_Free:        0
HugePages_Rsvd:        0
HugePages_Surp:        0
Hugepagesize:       2048 kB
Hugetlb:               0 kB
DirectMap4k:      566068 kB
DirectMap2M:    13998080 kB
DirectMap1G:    121634816 kB


/proc/sys/kernel/threads-max (system-wide limit on the number of threads):
1025899


/proc/sys/vm/max_map_count (maximum number of memory map areas a process may have):
65530


/proc/sys/kernel/pid_max (system-wide limit on number of process identifiers):
49152



container (cgroup) information:
container_type: cgroupv1
cpu_cpuset_cpus: 0-47
cpu_memory_nodes: 0
active_processor_count: 48
cpu_quota: -1
cpu_period: 100000
cpu_shares: -1
memory_limit_in_bytes: -1
memory_and_swap_limit_in_bytes: -1
memory_soft_limit_in_bytes: -1
memory_usage_in_bytes: 10061123584
memory_max_usage_in_bytes: 0


CPU:total 48 (initial active 48) (12 cores per cpu, 2 threads per core) family 6 model 79 stepping 1, cmov, cx8, fxsr, mmx, sse, sse2, sse3, ssse3, sse4.1, sse4.2, popcnt, avx, avx2, aes, clmul, erms, rtm, 3dnowpref, lzcnt, ht, tsc, tscinvbit, bmi1, bmi2, adx, fma
CPU Model and flags from /proc/cpuinfo:
model name	: Intel(R) Xeon(R) CPU E5-2650 v4 @ 2.20GHz
flags		: fpu vme de pse tsc msr pae mce cx8 apic sep mtrr pge mca cmov pat pse36 clflush dts acpi mmx fxsr sse sse2 ss ht tm pbe syscall nx pdpe1gb rdtscp lm constant_tsc arch_perfmon pebs bts rep_good nopl xtopology nonstop_tsc cpuid aperfmperf pni pclmulqdq dtes64 monitor ds_cpl vmx smx est tm2 ssse3 sdbg fma cx16 xtpr pdcm pcid dca sse4_1 sse4_2 x2apic movbe popcnt aes xsave avx f16c rdrand lahf_lm abm 3dnowprefetch cpuid_fault epb cat_l3 cdp_l3 invpcid_single pti intel_ppin tpr_shadow vnmi flexpriority ept vpid ept_ad fsgsbase tsc_adjust bmi1 hle avx2 smep bmi2 erms invpcid rtm cqm rdt_a rdseed adx smap intel_pt xsaveopt cqm_llc cqm_occup_llc cqm_mbm_total cqm_mbm_local dtherm arat pln pts

Memory: 4k page, physical 131379228k(119661024k free), swap 0k(0k free)

vm_info: OpenJDK 64-Bit Server VM (12.0.1-internal+0-adhoc.root.jdk12.0.1) for linux-amd64 JRE (12.0.1-internal+0-adhoc.root.jdk12.0.1), built on Jul 26 2019 17:01:36 by "root" with gcc 4.8.5 20150623 (Red Hat 4.8.5-36)

END.
