#
# A fatal error has been detected by the Java Runtime Environment:
#
#  SIGSEGV (0xb) at pc=0x000014ec6fbcef39, pid=30525, tid=30632
#
# JRE version:  (12.0.1) (build )
# Java VM: OpenJDK 64-Bit Server VM (12.0.1-internal+0-adhoc.root.jdk12.0.1, mixed mode, tiered, compressed oops, serial gc, linux-amd64)
# Problematic frame:
# V  [libjvm.so+0xb3ff39]  ObjArrayAllocator::initialize(HeapWord*) const+0x29
#
# No core dump will be written. Core dumps have been disabled. To enable core dumping, try "ulimit -c unlimited" before starting Java again
#
# If you would like to submit a bug report, please visit:
#   http://bugreport.java.com/bugreport/crash.jsp
#

---------------  S U M M A R Y ------------

Command Line: -Dapplication.home=/home/dcslab/cgmin/jdk12.0.1/build/linux-x86_64-server-release/jdk -Xms8m -XX:+UseSerialGC -Xms32M -Xmx512M -XX:TieredStopAtLevel=1 -Djdk.module.main=jdk.jlink jdk.jlink/jdk.tools.jmod.Main create --module-version 12.0.1-internal --target-platform linux-amd64 --module-path /home/dcslab/cgmin/jdk12.0.1/build/linux-x86_64-server-release/images/jmods --libs /home/dcslab/cgmin/jdk12.0.1/build/linux-x86_64-server-release/support/modules_libs/java.security.jgss --class-path /home/dcslab/cgmin/jdk12.0.1/build/linux-x86_64-server-release/jdk/modules/java.security.jgss --legal-notices /home/dcslab/cgmin/jdk12.0.1/build/linux-x86_64-server-release/support/modules_legal/common --exclude **{_the.*,_*.marker,*.diz,*.debuginfo,*.dSYM/**,*.dSYM,*.pdb,*.map} /home/dcslab/cgmin/jdk12.0.1/build/linux-x86_64-server-release/support/jmods/java.security.jgss.jmod

Host: Intel(R) Xeon(R) CPU E5-2650 v4 @ 2.20GHz, 48 cores, 125G, CentOS Linux release 7.6.1810 (Core) 
Time: Fri Jul 26 17:02:37 2019 KST elapsed time: 0 seconds (0d 0h 0m 0s)

---------------  T H R E A D  ---------------

Current thread (0x000014ec68010000):  JavaThread "main" [_thread_in_vm, id=30632, stack(0x000014ec71387000,0x000014ec71488000)]

Stack: [0x000014ec71387000,0x000014ec71488000],  sp=0x000014ec714865a0,  free space=1021k
Native frames: (J=compiled Java code, A=aot compiled Java code, j=interpreted, Vv=VM code, C=native code)
V  [libjvm.so+0xb3ff39]  ObjArrayAllocator::initialize(HeapWord*) const+0x29
V  [libjvm.so+0xb40793]  MemAllocator::allocate() const+0x73
V  [libjvm.so+0x6154c4]  CollectedHeap::array_allocate(Klass*, int, int, bool, Thread*)+0x44
V  [libjvm.so+0x8721f8]  InterpreterRuntime::newarray(JavaThread*, BasicType, int)+0x28
j  java.io.BufferedInputStream.<init>(Ljava/io/InputStream;I)V+26 java.base
j  java.io.BufferedInputStream.<init>(Ljava/io/InputStream;)V+5 java.base
j  java.lang.System.initPhase1()V+72 java.base
v  ~StubRoutines::call_stub
V  [libjvm.so+0x881cd3]  JavaCalls::call_helper(JavaValue*, methodHandle const&, JavaCallArguments*, Thread*)+0x3a3
V  [libjvm.so+0x880c28]  JavaCalls::call_static(JavaValue*, Klass*, Symbol*, Symbol*, Thread*)+0x198
V  [libjvm.so+0xe91045]  Threads::initialize_java_lang_classes(JavaThread*, Thread*)+0x2c5
V  [libjvm.so+0xe921cf]  Threads::create_vm(JavaVMInitArgs*, bool*)+0x6ef
V  [libjvm.so+0x908cd8]  JNI_CreateJavaVM+0x58
C  [libjli.so+0x4814]  JavaMain+0x84

Java frames: (J=compiled Java code, j=interpreted, Vv=VM code)
j  java.io.BufferedInputStream.<init>(Ljava/io/InputStream;I)V+26 java.base
j  java.io.BufferedInputStream.<init>(Ljava/io/InputStream;)V+5 java.base
j  java.lang.System.initPhase1()V+72 java.base
v  ~StubRoutines::call_stub

siginfo: si_signo: 11 (SIGSEGV), si_code: 1 (SEGV_MAPERR), si_addr: 0x0000000000000045

Register to memory mapping:

RAX=0x0000000000000001 is an unknown value
RBX=0x0000000000000039 is an unknown value
RCX=0x00fffffffffffff8 is an unknown value
RDX=0x000014ec70597c50: <offset 0x0000000001508c50> in /home/dcslab/cgmin/jdk12.0.1/build/linux-x86_64-server-release/jdk/lib/server/libjvm.so at 0x000014ec6f08f000
RSP=0x000014ec714865a0 is pointing into the stack for thread: 0x000014ec68010000
RBP=0x000014ec714865c0 is pointing into the stack for thread: 0x000014ec68010000
RSI=0x0000000000000039 is an unknown value
RDI=0x000014ec71486650 is pointing into the stack for thread: 0x000014ec68010000
R8 =0x0000000000000001 is an unknown value
R9 =0x000014ec68010000 is a thread
R10=0x000014ec6f6a4480: <offset 0x0000000000615480> in /home/dcslab/cgmin/jdk12.0.1/build/linux-x86_64-server-release/jdk/lib/server/libjvm.so at 0x000014ec6f08f000
R11=0x0 is NULL
R12=0x000014ec71486650 is pointing into the stack for thread: 0x000014ec68010000
R13=0x000014ec70617c44: <offset 0x0000000001588c44> in /home/dcslab/cgmin/jdk12.0.1/build/linux-x86_64-server-release/jdk/lib/server/libjvm.so at 0x000014ec6f08f000
R14=0x000014ec71486738 is pointing into the stack for thread: 0x000014ec68010000
R15=0x000014ec68010000 is a thread


Registers:
RAX=0x0000000000000001, RBX=0x0000000000000039, RCX=0x00fffffffffffff8, RDX=0x000014ec70597c50
RSP=0x000014ec714865a0, RBP=0x000014ec714865c0, RSI=0x0000000000000039, RDI=0x000014ec71486650
R8 =0x0000000000000001, R9 =0x000014ec68010000, R10=0x000014ec6f6a4480, R11=0x0000000000000000
R12=0x000014ec71486650, R13=0x000014ec70617c44, R14=0x000014ec71486738, R15=0x000014ec68010000
RIP=0x000014ec6fbcef39, EFLAGS=0x0000000000010202, CSGSFS=0x002b000000000033, ERR=0x0000000000000006
  TRAPNO=0x000000000000000e

Top of Stack: (sp=0x000014ec714865a0)
0x000014ec714865a0:   000014ec6d4c5de8 000014ec71486650
0x000014ec714865b0:   0000000000000000 000014ec714865e0
0x000014ec714865c0:   000014ec71486640 000014ec6fbcf793
0x000014ec714865d0:   000014ec68010000 0000000000000000 

Instructions: (pc=0x000014ec6fbcef39)
0x000014ec6fbcef19:   89 fc 53 48 89 f3 48 83 ec 08 80 7f 2c 00 4c 8d
0x000014ec6fbcef29:   2d 16 8d a4 00 41 0f b6 45 00 74 2e 84 c0 74 07
0x000014ec6fbcef39:   c7 46 0c 00 00 00 00 49 8b 54 24 20 48 83 fa 02
0x000014ec6fbcef49:   74 18 48 8d 14 d5 f0 ff ff ff 48 8d 7b 10 31 f6 

Stack slot to memory mapping:
stack at sp + 0 slots: {method} {0x000014ec6d4c5de8} '<init>' '(Ljava/io/InputStream;I)V' in 'java/io/BufferedInputStream'
stack at sp + 1 slots: 0x000014ec71486650 is pointing into the stack for thread: 0x000014ec68010000
stack at sp + 2 slots: 0x0 is NULL
stack at sp + 3 slots: 0x000014ec714865e0 is pointing into the stack for thread: 0x000014ec68010000
stack at sp + 4 slots: 0x000014ec71486640 is pointing into the stack for thread: 0x000014ec68010000
stack at sp + 5 slots: 0x000014ec6fbcf793: <offset 0x0000000000b40793> in /home/dcslab/cgmin/jdk12.0.1/build/linux-x86_64-server-release/jdk/lib/server/libjvm.so at 0x000014ec6f08f000
stack at sp + 6 slots: 0x000014ec68010000 is a thread
stack at sp + 7 slots: 0x0 is NULL


---------------  P R O C E S S  ---------------

Threads class SMR info:
_java_thread_list=0x000014ec6809e230, length=3, elements={
0x000014ec68010000, 0x000014ec68099000, 0x000014ec6809c800
}

Java Threads: ( => current thread )
=>0x000014ec68010000 JavaThread "main" [_thread_in_vm, id=30632, stack(0x000014ec71387000,0x000014ec71488000)]
  0x000014ec68099000 JavaThread "Reference Handler" daemon [_thread_blocked, id=30853, stack(0x000014ec6d00d000,0x000014ec6d10e000)]
  0x000014ec6809c800 JavaThread "Finalizer" daemon [_thread_blocked, id=30857, stack(0x000014ec6cf0c000,0x000014ec6d00d000)]

Other Threads:
  0x000014ec6808c800 VMThread "VM Thread" [stack: 0x000014ec6d110000,0x000014ec6d210000] [id=30809]

Threads with active compile tasks:

VM state:not at safepoint (normal execution)

VM Mutex/Monitor currently owned by a thread: None

Heap address: 0x00000000e0000000, size: 512 MB, Compressed Oops mode: 32-bit
Narrow klass base: 0x0000000000000000, Narrow klass shift: 3
Compressed class space size: 1073741824 Address: 0x0000000100000000

Heap:
 def new generation   total 9792K, used 174K [0x00000000e0000000, 0x00000000e0aa0000, 0x00000000eaaa0000)
  eden space 8704K,   2% used [0x00000000e0000000, 0x00000000e002b860, 0x00000000e0880000)
  from space 1088K,   0% used [0x00000000e0880000, 0x00000000e0880000, 0x00000000e0990000)
  to   space 1088K,   0% used [0x00000000e0990000, 0x00000000e0990000, 0x00000000e0aa0000)
 tenured generation   total 21888K, used 0K [0x00000000eaaa0000, 0x00000000ec000000, 0x0000000100000000)
   the space 21888K,   0% used [0x00000000eaaa0000, 0x00000000eaaa0000, 0x00000000eaaa0200, 0x00000000ec000000)
 Metaspace       used 1782K, capacity 4480K, committed 4480K, reserved 1056768K
  class space    used 140K, capacity 384K, committed 384K, reserved 1048576K

Card table byte_map: [0x000014ec6db4e000,0x000014ec6dc4f000] _byte_map_base: 0x000014ec6d44e000

Polling page: 0x000014ec7149b000

Metaspace:

Usage:
  Non-class:      4.00 MB capacity,     1.60 MB ( 40%) used,     2.40 MB ( 60%) free+waste,    64 bytes ( <1%) overhead. 
      Class:    384.00 KB capacity,   140.23 KB ( 37%) used,   243.71 KB ( 63%) free+waste,    64 bytes ( <1%) overhead. 
       Both:      4.38 MB capacity,     1.74 MB ( 40%) used,     2.63 MB ( 60%) free+waste,   128 bytes ( <1%) overhead. 

Virtual space:
  Non-class space:        8.00 MB reserved,       4.00 MB ( 50%) committed 
      Class space:        1.00 GB reserved,     384.00 KB ( <1%) committed 
             Both:        1.01 GB reserved,       4.38 MB ( <1%) committed 

Chunk freelists:
   Non-Class:  0 bytes
       Class:  0 bytes
        Both:  0 bytes

CodeHeap 'non-profiled nmethods': size=232192Kb used=0Kb max_used=0Kb free=232192Kb
 bounds [0x000014ec59d40000, 0x000014ec59fb0000, 0x000014ec68000000]
CodeHeap 'non-nmethods': size=13568Kb used=358Kb max_used=358Kb free=13209Kb
 bounds [0x000014ec59000000, 0x000014ec59270000, 0x000014ec59d40000]
 total_blobs=153 nmethods=0 adapters=110
 compilation: enabled
              stopped_count=0, restarted_count=0
 full_count=0

Compilation events (0 events):
No events

GC Heap History (0 events):
No events

Deoptimization events (0 events):
No events

Classes redefined (0 events):
No events

Internal exceptions (0 events):
No events

Events (10 events):
Event: 0.052 loading class java/io/FileOutputStream
Event: 0.052 loading class java/io/OutputStream
Event: 0.052 loading class java/io/Flushable
Event: 0.052 loading class java/io/Flushable done
Event: 0.052 loading class java/io/OutputStream done
Event: 0.052 loading class java/io/FileOutputStream done
Event: 0.052 loading class java/io/BufferedInputStream
Event: 0.052 loading class java/io/FilterInputStream
Event: 0.052 loading class java/io/FilterInputStream done
Event: 0.052 loading class java/io/BufferedInputStream done


Dynamic libraries:
00400000-00401000 r-xp 00000000 fd:02 80675782                           /home/dcslab/cgmin/jdk12.0.1/build/linux-x86_64-server-release/jdk/bin/jmod
00601000-00602000 r--p 00001000 fd:02 80675782                           /home/dcslab/cgmin/jdk12.0.1/build/linux-x86_64-server-release/jdk/bin/jmod
00602000-00603000 rw-p 00002000 fd:02 80675782                           /home/dcslab/cgmin/jdk12.0.1/build/linux-x86_64-server-release/jdk/bin/jmod
01afb000-01b1c000 rw-p 00000000 00:00 0                                  [heap]
e0000000-e0aa0000 rw-p 00000000 00:00 0 
e0aa0000-eaaa0000 ---p 00000000 00:00 0 
eaaa0000-ec000000 rw-p 00000000 00:00 0 
ec000000-100000000 ---p 00000000 00:00 0 
100000000-100060000 rw-p 00000000 00:00 0 
100060000-140000000 ---p 00000000 00:00 0 
14ec45ad6000-14ec4c000000 r--p 00000000 fd:00 1524467                    /usr/lib/locale/locale-archive
14ec4c000000-14ec4c021000 rw-p 00000000 00:00 0 
14ec4c021000-14ec50000000 ---p 00000000 00:00 0 
14ec50000000-14ec50021000 rw-p 00000000 00:00 0 
14ec50021000-14ec54000000 ---p 00000000 00:00 0 
14ec54000000-14ec54021000 rw-p 00000000 00:00 0 
14ec54021000-14ec58000000 ---p 00000000 00:00 0 
14ec59000000-14ec59270000 rwxp 00000000 00:00 0 
14ec59270000-14ec59d40000 ---p 00000000 00:00 0 
14ec59d40000-14ec59fb0000 rwxp 00000000 00:00 0 
14ec59fb0000-14ec68000000 ---p 00000000 00:00 0 
14ec68000000-14ec680b9000 rw-p 00000000 00:00 0 
14ec680b9000-14ec6c000000 ---p 00000000 00:00 0 
14ec6cb16000-14ec6cf0c000 rw-p 00000000 00:00 0 
14ec6cf0c000-14ec6cf10000 ---p 00000000 00:00 0 
14ec6cf10000-14ec6d00d000 rw-p 00000000 00:00 0 
14ec6d00d000-14ec6d011000 ---p 00000000 00:00 0 
14ec6d011000-14ec6d10e000 rw-p 00000000 00:00 0 
14ec6d10e000-14ec6d10f000 ---p 00000000 00:00 0 
14ec6d10f000-14ec6d72d000 rw-p 00000000 00:00 0 
14ec6d72d000-14ec6db2d000 ---p 00000000 00:00 0 
14ec6db2d000-14ec6db54000 rw-p 00000000 00:00 0 
14ec6db54000-14ec6dba3000 ---p 00000000 00:00 0 
14ec6dba3000-14ec6dbae000 rw-p 00000000 00:00 0 
14ec6dbae000-14ec6dc4e000 ---p 00000000 00:00 0 
14ec6dc4e000-14ec6dc54000 rw-p 00000000 00:00 0 
14ec6dc54000-14ec6de15000 ---p 00000000 00:00 0 
14ec6de15000-14ec6de1a000 r-xp 00000000 fd:02 80674781                   /home/dcslab/cgmin/jdk12.0.1/build/linux-x86_64-server-release/jdk/lib/libjimage.so
14ec6de1a000-14ec6e01a000 ---p 00005000 fd:02 80674781                   /home/dcslab/cgmin/jdk12.0.1/build/linux-x86_64-server-release/jdk/lib/libjimage.so
14ec6e01a000-14ec6e01b000 r--p 00005000 fd:02 80674781                   /home/dcslab/cgmin/jdk12.0.1/build/linux-x86_64-server-release/jdk/lib/libjimage.so
14ec6e01b000-14ec6e01c000 rw-p 00006000 fd:02 80674781                   /home/dcslab/cgmin/jdk12.0.1/build/linux-x86_64-server-release/jdk/lib/libjimage.so
14ec6e01c000-14ec6e023000 r-xp 00000000 fd:02 80674755                   /home/dcslab/cgmin/jdk12.0.1/build/linux-x86_64-server-release/jdk/lib/libzip.so
14ec6e023000-14ec6e222000 ---p 00007000 fd:02 80674755                   /home/dcslab/cgmin/jdk12.0.1/build/linux-x86_64-server-release/jdk/lib/libzip.so
14ec6e222000-14ec6e223000 r--p 00006000 fd:02 80674755                   /home/dcslab/cgmin/jdk12.0.1/build/linux-x86_64-server-release/jdk/lib/libzip.so
14ec6e223000-14ec6e224000 rw-p 00007000 fd:02 80674755                   /home/dcslab/cgmin/jdk12.0.1/build/linux-x86_64-server-release/jdk/lib/libzip.so
14ec6e224000-14ec6e230000 r-xp 00000000 fd:00 67527450                   /usr/lib64/libnss_files-2.17.so
14ec6e230000-14ec6e42f000 ---p 0000c000 fd:00 67527450                   /usr/lib64/libnss_files-2.17.so
14ec6e42f000-14ec6e430000 r--p 0000b000 fd:00 67527450                   /usr/lib64/libnss_files-2.17.so
14ec6e430000-14ec6e431000 rw-p 0000c000 fd:00 67527450                   /usr/lib64/libnss_files-2.17.so
14ec6e431000-14ec6e437000 rw-p 00000000 00:00 0 
14ec6e437000-14ec6e45f000 r-xp 00000000 fd:02 80674673                   /home/dcslab/cgmin/jdk12.0.1/build/linux-x86_64-server-release/jdk/lib/libjava.so
14ec6e45f000-14ec6e65e000 ---p 00028000 fd:02 80674673                   /home/dcslab/cgmin/jdk12.0.1/build/linux-x86_64-server-release/jdk/lib/libjava.so
14ec6e65e000-14ec6e65f000 r--p 00027000 fd:02 80674673                   /home/dcslab/cgmin/jdk12.0.1/build/linux-x86_64-server-release/jdk/lib/libjava.so
14ec6e65f000-14ec6e661000 rw-p 00028000 fd:02 80674673                   /home/dcslab/cgmin/jdk12.0.1/build/linux-x86_64-server-release/jdk/lib/libjava.so
14ec6e661000-14ec6e66e000 r-xp 00000000 fd:02 80674591                   /home/dcslab/cgmin/jdk12.0.1/build/linux-x86_64-server-release/jdk/lib/libverify.so
14ec6e66e000-14ec6e86d000 ---p 0000d000 fd:02 80674591                   /home/dcslab/cgmin/jdk12.0.1/build/linux-x86_64-server-release/jdk/lib/libverify.so
14ec6e86d000-14ec6e86f000 r--p 0000c000 fd:02 80674591                   /home/dcslab/cgmin/jdk12.0.1/build/linux-x86_64-server-release/jdk/lib/libverify.so
14ec6e86f000-14ec6e870000 rw-p 0000e000 fd:02 80674591                   /home/dcslab/cgmin/jdk12.0.1/build/linux-x86_64-server-release/jdk/lib/libverify.so
14ec6e870000-14ec6e885000 r-xp 00000000 fd:00 67349682                   /usr/lib64/libgcc_s-4.8.5-20150702.so.1
14ec6e885000-14ec6ea84000 ---p 00015000 fd:00 67349682                   /usr/lib64/libgcc_s-4.8.5-20150702.so.1
14ec6ea84000-14ec6ea85000 r--p 00014000 fd:00 67349682                   /usr/lib64/libgcc_s-4.8.5-20150702.so.1
14ec6ea85000-14ec6ea86000 rw-p 00015000 fd:00 67349682                   /usr/lib64/libgcc_s-4.8.5-20150702.so.1
14ec6ea86000-14ec6eb87000 r-xp 00000000 fd:00 67412312                   /usr/lib64/libm-2.17.so
14ec6eb87000-14ec6ed86000 ---p 00101000 fd:00 67412312                   /usr/lib64/libm-2.17.so
14ec6ed86000-14ec6ed87000 r--p 00100000 fd:00 67412312                   /usr/lib64/libm-2.17.so
14ec6ed87000-14ec6ed88000 rw-p 00101000 fd:00 67412312                   /usr/lib64/libm-2.17.so
14ec6ed88000-14ec6ee71000 r-xp 00000000 fd:00 67349699                   /usr/lib64/libstdc++.so.6.0.19
14ec6ee71000-14ec6f070000 ---p 000e9000 fd:00 67349699                   /usr/lib64/libstdc++.so.6.0.19
14ec6f070000-14ec6f078000 r--p 000e8000 fd:00 67349699                   /usr/lib64/libstdc++.so.6.0.19
14ec6f078000-14ec6f07a000 rw-p 000f0000 fd:00 67349699                   /usr/lib64/libstdc++.so.6.0.19
14ec6f07a000-14ec6f08f000 rw-p 00000000 00:00 0 
14ec6f08f000-14ec702d4000 r-xp 00000000 fd:02 80670104                   /home/dcslab/cgmin/jdk12.0.1/build/linux-x86_64-server-release/jdk/lib/server/libjvm.so
14ec702d4000-14ec704d4000 ---p 01245000 fd:02 80670104                   /home/dcslab/cgmin/jdk12.0.1/build/linux-x86_64-server-release/jdk/lib/server/libjvm.so
14ec704d4000-14ec705a9000 r--p 01245000 fd:02 80670104                   /home/dcslab/cgmin/jdk12.0.1/build/linux-x86_64-server-release/jdk/lib/server/libjvm.so
14ec705a9000-14ec705e5000 rw-p 0131a000 fd:02 80670104                   /home/dcslab/cgmin/jdk12.0.1/build/linux-x86_64-server-release/jdk/lib/server/libjvm.so
14ec705e5000-14ec7066b000 rw-p 00000000 00:00 0 
14ec7066b000-14ec7082d000 r-xp 00000000 fd:00 67116114                   /usr/lib64/libc-2.17.so
14ec7082d000-14ec70a2d000 ---p 001c2000 fd:00 67116114                   /usr/lib64/libc-2.17.so
14ec70a2d000-14ec70a31000 r--p 001c2000 fd:00 67116114                   /usr/lib64/libc-2.17.so
14ec70a31000-14ec70a33000 rw-p 001c6000 fd:00 67116114                   /usr/lib64/libc-2.17.so
14ec70a33000-14ec70a38000 rw-p 00000000 00:00 0 
14ec70a38000-14ec70a3a000 r-xp 00000000 fd:00 67412311                   /usr/lib64/libdl-2.17.so
14ec70a3a000-14ec70c3a000 ---p 00002000 fd:00 67412311                   /usr/lib64/libdl-2.17.so
14ec70c3a000-14ec70c3b000 r--p 00002000 fd:00 67412311                   /usr/lib64/libdl-2.17.so
14ec70c3b000-14ec70c3c000 rw-p 00003000 fd:00 67412311                   /usr/lib64/libdl-2.17.so
14ec70c3c000-14ec70c53000 r-xp 00000000 fd:00 67527458                   /usr/lib64/libpthread-2.17.so
14ec70c53000-14ec70e52000 ---p 00017000 fd:00 67527458                   /usr/lib64/libpthread-2.17.so
14ec70e52000-14ec70e53000 r--p 00016000 fd:00 67527458                   /usr/lib64/libpthread-2.17.so
14ec70e53000-14ec70e54000 rw-p 00017000 fd:00 67527458                   /usr/lib64/libpthread-2.17.so
14ec70e54000-14ec70e58000 rw-p 00000000 00:00 0 
14ec70e58000-14ec70e67000 r-xp 00000000 fd:02 80674745                   /home/dcslab/cgmin/jdk12.0.1/build/linux-x86_64-server-release/jdk/lib/libjli.so
14ec70e67000-14ec71066000 ---p 0000f000 fd:02 80674745                   /home/dcslab/cgmin/jdk12.0.1/build/linux-x86_64-server-release/jdk/lib/libjli.so
14ec71066000-14ec71067000 r--p 0000e000 fd:02 80674745                   /home/dcslab/cgmin/jdk12.0.1/build/linux-x86_64-server-release/jdk/lib/libjli.so
14ec71067000-14ec71068000 rw-p 0000f000 fd:02 80674745                   /home/dcslab/cgmin/jdk12.0.1/build/linux-x86_64-server-release/jdk/lib/libjli.so
14ec71068000-14ec7107d000 r-xp 00000000 fd:00 67116158                   /usr/lib64/libz.so.1.2.7
14ec7107d000-14ec7127c000 ---p 00015000 fd:00 67116158                   /usr/lib64/libz.so.1.2.7
14ec7127c000-14ec7127d000 r--p 00014000 fd:00 67116158                   /usr/lib64/libz.so.1.2.7
14ec7127d000-14ec7127e000 rw-p 00015000 fd:00 67116158                   /usr/lib64/libz.so.1.2.7
14ec7127e000-14ec712a0000 r-xp 00000000 fd:00 67116101                   /usr/lib64/ld-2.17.so
14ec712a0000-14ec712cc000 rw-p 00000000 00:00 0 
14ec712cc000-14ec7136c000 ---p 00000000 00:00 0 
14ec7136c000-14ec71371000 rw-p 00000000 00:00 0 
14ec71371000-14ec71387000 ---p 00000000 00:00 0 
14ec71387000-14ec7138b000 ---p 00000000 00:00 0 
14ec7138b000-14ec7148d000 rw-p 00000000 00:00 0 
14ec71491000-14ec71493000 rw-p 00000000 00:00 0 
14ec71493000-14ec7149b000 rw-s 00000000 fd:00 76968834                   /tmp/hsperfdata_root/30525
14ec7149b000-14ec7149c000 ---p 00000000 00:00 0 
14ec7149c000-14ec7149d000 r--p 00000000 00:00 0 
14ec7149d000-14ec7149e000 ---p 00000000 00:00 0 
14ec7149e000-14ec7149f000 rw-p 00000000 00:00 0 
14ec7149f000-14ec714a0000 r--p 00021000 fd:00 67116101                   /usr/lib64/ld-2.17.so
14ec714a0000-14ec714a1000 rw-p 00022000 fd:00 67116101                   /usr/lib64/ld-2.17.so
14ec714a1000-14ec714a2000 rw-p 00000000 00:00 0 
7ffd95034000-7ffd95056000 rw-p 00000000 00:00 0                          [stack]
7ffd9507a000-7ffd9507d000 r--p 00000000 00:00 0                          [vvar]
7ffd9507d000-7ffd9507e000 r-xp 00000000 00:00 0                          [vdso]
ffffffffff600000-ffffffffff601000 r-xp 00000000 00:00 0                  [vsyscall]


VM Arguments:
jvm_args: -Dapplication.home=/home/dcslab/cgmin/jdk12.0.1/build/linux-x86_64-server-release/jdk -Xms8m -XX:+UseSerialGC -Xms32M -Xmx512M -XX:TieredStopAtLevel=1 -Djdk.module.main=jdk.jlink 
java_command: jdk.jlink/jdk.tools.jmod.Main create --module-version 12.0.1-internal --target-platform linux-amd64 --module-path /home/dcslab/cgmin/jdk12.0.1/build/linux-x86_64-server-release/images/jmods --libs /home/dcslab/cgmin/jdk12.0.1/build/linux-x86_64-server-release/support/modules_libs/java.security.jgss --class-path /home/dcslab/cgmin/jdk12.0.1/build/linux-x86_64-server-release/jdk/modules/java.security.jgss --legal-notices /home/dcslab/cgmin/jdk12.0.1/build/linux-x86_64-server-release/support/modules_legal/common --exclude **{_the.*,_*.marker,*.diz,*.debuginfo,*.dSYM/**,*.dSYM,*.pdb,*.map} /home/dcslab/cgmin/jdk12.0.1/build/linux-x86_64-server-release/support/jmods/java.security.jgss.jmod
java_class_path (initial): <not set>
Launcher Type: SUN_STANDARD

[Global flags]
     intx CICompilerCount                          = 15                                        {product} {ergonomic}
   size_t InitialHeapSize                          = 33554432                                  {product} {command line}
   size_t MaxHeapSize                              = 536870912                                 {product} {command line}
   size_t MaxNewSize                               = 178913280                                 {product} {ergonomic}
   size_t MinHeapDeltaBytes                        = 196608                                    {product} {ergonomic}
   size_t NewSize                                  = 11141120                                  {product} {ergonomic}
    uintx NonNMethodCodeHeapSize                   = 13893620                               {pd product} {ergonomic}
    uintx NonProfiledCodeHeapSize                  = 237764620                              {pd product} {ergonomic}
   size_t OldSize                                  = 22413312                                  {product} {ergonomic}
    uintx ProfiledCodeHeapSize                     = 0                                      {pd product} {ergonomic}
    uintx ReservedCodeCacheSize                    = 251658240                              {pd product} {ergonomic}
     bool SegmentedCodeCache                       = true                                      {product} {ergonomic}
     intx TieredStopAtLevel                        = 1                                         {product} {command line}
     bool UseCompressedClassPointers               = true                                 {lp64_product} {ergonomic}
     bool UseCompressedOops                        = true                                 {lp64_product} {ergonomic}
     bool UseSerialGC                              = true                                      {product} {command line}

Logging:
Log output configuration:
 #0: stdout all=warning uptime,level,tags
 #1: stderr all=off uptime,level,tags

Environment Variables:
PATH=/sbin:/bin:/usr/sbin:/usr/bin
USERNAME=root
LD_LIBRARY_PATH=:/usr/local/lib
SHELL=/bin/bash

Signal Handlers:
SIGSEGV: [libjvm.so+0xefc2c0], sa_mask[0]=11111111011111111101111111111110, sa_flags=SA_RESTART|SA_SIGINFO
SIGBUS: [libjvm.so+0xefc2c0], sa_mask[0]=11111111011111111101111111111110, sa_flags=SA_RESTART|SA_SIGINFO
SIGFPE: [libjvm.so+0xefc2c0], sa_mask[0]=11111111011111111101111111111110, sa_flags=SA_RESTART|SA_SIGINFO
SIGPIPE: [libjvm.so+0xbf1690], sa_mask[0]=11111111011111111101111111111110, sa_flags=SA_RESTART|SA_SIGINFO
SIGXFSZ: [libjvm.so+0xbf1690], sa_mask[0]=11111111011111111101111111111110, sa_flags=SA_RESTART|SA_SIGINFO
SIGILL: [libjvm.so+0xefc2c0], sa_mask[0]=11111111011111111101111111111110, sa_flags=SA_RESTART|SA_SIGINFO
SIGUSR2: [libjvm.so+0xbf1530], sa_mask[0]=00000000000000000000000000000000, sa_flags=SA_RESTART|SA_SIGINFO
SIGHUP: SIG_DFL, sa_mask[0]=00000000000000000000000000000000, sa_flags=none
SIGINT: SIG_DFL, sa_mask[0]=00000000000000000000000000000000, sa_flags=none
SIGTERM: SIG_DFL, sa_mask[0]=00000000000000000000000000000000, sa_flags=none
SIGQUIT: SIG_DFL, sa_mask[0]=00000000000000000000000000000000, sa_flags=none


---------------  S Y S T E M  ---------------

OS:CentOS Linux release 7.6.1810 (Core) 
uname:Linux 5.2.0PMC0722+ #25 SMP Thu Jul 25 15:52:11 KST 2019 x86_64
libc:glibc 2.17 NPTL 2.17 
rlimit: STACK infinity, CORE 0k, NPROC 512949, NOFILE 4096, AS infinity, DATA infinity, FSIZE infinity
load average:23.08 19.15 9.12

/proc/meminfo:
MemTotal:       131379228 kB
MemFree:        119557176 kB
MemAvailable:   125525224 kB
Buffers:            2120 kB
Cached:          6768984 kB
SwapCached:            0 kB
Active:          6174256 kB
Inactive:        3735452 kB
Active(anon):    3139216 kB
Inactive(anon):    25860 kB
Active(file):    3035040 kB
Inactive(file):  3709592 kB
Unevictable:           0 kB
Mlocked:               0 kB
SwapTotal:             0 kB
SwapFree:              0 kB
Dirty:            253812 kB
Writeback:             0 kB
AnonPages:       3125864 kB
Mapped:            91268 kB
Shmem:             26252 kB
KReclaimable:     409716 kB
Slab:             792472 kB
SReclaimable:     409716 kB
SUnreclaim:       382756 kB
KernelStack:       19936 kB
PageTables:        31632 kB
NFS_Unstable:          0 kB
Bounce:                0 kB
WritebackTmp:          0 kB
CommitLimit:    65689612 kB
Committed_AS:    4842440 kB
VmallocTotal:   34359738367 kB
VmallocUsed:           0 kB
VmallocChunk:          0 kB
Percpu:            14592 kB
HardwareCorrupted:     0 kB
CmaTotal:              0 kB
CmaFree:               0 kB
HugePages_Total:       0
HugePages_Free:        0
HugePages_Rsvd:        0
HugePages_Surp:        0
Hugepagesize:       2048 kB
Hugetlb:               0 kB
DirectMap4k:      566068 kB
DirectMap2M:    13998080 kB
DirectMap1G:    121634816 kB


/proc/sys/kernel/threads-max (system-wide limit on the number of threads):
1025899


/proc/sys/vm/max_map_count (maximum number of memory map areas a process may have):
65530


/proc/sys/kernel/pid_max (system-wide limit on number of process identifiers):
49152



container (cgroup) information:
container_type: cgroupv1
cpu_cpuset_cpus: 0-47
cpu_memory_nodes: 0
active_processor_count: 48
cpu_quota: -1
cpu_period: 100000
cpu_shares: -1
memory_limit_in_bytes: -1
memory_and_swap_limit_in_bytes: -1
memory_soft_limit_in_bytes: -1
memory_usage_in_bytes: 10153340928
memory_max_usage_in_bytes: 0


CPU:total 48 (initial active 48) (12 cores per cpu, 2 threads per core) family 6 model 79 stepping 1, cmov, cx8, fxsr, mmx, sse, sse2, sse3, ssse3, sse4.1, sse4.2, popcnt, avx, avx2, aes, clmul, erms, rtm, 3dnowpref, lzcnt, ht, tsc, tscinvbit, bmi1, bmi2, adx, fma
CPU Model and flags from /proc/cpuinfo:
model name	: Intel(R) Xeon(R) CPU E5-2650 v4 @ 2.20GHz
flags		: fpu vme de pse tsc msr pae mce cx8 apic sep mtrr pge mca cmov pat pse36 clflush dts acpi mmx fxsr sse sse2 ss ht tm pbe syscall nx pdpe1gb rdtscp lm constant_tsc arch_perfmon pebs bts rep_good nopl xtopology nonstop_tsc cpuid aperfmperf pni pclmulqdq dtes64 monitor ds_cpl vmx smx est tm2 ssse3 sdbg fma cx16 xtpr pdcm pcid dca sse4_1 sse4_2 x2apic movbe popcnt aes xsave avx f16c rdrand lahf_lm abm 3dnowprefetch cpuid_fault epb cat_l3 cdp_l3 invpcid_single pti intel_ppin tpr_shadow vnmi flexpriority ept vpid ept_ad fsgsbase tsc_adjust bmi1 hle avx2 smep bmi2 erms invpcid rtm cqm rdt_a rdseed adx smap intel_pt xsaveopt cqm_llc cqm_occup_llc cqm_mbm_total cqm_mbm_local dtherm arat pln pts

Memory: 4k page, physical 131379228k(119563216k free), swap 0k(0k free)

vm_info: OpenJDK 64-Bit Server VM (12.0.1-internal+0-adhoc.root.jdk12.0.1) for linux-amd64 JRE (12.0.1-internal+0-adhoc.root.jdk12.0.1), built on Jul 26 2019 17:01:36 by "root" with gcc 4.8.5 20150623 (Red Hat 4.8.5-36)

END.
