#
# A fatal error has been detected by the Java Runtime Environment:
#
#  SIGSEGV (0xb) at pc=0x00002b5de181ffa1, pid=25354, tid=25361
#
# JRE version:  (12.0.1) (build )
# Java VM: OpenJDK 64-Bit Server VM (12.0.1-internal+0-adhoc.root.jdk12.0.1, mixed mode, tiered, compressed oops, serial gc, linux-amd64)
# Problematic frame:
# V  [libjvm.so+0xb3ffa1]  ClassAllocator::initialize(HeapWord*) const+0x21
#
# No core dump will be written. Core dumps have been disabled. To enable core dumping, try "ulimit -c unlimited" before starting Java again
#
# If you would like to submit a bug report, please visit:
#   http://bugreport.java.com/bugreport/crash.jsp
#

---------------  S U M M A R Y ------------

Command Line: -Dapplication.home=/home/dcslab/cgmin/jdk12.0.1/build/linux-x86_64-server-release/jdk -Xms8m -XX:+UseSerialGC -Xms32M -Xmx512M -XX:TieredStopAtLevel=1 -Djdk.module.main=jdk.jlink jdk.jlink/jdk.tools.jmod.Main create --module-version 12.0.1-internal --target-platform linux-amd64 --module-path /home/dcslab/cgmin/jdk12.0.1/build/linux-x86_64-server-release/images/jmods --class-path /home/dcslab/cgmin/jdk12.0.1/build/linux-x86_64-server-release/jdk/modules/jdk.localedata --legal-notices /home/dcslab/cgmin/jdk12.0.1/build/linux-x86_64-server-release/support/modules_legal/common:/home/dcslab/cgmin/jdk12.0.1/src/jdk.localedata/share/legal --exclude **{_the.*,_*.marker,*.diz,*.debuginfo,*.dSYM/**,*.dSYM,*.pdb,*.map} /home/dcslab/cgmin/jdk12.0.1/build/linux-x86_64-server-release/support/jmods/jdk.localedata.jmod

Host: Intel(R) Xeon(R) CPU E5-2650 v4 @ 2.20GHz, 48 cores, 124G, CentOS Linux release 7.6.1810 (Core) 
Time: Thu Jul 18 18:57:11 2019 KST elapsed time: 0 seconds (0d 0h 0m 0s)

---------------  T H R E A D  ---------------

Current thread (0x00002b5de4010000):  JavaThread "Unknown thread" [_thread_in_vm, id=25361, stack(0x00002b5ddfee2000,0x00002b5ddffe3000)]

Stack: [0x00002b5ddfee2000,0x00002b5ddffe3000],  sp=0x00002b5ddffe1960,  free space=1022k
Native frames: (J=compiled Java code, A=aot compiled Java code, j=interpreted, Vv=VM code, C=native code)
V  [libjvm.so+0xb3ffa1]  ClassAllocator::initialize(HeapWord*) const+0x21
V  [libjvm.so+0xb40733]  MemAllocator::allocate() const+0x73
V  [libjvm.so+0x61550d]  CollectedHeap::class_allocate(Klass*, int, Thread*)+0x3d
V  [libjvm.so+0x886508]  java_lang_Class::create_basic_type_mirror(char const*, BasicType, Thread*)+0x28
V  [libjvm.so+0xeb83b4]  Universe::initialize_basic_type_mirrors(Thread*)+0xd4
V  [libjvm.so+0xe3faa3]  SystemDictionary::resolve_well_known_classes(Thread*)+0xa3
V  [libjvm.so+0xeb8105]  Universe::genesis(Thread*)+0x2a5
V  [libjvm.so+0xeb924c]  universe2_init()+0x2c
V  [libjvm.so+0x851cba]  init_globals()+0xaa
V  [libjvm.so+0xe91d3c]  Threads::create_vm(JavaVMInitArgs*, bool*)+0x4bc
V  [libjvm.so+0x908c08]  JNI_CreateJavaVM+0x58
C  [libjli.so+0x4814]  JavaMain+0x84


siginfo: si_signo: 11 (SIGSEGV), si_code: 1 (SEGV_MAPERR), si_addr: 0x000000000000001c

Registers:
RAX=0x0000000000000010, RBX=0x0000000000000010, RCX=0x0000000000000078, RDX=0x00002b5de21e8c90
RSP=0x00002b5ddffe1960, RBP=0x00002b5ddffe1980, RSI=0x0000000000000010, RDI=0x00002b5ddffe1a10
R8 =0x00002b5de12f54d0, R9 =0x0000000100002940, R10=0x0000000000000313, R11=0x00002b5de22b3060
R12=0x00002b5ddffe1a10, R13=0x00002b5de2268c44, R14=0x00002b5de400eb10, R15=0x00002b5de22b0720
RIP=0x00002b5de181ffa1, EFLAGS=0x0000000000010202, CSGSFS=0x002b000000000033, ERR=0x0000000000000006
  TRAPNO=0x000000000000000e

Top of Stack: (sp=0x00002b5ddffe1960)
0x00002b5ddffe1960:   00002b5de3869928 00002b5ddffe1a10
0x00002b5ddffe1970:   0000000000000000 00002b5ddffe19a0
0x00002b5ddffe1980:   00002b5ddffe1a00 00002b5de1820733
0x00002b5ddffe1990:   00002b5d00000036 0000000000000000 

Instructions: (pc=0x00002b5de181ffa1)
0x00002b5de181ff81:   48 89 e5 41 55 41 54 49 89 fc 53 48 89 f3 48 83
0x00002b5de181ff91:   ec 08 4c 8d 2d aa 8c a4 00 41 80 7d 00 00 74 07
0x00002b5de181ffa1:   c7 46 0c 00 00 00 00 49 8b 74 24 20 48 83 fe 02
0x00002b5de181ffb1:   74 18 48 8d 14 f5 f0 ff ff ff 48 8d 7b 10 31 f6 


---------------  P R O C E S S  ---------------

Threads class SMR info:
_java_thread_list=0x00002b5de22afc40, length=0, elements={
}

Java Threads: ( => current thread )

Other Threads:

=>0x00002b5de4010000 (exited) JavaThread "Unknown thread" [_thread_in_vm, id=25361, stack(0x00002b5ddfee2000,0x00002b5ddffe3000)]

Threads with active compile tasks:

VM state:not at safepoint (not fully initialized)

VM Mutex/Monitor currently owned by a thread: None

Heap address: 0x00000000e0000000, size: 512 MB, Compressed Oops mode: 32-bit
Narrow klass base: 0x0000000000000000, Narrow klass shift: 3
Compressed class space size: 1073741824 Address: 0x0000000100000000

GC Heap History (0 events):
No events

Deoptimization events (0 events):
No events

Classes redefined (0 events):
No events

Internal exceptions (0 events):
No events

Events (10 events):
Event: 0.008 loading class java/lang/reflect/AnnotatedElement
Event: 0.008 loading class java/lang/reflect/AnnotatedElement done
Event: 0.008 loading class java/lang/reflect/GenericDeclaration done
Event: 0.008 loading class java/lang/reflect/Type
Event: 0.009 loading class java/lang/reflect/Type done
Event: 0.009 loading class java/lang/invoke/TypeDescriptor$OfField
Event: 0.009 loading class java/lang/invoke/TypeDescriptor
Event: 0.009 loading class java/lang/invoke/TypeDescriptor done
Event: 0.009 loading class java/lang/invoke/TypeDescriptor$OfField done
Event: 0.009 loading class java/lang/Class done


Dynamic libraries:
00400000-00401000 r-xp 00000000 fd:02 233300582                          /home/dcslab/cgmin/jdk12.0.1/build/linux-x86_64-server-release/jdk/bin/jmod
00601000-00602000 r--p 00001000 fd:02 233300582                          /home/dcslab/cgmin/jdk12.0.1/build/linux-x86_64-server-release/jdk/bin/jmod
00602000-00603000 rw-p 00002000 fd:02 233300582                          /home/dcslab/cgmin/jdk12.0.1/build/linux-x86_64-server-release/jdk/bin/jmod
01c52000-01c73000 rw-p 00000000 00:00 0                                  [heap]
e0000000-e0aa0000 rw-p 00000000 00:00 0 
e0aa0000-eaaa0000 ---p 00000000 00:00 0 
eaaa0000-ec000000 rw-p 00000000 00:00 0 
ec000000-100000000 ---p 00000000 00:00 0 
100000000-100060000 rw-p 00000000 00:00 0 
100060000-140000000 ---p 00000000 00:00 0 
2b5ddfea9000-2b5ddfecb000 r-xp 00000000 fd:00 67116101                   /usr/lib64/ld-2.17.so
2b5ddfecb000-2b5ddfecc000 rw-p 00000000 00:00 0 
2b5ddfecc000-2b5ddfece000 ---p 00000000 00:00 0 
2b5ddfece000-2b5ddfecf000 r--p 00000000 00:00 0 
2b5ddfecf000-2b5ddfed7000 rw-s 00000000 fd:00 67645819                   /tmp/hsperfdata_root/25354
2b5ddfed7000-2b5ddfed9000 rw-p 00000000 00:00 0 
2b5ddfedd000-2b5ddfee2000 rw-p 00000000 00:00 0 
2b5ddfee2000-2b5ddfee6000 ---p 00000000 00:00 0 
2b5ddfee6000-2b5ddffe8000 rw-p 00000000 00:00 0 
2b5ddffe8000-2b5ddfffe000 ---p 00000000 00:00 0 
2b5ddfffe000-2b5de0009000 rw-p 00000000 00:00 0 
2b5de0009000-2b5de00a9000 ---p 00000000 00:00 0 
2b5de00a9000-2b5de00ca000 rw-p 00000000 00:00 0 
2b5de00ca000-2b5de00cb000 r--p 00021000 fd:00 67116101                   /usr/lib64/ld-2.17.so
2b5de00cb000-2b5de00cc000 rw-p 00022000 fd:00 67116101                   /usr/lib64/ld-2.17.so
2b5de00cc000-2b5de00cd000 rw-p 00000000 00:00 0 
2b5de00cd000-2b5de00e2000 r-xp 00000000 fd:00 67116158                   /usr/lib64/libz.so.1.2.7
2b5de00e2000-2b5de02e1000 ---p 00015000 fd:00 67116158                   /usr/lib64/libz.so.1.2.7
2b5de02e1000-2b5de02e2000 r--p 00014000 fd:00 67116158                   /usr/lib64/libz.so.1.2.7
2b5de02e2000-2b5de02e3000 rw-p 00015000 fd:00 67116158                   /usr/lib64/libz.so.1.2.7
2b5de02e3000-2b5de02f2000 r-xp 00000000 fd:02 233283259                  /home/dcslab/cgmin/jdk12.0.1/build/linux-x86_64-server-release/jdk/lib/libjli.so
2b5de02f2000-2b5de04f1000 ---p 0000f000 fd:02 233283259                  /home/dcslab/cgmin/jdk12.0.1/build/linux-x86_64-server-release/jdk/lib/libjli.so
2b5de04f1000-2b5de04f2000 r--p 0000e000 fd:02 233283259                  /home/dcslab/cgmin/jdk12.0.1/build/linux-x86_64-server-release/jdk/lib/libjli.so
2b5de04f2000-2b5de04f3000 rw-p 0000f000 fd:02 233283259                  /home/dcslab/cgmin/jdk12.0.1/build/linux-x86_64-server-release/jdk/lib/libjli.so
2b5de04f3000-2b5de050a000 r-xp 00000000 fd:00 67527458                   /usr/lib64/libpthread-2.17.so
2b5de050a000-2b5de0709000 ---p 00017000 fd:00 67527458                   /usr/lib64/libpthread-2.17.so
2b5de0709000-2b5de070a000 r--p 00016000 fd:00 67527458                   /usr/lib64/libpthread-2.17.so
2b5de070a000-2b5de070b000 rw-p 00017000 fd:00 67527458                   /usr/lib64/libpthread-2.17.so
2b5de070b000-2b5de070f000 rw-p 00000000 00:00 0 
2b5de070f000-2b5de0711000 r-xp 00000000 fd:00 67412311                   /usr/lib64/libdl-2.17.so
2b5de0711000-2b5de0911000 ---p 00002000 fd:00 67412311                   /usr/lib64/libdl-2.17.so
2b5de0911000-2b5de0912000 r--p 00002000 fd:00 67412311                   /usr/lib64/libdl-2.17.so
2b5de0912000-2b5de0913000 rw-p 00003000 fd:00 67412311                   /usr/lib64/libdl-2.17.so
2b5de0913000-2b5de0ad5000 r-xp 00000000 fd:00 67116114                   /usr/lib64/libc-2.17.so
2b5de0ad5000-2b5de0cd5000 ---p 001c2000 fd:00 67116114                   /usr/lib64/libc-2.17.so
2b5de0cd5000-2b5de0cd9000 r--p 001c2000 fd:00 67116114                   /usr/lib64/libc-2.17.so
2b5de0cd9000-2b5de0cdb000 rw-p 001c6000 fd:00 67116114                   /usr/lib64/libc-2.17.so
2b5de0cdb000-2b5de0ce0000 rw-p 00000000 00:00 0 
2b5de0ce0000-2b5de1f25000 r-xp 00000000 fd:02 149929323                  /home/dcslab/cgmin/jdk12.0.1/build/linux-x86_64-server-release/jdk/lib/server/libjvm.so
2b5de1f25000-2b5de2125000 ---p 01245000 fd:02 149929323                  /home/dcslab/cgmin/jdk12.0.1/build/linux-x86_64-server-release/jdk/lib/server/libjvm.so
2b5de2125000-2b5de21fa000 r--p 01245000 fd:02 149929323                  /home/dcslab/cgmin/jdk12.0.1/build/linux-x86_64-server-release/jdk/lib/server/libjvm.so
2b5de21fa000-2b5de2236000 rw-p 0131a000 fd:02 149929323                  /home/dcslab/cgmin/jdk12.0.1/build/linux-x86_64-server-release/jdk/lib/server/libjvm.so
2b5de2236000-2b5de22bc000 rw-p 00000000 00:00 0 
2b5de22bc000-2b5de23a5000 r-xp 00000000 fd:00 67349699                   /usr/lib64/libstdc++.so.6.0.19
2b5de23a5000-2b5de25a4000 ---p 000e9000 fd:00 67349699                   /usr/lib64/libstdc++.so.6.0.19
2b5de25a4000-2b5de25ac000 r--p 000e8000 fd:00 67349699                   /usr/lib64/libstdc++.so.6.0.19
2b5de25ac000-2b5de25ae000 rw-p 000f0000 fd:00 67349699                   /usr/lib64/libstdc++.so.6.0.19
2b5de25ae000-2b5de25c3000 rw-p 00000000 00:00 0 
2b5de25c3000-2b5de26c4000 r-xp 00000000 fd:00 67412312                   /usr/lib64/libm-2.17.so
2b5de26c4000-2b5de28c3000 ---p 00101000 fd:00 67412312                   /usr/lib64/libm-2.17.so
2b5de28c3000-2b5de28c4000 r--p 00100000 fd:00 67412312                   /usr/lib64/libm-2.17.so
2b5de28c4000-2b5de28c5000 rw-p 00101000 fd:00 67412312                   /usr/lib64/libm-2.17.so
2b5de28c5000-2b5de28da000 r-xp 00000000 fd:00 67349682                   /usr/lib64/libgcc_s-4.8.5-20150702.so.1
2b5de28da000-2b5de2ad9000 ---p 00015000 fd:00 67349682                   /usr/lib64/libgcc_s-4.8.5-20150702.so.1
2b5de2ad9000-2b5de2ada000 r--p 00014000 fd:00 67349682                   /usr/lib64/libgcc_s-4.8.5-20150702.so.1
2b5de2ada000-2b5de2adb000 rw-p 00015000 fd:00 67349682                   /usr/lib64/libgcc_s-4.8.5-20150702.so.1
2b5de2adb000-2b5de2ae8000 r-xp 00000000 fd:02 233283245                  /home/dcslab/cgmin/jdk12.0.1/build/linux-x86_64-server-release/jdk/lib/libverify.so
2b5de2ae8000-2b5de2ce7000 ---p 0000d000 fd:02 233283245                  /home/dcslab/cgmin/jdk12.0.1/build/linux-x86_64-server-release/jdk/lib/libverify.so
2b5de2ce7000-2b5de2ce9000 r--p 0000c000 fd:02 233283245                  /home/dcslab/cgmin/jdk12.0.1/build/linux-x86_64-server-release/jdk/lib/libverify.so
2b5de2ce9000-2b5de2cea000 rw-p 0000e000 fd:02 233283245                  /home/dcslab/cgmin/jdk12.0.1/build/linux-x86_64-server-release/jdk/lib/libverify.so
2b5de2cea000-2b5de2d12000 r-xp 00000000 fd:02 233283260                  /home/dcslab/cgmin/jdk12.0.1/build/linux-x86_64-server-release/jdk/lib/libjava.so
2b5de2d12000-2b5de2f11000 ---p 00028000 fd:02 233283260                  /home/dcslab/cgmin/jdk12.0.1/build/linux-x86_64-server-release/jdk/lib/libjava.so
2b5de2f11000-2b5de2f12000 r--p 00027000 fd:02 233283260                  /home/dcslab/cgmin/jdk12.0.1/build/linux-x86_64-server-release/jdk/lib/libjava.so
2b5de2f12000-2b5de2f14000 rw-p 00028000 fd:02 233283260                  /home/dcslab/cgmin/jdk12.0.1/build/linux-x86_64-server-release/jdk/lib/libjava.so
2b5de2f14000-2b5de2f20000 r-xp 00000000 fd:00 67527450                   /usr/lib64/libnss_files-2.17.so
2b5de2f20000-2b5de311f000 ---p 0000c000 fd:00 67527450                   /usr/lib64/libnss_files-2.17.so
2b5de311f000-2b5de3120000 r--p 0000b000 fd:00 67527450                   /usr/lib64/libnss_files-2.17.so
2b5de3120000-2b5de3121000 rw-p 0000c000 fd:00 67527450                   /usr/lib64/libnss_files-2.17.so
2b5de3121000-2b5de3127000 rw-p 00000000 00:00 0 
2b5de3127000-2b5de312e000 r-xp 00000000 fd:02 233283271                  /home/dcslab/cgmin/jdk12.0.1/build/linux-x86_64-server-release/jdk/lib/libzip.so
2b5de312e000-2b5de332d000 ---p 00007000 fd:02 233283271                  /home/dcslab/cgmin/jdk12.0.1/build/linux-x86_64-server-release/jdk/lib/libzip.so
2b5de332d000-2b5de332e000 r--p 00006000 fd:02 233283271                  /home/dcslab/cgmin/jdk12.0.1/build/linux-x86_64-server-release/jdk/lib/libzip.so
2b5de332e000-2b5de332f000 rw-p 00007000 fd:02 233283271                  /home/dcslab/cgmin/jdk12.0.1/build/linux-x86_64-server-release/jdk/lib/libzip.so
2b5de332f000-2b5de3334000 r-xp 00000000 fd:02 233283273                  /home/dcslab/cgmin/jdk12.0.1/build/linux-x86_64-server-release/jdk/lib/libjimage.so
2b5de3334000-2b5de3534000 ---p 00005000 fd:02 233283273                  /home/dcslab/cgmin/jdk12.0.1/build/linux-x86_64-server-release/jdk/lib/libjimage.so
2b5de3534000-2b5de3535000 r--p 00005000 fd:02 233283273                  /home/dcslab/cgmin/jdk12.0.1/build/linux-x86_64-server-release/jdk/lib/libjimage.so
2b5de3535000-2b5de3536000 rw-p 00006000 fd:02 233283273                  /home/dcslab/cgmin/jdk12.0.1/build/linux-x86_64-server-release/jdk/lib/libjimage.so
2b5de3536000-2b5de353b000 rw-p 00000000 00:00 0 
2b5de353b000-2b5de36fc000 ---p 00000000 00:00 0 
2b5de36fc000-2b5de3702000 rw-p 00000000 00:00 0 
2b5de3702000-2b5de3751000 ---p 00000000 00:00 0 
2b5de3751000-2b5de375c000 rw-p 00000000 00:00 0 
2b5de375c000-2b5de37fc000 ---p 00000000 00:00 0 
2b5de37fc000-2b5de3d31000 rw-p 00000000 00:00 0 
2b5de4000000-2b5de405f000 rw-p 00000000 00:00 0 
2b5de405f000-2b5de8000000 ---p 00000000 00:00 0 
2b5de8000000-2b5de8270000 rwxp 00000000 00:00 0 
2b5de8270000-2b5de8d40000 ---p 00000000 00:00 0 
2b5de8d40000-2b5de8fb0000 rwxp 00000000 00:00 0 
2b5de8fb0000-2b5df7000000 ---p 00000000 00:00 0 
2b5df7000000-2b5df7400000 rw-p 00000000 00:00 0 
2b5df7400000-2b5df7800000 ---p 00000000 00:00 0 
7ffd63e2b000-7ffd63e4d000 rw-p 00000000 00:00 0                          [stack]
7ffd63f47000-7ffd63f4a000 r--p 00000000 00:00 0                          [vvar]
7ffd63f4a000-7ffd63f4c000 r-xp 00000000 00:00 0                          [vdso]
ffffffffff600000-ffffffffff601000 r-xp 00000000 00:00 0                  [vsyscall]


VM Arguments:
jvm_args: -Dapplication.home=/home/dcslab/cgmin/jdk12.0.1/build/linux-x86_64-server-release/jdk -Xms8m -XX:+UseSerialGC -Xms32M -Xmx512M -XX:TieredStopAtLevel=1 -Djdk.module.main=jdk.jlink 
java_command: jdk.jlink/jdk.tools.jmod.Main create --module-version 12.0.1-internal --target-platform linux-amd64 --module-path /home/dcslab/cgmin/jdk12.0.1/build/linux-x86_64-server-release/images/jmods --class-path /home/dcslab/cgmin/jdk12.0.1/build/linux-x86_64-server-release/jdk/modules/jdk.localedata --legal-notices /home/dcslab/cgmin/jdk12.0.1/build/linux-x86_64-server-release/support/modules_legal/common:/home/dcslab/cgmin/jdk12.0.1/src/jdk.localedata/share/legal --exclude **{_the.*,_*.marker,*.diz,*.debuginfo,*.dSYM/**,*.dSYM,*.pdb,*.map} /home/dcslab/cgmin/jdk12.0.1/build/linux-x86_64-server-release/support/jmods/jdk.localedata.jmod
java_class_path (initial): <not set>
Launcher Type: SUN_STANDARD

[Global flags]
     intx CICompilerCount                          = 15                                        {product} {ergonomic}
   size_t InitialHeapSize                          = 33554432                                  {product} {command line}
   size_t MaxHeapSize                              = 536870912                                 {product} {command line}
   size_t MaxNewSize                               = 178913280                                 {product} {ergonomic}
   size_t MinHeapDeltaBytes                        = 196608                                    {product} {ergonomic}
   size_t NewSize                                  = 11141120                                  {product} {ergonomic}
    uintx NonNMethodCodeHeapSize                   = 13893620                               {pd product} {ergonomic}
    uintx NonProfiledCodeHeapSize                  = 237764620                              {pd product} {ergonomic}
   size_t OldSize                                  = 22413312                                  {product} {ergonomic}
    uintx ProfiledCodeHeapSize                     = 0                                      {pd product} {ergonomic}
    uintx ReservedCodeCacheSize                    = 251658240                              {pd product} {ergonomic}
     bool SegmentedCodeCache                       = true                                      {product} {ergonomic}
     intx TieredStopAtLevel                        = 1                                         {product} {command line}
     bool UseCompressedClassPointers               = true                                 {lp64_product} {ergonomic}
     bool UseCompressedOops                        = true                                 {lp64_product} {ergonomic}
     bool UseSerialGC                              = true                                      {product} {command line}

Logging:
Log output configuration:
 #0: stdout all=warning uptime,level,tags
 #1: stderr all=off uptime,level,tags

Environment Variables:
PATH=/sbin:/bin:/usr/sbin:/usr/bin
USERNAME=root
LD_LIBRARY_PATH=:/usr/local/lib
SHELL=/bin/bash

Signal Handlers:
SIGSEGV: [libjvm.so+0xefc190], sa_mask[0]=11111111011111111101111111111110, sa_flags=SA_RESTART|SA_SIGINFO
SIGBUS: [libjvm.so+0xefc190], sa_mask[0]=11111111011111111101111111111110, sa_flags=SA_RESTART|SA_SIGINFO
SIGFPE: [libjvm.so+0xefc190], sa_mask[0]=11111111011111111101111111111110, sa_flags=SA_RESTART|SA_SIGINFO
SIGPIPE: [libjvm.so+0xbf1430], sa_mask[0]=11111111011111111101111111111110, sa_flags=SA_RESTART|SA_SIGINFO
SIGXFSZ: [libjvm.so+0xbf1430], sa_mask[0]=11111111011111111101111111111110, sa_flags=SA_RESTART|SA_SIGINFO
SIGILL: [libjvm.so+0xefc190], sa_mask[0]=11111111011111111101111111111110, sa_flags=SA_RESTART|SA_SIGINFO
SIGUSR2: [libjvm.so+0xbf12d0], sa_mask[0]=00000000000000000000000000000000, sa_flags=SA_RESTART|SA_SIGINFO
SIGHUP: SIG_DFL, sa_mask[0]=00000000000000000000000000000000, sa_flags=none
SIGINT: SIG_DFL, sa_mask[0]=00000000000000000000000000000000, sa_flags=none
SIGTERM: SIG_DFL, sa_mask[0]=00000000000000000000000000000000, sa_flags=none
SIGQUIT: SIG_DFL, sa_mask[0]=00000000000000000000000000000000, sa_flags=none


---------------  S Y S T E M  ---------------

OS:CentOS Linux release 7.6.1810 (Core) 
uname:Linux 4.12.9RTFM0227+ #988 SMP Thu May 30 20:11:32 KST 2019 x86_64
libc:glibc 2.17 NPTL 2.17 
rlimit: STACK infinity, CORE 0k, NPROC 510968, NOFILE 4096, AS infinity, DATA infinity, FSIZE infinity
load average:0.78 3.25 5.06

/proc/meminfo:
MemTotal:       130865364 kB
MemFree:        122574632 kB
MemAvailable:   127445552 kB
Buffers:            2120 kB
Cached:          6095852 kB
SwapCached:            0 kB
Active:          3983796 kB
Inactive:        2372092 kB
Active(anon):     578152 kB
Inactive(anon):   189424 kB
Active(file):    3405644 kB
Inactive(file):  2182668 kB
Unevictable:           0 kB
Mlocked:               0 kB
SwapTotal:             0 kB
SwapFree:              0 kB
Dirty:            463832 kB
Writeback:        192200 kB
AnonPages:        254688 kB
Mapped:           257524 kB
Shmem:            510156 kB
Slab:             815108 kB
SReclaimable:     464640 kB
SUnreclaim:       350468 kB
KernelStack:       11072 kB
PageTables:         8536 kB
NFS_Unstable:          0 kB
Bounce:                0 kB
WritebackTmp:          0 kB
CommitLimit:    65432680 kB
Committed_AS:     882780 kB
VmallocTotal:   34359738367 kB
VmallocUsed:           0 kB
VmallocChunk:          0 kB
HardwareCorrupted:     0 kB
CmaTotal:              0 kB
CmaFree:               0 kB
HugePages_Total:       0
HugePages_Free:        0
HugePages_Rsvd:        0
HugePages_Surp:        0
Hugepagesize:       2048 kB
DirectMap4k:      830260 kB
DirectMap2M:    10588160 kB
DirectMap1G:    124780544 kB


/proc/sys/kernel/threads-max (system-wide limit on the number of threads):
1021936


/proc/sys/vm/max_map_count (maximum number of memory map areas a process may have):
65530


/proc/sys/kernel/pid_max (system-wide limit on number of process identifiers):
49152



container (cgroup) information:
container_type: cgroupv1
cpu_cpuset_cpus: 0-47
cpu_memory_nodes: 0
active_processor_count: 48
cpu_quota: -1
cpu_period: 100000
cpu_shares: -1
memory_limit_in_bytes: -1
memory_and_swap_limit_in_bytes: -1
memory_soft_limit_in_bytes: -1
memory_usage_in_bytes: 6505144320
memory_max_usage_in_bytes: 0


CPU:total 48 (initial active 48) (12 cores per cpu, 2 threads per core) family 6 model 79 stepping 1, cmov, cx8, fxsr, mmx, sse, sse2, sse3, ssse3, sse4.1, sse4.2, popcnt, avx, avx2, aes, clmul, erms, rtm, 3dnowpref, lzcnt, ht, tsc, tscinvbit, bmi1, bmi2, adx, fma
CPU Model and flags from /proc/cpuinfo:
model name	: Intel(R) Xeon(R) CPU E5-2650 v4 @ 2.20GHz
flags		: fpu vme de pse tsc msr pae mce cx8 apic sep mtrr pge mca cmov pat pse36 clflush dts acpi mmx fxsr sse sse2 ss ht tm pbe syscall nx pdpe1gb rdtscp lm constant_tsc arch_perfmon pebs bts rep_good nopl xtopology nonstop_tsc cpuid aperfmperf pni pclmulqdq dtes64 monitor ds_cpl vmx smx est tm2 ssse3 sdbg fma cx16 xtpr pdcm pcid dca sse4_1 sse4_2 x2apic movbe popcnt tsc_deadline_timer aes xsave avx f16c rdrand lahf_lm abm 3dnowprefetch cpuid_fault epb cat_l3 cdp_l3 intel_ppin intel_pt tpr_shadow vnmi flexpriority ept vpid fsgsbase tsc_adjust bmi1 hle avx2 smep bmi2 erms invpcid rtm cqm rdt_a rdseed adx smap xsaveopt cqm_llc cqm_occup_llc cqm_mbm_total cqm_mbm_local dtherm arat pln pts

Memory: 4k page, physical 130865364k(122574632k free), swap 0k(0k free)

vm_info: OpenJDK 64-Bit Server VM (12.0.1-internal+0-adhoc.root.jdk12.0.1) for linux-amd64 JRE (12.0.1-internal+0-adhoc.root.jdk12.0.1), built on Jul 18 2019 18:56:53 by "root" with gcc 4.8.5 20150623 (Red Hat 4.8.5-36)

END.
