#
# A fatal error has been detected by the Java Runtime Environment:
#
#  SIGSEGV (0xb) at pc=0x00002ab2d4442d03, pid=42744, tid=43885
#
# JRE version: OpenJDK Runtime Environment (12.0.1) (build 12.0.1-internal+0-adhoc.root.jdk12.0.1)
# Java VM: OpenJDK 64-Bit Server VM (12.0.1-internal+0-adhoc.root.jdk12.0.1, mixed mode, tiered, compressed oops, serial gc, linux-amd64)
# Problematic frame:
# V  [libjvm.so+0x69dd03]  DefNewGeneration::copy_to_survivor_space(oopDesc*)+0xb3
#
# No core dump will be written. Core dumps have been disabled. To enable core dumping, try "ulimit -c unlimited" before starting Java again
#
# If you would like to submit a bug report, please visit:
#   http://bugreport.java.com/bugreport/crash.jsp
#

---------------  S U M M A R Y ------------

Command Line: -Dapplication.home=/home/dcslab/cgmin/jdk12.0.1/build/linux-x86_64-server-release/jdk -Xms8m -XX:+UseSerialGC -Xms32M -Xmx512M -XX:TieredStopAtLevel=1 -Djdk.module.main=jdk.jlink jdk.jlink/jdk.tools.jmod.Main create --module-version 12.0.1-internal --target-platform linux-amd64 --module-path /home/dcslab/cgmin/jdk12.0.1/build/linux-x86_64-server-release/images/jmods --class-path /home/dcslab/cgmin/jdk12.0.1/build/linux-x86_64-server-release/jdk/modules/java.xml --legal-notices /home/dcslab/cgmin/jdk12.0.1/build/linux-x86_64-server-release/support/modules_legal/common:/home/dcslab/cgmin/jdk12.0.1/src/java.xml/share/legal --exclude **{_the.*,_*.marker,*.diz,*.debuginfo,*.dSYM/**,*.dSYM,*.pdb,*.map} /home/dcslab/cgmin/jdk12.0.1/build/linux-x86_64-server-release/support/jmods/java.xml.jmod

Host: Intel(R) Xeon(R) CPU E5-2650 v4 @ 2.20GHz, 48 cores, 124G, CentOS Linux release 7.6.1810 (Core) 
Time: Thu Jul 18 18:46:29 2019 KST elapsed time: 2 seconds (0d 0h 0m 2s)

---------------  T H R E A D  ---------------

Current thread (0x00002ab2d808c800):  VMThread "VM Thread" [stack: 0x00002ab2d7202000,0x00002ab2d7302000] [id=43885]

Stack: [0x00002ab2d7202000,0x00002ab2d7302000],  sp=0x00002ab2d72ffdb0,  free space=1015k
Native frames: (J=compiled Java code, A=aot compiled Java code, j=interpreted, Vv=VM code, C=native code)
V  [libjvm.so+0x69dd03]  DefNewGeneration::copy_to_survivor_space(oopDesc*)+0xb3
V  [libjvm.so+0x69f94f]  void OopOopIterateDispatch<FastScanClosure>::Table::oop_oop_iterate<InstanceKlass, unsigned int>(FastScanClosure*, oopDesc*, Klass*)+0xff
V  [libjvm.so+0x6a24ff]  void ContiguousSpace::oop_since_save_marks_iterate<FastScanClosure>(FastScanClosure*)+0x7f
V  [libjvm.so+0x69e2d0]  DefNewGeneration::FastEvacuateFollowersClosure::do_void()+0x40
V  [libjvm.so+0x69e867]  DefNewGeneration::collect(bool, bool, unsigned long, bool)+0x467
V  [libjvm.so+0x7e8fd2]  GenCollectedHeap::collect_generation(Generation*, bool, unsigned long, bool, bool, bool, bool)+0x2b2
V  [libjvm.so+0x7e9787]  GenCollectedHeap::do_collection(bool, bool, unsigned long, bool, GenCollectedHeap::GenerationType)+0x247
V  [libjvm.so+0x7ea09c]  GenCollectedHeap::satisfy_failed_allocation(unsigned long, bool)+0x9c
V  [libjvm.so+0x7de1f2]  VM_GenCollectForAllocation::doit()+0x82
V  [libjvm.so+0xefcca0]  VM_Operation::evaluate()+0xe0
V  [libjvm.so+0xf024a0]  VMThread::evaluate_operation(VM_Operation*)+0x110
V  [libjvm.so+0xf028e5]  VMThread::loop()+0x255
V  [libjvm.so+0xf02d9d]  VMThread::run()+0x6d
V  [libjvm.so+0xe8fb81]  Thread::call_run()+0x171
V  [libjvm.so+0xbfac08]  thread_native_entry(Thread*)+0xf8


siginfo: si_signo: 11 (SIGSEGV), si_code: 1 (SEGV_MAPERR), si_addr: 0x0000000704cddc20

Register to memory mapping:

RAX=0x0000000000000001 is an unknown value
RBX=
[error occurred during error reporting (printing register info), id 0xb, SIGSEGV (0xb) at pc=0x00002ab2d4b65ea1]

Registers:
RAX=0x0000000000000001, RBX=0x00000000e00554f8, RCX=0x0000000000000003, RDX=0x00002ab2d52e14e0
RSP=0x00002ab2d72ffdb0, RBP=0x00002ab2d72ffdd0, RSI=0x00000000e00554f8, RDI=0x0000000704cddc18
R8 =0x00000000e09c69e0, R9 =0x0000000000000000, R10=0x00000000eaaa2a00, R11=0x00002ab2d3b64b80
R12=0x00002ab2d80217a0, R13=0x0000000100020390, R14=0x00002ab2d52e14f0, R15=0x00002ab2d72fffc0
RIP=0x00002ab2d4442d03, EFLAGS=0x0000000000010206, CSGSFS=0x002b000000000033, ERR=0x0000000000000004
  TRAPNO=0x000000000000000e

Top of Stack: (sp=0x00002ab2d72ffdb0)
0x00002ab2d72ffdb0:   00000000e099e148 00000000e099ec80
0x00002ab2d72ffdc0:   00000000e099ec8c 0000000100020390
0x00002ab2d72ffdd0:   00002ab2d72ffe20 00002ab2d444494f
0x00002ab2d72ffde0:   00000000e099ec70 0000000100020398 

Instructions: (pc=0x00002ab2d4442d03)
0x00002ab2d4442ce3:   89 c0 48 83 c4 08 5b 41 5c 41 5d 5d c3 48 8d 15
0x00002ab2d4442cf3:   e9 e7 e9 00 8b 7e 08 8b 4a 08 48 d3 e7 48 03 3a
0x00002ab2d4442d03:   8b 4f 08 83 f9 00 0f 8f 72 ff ff ff 0f 85 ab 01
0x00002ab2d4442d13:   00 00 0f 1f 00 48 8b 07 48 89 de ff 90 08 01 00 

Stack slot to memory mapping:
stack at sp + 0 slots: 0x00000000e099e148 is pointing into object: java.lang.invoke.MethodType$ConcurrentWeakInternSet$WeakEntry 
{0x00000000e099e130} - klass: 'java/lang/invoke/MethodType$ConcurrentWeakInternSet$WeakEntry'
stack at sp + 1 slots: 0x00000000e099ec80 is pointing into object: java.util.HashMap$Node 
{0x00000000e099ec70} - klass: 'java/util/HashMap$Node'
stack at sp + 2 slots: 0x00000000e099ec8c is pointing into object: java.util.HashMap$Node 
{0x00000000e099ec70} - klass: 'java/util/HashMap$Node'
stack at sp + 3 slots: 0x0000000100020390 is pointing into metadata
stack at sp + 4 slots: 0x00002ab2d72ffe20 points into unknown readable memory: 80 fe 2f d7 b2 2a 00 00
stack at sp + 5 slots: 0x00002ab2d444494f: <offset 0x000000000069f94f> in /home/dcslab/cgmin/jdk12.0.1/build/linux-x86_64-server-release/jdk/lib/server/libjvm.so at 0x00002ab2d3da5000
stack at sp + 6 slots: 0x00000000e099ec70 is an oop: java.util.HashMap$Node 
{0x00000000e099ec70} - klass: 'java/util/HashMap$Node'
stack at sp + 7 slots: 0x0000000100020398 is a pointer to class: 

VM_Operation (0x00002ab2d30a5ea0): GenCollectForAllocation, mode: safepoint, requested by thread 0x00002ab2d8010000


---------------  P R O C E S S  ---------------

Threads class SMR info:
_java_thread_list=0x00002ab2d81b3cf0, length=8, elements={
0x00002ab2d8010000, 0x00002ab2d8099000, 0x00002ab2d809c800, 0x00002ab2d80b4800,
0x00002ab2d80b7000, 0x00002ab2d80b9000, 0x00002ab2d80e4800, 0x00002ab2d81b2000
}

Java Threads: ( => current thread )
  0x00002ab2d8010000 JavaThread "main" [_thread_blocked, id=42762, stack(0x00002ab2d2fa7000,0x00002ab2d30a8000)]
  0x00002ab2d8099000 JavaThread "Reference Handler" daemon [_thread_blocked, id=43905, stack(0x00002ab2d7302000,0x00002ab2d7403000)]
  0x00002ab2d809c800 JavaThread "Finalizer" daemon [_thread_blocked, id=43906, stack(0x00002ab2d7403000,0x00002ab2d7504000)]
  0x00002ab2d80b4800 JavaThread "Signal Dispatcher" daemon [_thread_blocked, id=43930, stack(0x00002ab2d7504000,0x00002ab2d7605000)]
  0x00002ab2d80b7000 JavaThread "C1 CompilerThread0" daemon [_thread_blocked, id=43931, stack(0x00002ab2d7605000,0x00002ab2d7706000)]
  0x00002ab2d80b9000 JavaThread "Sweeper thread" daemon [_thread_blocked, id=43932, stack(0x00002ab2d7706000,0x00002ab2d7807000)]
  0x00002ab2d80e4800 JavaThread "Common-Cleaner" daemon [_thread_blocked, id=43937, stack(0x00002ab2d7c62000,0x00002ab2d7d63000)]
  0x00002ab2d81b2000 JavaThread "Service Thread" daemon [_thread_blocked, id=43973, stack(0x00002ab2d7d63000,0x00002ab2d7e64000)]

Other Threads:
=>0x00002ab2d808c800 VMThread "VM Thread" [stack: 0x00002ab2d7202000,0x00002ab2d7302000] [id=43885]
  0x00002ab2d81b4800 WatcherThread [stack: 0x00002ab2d7e66000,0x00002ab2d7f66000] [id=43974]

Threads with active compile tasks:

VM state:at safepoint (normal execution)

VM Mutex/Monitor currently owned by a thread:  ([mutex/lock_event])
[0x00002ab2d800d170] Threads_lock - owner thread: 0x00002ab2d808c800
[0x00002ab2d800d950] Heap_lock - owner thread: 0x00002ab2d8010000

Heap address: 0x00000000e0000000, size: 512 MB, Compressed Oops mode: 32-bit
Narrow klass base: 0x0000000000000000, Narrow klass shift: 3
Compressed class space size: 1073741824 Address: 0x0000000100000000

Heap:
 def new generation   total 9792K, used 9127K [0x00000000e0000000, 0x00000000e0aa0000, 0x00000000eaaa0000)
  eden space 8704K,  99% used [0x00000000e0000000, 0x00000000e087f8d0, 0x00000000e0880000)
  from space 1088K,  39% used [0x00000000e0880000, 0x00000000e08ea5e8, 0x00000000e0990000)
  to   space 1088K,  20% used [0x00000000e0990000, 0x00000000e09c69f8, 0x00000000e0aa0000)
 tenured generation   total 21888K, used 1081K [0x00000000eaaa0000, 0x00000000ec000000, 0x0000000100000000)
   the space 21888K,   4% used [0x00000000eaaa0000, 0x00000000eabae478, 0x00000000eabae600, 0x00000000ec000000)
 Metaspace       used 7995K, capacity 8187K, committed 8320K, reserved 1056768K
  class space    used 789K, capacity 878K, committed 896K, reserved 1048576K

Card table byte_map: [0x00002ab2d67c1000,0x00002ab2d68c2000] _byte_map_base: 0x00002ab2d60c1000

Polling page: 0x00002ab2d2f92000

Metaspace:

Usage:
  Non-class:      7.14 MB capacity,     7.04 MB ( 99%) used,    88.79 KB (  1%) free+waste,    14.88 KB ( <1%) overhead. 
      Class:    878.00 KB capacity,   789.69 KB ( 90%) used,    79.19 KB (  9%) free+waste,     9.12 KB (  1%) overhead. 
       Both:      8.00 MB capacity,     7.81 MB ( 98%) used,   167.98 KB (  2%) free+waste,    24.00 KB ( <1%) overhead. 

Virtual space:
  Non-class space:        8.00 MB reserved,       7.25 MB ( 91%) committed 
      Class space:        1.00 GB reserved,     896.00 KB ( <1%) committed 
             Both:        1.01 GB reserved,       8.12 MB ( <1%) committed 

Chunk freelists:
   Non-Class:  4.88 KB
       Class:  2.25 KB
        Both:  7.12 KB

CodeHeap 'non-profiled nmethods': size=232192Kb used=1471Kb max_used=1471Kb free=230721Kb
 bounds [0x00002ab2dcd40000, 0x00002ab2dcfb0000, 0x00002ab2eb000000]
CodeHeap 'non-nmethods': size=13568Kb used=1048Kb max_used=1048Kb free=12519Kb
 bounds [0x00002ab2dc000000, 0x00002ab2dc270000, 0x00002ab2dcd40000]
 total_blobs=1439 nmethods=1074 adapters=279
 compilation: enabled
              stopped_count=0, restarted_count=0
 full_count=0

Compilation events (10 events):
Event: 2.318 Thread 0x00002ab2d80b7000 1071       1       java.util.zip.ZipOutputStream::writeEXT (73 bytes)
Event: 2.319 Thread 0x00002ab2d80b7000 nmethod 1071 0x00002ab2dceae510 code [0x00002ab2dceae700, 0x00002ab2dceae958]
Event: 2.319 Thread 0x00002ab2d80b7000 1072   !   1       java.util.zip.Deflater::reset (64 bytes)
Event: 2.319 Thread 0x00002ab2d80b7000 nmethod 1072 0x00002ab2dceaea90 code [0x00002ab2dceaec60, 0x00002ab2dceaefd8]
Event: 2.319 Thread 0x00002ab2d80b7000 1067       1       java.lang.StringCoding::getBytesUTF8NoRepl (13 bytes)
Event: 2.319 Thread 0x00002ab2d80b7000 nmethod 1067 0x00002ab2dceaf190 code [0x00002ab2dceaf340, 0x00002ab2dceaf468]
Event: 2.319 Thread 0x00002ab2d80b7000 1068       1       java.util.zip.ZipOutputStream::writeBytes (22 bytes)
Event: 2.320 Thread 0x00002ab2d80b7000 nmethod 1068 0x00002ab2dceaf510 code [0x00002ab2dceaf6c0, 0x00002ab2dceaf828]
Event: 2.448 Thread 0x00002ab2d80b7000 1074       1       java.util.ArrayDeque$DeqIterator::hasNext (13 bytes)
Event: 2.448 Thread 0x00002ab2d80b7000 nmethod 1074 0x00002ab2dceaf890 code [0x00002ab2dceafa40, 0x00002ab2dceafb70]

GC Heap History (5 events):
Event: 1.935 GC heap before
{Heap before GC invocations=0 (full 0):
 def new generation   total 9792K, used 8704K [0x00000000e0000000, 0x00000000e0aa0000, 0x00000000eaaa0000)
  eden space 8704K, 100% used [0x00000000e0000000, 0x00000000e0880000, 0x00000000e0880000)
  from space 1088K,   0% used [0x00000000e0880000, 0x00000000e0880000, 0x00000000e0990000)
  to   space 1088K,   0% used [0x00000000e0990000, 0x00000000e0990000, 0x00000000e0aa0000)
 tenured generation   total 21888K, used 0K [0x00000000eaaa0000, 0x00000000ec000000, 0x0000000100000000)
   the space 21888K,   0% used [0x00000000eaaa0000, 0x00000000eaaa0000, 0x00000000eaaa0200, 0x00000000ec000000)
 Metaspace       used 7267K, capacity 7456K, committed 7552K, reserved 1056768K
  class space    used 723K, capacity 805K, committed 896K, reserved 1048576K
}
Event: 1.941 GC heap after
{Heap after GC invocations=1 (full 0):
 def new generation   total 9792K, used 1088K [0x00000000e0000000, 0x00000000e0aa0000, 0x00000000eaaa0000)
  eden space 8704K,   0% used [0x00000000e0000000, 0x00000000e0000000, 0x00000000e0880000)
  from space 1088K, 100% used [0x00000000e0990000, 0x00000000e0aa0000, 0x00000000e0aa0000)
  to   space 1088K,   0% used [0x00000000e0880000, 0x00000000e0880000, 0x00000000e0990000)
 tenured generation   total 21888K, used 10K [0x00000000eaaa0000, 0x00000000ec000000, 0x0000000100000000)
   the space 21888K,   0% used [0x00000000eaaa0000, 0x00000000eaaa2b80, 0x00000000eaaa2c00, 0x00000000ec000000)
 Metaspace       used 7267K, capacity 7456K, committed 7552K, reserved 1056768K
  class space    used 723K, capacity 805K, committed 896K, reserved 1048576K
}
Event: 2.113 GC heap before
{Heap before GC invocations=1 (full 0):
 def new generation   total 9792K, used 9791K [0x00000000e0000000, 0x00000000e0aa0000, 0x00000000eaaa0000)
  eden space 8704K,  99% used [0x00000000e0000000, 0x00000000e087fde0, 0x00000000e0880000)
  from space 1088K, 100% used [0x00000000e0990000, 0x00000000e0aa0000, 0x00000000e0aa0000)
  to   space 1088K,   0% used [0x00000000e0880000, 0x00000000e0880000, 0x00000000e0990000)
 tenured generation   total 21888K, used 10K [0x00000000eaaa0000, 0x00000000ec000000, 0x0000000100000000)
   the space 21888K,   0% used [0x00000000eaaa0000, 0x00000000eaaa2b80, 0x00000000eaaa2c00, 0x00000000ec000000)
 Metaspace       used 7994K, capacity 8187K, committed 8320K, reserved 1056768K
  class space    used 789K, capacity 878K, committed 896K, reserved 1048576K
}
Event: 2.118 GC heap after
{Heap after GC invocations=2 (full 0):
 def new generation   total 9792K, used 425K [0x00000000e0000000, 0x00000000e0aa0000, 0x00000000eaaa0000)
  eden space 8704K,   0% used [0x00000000e0000000, 0x00000000e0000000, 0x00000000e0880000)
  from space 1088K,  39% used [0x00000000e0880000, 0x00000000e08ea5e8, 0x00000000e0990000)
  to   space 1088K,   0% used [0x00000000e0990000, 0x00000000e0990000, 0x00000000e0aa0000)
 tenured generation   total 21888K, used 1081K [0x00000000eaaa0000, 0x00000000ec000000, 0x0000000100000000)
   the space 21888K,   4% used [0x00000000eaaa0000, 0x00000000eabae478, 0x00000000eabae600, 0x00000000ec000000)
 Metaspace       used 7994K, capacity 8187K, committed 8320K, reserved 1056768K
  class space    used 789K, capacity 878K, committed 896K, reserved 1048576K
}
Event: 2.465 GC heap before
{Heap before GC invocations=2 (full 0):
 def new generation   total 9792K, used 9127K [0x00000000e0000000, 0x00000000e0aa0000, 0x00000000eaaa0000)
  eden space 8704K,  99% used [0x00000000e0000000, 0x00000000e087f8d0, 0x00000000e0880000)
  from space 1088K,  39% used [0x00000000e0880000, 0x00000000e08ea5e8, 0x00000000e0990000)
  to   space 1088K,   0% used [0x00000000e0990000, 0x00000000e0990000, 0x00000000e0aa0000)
 tenured generation   total 21888K, used 1081K [0x00000000eaaa0000, 0x00000000ec000000, 0x0000000100000000)
   the space 21888K,   4% used [0x00000000eaaa0000, 0x00000000eabae478, 0x00000000eabae600, 0x00000000ec000000)
 Metaspace       used 7995K, capacity 8187K, committed 8320K, reserved 1056768K
  class space    used 789K, capacity 878K, committed 896K, reserved 1048576K
}

Deoptimization events (0 events):
No events

Classes redefined (0 events):
No events

Internal exceptions (10 events):
Event: 2.059 Thread 0x00002ab2d8010000 Exception <a 'sun/nio/fs/UnixException'{0x00000000e0825c88}> (0x00000000e0825c88) thrown at [/home/dcslab/cgmin/jdk12.0.1/src/hotspot/share/prims/jni.cpp, line 615]
Event: 2.059 Thread 0x00002ab2d8010000 Exception <a 'sun/nio/fs/UnixException'{0x00000000e08266a0}> (0x00000000e08266a0) thrown at [/home/dcslab/cgmin/jdk12.0.1/src/hotspot/share/prims/jni.cpp, line 615]
Event: 2.059 Thread 0x00002ab2d8010000 Exception <a 'sun/nio/fs/UnixException'{0x00000000e08271e8}> (0x00000000e08271e8) thrown at [/home/dcslab/cgmin/jdk12.0.1/src/hotspot/share/prims/jni.cpp, line 615]
Event: 2.060 Thread 0x00002ab2d8010000 Exception <a 'sun/nio/fs/UnixException'{0x00000000e0827f00}> (0x00000000e0827f00) thrown at [/home/dcslab/cgmin/jdk12.0.1/src/hotspot/share/prims/jni.cpp, line 615]
Event: 2.060 Thread 0x00002ab2d8010000 Exception <a 'sun/nio/fs/UnixException'{0x00000000e0828940}> (0x00000000e0828940) thrown at [/home/dcslab/cgmin/jdk12.0.1/src/hotspot/share/prims/jni.cpp, line 615]
Event: 2.060 Thread 0x00002ab2d8010000 Exception <a 'sun/nio/fs/UnixException'{0x00000000e0829378}> (0x00000000e0829378) thrown at [/home/dcslab/cgmin/jdk12.0.1/src/hotspot/share/prims/jni.cpp, line 615]
Event: 2.060 Thread 0x00002ab2d8010000 Exception <a 'sun/nio/fs/UnixException'{0x00000000e0829d30}> (0x00000000e0829d30) thrown at [/home/dcslab/cgmin/jdk12.0.1/src/hotspot/share/prims/jni.cpp, line 615]
Event: 2.060 Thread 0x00002ab2d8010000 Exception <a 'sun/nio/fs/UnixException'{0x00000000e082a760}> (0x00000000e082a760) thrown at [/home/dcslab/cgmin/jdk12.0.1/src/hotspot/share/prims/jni.cpp, line 615]
Event: 2.060 Thread 0x00002ab2d8010000 Exception <a 'sun/nio/fs/UnixException'{0x00000000e082b128}> (0x00000000e082b128) thrown at [/home/dcslab/cgmin/jdk12.0.1/src/hotspot/share/prims/jni.cpp, line 615]
Event: 2.060 Thread 0x00002ab2d8010000 Exception <a 'sun/nio/fs/UnixException'{0x00000000e082bb60}> (0x00000000e082bb60) thrown at [/home/dcslab/cgmin/jdk12.0.1/src/hotspot/share/prims/jni.cpp, line 615]

Events (10 events):
Event: 2.068 loading class java/nio/file/FileVisitResult done
Event: 2.068 loading class java/util/regex/Matcher
Event: 2.069 loading class java/util/regex/MatchResult
Event: 2.069 loading class java/util/regex/MatchResult done
Event: 2.069 loading class java/util/regex/Matcher done
Event: 2.069 loading class java/util/regex/IntHashSet
Event: 2.069 loading class java/util/regex/IntHashSet done
Event: 2.113 Executing VM operation: GenCollectForAllocation
Event: 2.118 Executing VM operation: GenCollectForAllocation done
Event: 2.465 Executing VM operation: GenCollectForAllocation


Dynamic libraries:
00400000-00401000 r-xp 00000000 fd:02 233300582                          /home/dcslab/cgmin/jdk12.0.1/build/linux-x86_64-server-release/jdk/bin/jmod
00601000-00602000 r--p 00001000 fd:02 233300582                          /home/dcslab/cgmin/jdk12.0.1/build/linux-x86_64-server-release/jdk/bin/jmod
00602000-00603000 rw-p 00002000 fd:02 233300582                          /home/dcslab/cgmin/jdk12.0.1/build/linux-x86_64-server-release/jdk/bin/jmod
00e05000-00e26000 rw-p 00000000 00:00 0                                  [heap]
e0000000-e0aa0000 rw-p 00000000 00:00 0 
e0aa0000-eaaa0000 ---p 00000000 00:00 0 
eaaa0000-ec000000 rw-p 00000000 00:00 0 
ec000000-100000000 ---p 00000000 00:00 0 
100000000-1000e0000 rw-p 00000000 00:00 0 
1000e0000-140000000 ---p 00000000 00:00 0 
2ab2d2f6e000-2ab2d2f90000 r-xp 00000000 fd:00 67116101                   /usr/lib64/ld-2.17.so
2ab2d2f90000-2ab2d2f91000 rw-p 00000000 00:00 0 
2ab2d2f91000-2ab2d2f93000 ---p 00000000 00:00 0 
2ab2d2f93000-2ab2d2f94000 r--p 00000000 00:00 0 
2ab2d2f94000-2ab2d2f9c000 rw-s 00000000 fd:00 67645888                   /tmp/hsperfdata_root/42744
2ab2d2f9c000-2ab2d2f9e000 rw-p 00000000 00:00 0 
2ab2d2fa2000-2ab2d2fa7000 rw-p 00000000 00:00 0 
2ab2d2fa7000-2ab2d2fab000 ---p 00000000 00:00 0 
2ab2d2fab000-2ab2d30ad000 rw-p 00000000 00:00 0 
2ab2d30ad000-2ab2d30c3000 ---p 00000000 00:00 0 
2ab2d30c3000-2ab2d30ce000 rw-p 00000000 00:00 0 
2ab2d30ce000-2ab2d316e000 ---p 00000000 00:00 0 
2ab2d316e000-2ab2d318f000 rw-p 00000000 00:00 0 
2ab2d318f000-2ab2d3190000 r--p 00021000 fd:00 67116101                   /usr/lib64/ld-2.17.so
2ab2d3190000-2ab2d3191000 rw-p 00022000 fd:00 67116101                   /usr/lib64/ld-2.17.so
2ab2d3191000-2ab2d3192000 rw-p 00000000 00:00 0 
2ab2d3192000-2ab2d31a7000 r-xp 00000000 fd:00 67116158                   /usr/lib64/libz.so.1.2.7
2ab2d31a7000-2ab2d33a6000 ---p 00015000 fd:00 67116158                   /usr/lib64/libz.so.1.2.7
2ab2d33a6000-2ab2d33a7000 r--p 00014000 fd:00 67116158                   /usr/lib64/libz.so.1.2.7
2ab2d33a7000-2ab2d33a8000 rw-p 00015000 fd:00 67116158                   /usr/lib64/libz.so.1.2.7
2ab2d33a8000-2ab2d33b7000 r-xp 00000000 fd:02 233283259                  /home/dcslab/cgmin/jdk12.0.1/build/linux-x86_64-server-release/jdk/lib/libjli.so
2ab2d33b7000-2ab2d35b6000 ---p 0000f000 fd:02 233283259                  /home/dcslab/cgmin/jdk12.0.1/build/linux-x86_64-server-release/jdk/lib/libjli.so
2ab2d35b6000-2ab2d35b7000 r--p 0000e000 fd:02 233283259                  /home/dcslab/cgmin/jdk12.0.1/build/linux-x86_64-server-release/jdk/lib/libjli.so
2ab2d35b7000-2ab2d35b8000 rw-p 0000f000 fd:02 233283259                  /home/dcslab/cgmin/jdk12.0.1/build/linux-x86_64-server-release/jdk/lib/libjli.so
2ab2d35b8000-2ab2d35cf000 r-xp 00000000 fd:00 67527458                   /usr/lib64/libpthread-2.17.so
2ab2d35cf000-2ab2d37ce000 ---p 00017000 fd:00 67527458                   /usr/lib64/libpthread-2.17.so
2ab2d37ce000-2ab2d37cf000 r--p 00016000 fd:00 67527458                   /usr/lib64/libpthread-2.17.so
2ab2d37cf000-2ab2d37d0000 rw-p 00017000 fd:00 67527458                   /usr/lib64/libpthread-2.17.so
2ab2d37d0000-2ab2d37d4000 rw-p 00000000 00:00 0 
2ab2d37d4000-2ab2d37d6000 r-xp 00000000 fd:00 67412311                   /usr/lib64/libdl-2.17.so
2ab2d37d6000-2ab2d39d6000 ---p 00002000 fd:00 67412311                   /usr/lib64/libdl-2.17.so
2ab2d39d6000-2ab2d39d7000 r--p 00002000 fd:00 67412311                   /usr/lib64/libdl-2.17.so
2ab2d39d7000-2ab2d39d8000 rw-p 00003000 fd:00 67412311                   /usr/lib64/libdl-2.17.so
2ab2d39d8000-2ab2d3b9a000 r-xp 00000000 fd:00 67116114                   /usr/lib64/libc-2.17.so
2ab2d3b9a000-2ab2d3d9a000 ---p 001c2000 fd:00 67116114                   /usr/lib64/libc-2.17.so
2ab2d3d9a000-2ab2d3d9e000 r--p 001c2000 fd:00 67116114                   /usr/lib64/libc-2.17.so
2ab2d3d9e000-2ab2d3da0000 rw-p 001c6000 fd:00 67116114                   /usr/lib64/libc-2.17.so
2ab2d3da0000-2ab2d3da5000 rw-p 00000000 00:00 0 
2ab2d3da5000-2ab2d4fea000 r-xp 00000000 fd:02 149929323                  /home/dcslab/cgmin/jdk12.0.1/build/linux-x86_64-server-release/jdk/lib/server/libjvm.so
2ab2d4fea000-2ab2d51ea000 ---p 01245000 fd:02 149929323                  /home/dcslab/cgmin/jdk12.0.1/build/linux-x86_64-server-release/jdk/lib/server/libjvm.so
2ab2d51ea000-2ab2d52bf000 r--p 01245000 fd:02 149929323                  /home/dcslab/cgmin/jdk12.0.1/build/linux-x86_64-server-release/jdk/lib/server/libjvm.so
2ab2d52bf000-2ab2d52fb000 rw-p 0131a000 fd:02 149929323                  /home/dcslab/cgmin/jdk12.0.1/build/linux-x86_64-server-release/jdk/lib/server/libjvm.so
2ab2d52fb000-2ab2d5381000 rw-p 00000000 00:00 0 
2ab2d5381000-2ab2d546a000 r-xp 00000000 fd:00 67349699                   /usr/lib64/libstdc++.so.6.0.19
2ab2d546a000-2ab2d5669000 ---p 000e9000 fd:00 67349699                   /usr/lib64/libstdc++.so.6.0.19
2ab2d5669000-2ab2d5671000 r--p 000e8000 fd:00 67349699                   /usr/lib64/libstdc++.so.6.0.19
2ab2d5671000-2ab2d5673000 rw-p 000f0000 fd:00 67349699                   /usr/lib64/libstdc++.so.6.0.19
2ab2d5673000-2ab2d5688000 rw-p 00000000 00:00 0 
2ab2d5688000-2ab2d5789000 r-xp 00000000 fd:00 67412312                   /usr/lib64/libm-2.17.so
2ab2d5789000-2ab2d5988000 ---p 00101000 fd:00 67412312                   /usr/lib64/libm-2.17.so
2ab2d5988000-2ab2d5989000 r--p 00100000 fd:00 67412312                   /usr/lib64/libm-2.17.so
2ab2d5989000-2ab2d598a000 rw-p 00101000 fd:00 67412312                   /usr/lib64/libm-2.17.so
2ab2d598a000-2ab2d599f000 r-xp 00000000 fd:00 67349682                   /usr/lib64/libgcc_s-4.8.5-20150702.so.1
2ab2d599f000-2ab2d5b9e000 ---p 00015000 fd:00 67349682                   /usr/lib64/libgcc_s-4.8.5-20150702.so.1
2ab2d5b9e000-2ab2d5b9f000 r--p 00014000 fd:00 67349682                   /usr/lib64/libgcc_s-4.8.5-20150702.so.1
2ab2d5b9f000-2ab2d5ba0000 rw-p 00015000 fd:00 67349682                   /usr/lib64/libgcc_s-4.8.5-20150702.so.1
2ab2d5ba0000-2ab2d5bad000 r-xp 00000000 fd:02 233283245                  /home/dcslab/cgmin/jdk12.0.1/build/linux-x86_64-server-release/jdk/lib/libverify.so
2ab2d5bad000-2ab2d5dac000 ---p 0000d000 fd:02 233283245                  /home/dcslab/cgmin/jdk12.0.1/build/linux-x86_64-server-release/jdk/lib/libverify.so
2ab2d5dac000-2ab2d5dae000 r--p 0000c000 fd:02 233283245                  /home/dcslab/cgmin/jdk12.0.1/build/linux-x86_64-server-release/jdk/lib/libverify.so
2ab2d5dae000-2ab2d5daf000 rw-p 0000e000 fd:02 233283245                  /home/dcslab/cgmin/jdk12.0.1/build/linux-x86_64-server-release/jdk/lib/libverify.so
2ab2d5daf000-2ab2d5dd7000 r-xp 00000000 fd:02 233283260                  /home/dcslab/cgmin/jdk12.0.1/build/linux-x86_64-server-release/jdk/lib/libjava.so
2ab2d5dd7000-2ab2d5fd6000 ---p 00028000 fd:02 233283260                  /home/dcslab/cgmin/jdk12.0.1/build/linux-x86_64-server-release/jdk/lib/libjava.so
2ab2d5fd6000-2ab2d5fd7000 r--p 00027000 fd:02 233283260                  /home/dcslab/cgmin/jdk12.0.1/build/linux-x86_64-server-release/jdk/lib/libjava.so
2ab2d5fd7000-2ab2d5fd9000 rw-p 00028000 fd:02 233283260                  /home/dcslab/cgmin/jdk12.0.1/build/linux-x86_64-server-release/jdk/lib/libjava.so
2ab2d5fd9000-2ab2d5fe5000 r-xp 00000000 fd:00 67527450                   /usr/lib64/libnss_files-2.17.so
2ab2d5fe5000-2ab2d61e4000 ---p 0000c000 fd:00 67527450                   /usr/lib64/libnss_files-2.17.so
2ab2d61e4000-2ab2d61e5000 r--p 0000b000 fd:00 67527450                   /usr/lib64/libnss_files-2.17.so
2ab2d61e5000-2ab2d61e6000 rw-p 0000c000 fd:00 67527450                   /usr/lib64/libnss_files-2.17.so
2ab2d61e6000-2ab2d61ec000 rw-p 00000000 00:00 0 
2ab2d61ec000-2ab2d61f3000 r-xp 00000000 fd:02 233283271                  /home/dcslab/cgmin/jdk12.0.1/build/linux-x86_64-server-release/jdk/lib/libzip.so
2ab2d61f3000-2ab2d63f2000 ---p 00007000 fd:02 233283271                  /home/dcslab/cgmin/jdk12.0.1/build/linux-x86_64-server-release/jdk/lib/libzip.so
2ab2d63f2000-2ab2d63f3000 r--p 00006000 fd:02 233283271                  /home/dcslab/cgmin/jdk12.0.1/build/linux-x86_64-server-release/jdk/lib/libzip.so
2ab2d63f3000-2ab2d63f4000 rw-p 00007000 fd:02 233283271                  /home/dcslab/cgmin/jdk12.0.1/build/linux-x86_64-server-release/jdk/lib/libzip.so
2ab2d63f4000-2ab2d63f9000 r-xp 00000000 fd:02 233283273                  /home/dcslab/cgmin/jdk12.0.1/build/linux-x86_64-server-release/jdk/lib/libjimage.so
2ab2d63f9000-2ab2d65f9000 ---p 00005000 fd:02 233283273                  /home/dcslab/cgmin/jdk12.0.1/build/linux-x86_64-server-release/jdk/lib/libjimage.so
2ab2d65f9000-2ab2d65fa000 r--p 00005000 fd:02 233283273                  /home/dcslab/cgmin/jdk12.0.1/build/linux-x86_64-server-release/jdk/lib/libjimage.so
2ab2d65fa000-2ab2d65fb000 rw-p 00006000 fd:02 233283273                  /home/dcslab/cgmin/jdk12.0.1/build/linux-x86_64-server-release/jdk/lib/libjimage.so
2ab2d65fb000-2ab2d6600000 rw-p 00000000 00:00 0 
2ab2d6600000-2ab2d67c1000 ---p 00000000 00:00 0 
2ab2d67c1000-2ab2d67c7000 rw-p 00000000 00:00 0 
2ab2d67c7000-2ab2d6816000 ---p 00000000 00:00 0 
2ab2d6816000-2ab2d6821000 rw-p 00000000 00:00 0 
2ab2d6821000-2ab2d68c1000 ---p 00000000 00:00 0 
2ab2d68c1000-2ab2d7023000 rw-p 00000000 00:00 0 
2ab2d7023000-2ab2d70e3000 ---p 00000000 00:00 0 
2ab2d70e3000-2ab2d7200000 rw-p 00000000 00:00 0 
2ab2d7200000-2ab2d7201000 ---p 00000000 00:00 0 
2ab2d7201000-2ab2d7302000 rw-p 00000000 00:00 0 
2ab2d7302000-2ab2d7306000 ---p 00000000 00:00 0 
2ab2d7306000-2ab2d7403000 rw-p 00000000 00:00 0 
2ab2d7403000-2ab2d7407000 ---p 00000000 00:00 0 
2ab2d7407000-2ab2d7504000 rw-p 00000000 00:00 0 
2ab2d7504000-2ab2d7508000 ---p 00000000 00:00 0 
2ab2d7508000-2ab2d7605000 rw-p 00000000 00:00 0 
2ab2d7605000-2ab2d7609000 ---p 00000000 00:00 0 
2ab2d7609000-2ab2d7706000 rw-p 00000000 00:00 0 
2ab2d7706000-2ab2d770a000 ---p 00000000 00:00 0 
2ab2d770a000-2ab2d7807000 rw-p 00000000 00:00 0 
2ab2d7807000-2ab2d7818000 r-xp 00000000 fd:02 233283281                  /home/dcslab/cgmin/jdk12.0.1/build/linux-x86_64-server-release/jdk/lib/libnio.so
2ab2d7818000-2ab2d7a17000 ---p 00011000 fd:02 233283281                  /home/dcslab/cgmin/jdk12.0.1/build/linux-x86_64-server-release/jdk/lib/libnio.so
2ab2d7a17000-2ab2d7a18000 r--p 00010000 fd:02 233283281                  /home/dcslab/cgmin/jdk12.0.1/build/linux-x86_64-server-release/jdk/lib/libnio.so
2ab2d7a18000-2ab2d7a19000 rw-p 00011000 fd:02 233283281                  /home/dcslab/cgmin/jdk12.0.1/build/linux-x86_64-server-release/jdk/lib/libnio.so
2ab2d7a19000-2ab2d7a30000 r-xp 00000000 fd:02 233283275                  /home/dcslab/cgmin/jdk12.0.1/build/linux-x86_64-server-release/jdk/lib/libnet.so
2ab2d7a30000-2ab2d7c2f000 ---p 00017000 fd:02 233283275                  /home/dcslab/cgmin/jdk12.0.1/build/linux-x86_64-server-release/jdk/lib/libnet.so
2ab2d7c2f000-2ab2d7c30000 r--p 00016000 fd:02 233283275                  /home/dcslab/cgmin/jdk12.0.1/build/linux-x86_64-server-release/jdk/lib/libnet.so
2ab2d7c30000-2ab2d7c31000 rw-p 00017000 fd:02 233283275                  /home/dcslab/cgmin/jdk12.0.1/build/linux-x86_64-server-release/jdk/lib/libnet.so
2ab2d7c31000-2ab2d7c62000 rw-p 00000000 00:00 0 
2ab2d7c62000-2ab2d7c66000 ---p 00000000 00:00 0 
2ab2d7c66000-2ab2d7d63000 rw-p 00000000 00:00 0 
2ab2d7d63000-2ab2d7d67000 ---p 00000000 00:00 0 
2ab2d7d67000-2ab2d7e64000 rw-p 00000000 00:00 0 
2ab2d7e64000-2ab2d7e65000 ---p 00000000 00:00 0 
2ab2d7e65000-2ab2d7f66000 rw-p 00000000 00:00 0 
2ab2d8000000-2ab2d82c3000 rw-p 00000000 00:00 0 
2ab2d82c3000-2ab2dc000000 ---p 00000000 00:00 0 
2ab2dc000000-2ab2dc270000 rwxp 00000000 00:00 0 
2ab2dc270000-2ab2dcd40000 ---p 00000000 00:00 0 
2ab2dcd40000-2ab2dcfb0000 rwxp 00000000 00:00 0 
2ab2dcfb0000-2ab2eb000000 ---p 00000000 00:00 0 
2ab2eb000000-2ab2eb3f6000 rw-p 00000000 00:00 0 
2ab2ec000000-2ab2ec021000 rw-p 00000000 00:00 0 
2ab2ec021000-2ab2f0000000 ---p 00000000 00:00 0 
2ab2f0000000-2ab2f0021000 rw-p 00000000 00:00 0 
2ab2f0021000-2ab2f4000000 ---p 00000000 00:00 0 
2ab2f4000000-2ab2f4021000 rw-p 00000000 00:00 0 
2ab2f4021000-2ab2f8000000 ---p 00000000 00:00 0 
2ab2f8000000-2ab2fe52a000 r--p 00000000 fd:00 1524467                    /usr/lib/locale/locale-archive
2ab300000000-2ab300021000 rw-p 00000000 00:00 0 
2ab300021000-2ab304000000 ---p 00000000 00:00 0 
2ab304000000-2ab3042af000 rw-p 00000000 00:00 0 
2ab3042af000-2ab308000000 ---p 00000000 00:00 0 
2ab308000000-2ab308021000 rw-p 00000000 00:00 0 
2ab308021000-2ab30c000000 ---p 00000000 00:00 0 
2ab30c000000-2ab30c021000 rw-p 00000000 00:00 0 
2ab30c021000-2ab310000000 ---p 00000000 00:00 0 
2ab310000000-2ab310021000 rw-p 00000000 00:00 0 
2ab310021000-2ab314000000 ---p 00000000 00:00 0 
2ab314000000-2ab314021000 rw-p 00000000 00:00 0 
2ab314021000-2ab318000000 ---p 00000000 00:00 0 
7ffeb9476000-7ffeb9498000 rw-p 00000000 00:00 0                          [stack]
7ffeb956b000-7ffeb956e000 r--p 00000000 00:00 0                          [vvar]
7ffeb956e000-7ffeb9570000 r-xp 00000000 00:00 0                          [vdso]
ffffffffff600000-ffffffffff601000 r-xp 00000000 00:00 0                  [vsyscall]


VM Arguments:
jvm_args: -Dapplication.home=/home/dcslab/cgmin/jdk12.0.1/build/linux-x86_64-server-release/jdk -Xms8m -XX:+UseSerialGC -Xms32M -Xmx512M -XX:TieredStopAtLevel=1 -Djdk.module.main=jdk.jlink 
java_command: jdk.jlink/jdk.tools.jmod.Main create --module-version 12.0.1-internal --target-platform linux-amd64 --module-path /home/dcslab/cgmin/jdk12.0.1/build/linux-x86_64-server-release/images/jmods --class-path /home/dcslab/cgmin/jdk12.0.1/build/linux-x86_64-server-release/jdk/modules/java.xml --legal-notices /home/dcslab/cgmin/jdk12.0.1/build/linux-x86_64-server-release/support/modules_legal/common:/home/dcslab/cgmin/jdk12.0.1/src/java.xml/share/legal --exclude **{_the.*,_*.marker,*.diz,*.debuginfo,*.dSYM/**,*.dSYM,*.pdb,*.map} /home/dcslab/cgmin/jdk12.0.1/build/linux-x86_64-server-release/support/jmods/java.xml.jmod
java_class_path (initial): <not set>
Launcher Type: SUN_STANDARD

[Global flags]
     intx CICompilerCount                          = 15                                        {product} {ergonomic}
   size_t InitialHeapSize                          = 33554432                                  {product} {command line}
   size_t MaxHeapSize                              = 536870912                                 {product} {command line}
   size_t MaxNewSize                               = 178913280                                 {product} {ergonomic}
   size_t MinHeapDeltaBytes                        = 196608                                    {product} {ergonomic}
   size_t NewSize                                  = 11141120                                  {product} {ergonomic}
    uintx NonNMethodCodeHeapSize                   = 13893620                               {pd product} {ergonomic}
    uintx NonProfiledCodeHeapSize                  = 237764620                              {pd product} {ergonomic}
   size_t OldSize                                  = 22413312                                  {product} {ergonomic}
    uintx ProfiledCodeHeapSize                     = 0                                      {pd product} {ergonomic}
    uintx ReservedCodeCacheSize                    = 251658240                              {pd product} {ergonomic}
     bool SegmentedCodeCache                       = true                                      {product} {ergonomic}
     intx TieredStopAtLevel                        = 1                                         {product} {command line}
     bool UseCompressedClassPointers               = true                                 {lp64_product} {ergonomic}
     bool UseCompressedOops                        = true                                 {lp64_product} {ergonomic}
     bool UseSerialGC                              = true                                      {product} {command line}

Logging:
Log output configuration:
 #0: stdout all=warning uptime,level,tags
 #1: stderr all=off uptime,level,tags

Environment Variables:
PATH=/sbin:/bin:/usr/sbin:/usr/bin
USERNAME=root
LD_LIBRARY_PATH=:/usr/local/lib
SHELL=/bin/bash

Signal Handlers:
SIGSEGV: [libjvm.so+0xefc070], sa_mask[0]=11111111011111111101111111111110, sa_flags=SA_RESTART|SA_SIGINFO
SIGBUS: [libjvm.so+0xefc070], sa_mask[0]=11111111011111111101111111111110, sa_flags=SA_RESTART|SA_SIGINFO
SIGFPE: [libjvm.so+0xefc070], sa_mask[0]=11111111011111111101111111111110, sa_flags=SA_RESTART|SA_SIGINFO
SIGPIPE: [libjvm.so+0xbf1440], sa_mask[0]=11111111011111111101111111111110, sa_flags=SA_RESTART|SA_SIGINFO
SIGXFSZ: [libjvm.so+0xbf1440], sa_mask[0]=11111111011111111101111111111110, sa_flags=SA_RESTART|SA_SIGINFO
SIGILL: [libjvm.so+0xefc070], sa_mask[0]=11111111011111111101111111111110, sa_flags=SA_RESTART|SA_SIGINFO
SIGUSR2: [libjvm.so+0xbf12e0], sa_mask[0]=00000000000000000000000000000000, sa_flags=SA_RESTART|SA_SIGINFO
SIGHUP: [libjvm.so+0xbf1490], sa_mask[0]=11111111011111111101111111111110, sa_flags=SA_RESTART|SA_SIGINFO
SIGINT: [libjvm.so+0xbf1490], sa_mask[0]=11111111011111111101111111111110, sa_flags=SA_RESTART|SA_SIGINFO
SIGTERM: [libjvm.so+0xbf1490], sa_mask[0]=11111111011111111101111111111110, sa_flags=SA_RESTART|SA_SIGINFO
SIGQUIT: [libjvm.so+0xbf1490], sa_mask[0]=11111111011111111101111111111110, sa_flags=SA_RESTART|SA_SIGINFO


---------------  S Y S T E M  ---------------

OS:CentOS Linux release 7.6.1810 (Core) 
uname:Linux 4.12.9RTFM0227+ #988 SMP Thu May 30 20:11:32 KST 2019 x86_64
libc:glibc 2.17 NPTL 2.17 
rlimit: STACK infinity, CORE 0k, NPROC 510968, NOFILE 4096, AS infinity, DATA infinity, FSIZE infinity
load average:2.95 2.94 5.22

/proc/meminfo:
MemTotal:       130865364 kB
MemFree:        121895032 kB
MemAvailable:   126746256 kB
Buffers:            2120 kB
Cached:          6078040 kB
SwapCached:            0 kB
Active:          4701752 kB
Inactive:        2330072 kB
Active(anon):    1272704 kB
Inactive(anon):   189428 kB
Active(file):    3429048 kB
Inactive(file):  2140644 kB
Unevictable:           0 kB
Mlocked:               0 kB
SwapTotal:             0 kB
SwapFree:              0 kB
Dirty:            384736 kB
Writeback:             0 kB
AnonPages:        951536 kB
Mapped:           289596 kB
Shmem:            510160 kB
Slab:             813004 kB
SReclaimable:     463564 kB
SUnreclaim:       349440 kB
KernelStack:       15056 kB
PageTables:        12852 kB
NFS_Unstable:          0 kB
Bounce:                0 kB
WritebackTmp:          0 kB
CommitLimit:    65432680 kB
Committed_AS:    2449356 kB
VmallocTotal:   34359738367 kB
VmallocUsed:           0 kB
VmallocChunk:          0 kB
HardwareCorrupted:     0 kB
CmaTotal:              0 kB
CmaFree:               0 kB
HugePages_Total:       0
HugePages_Free:        0
HugePages_Rsvd:        0
HugePages_Surp:        0
Hugepagesize:       2048 kB
DirectMap4k:      826164 kB
DirectMap2M:     9543680 kB
DirectMap1G:    125829120 kB


/proc/sys/kernel/threads-max (system-wide limit on the number of threads):
1021936


/proc/sys/vm/max_map_count (maximum number of memory map areas a process may have):
65530


/proc/sys/kernel/pid_max (system-wide limit on number of process identifiers):
49152



container (cgroup) information:
container_type: cgroupv1
cpu_cpuset_cpus: 0-47
cpu_memory_nodes: 0
active_processor_count: 48
cpu_quota: -1
cpu_period: 100000
cpu_shares: -1
memory_limit_in_bytes: -1
memory_and_swap_limit_in_bytes: -1
memory_soft_limit_in_bytes: -1
memory_usage_in_bytes: 7212122112
memory_max_usage_in_bytes: 0


CPU:total 48 (initial active 48) (12 cores per cpu, 2 threads per core) family 6 model 79 stepping 1, cmov, cx8, fxsr, mmx, sse, sse2, sse3, ssse3, sse4.1, sse4.2, popcnt, avx, avx2, aes, clmul, erms, rtm, 3dnowpref, lzcnt, ht, tsc, tscinvbit, bmi1, bmi2, adx, fma
CPU Model and flags from /proc/cpuinfo:
model name	: Intel(R) Xeon(R) CPU E5-2650 v4 @ 2.20GHz
flags		: fpu vme de pse tsc msr pae mce cx8 apic sep mtrr pge mca cmov pat pse36 clflush dts acpi mmx fxsr sse sse2 ss ht tm pbe syscall nx pdpe1gb rdtscp lm constant_tsc arch_perfmon pebs bts rep_good nopl xtopology nonstop_tsc cpuid aperfmperf pni pclmulqdq dtes64 monitor ds_cpl vmx smx est tm2 ssse3 sdbg fma cx16 xtpr pdcm pcid dca sse4_1 sse4_2 x2apic movbe popcnt tsc_deadline_timer aes xsave avx f16c rdrand lahf_lm abm 3dnowprefetch cpuid_fault epb cat_l3 cdp_l3 intel_ppin intel_pt tpr_shadow vnmi flexpriority ept vpid fsgsbase tsc_adjust bmi1 hle avx2 smep bmi2 erms invpcid rtm cqm rdt_a rdseed adx smap xsaveopt cqm_llc cqm_occup_llc cqm_mbm_total cqm_mbm_local dtherm arat pln pts

Memory: 4k page, physical 130865364k(121895032k free), swap 0k(0k free)

vm_info: OpenJDK 64-Bit Server VM (12.0.1-internal+0-adhoc.root.jdk12.0.1) for linux-amd64 JRE (12.0.1-internal+0-adhoc.root.jdk12.0.1), built on Jul 18 2019 18:46:09 by "root" with gcc 4.8.5 20150623 (Red Hat 4.8.5-36)

END.
