#
# A fatal error has been detected by the Java Runtime Environment:
#
#  SIGSEGV (0xb) at pc=0x00002ad306e22d03, pid=42766, tid=43606
#
# JRE version: OpenJDK Runtime Environment (12.0.1) (build 12.0.1-internal+0-adhoc.root.jdk12.0.1)
# Java VM: OpenJDK 64-Bit Server VM (12.0.1-internal+0-adhoc.root.jdk12.0.1, mixed mode, tiered, compressed oops, serial gc, linux-amd64)
# Problematic frame:
# V  [libjvm.so+0x69dd03]  DefNewGeneration::copy_to_survivor_space(oopDesc*)+0xb3
#
# No core dump will be written. Core dumps have been disabled. To enable core dumping, try "ulimit -c unlimited" before starting Java again
#
# If you would like to submit a bug report, please visit:
#   http://bugreport.java.com/bugreport/crash.jsp
#

---------------  S U M M A R Y ------------

Command Line: -Dapplication.home=/home/dcslab/cgmin/jdk12.0.1/build/linux-x86_64-server-release/jdk -Xms8m -XX:+UseSerialGC -Xms32M -Xmx512M -XX:TieredStopAtLevel=1 -Djdk.module.main=jdk.jlink jdk.jlink/jdk.tools.jmod.Main create --module-version 12.0.1-internal --target-platform linux-amd64 --module-path /home/dcslab/cgmin/jdk12.0.1/build/linux-x86_64-server-release/images/jmods --class-path /home/dcslab/cgmin/jdk12.0.1/build/linux-x86_64-server-release/jdk/modules/jdk.internal.vm.compiler --legal-notices /home/dcslab/cgmin/jdk12.0.1/build/linux-x86_64-server-release/support/modules_legal/common --exclude **{_the.*,_*.marker,*.diz,*.debuginfo,*.dSYM/**,*.dSYM,*.pdb,*.map} /home/dcslab/cgmin/jdk12.0.1/build/linux-x86_64-server-release/support/jmods/jdk.internal.vm.compiler.jmod

Host: Intel(R) Xeon(R) CPU E5-2650 v4 @ 2.20GHz, 48 cores, 124G, CentOS Linux release 7.6.1810 (Core) 
Time: Thu Jul 18 18:46:28 2019 KST elapsed time: 1 seconds (0d 0h 0m 1s)

---------------  T H R E A D  ---------------

Current thread (0x00002ad30c08c800):  VMThread "VM Thread" [stack: 0x00002ad309be2000,0x00002ad309ce2000] [id=43606]

Stack: [0x00002ad309be2000,0x00002ad309ce2000],  sp=0x00002ad309cdfbd0,  free space=1014k
Native frames: (J=compiled Java code, A=aot compiled Java code, j=interpreted, Vv=VM code, C=native code)
V  [libjvm.so+0x69dd03]  DefNewGeneration::copy_to_survivor_space(oopDesc*)+0xb3
V  [libjvm.so+0x572260]  FastScanClosure::do_oop(oopDesc**)+0x30
V  [libjvm.so+0xbb40ce]  nmethod::oops_do(OopClosure*, bool)+0x1ae
V  [libjvm.so+0x87ca95]  MarkingCodeBlobClosure::do_code_blob(CodeBlob*)+0x35
V  [libjvm.so+0x6040ef]  CodeCache::scavenge_root_nmethods_do(CodeBlobToOopClosure*)+0x1bf
V  [libjvm.so+0x7e803d]  GenCollectedHeap::young_process_roots(StrongRootsScope*, OopsInGenClosure*, OopsInGenClosure*, CLDClosure*, OopStorage::ParState<false, false>*)+0x12d
V  [libjvm.so+0x69e849]  DefNewGeneration::collect(bool, bool, unsigned long, bool)+0x449
V  [libjvm.so+0x7e8fd2]  GenCollectedHeap::collect_generation(Generation*, bool, unsigned long, bool, bool, bool, bool)+0x2b2
V  [libjvm.so+0x7e9787]  GenCollectedHeap::do_collection(bool, bool, unsigned long, bool, GenCollectedHeap::GenerationType)+0x247
V  [libjvm.so+0x7ea09c]  GenCollectedHeap::satisfy_failed_allocation(unsigned long, bool)+0x9c
V  [libjvm.so+0x7de1f2]  VM_GenCollectForAllocation::doit()+0x82
V  [libjvm.so+0xefcca0]  VM_Operation::evaluate()+0xe0
V  [libjvm.so+0xf024a0]  VMThread::evaluate_operation(VM_Operation*)+0x110
V  [libjvm.so+0xf028e5]  VMThread::loop()+0x255
V  [libjvm.so+0xf02d9d]  VMThread::run()+0x6d
V  [libjvm.so+0xe8fb81]  Thread::call_run()+0x171
V  [libjvm.so+0xbfac08]  thread_native_entry(Thread*)+0xf8


siginfo: si_signo: 11 (SIGSEGV), si_code: 1 (SEGV_MAPERR), si_addr: 0x0000000036f756a8

Register to memory mapping:

RAX=0x0000000000000001 is an unknown value
RBX=0x00000000e0054948 is pointing into object: sun.nio.fs.UnixFileAttributes 
{0x00000000e0054918} - klass: 'sun/nio/fs/UnixFileAttributes'
RCX=0x0000000000000003 is an unknown value
RDX=0x00002ad307cc14e0: <offset 0x000000000153c4e0> in /home/dcslab/cgmin/jdk12.0.1/build/linux-x86_64-server-release/jdk/lib/server/libjvm.so at 0x00002ad306785000
RSP=0x00002ad309cdfbd0 points into unknown readable memory: 00 00 00 00 00 00 00 00
RBP=0x00002ad309cdfbf0 points into unknown readable memory: 10 fc cd 09 d3 2a 00 00
RSI=0x00000000e0054948 is pointing into object: sun.nio.fs.UnixFileAttributes 
{0x00000000e0054918} - klass: 'sun/nio/fs/UnixFileAttributes'
RDI=0x0000000036f756a0 is an unknown value
R8 =0x00002ad310e3f308 is at entry_point+-216 in (nmethod*)0x00002ad310e3f190
R9 =0x00002ad309cdfc48 points into unknown readable memory: 60 00 e4 10 d3 2a 00 00
R10=0x00002ad310e3f3eb is at entry_point+11 in (nmethod*)0x00002ad310e3f190
R11=0x00002ad310e3f3c8 is at entry_point+-24 in (nmethod*)0x00002ad310e3f190
R12=0x00002ad30c021760 points into unknown readable memory: 70 0d c8 07 d3 2a 00 00
R13=0x00002ad309cdfc90 points into unknown readable memory: d0 4f c9 07 d3 2a 00 00
R14=0x00002ad310e3f190 is at entry_point+-592 in (nmethod*)0x00002ad310e3f190
R15=0x00002ad306cf7230: <offset 0x0000000000572230> in /home/dcslab/cgmin/jdk12.0.1/build/linux-x86_64-server-release/jdk/lib/server/libjvm.so at 0x00002ad306785000


Registers:
RAX=0x0000000000000001, RBX=0x00000000e0054948, RCX=0x0000000000000003, RDX=0x00002ad307cc14e0
RSP=0x00002ad309cdfbd0, RBP=0x00002ad309cdfbf0, RSI=0x00000000e0054948, RDI=0x0000000036f756a0
R8 =0x00002ad310e3f308, R9 =0x00002ad309cdfc48, R10=0x00002ad310e3f3eb, R11=0x00002ad310e3f3c8
R12=0x00002ad30c021760, R13=0x00002ad309cdfc90, R14=0x00002ad310e3f190, R15=0x00002ad306cf7230
RIP=0x00002ad306e22d03, EFLAGS=0x0000000000010206, CSGSFS=0x002b000000000033, ERR=0x0000000000000004
  TRAPNO=0x000000000000000e

Top of Stack: (sp=0x00002ad309cdfbd0)
0x00002ad309cdfbd0:   0000000000000000 00002ad309cdffc0
0x00002ad309cdfbe0:   00002ad310e3f834 00002ad309cdfc90
0x00002ad309cdfbf0:   00002ad309cdfc10 00002ad306cf7260
0x00002ad309cdfc00:   00002ad309cdffc0 00002ad309cdfc20 

Instructions: (pc=0x00002ad306e22d03)
0x00002ad306e22ce3:   89 c0 48 83 c4 08 5b 41 5c 41 5d 5d c3 48 8d 15
0x00002ad306e22cf3:   e9 e7 e9 00 8b 7e 08 8b 4a 08 48 d3 e7 48 03 3a
0x00002ad306e22d03:   8b 4f 08 83 f9 00 0f 8f 72 ff ff ff 0f 85 ab 01
0x00002ad306e22d13:   00 00 0f 1f 00 48 8b 07 48 89 de ff 90 08 01 00 

Stack slot to memory mapping:
stack at sp + 0 slots: 0x0 is NULL
stack at sp + 1 slots: 0x00002ad309cdffc0 points into unknown readable memory: d0 79 c6 07 d3 2a 00 00
stack at sp + 2 slots: 0x00002ad310e3f834 is at entry_point+1108 in (nmethod*)0x00002ad310e3f190
stack at sp + 3 slots: 0x00002ad309cdfc90 points into unknown readable memory: d0 4f c9 07 d3 2a 00 00
stack at sp + 4 slots: 0x00002ad309cdfc10 points into unknown readable memory: f0 fc cd 09 d3 2a 00 00
stack at sp + 5 slots: 0x00002ad306cf7260: <offset 0x0000000000572260> in /home/dcslab/cgmin/jdk12.0.1/build/linux-x86_64-server-release/jdk/lib/server/libjvm.so at 0x00002ad306785000
stack at sp + 6 slots: 0x00002ad309cdffc0 points into unknown readable memory: d0 79 c6 07 d3 2a 00 00
stack at sp + 7 slots: 0x00002ad309cdfc20 points into unknown readable memory: 00 00 00 00 00 00 00 00

VM_Operation (0x00002ad305a859f0): GenCollectForAllocation, mode: safepoint, requested by thread 0x00002ad30c010000


---------------  P R O C E S S  ---------------

Threads class SMR info:
_java_thread_list=0x00002ad30c1dbde0, length=8, elements={
0x00002ad30c010000, 0x00002ad30c099000, 0x00002ad30c09c800, 0x00002ad30c0b4800,
0x00002ad30c0b7000, 0x00002ad30c0b9000, 0x00002ad30c0ec800, 0x00002ad30c1da800
}

Java Threads: ( => current thread )
  0x00002ad30c010000 JavaThread "main" [_thread_blocked, id=42781, stack(0x00002ad305987000,0x00002ad305a88000)]
  0x00002ad30c099000 JavaThread "Reference Handler" daemon [_thread_blocked, id=43631, stack(0x00002ad309ce2000,0x00002ad309de3000)]
  0x00002ad30c09c800 JavaThread "Finalizer" daemon [_thread_blocked, id=43634, stack(0x00002ad309de3000,0x00002ad309ee4000)]
  0x00002ad30c0b4800 JavaThread "Signal Dispatcher" daemon [_thread_blocked, id=43660, stack(0x00002ad309ee4000,0x00002ad309fe5000)]
  0x00002ad30c0b7000 JavaThread "C1 CompilerThread0" daemon [_thread_blocked, id=43662, stack(0x00002ad309fe5000,0x00002ad30a0e6000)]
  0x00002ad30c0b9000 JavaThread "Sweeper thread" daemon [_thread_blocked, id=43666, stack(0x00002ad30a0e6000,0x00002ad30a1e7000)]
  0x00002ad30c0ec800 JavaThread "Common-Cleaner" daemon [_thread_blocked, id=43703, stack(0x00002ad30a642000,0x00002ad30a743000)]
  0x00002ad30c1da800 JavaThread "Service Thread" daemon [_thread_blocked, id=43758, stack(0x00002ad30a743000,0x00002ad30a844000)]

Other Threads:
=>0x00002ad30c08c800 VMThread "VM Thread" [stack: 0x00002ad309be2000,0x00002ad309ce2000] [id=43606]
  0x00002ad30c1dc800 WatcherThread [stack: 0x00002ad30a846000,0x00002ad30a946000] [id=43760]

Threads with active compile tasks:

VM state:at safepoint (normal execution)

VM Mutex/Monitor currently owned by a thread:  ([mutex/lock_event])
[0x00002ad30c00d130] Threads_lock - owner thread: 0x00002ad30c08c800
[0x00002ad30c00d910] Heap_lock - owner thread: 0x00002ad30c010000

Heap address: 0x00000000e0000000, size: 512 MB, Compressed Oops mode: 32-bit
Narrow klass base: 0x0000000000000000, Narrow klass shift: 3
Compressed class space size: 1073741824 Address: 0x0000000100000000

Heap:
 def new generation   total 9792K, used 9791K [0x00000000e0000000, 0x00000000e0aa0000, 0x00000000eaaa0000)
  eden space 8704K,  99% used [0x00000000e0000000, 0x00000000e087fff0, 0x00000000e0880000)
  from space 1088K, 100% used [0x00000000e0990000, 0x00000000e0aa0000, 0x00000000e0aa0000)
  to   space 1088K,   0% used [0x00000000e0880000, 0x00000000e0880098, 0x00000000e0990000)
 tenured generation   total 21888K, used 191K [0x00000000eaaa0000, 0x00000000ec000000, 0x0000000100000000)
   the space 21888K,   0% used [0x00000000eaaa0000, 0x00000000eaacfd60, 0x00000000eaacfe00, 0x00000000ec000000)
 Metaspace       used 7300K, capacity 7460K, committed 7552K, reserved 1056768K
  class space    used 722K, capacity 805K, committed 896K, reserved 1048576K

Card table byte_map: [0x00002ad3091a1000,0x00002ad3092a2000] _byte_map_base: 0x00002ad308aa1000

Polling page: 0x00002ad305972000

Metaspace:

Usage:
  Non-class:      6.50 MB capacity,     6.42 MB ( 99%) used,    63.41 KB ( <1%) free+waste,    13.38 KB ( <1%) overhead. 
      Class:    805.00 KB capacity,   722.09 KB ( 90%) used,    74.47 KB (  9%) free+waste,     8.44 KB (  1%) overhead. 
       Both:      7.29 MB capacity,     7.13 MB ( 98%) used,   137.88 KB (  2%) free+waste,    21.81 KB ( <1%) overhead. 

Virtual space:
  Non-class space:        8.00 MB reserved,       6.50 MB ( 81%) committed 
      Class space:        1.00 GB reserved,     896.00 KB ( <1%) committed 
             Both:        1.01 GB reserved,       7.38 MB ( <1%) committed 

Chunk freelists:
   Non-Class:  0 bytes
       Class:  0 bytes
        Both:  0 bytes

CodeHeap 'non-profiled nmethods': size=232192Kb used=1138Kb max_used=1138Kb free=231053Kb
 bounds [0x00002ad310d40000, 0x00002ad310fb0000, 0x00002ad31f000000]
CodeHeap 'non-nmethods': size=13568Kb used=1039Kb max_used=1039Kb free=12528Kb
 bounds [0x00002ad310000000, 0x00002ad310270000, 0x00002ad310d40000]
 total_blobs=1204 nmethods=854 adapters=264
 compilation: enabled
              stopped_count=0, restarted_count=0
 full_count=0

Compilation events (10 events):
Event: 1.114 Thread 0x00002ad30c0b7000  850       1       java.util.stream.ReduceOps$3ReducingSink::accept (15 bytes)
Event: 1.115 Thread 0x00002ad30c0b7000 nmethod 850 0x00002ad310e5b990 code [0x00002ad310e5bb40, 0x00002ad310e5bc88]
Event: 1.115 Thread 0x00002ad30c0b7000  851       1       java.util.stream.Collectors$$Lambda$13/0x000000010007f840::accept (11 bytes)
Event: 1.115 Thread 0x00002ad30c0b7000 nmethod 851 0x00002ad310e5bd10 code [0x00002ad310e5bec0, 0x00002ad310e5c048]
Event: 1.122 Thread 0x00002ad30c0b7000  852       1       java.util.concurrent.locks.AbstractQueuedSynchronizer::setState (6 bytes)
Event: 1.122 Thread 0x00002ad30c0b7000 nmethod 852 0x00002ad310e5c110 code [0x00002ad310e5c2c0, 0x00002ad310e5c3d0]
Event: 1.124 Thread 0x00002ad30c0b7000  853       1       java.util.concurrent.locks.ReentrantReadWriteLock::writeLock (5 bytes)
Event: 1.124 Thread 0x00002ad30c0b7000 nmethod 853 0x00002ad310e5c410 code [0x00002ad310e5c5c0, 0x00002ad310e5c6d0]
Event: 1.124 Thread 0x00002ad30c0b7000  854       1       java.util.concurrent.locks.AbstractOwnableSynchronizer::setExclusiveOwnerThread (6 bytes)
Event: 1.124 Thread 0x00002ad30c0b7000 nmethod 854 0x00002ad310e5c710 code [0x00002ad310e5c8c0, 0x00002ad310e5c9f0]

GC Heap History (3 events):
Event: 1.064 GC heap before
{Heap before GC invocations=0 (full 0):
 def new generation   total 9792K, used 8703K [0x00000000e0000000, 0x00000000e0aa0000, 0x00000000eaaa0000)
  eden space 8704K,  99% used [0x00000000e0000000, 0x00000000e087fff0, 0x00000000e0880000)
  from space 1088K,   0% used [0x00000000e0880000, 0x00000000e0880000, 0x00000000e0990000)
  to   space 1088K,   0% used [0x00000000e0990000, 0x00000000e0990000, 0x00000000e0aa0000)
 tenured generation   total 21888K, used 0K [0x00000000eaaa0000, 0x00000000ec000000, 0x0000000100000000)
   the space 21888K,   0% used [0x00000000eaaa0000, 0x00000000eaaa0000, 0x00000000eaaa0200, 0x00000000ec000000)
 Metaspace       used 7267K, capacity 7456K, committed 7552K, reserved 1056768K
  class space    used 722K, capacity 805K, committed 896K, reserved 1048576K
}
Event: 1.067 GC heap after
{Heap after GC invocations=1 (full 0):
 def new generation   total 9792K, used 1088K [0x00000000e0000000, 0x00000000e0aa0000, 0x00000000eaaa0000)
  eden space 8704K,   0% used [0x00000000e0000000, 0x00000000e0000000, 0x00000000e0880000)
  from space 1088K, 100% used [0x00000000e0990000, 0x00000000e0aa0000, 0x00000000e0aa0000)
  to   space 1088K,   0% used [0x00000000e0880000, 0x00000000e0880000, 0x00000000e0990000)
 tenured generation   total 21888K, used 9K [0x00000000eaaa0000, 0x00000000ec000000, 0x0000000100000000)
   the space 21888K,   0% used [0x00000000eaaa0000, 0x00000000eaaa2560, 0x00000000eaaa2600, 0x00000000ec000000)
 Metaspace       used 7267K, capacity 7456K, committed 7552K, reserved 1056768K
  class space    used 722K, capacity 805K, committed 896K, reserved 1048576K
}
Event: 1.164 GC heap before
{Heap before GC invocations=1 (full 0):
 def new generation   total 9792K, used 9791K [0x00000000e0000000, 0x00000000e0aa0000, 0x00000000eaaa0000)
  eden space 8704K,  99% used [0x00000000e0000000, 0x00000000e087fff0, 0x00000000e0880000)
  from space 1088K, 100% used [0x00000000e0990000, 0x00000000e0aa0000, 0x00000000e0aa0000)
  to   space 1088K,   0% used [0x00000000e0880000, 0x00000000e0880000, 0x00000000e0990000)
 tenured generation   total 21888K, used 9K [0x00000000eaaa0000, 0x00000000ec000000, 0x0000000100000000)
   the space 21888K,   0% used [0x00000000eaaa0000, 0x00000000eaaa2560, 0x00000000eaaa2600, 0x00000000ec000000)
 Metaspace       used 7300K, capacity 7460K, committed 7552K, reserved 1056768K
  class space    used 722K, capacity 805K, committed 896K, reserved 1048576K
}

Deoptimization events (0 events):
No events

Classes redefined (0 events):
No events

Internal exceptions (10 events):
Event: 1.015 Thread 0x00002ad30c010000 Exception <a 'java/lang/NoSuchMethodError'{0x00000000e06f2518}: java.lang.invoke.DirectMethodHandle$Holder.invokeStatic(Ljava/lang/Object;Ljava/lang/Object;Ljava/lang/Object;Ljava/lang/Object;Ljava/lang/Object;Ljava/lang/Object;Ljava/lang/Object;Ljava/lan
Event: 1.020 Thread 0x00002ad30c010000 Exception <a 'java/lang/NoSuchMethodError'{0x00000000e07103b8}: java.lang.invoke.DirectMethodHandle$Holder.getLong(Ljava/lang/Object;Ljava/lang/Object;)J> (0x00000000e07103b8) thrown at [/home/dcslab/cgmin/jdk12.0.1/src/hotspot/share/interpreter/linkResol
Event: 1.027 Thread 0x00002ad30c010000 Exception <a 'java/lang/NoSuchMethodError'{0x00000000e0732200}: java.lang.invoke.DirectMethodHandle$Holder.invokeStatic(Ljava/lang/Object;I)I> (0x00000000e0732200) thrown at [/home/dcslab/cgmin/jdk12.0.1/src/hotspot/share/interpreter/linkResolver.cpp, lin
Event: 1.030 Thread 0x00002ad30c010000 Exception <a 'java/lang/NoSuchMethodError'{0x00000000e073f3f0}: java.lang.invoke.DirectMethodHandle$Holder.invokeSpecialIFC(Ljava/lang/Object;Ljava/lang/Object;I)I> (0x00000000e073f3f0) thrown at [/home/dcslab/cgmin/jdk12.0.1/src/hotspot/share/interpreter
Event: 1.031 Thread 0x00002ad30c010000 Exception <a 'java/lang/NoSuchMethodError'{0x00000000e0744ad8}: java.lang.invoke.DirectMethodHandle$Holder.invokeStatic(Ljava/lang/Object;II)I> (0x00000000e0744ad8) thrown at [/home/dcslab/cgmin/jdk12.0.1/src/hotspot/share/interpreter/linkResolver.cpp, li
Event: 1.031 Thread 0x00002ad30c010000 Exception <a 'java/lang/NoSuchMethodError'{0x00000000e0749c68}: java.lang.invoke.DirectMethodHandle$Holder.invokeStatic(Ljava/lang/Object;I)Ljava/lang/Object;> (0x00000000e0749c68) thrown at [/home/dcslab/cgmin/jdk12.0.1/src/hotspot/share/interpreter/link
Event: 1.032 Thread 0x00002ad30c010000 Exception <a 'java/lang/NoSuchMethodError'{0x00000000e074f720}: java.lang.invoke.Invokers$Holder.linkToTargetMethod(ILjava/lang/Object;)Ljava/lang/Object;> (0x00000000e074f720) thrown at [/home/dcslab/cgmin/jdk12.0.1/src/hotspot/share/interpreter/linkReso
Event: 1.038 Thread 0x00002ad30c010000 Exception <a 'java/lang/NoSuchMethodError'{0x00000000e07746c8}: java.lang.invoke.DirectMethodHandle$Holder.invokeStatic(Ljava/lang/Object;Ljava/lang/Object;Ljava/lang/Object;Ljava/lang/Object;Ljava/lang/Object;Ljava/lang/Object;Ljava/lang/Object;Ljava/lan
Event: 1.047 Thread 0x00002ad30c010000 Exception <a 'java/lang/NoSuchMethodError'{0x00000000e07b9120}: java.lang.invoke.DirectMethodHandle$Holder.invokeInterface(Ljava/lang/Object;Ljava/lang/Object;Ljava/lang/Object;)Ljava/lang/Object;> (0x00000000e07b9120) thrown at [/home/dcslab/cgmin/jdk12.
Event: 1.048 Thread 0x00002ad30c010000 Exception <a 'java/lang/NoSuchMethodError'{0x00000000e07be988}: java.lang.invoke.DirectMethodHandle$Holder.invokeSpecial(Ljava/lang/Object;Ljava/lang/Object;Ljava/lang/Object;)I> (0x00000000e07be988) thrown at [/home/dcslab/cgmin/jdk12.0.1/src/hotspot/sha

Events (10 events):
Event: 1.049 loading class java/util/stream/ReferencePipeline$StatefulOp
Event: 1.049 loading class java/util/stream/ReferencePipeline$StatefulOp done
Event: 1.049 loading class java/util/stream/DistinctOps$1 done
Event: 1.049 Executing VM operation: Deoptimize
Event: 1.049 Executing VM operation: Deoptimize done
Event: 1.049 loading class java/util/stream/DistinctOps$1$2
Event: 1.049 loading class java/util/stream/DistinctOps$1$2 done
Event: 1.064 Executing VM operation: GenCollectForAllocation
Event: 1.068 Executing VM operation: GenCollectForAllocation done
Event: 1.164 Executing VM operation: GenCollectForAllocation


Dynamic libraries:
00400000-00401000 r-xp 00000000 fd:02 233300582                          /home/dcslab/cgmin/jdk12.0.1/build/linux-x86_64-server-release/jdk/bin/jmod
00601000-00602000 r--p 00001000 fd:02 233300582                          /home/dcslab/cgmin/jdk12.0.1/build/linux-x86_64-server-release/jdk/bin/jmod
00602000-00603000 rw-p 00002000 fd:02 233300582                          /home/dcslab/cgmin/jdk12.0.1/build/linux-x86_64-server-release/jdk/bin/jmod
01454000-01475000 rw-p 00000000 00:00 0                                  [heap]
e0000000-e0aa0000 rw-p 00000000 00:00 0 
e0aa0000-eaaa0000 ---p 00000000 00:00 0 
eaaa0000-ec000000 rw-p 00000000 00:00 0 
ec000000-100000000 ---p 00000000 00:00 0 
100000000-1000e0000 rw-p 00000000 00:00 0 
1000e0000-140000000 ---p 00000000 00:00 0 
2ad30594e000-2ad305970000 r-xp 00000000 fd:00 67116101                   /usr/lib64/ld-2.17.so
2ad305970000-2ad305971000 rw-p 00000000 00:00 0 
2ad305971000-2ad305973000 ---p 00000000 00:00 0 
2ad305973000-2ad305974000 r--p 00000000 00:00 0 
2ad305974000-2ad30597c000 rw-s 00000000 fd:00 67645926                   /tmp/hsperfdata_root/42766
2ad30597c000-2ad30597e000 rw-p 00000000 00:00 0 
2ad305982000-2ad305987000 rw-p 00000000 00:00 0 
2ad305987000-2ad30598b000 ---p 00000000 00:00 0 
2ad30598b000-2ad305a8d000 rw-p 00000000 00:00 0 
2ad305a8d000-2ad305aa3000 ---p 00000000 00:00 0 
2ad305aa3000-2ad305aae000 rw-p 00000000 00:00 0 
2ad305aae000-2ad305b4e000 ---p 00000000 00:00 0 
2ad305b4e000-2ad305b6f000 rw-p 00000000 00:00 0 
2ad305b6f000-2ad305b70000 r--p 00021000 fd:00 67116101                   /usr/lib64/ld-2.17.so
2ad305b70000-2ad305b71000 rw-p 00022000 fd:00 67116101                   /usr/lib64/ld-2.17.so
2ad305b71000-2ad305b72000 rw-p 00000000 00:00 0 
2ad305b72000-2ad305b87000 r-xp 00000000 fd:00 67116158                   /usr/lib64/libz.so.1.2.7
2ad305b87000-2ad305d86000 ---p 00015000 fd:00 67116158                   /usr/lib64/libz.so.1.2.7
2ad305d86000-2ad305d87000 r--p 00014000 fd:00 67116158                   /usr/lib64/libz.so.1.2.7
2ad305d87000-2ad305d88000 rw-p 00015000 fd:00 67116158                   /usr/lib64/libz.so.1.2.7
2ad305d88000-2ad305d97000 r-xp 00000000 fd:02 233283259                  /home/dcslab/cgmin/jdk12.0.1/build/linux-x86_64-server-release/jdk/lib/libjli.so
2ad305d97000-2ad305f96000 ---p 0000f000 fd:02 233283259                  /home/dcslab/cgmin/jdk12.0.1/build/linux-x86_64-server-release/jdk/lib/libjli.so
2ad305f96000-2ad305f97000 r--p 0000e000 fd:02 233283259                  /home/dcslab/cgmin/jdk12.0.1/build/linux-x86_64-server-release/jdk/lib/libjli.so
2ad305f97000-2ad305f98000 rw-p 0000f000 fd:02 233283259                  /home/dcslab/cgmin/jdk12.0.1/build/linux-x86_64-server-release/jdk/lib/libjli.so
2ad305f98000-2ad305faf000 r-xp 00000000 fd:00 67527458                   /usr/lib64/libpthread-2.17.so
2ad305faf000-2ad3061ae000 ---p 00017000 fd:00 67527458                   /usr/lib64/libpthread-2.17.so
2ad3061ae000-2ad3061af000 r--p 00016000 fd:00 67527458                   /usr/lib64/libpthread-2.17.so
2ad3061af000-2ad3061b0000 rw-p 00017000 fd:00 67527458                   /usr/lib64/libpthread-2.17.so
2ad3061b0000-2ad3061b4000 rw-p 00000000 00:00 0 
2ad3061b4000-2ad3061b6000 r-xp 00000000 fd:00 67412311                   /usr/lib64/libdl-2.17.so
2ad3061b6000-2ad3063b6000 ---p 00002000 fd:00 67412311                   /usr/lib64/libdl-2.17.so
2ad3063b6000-2ad3063b7000 r--p 00002000 fd:00 67412311                   /usr/lib64/libdl-2.17.so
2ad3063b7000-2ad3063b8000 rw-p 00003000 fd:00 67412311                   /usr/lib64/libdl-2.17.so
2ad3063b8000-2ad30657a000 r-xp 00000000 fd:00 67116114                   /usr/lib64/libc-2.17.so
2ad30657a000-2ad30677a000 ---p 001c2000 fd:00 67116114                   /usr/lib64/libc-2.17.so
2ad30677a000-2ad30677e000 r--p 001c2000 fd:00 67116114                   /usr/lib64/libc-2.17.so
2ad30677e000-2ad306780000 rw-p 001c6000 fd:00 67116114                   /usr/lib64/libc-2.17.so
2ad306780000-2ad306785000 rw-p 00000000 00:00 0 
2ad306785000-2ad3079ca000 r-xp 00000000 fd:02 149929323                  /home/dcslab/cgmin/jdk12.0.1/build/linux-x86_64-server-release/jdk/lib/server/libjvm.so
2ad3079ca000-2ad307bca000 ---p 01245000 fd:02 149929323                  /home/dcslab/cgmin/jdk12.0.1/build/linux-x86_64-server-release/jdk/lib/server/libjvm.so
2ad307bca000-2ad307c9f000 r--p 01245000 fd:02 149929323                  /home/dcslab/cgmin/jdk12.0.1/build/linux-x86_64-server-release/jdk/lib/server/libjvm.so
2ad307c9f000-2ad307cdb000 rw-p 0131a000 fd:02 149929323                  /home/dcslab/cgmin/jdk12.0.1/build/linux-x86_64-server-release/jdk/lib/server/libjvm.so
2ad307cdb000-2ad307d61000 rw-p 00000000 00:00 0 
2ad307d61000-2ad307e4a000 r-xp 00000000 fd:00 67349699                   /usr/lib64/libstdc++.so.6.0.19
2ad307e4a000-2ad308049000 ---p 000e9000 fd:00 67349699                   /usr/lib64/libstdc++.so.6.0.19
2ad308049000-2ad308051000 r--p 000e8000 fd:00 67349699                   /usr/lib64/libstdc++.so.6.0.19
2ad308051000-2ad308053000 rw-p 000f0000 fd:00 67349699                   /usr/lib64/libstdc++.so.6.0.19
2ad308053000-2ad308068000 rw-p 00000000 00:00 0 
2ad308068000-2ad308169000 r-xp 00000000 fd:00 67412312                   /usr/lib64/libm-2.17.so
2ad308169000-2ad308368000 ---p 00101000 fd:00 67412312                   /usr/lib64/libm-2.17.so
2ad308368000-2ad308369000 r--p 00100000 fd:00 67412312                   /usr/lib64/libm-2.17.so
2ad308369000-2ad30836a000 rw-p 00101000 fd:00 67412312                   /usr/lib64/libm-2.17.so
2ad30836a000-2ad30837f000 r-xp 00000000 fd:00 67349682                   /usr/lib64/libgcc_s-4.8.5-20150702.so.1
2ad30837f000-2ad30857e000 ---p 00015000 fd:00 67349682                   /usr/lib64/libgcc_s-4.8.5-20150702.so.1
2ad30857e000-2ad30857f000 r--p 00014000 fd:00 67349682                   /usr/lib64/libgcc_s-4.8.5-20150702.so.1
2ad30857f000-2ad308580000 rw-p 00015000 fd:00 67349682                   /usr/lib64/libgcc_s-4.8.5-20150702.so.1
2ad308580000-2ad30858d000 r-xp 00000000 fd:02 233283245                  /home/dcslab/cgmin/jdk12.0.1/build/linux-x86_64-server-release/jdk/lib/libverify.so
2ad30858d000-2ad30878c000 ---p 0000d000 fd:02 233283245                  /home/dcslab/cgmin/jdk12.0.1/build/linux-x86_64-server-release/jdk/lib/libverify.so
2ad30878c000-2ad30878e000 r--p 0000c000 fd:02 233283245                  /home/dcslab/cgmin/jdk12.0.1/build/linux-x86_64-server-release/jdk/lib/libverify.so
2ad30878e000-2ad30878f000 rw-p 0000e000 fd:02 233283245                  /home/dcslab/cgmin/jdk12.0.1/build/linux-x86_64-server-release/jdk/lib/libverify.so
2ad30878f000-2ad3087b7000 r-xp 00000000 fd:02 233283260                  /home/dcslab/cgmin/jdk12.0.1/build/linux-x86_64-server-release/jdk/lib/libjava.so
2ad3087b7000-2ad3089b6000 ---p 00028000 fd:02 233283260                  /home/dcslab/cgmin/jdk12.0.1/build/linux-x86_64-server-release/jdk/lib/libjava.so
2ad3089b6000-2ad3089b7000 r--p 00027000 fd:02 233283260                  /home/dcslab/cgmin/jdk12.0.1/build/linux-x86_64-server-release/jdk/lib/libjava.so
2ad3089b7000-2ad3089b9000 rw-p 00028000 fd:02 233283260                  /home/dcslab/cgmin/jdk12.0.1/build/linux-x86_64-server-release/jdk/lib/libjava.so
2ad3089b9000-2ad3089c5000 r-xp 00000000 fd:00 67527450                   /usr/lib64/libnss_files-2.17.so
2ad3089c5000-2ad308bc4000 ---p 0000c000 fd:00 67527450                   /usr/lib64/libnss_files-2.17.so
2ad308bc4000-2ad308bc5000 r--p 0000b000 fd:00 67527450                   /usr/lib64/libnss_files-2.17.so
2ad308bc5000-2ad308bc6000 rw-p 0000c000 fd:00 67527450                   /usr/lib64/libnss_files-2.17.so
2ad308bc6000-2ad308bcc000 rw-p 00000000 00:00 0 
2ad308bcc000-2ad308bd3000 r-xp 00000000 fd:02 233283271                  /home/dcslab/cgmin/jdk12.0.1/build/linux-x86_64-server-release/jdk/lib/libzip.so
2ad308bd3000-2ad308dd2000 ---p 00007000 fd:02 233283271                  /home/dcslab/cgmin/jdk12.0.1/build/linux-x86_64-server-release/jdk/lib/libzip.so
2ad308dd2000-2ad308dd3000 r--p 00006000 fd:02 233283271                  /home/dcslab/cgmin/jdk12.0.1/build/linux-x86_64-server-release/jdk/lib/libzip.so
2ad308dd3000-2ad308dd4000 rw-p 00007000 fd:02 233283271                  /home/dcslab/cgmin/jdk12.0.1/build/linux-x86_64-server-release/jdk/lib/libzip.so
2ad308dd4000-2ad308dd9000 r-xp 00000000 fd:02 233283273                  /home/dcslab/cgmin/jdk12.0.1/build/linux-x86_64-server-release/jdk/lib/libjimage.so
2ad308dd9000-2ad308fd9000 ---p 00005000 fd:02 233283273                  /home/dcslab/cgmin/jdk12.0.1/build/linux-x86_64-server-release/jdk/lib/libjimage.so
2ad308fd9000-2ad308fda000 r--p 00005000 fd:02 233283273                  /home/dcslab/cgmin/jdk12.0.1/build/linux-x86_64-server-release/jdk/lib/libjimage.so
2ad308fda000-2ad308fdb000 rw-p 00006000 fd:02 233283273                  /home/dcslab/cgmin/jdk12.0.1/build/linux-x86_64-server-release/jdk/lib/libjimage.so
2ad308fdb000-2ad308fe0000 rw-p 00000000 00:00 0 
2ad308fe0000-2ad3091a1000 ---p 00000000 00:00 0 
2ad3091a1000-2ad3091a7000 rw-p 00000000 00:00 0 
2ad3091a7000-2ad3091f6000 ---p 00000000 00:00 0 
2ad3091f6000-2ad309201000 rw-p 00000000 00:00 0 
2ad309201000-2ad3092a1000 ---p 00000000 00:00 0 
2ad3092a1000-2ad309943000 rw-p 00000000 00:00 0 
2ad309943000-2ad309ac3000 ---p 00000000 00:00 0 
2ad309ac3000-2ad309be0000 rw-p 00000000 00:00 0 
2ad309be0000-2ad309be1000 ---p 00000000 00:00 0 
2ad309be1000-2ad309ce2000 rw-p 00000000 00:00 0 
2ad309ce2000-2ad309ce6000 ---p 00000000 00:00 0 
2ad309ce6000-2ad309de3000 rw-p 00000000 00:00 0 
2ad309de3000-2ad309de7000 ---p 00000000 00:00 0 
2ad309de7000-2ad309ee4000 rw-p 00000000 00:00 0 
2ad309ee4000-2ad309ee8000 ---p 00000000 00:00 0 
2ad309ee8000-2ad309fe5000 rw-p 00000000 00:00 0 
2ad309fe5000-2ad309fe9000 ---p 00000000 00:00 0 
2ad309fe9000-2ad30a0e6000 rw-p 00000000 00:00 0 
2ad30a0e6000-2ad30a0ea000 ---p 00000000 00:00 0 
2ad30a0ea000-2ad30a1e7000 rw-p 00000000 00:00 0 
2ad30a1e7000-2ad30a1f8000 r-xp 00000000 fd:02 233283281                  /home/dcslab/cgmin/jdk12.0.1/build/linux-x86_64-server-release/jdk/lib/libnio.so
2ad30a1f8000-2ad30a3f7000 ---p 00011000 fd:02 233283281                  /home/dcslab/cgmin/jdk12.0.1/build/linux-x86_64-server-release/jdk/lib/libnio.so
2ad30a3f7000-2ad30a3f8000 r--p 00010000 fd:02 233283281                  /home/dcslab/cgmin/jdk12.0.1/build/linux-x86_64-server-release/jdk/lib/libnio.so
2ad30a3f8000-2ad30a3f9000 rw-p 00011000 fd:02 233283281                  /home/dcslab/cgmin/jdk12.0.1/build/linux-x86_64-server-release/jdk/lib/libnio.so
2ad30a3f9000-2ad30a410000 r-xp 00000000 fd:02 233283275                  /home/dcslab/cgmin/jdk12.0.1/build/linux-x86_64-server-release/jdk/lib/libnet.so
2ad30a410000-2ad30a60f000 ---p 00017000 fd:02 233283275                  /home/dcslab/cgmin/jdk12.0.1/build/linux-x86_64-server-release/jdk/lib/libnet.so
2ad30a60f000-2ad30a610000 r--p 00016000 fd:02 233283275                  /home/dcslab/cgmin/jdk12.0.1/build/linux-x86_64-server-release/jdk/lib/libnet.so
2ad30a610000-2ad30a611000 rw-p 00017000 fd:02 233283275                  /home/dcslab/cgmin/jdk12.0.1/build/linux-x86_64-server-release/jdk/lib/libnet.so
2ad30a611000-2ad30a642000 rw-p 00000000 00:00 0 
2ad30a642000-2ad30a646000 ---p 00000000 00:00 0 
2ad30a646000-2ad30a743000 rw-p 00000000 00:00 0 
2ad30a743000-2ad30a747000 ---p 00000000 00:00 0 
2ad30a747000-2ad30a844000 rw-p 00000000 00:00 0 
2ad30a844000-2ad30a845000 ---p 00000000 00:00 0 
2ad30a845000-2ad30ad3c000 rw-p 00000000 00:00 0 
2ad30c000000-2ad30c2cb000 rw-p 00000000 00:00 0 
2ad30c2cb000-2ad310000000 ---p 00000000 00:00 0 
2ad310000000-2ad310270000 rwxp 00000000 00:00 0 
2ad310270000-2ad310d40000 ---p 00000000 00:00 0 
2ad310d40000-2ad310fb0000 rwxp 00000000 00:00 0 
2ad310fb0000-2ad31f000000 ---p 00000000 00:00 0 
2ad320000000-2ad320021000 rw-p 00000000 00:00 0 
2ad320021000-2ad324000000 ---p 00000000 00:00 0 
2ad324000000-2ad324021000 rw-p 00000000 00:00 0 
2ad324021000-2ad328000000 ---p 00000000 00:00 0 
2ad328000000-2ad328021000 rw-p 00000000 00:00 0 
2ad328021000-2ad32c000000 ---p 00000000 00:00 0 
2ad32c000000-2ad33252a000 r--p 00000000 fd:00 1524467                    /usr/lib/locale/locale-archive
2ad334000000-2ad334021000 rw-p 00000000 00:00 0 
2ad334021000-2ad338000000 ---p 00000000 00:00 0 
2ad338000000-2ad33827f000 rw-p 00000000 00:00 0 
2ad33827f000-2ad33c000000 ---p 00000000 00:00 0 
2ad33c000000-2ad33c021000 rw-p 00000000 00:00 0 
2ad33c021000-2ad340000000 ---p 00000000 00:00 0 
2ad340000000-2ad340021000 rw-p 00000000 00:00 0 
2ad340021000-2ad344000000 ---p 00000000 00:00 0 
2ad344000000-2ad344021000 rw-p 00000000 00:00 0 
2ad344021000-2ad348000000 ---p 00000000 00:00 0 
2ad348000000-2ad348021000 rw-p 00000000 00:00 0 
2ad348021000-2ad34c000000 ---p 00000000 00:00 0 
7ffd3ad04000-7ffd3ad26000 rw-p 00000000 00:00 0                          [stack]
7ffd3ad85000-7ffd3ad88000 r--p 00000000 00:00 0                          [vvar]
7ffd3ad88000-7ffd3ad8a000 r-xp 00000000 00:00 0                          [vdso]
ffffffffff600000-ffffffffff601000 r-xp 00000000 00:00 0                  [vsyscall]


VM Arguments:
jvm_args: -Dapplication.home=/home/dcslab/cgmin/jdk12.0.1/build/linux-x86_64-server-release/jdk -Xms8m -XX:+UseSerialGC -Xms32M -Xmx512M -XX:TieredStopAtLevel=1 -Djdk.module.main=jdk.jlink 
java_command: jdk.jlink/jdk.tools.jmod.Main create --module-version 12.0.1-internal --target-platform linux-amd64 --module-path /home/dcslab/cgmin/jdk12.0.1/build/linux-x86_64-server-release/images/jmods --class-path /home/dcslab/cgmin/jdk12.0.1/build/linux-x86_64-server-release/jdk/modules/jdk.internal.vm.compiler --legal-notices /home/dcslab/cgmin/jdk12.0.1/build/linux-x86_64-server-release/support/modules_legal/common --exclude **{_the.*,_*.marker,*.diz,*.debuginfo,*.dSYM/**,*.dSYM,*.pdb,*.map} /home/dcslab/cgmin/jdk12.0.1/build/linux-x86_64-server-release/support/jmods/jdk.internal.vm.compiler.jmod
java_class_path (initial): <not set>
Launcher Type: SUN_STANDARD

[Global flags]
     intx CICompilerCount                          = 15                                        {product} {ergonomic}
   size_t InitialHeapSize                          = 33554432                                  {product} {command line}
   size_t MaxHeapSize                              = 536870912                                 {product} {command line}
   size_t MaxNewSize                               = 178913280                                 {product} {ergonomic}
   size_t MinHeapDeltaBytes                        = 196608                                    {product} {ergonomic}
   size_t NewSize                                  = 11141120                                  {product} {ergonomic}
    uintx NonNMethodCodeHeapSize                   = 13893620                               {pd product} {ergonomic}
    uintx NonProfiledCodeHeapSize                  = 237764620                              {pd product} {ergonomic}
   size_t OldSize                                  = 22413312                                  {product} {ergonomic}
    uintx ProfiledCodeHeapSize                     = 0                                      {pd product} {ergonomic}
    uintx ReservedCodeCacheSize                    = 251658240                              {pd product} {ergonomic}
     bool SegmentedCodeCache                       = true                                      {product} {ergonomic}
     intx TieredStopAtLevel                        = 1                                         {product} {command line}
     bool UseCompressedClassPointers               = true                                 {lp64_product} {ergonomic}
     bool UseCompressedOops                        = true                                 {lp64_product} {ergonomic}
     bool UseSerialGC                              = true                                      {product} {command line}

Logging:
Log output configuration:
 #0: stdout all=warning uptime,level,tags
 #1: stderr all=off uptime,level,tags

Environment Variables:
PATH=/sbin:/bin:/usr/sbin:/usr/bin
USERNAME=root
LD_LIBRARY_PATH=:/usr/local/lib
SHELL=/bin/bash

Signal Handlers:
SIGSEGV: [libjvm.so+0xefc070], sa_mask[0]=11111111011111111101111111111110, sa_flags=SA_RESTART|SA_SIGINFO
SIGBUS: [libjvm.so+0xefc070], sa_mask[0]=11111111011111111101111111111110, sa_flags=SA_RESTART|SA_SIGINFO
SIGFPE: [libjvm.so+0xefc070], sa_mask[0]=11111111011111111101111111111110, sa_flags=SA_RESTART|SA_SIGINFO
SIGPIPE: [libjvm.so+0xbf1440], sa_mask[0]=11111111011111111101111111111110, sa_flags=SA_RESTART|SA_SIGINFO
SIGXFSZ: [libjvm.so+0xbf1440], sa_mask[0]=11111111011111111101111111111110, sa_flags=SA_RESTART|SA_SIGINFO
SIGILL: [libjvm.so+0xefc070], sa_mask[0]=11111111011111111101111111111110, sa_flags=SA_RESTART|SA_SIGINFO
SIGUSR2: [libjvm.so+0xbf12e0], sa_mask[0]=00000000000000000000000000000000, sa_flags=SA_RESTART|SA_SIGINFO
SIGHUP: [libjvm.so+0xbf1490], sa_mask[0]=11111111011111111101111111111110, sa_flags=SA_RESTART|SA_SIGINFO
SIGINT: [libjvm.so+0xbf1490], sa_mask[0]=11111111011111111101111111111110, sa_flags=SA_RESTART|SA_SIGINFO
SIGTERM: [libjvm.so+0xbf1490], sa_mask[0]=11111111011111111101111111111110, sa_flags=SA_RESTART|SA_SIGINFO
SIGQUIT: [libjvm.so+0xbf1490], sa_mask[0]=11111111011111111101111111111110, sa_flags=SA_RESTART|SA_SIGINFO


---------------  S Y S T E M  ---------------

OS:CentOS Linux release 7.6.1810 (Core) 
uname:Linux 4.12.9RTFM0227+ #988 SMP Thu May 30 20:11:32 KST 2019 x86_64
libc:glibc 2.17 NPTL 2.17 
rlimit: STACK infinity, CORE 0k, NPROC 510968, NOFILE 4096, AS infinity, DATA infinity, FSIZE infinity
load average:0.77 2.52 5.10

/proc/meminfo:
MemTotal:       130865364 kB
MemFree:        121891336 kB
MemAvailable:   126738400 kB
Buffers:            2120 kB
Cached:          6074084 kB
SwapCached:            0 kB
Active:          4685196 kB
Inactive:        2329208 kB
Active(anon):    1258988 kB
Inactive(anon):   189428 kB
Active(file):    3426208 kB
Inactive(file):  2139780 kB
Unevictable:           0 kB
Mlocked:               0 kB
SwapTotal:             0 kB
SwapFree:              0 kB
Dirty:            394124 kB
Writeback:        117688 kB
AnonPages:        939880 kB
Mapped:           279980 kB
Shmem:            510160 kB
Slab:             813260 kB
SReclaimable:     463108 kB
SUnreclaim:       350152 kB
KernelStack:       19632 kB
PageTables:        27708 kB
NFS_Unstable:          0 kB
Bounce:                0 kB
WritebackTmp:          0 kB
CommitLimit:    65432680 kB
Committed_AS:    3341448 kB
VmallocTotal:   34359738367 kB
VmallocUsed:           0 kB
VmallocChunk:          0 kB
HardwareCorrupted:     0 kB
CmaTotal:              0 kB
CmaFree:               0 kB
HugePages_Total:       0
HugePages_Free:        0
HugePages_Rsvd:        0
HugePages_Surp:        0
Hugepagesize:       2048 kB
DirectMap4k:      826164 kB
DirectMap2M:     9543680 kB
DirectMap1G:    125829120 kB


/proc/sys/kernel/threads-max (system-wide limit on the number of threads):
1021936


/proc/sys/vm/max_map_count (maximum number of memory map areas a process may have):
65530


/proc/sys/kernel/pid_max (system-wide limit on number of process identifiers):
49152



container (cgroup) information:
container_type: cgroupv1
cpu_cpuset_cpus: 0-47
cpu_memory_nodes: 0
active_processor_count: 48
cpu_quota: -1
cpu_period: 100000
cpu_shares: -1
memory_limit_in_bytes: -1
memory_and_swap_limit_in_bytes: -1
memory_soft_limit_in_bytes: -1
memory_usage_in_bytes: 7194836992
memory_max_usage_in_bytes: 0


CPU:total 48 (initial active 48) (12 cores per cpu, 2 threads per core) family 6 model 79 stepping 1, cmov, cx8, fxsr, mmx, sse, sse2, sse3, ssse3, sse4.1, sse4.2, popcnt, avx, avx2, aes, clmul, erms, rtm, 3dnowpref, lzcnt, ht, tsc, tscinvbit, bmi1, bmi2, adx, fma
CPU Model and flags from /proc/cpuinfo:
model name	: Intel(R) Xeon(R) CPU E5-2650 v4 @ 2.20GHz
flags		: fpu vme de pse tsc msr pae mce cx8 apic sep mtrr pge mca cmov pat pse36 clflush dts acpi mmx fxsr sse sse2 ss ht tm pbe syscall nx pdpe1gb rdtscp lm constant_tsc arch_perfmon pebs bts rep_good nopl xtopology nonstop_tsc cpuid aperfmperf pni pclmulqdq dtes64 monitor ds_cpl vmx smx est tm2 ssse3 sdbg fma cx16 xtpr pdcm pcid dca sse4_1 sse4_2 x2apic movbe popcnt tsc_deadline_timer aes xsave avx f16c rdrand lahf_lm abm 3dnowprefetch cpuid_fault epb cat_l3 cdp_l3 intel_ppin intel_pt tpr_shadow vnmi flexpriority ept vpid fsgsbase tsc_adjust bmi1 hle avx2 smep bmi2 erms invpcid rtm cqm rdt_a rdseed adx smap xsaveopt cqm_llc cqm_occup_llc cqm_mbm_total cqm_mbm_local dtherm arat pln pts

Memory: 4k page, physical 130865364k(121891336k free), swap 0k(0k free)

vm_info: OpenJDK 64-Bit Server VM (12.0.1-internal+0-adhoc.root.jdk12.0.1) for linux-amd64 JRE (12.0.1-internal+0-adhoc.root.jdk12.0.1), built on Jul 18 2019 18:46:09 by "root" with gcc 4.8.5 20150623 (Red Hat 4.8.5-36)

END.
