#
# A fatal error has been detected by the Java Runtime Environment:
#
#  SIGSEGV (0xb) at pc=0x00002b33ffee1ee9, pid=42417, tid=42433
#
# JRE version:  (12.0.1) (build )
# Java VM: OpenJDK 64-Bit Server VM (12.0.1-internal+0-adhoc.root.jdk12.0.1, mixed mode, tiered, compressed oops, serial gc, linux-amd64)
# Problematic frame:
# V  [libjvm.so+0xb3fee9]  ObjArrayAllocator::initialize(HeapWord*) const+0x29
#
# No core dump will be written. Core dumps have been disabled. To enable core dumping, try "ulimit -c unlimited" before starting Java again
#
# If you would like to submit a bug report, please visit:
#   http://bugreport.java.com/bugreport/crash.jsp
#

---------------  S U M M A R Y ------------

Command Line: -Dapplication.home=/home/dcslab/cgmin/jdk12.0.1/build/linux-x86_64-server-release/jdk -Xms8m -XX:+UseSerialGC -Xms32M -Xmx512M -XX:TieredStopAtLevel=1 -Djdk.module.main=jdk.jlink jdk.jlink/jdk.tools.jmod.Main create --module-version 12.0.1-internal --target-platform linux-amd64 --module-path /home/dcslab/cgmin/jdk12.0.1/build/linux-x86_64-server-release/images/jmods --libs /home/dcslab/cgmin/jdk12.0.1/build/linux-x86_64-server-release/support/modules_libs/java.prefs --class-path /home/dcslab/cgmin/jdk12.0.1/build/linux-x86_64-server-release/jdk/modules/java.prefs --legal-notices /home/dcslab/cgmin/jdk12.0.1/build/linux-x86_64-server-release/support/modules_legal/common --exclude **{_the.*,_*.marker,*.diz,*.debuginfo,*.dSYM/**,*.dSYM,*.pdb,*.map} /home/dcslab/cgmin/jdk12.0.1/build/linux-x86_64-server-release/support/jmods/java.prefs.jmod

Host: Intel(R) Xeon(R) CPU E5-2650 v4 @ 2.20GHz, 48 cores, 124G, CentOS Linux release 7.6.1810 (Core) 
Time: Thu Jul 18 18:46:27 2019 KST elapsed time: 0 seconds (0d 0h 0m 0s)

---------------  T H R E A D  ---------------

Current thread (0x00002b3404010000):  JavaThread "Unknown thread" [_thread_in_vm, id=42433, stack(0x00002b33fe5a4000,0x00002b33fe6a5000)]

Stack: [0x00002b33fe5a4000,0x00002b33fe6a5000],  sp=0x00002b33fe6a39c0,  free space=1022k
Native frames: (J=compiled Java code, A=aot compiled Java code, j=interpreted, Vv=VM code, C=native code)
V  [libjvm.so+0xb3fee9]  ObjArrayAllocator::initialize(HeapWord*) const+0x29
V  [libjvm.so+0xb40743]  MemAllocator::allocate() const+0x73
V  [libjvm.so+0x6154c4]  CollectedHeap::array_allocate(Klass*, int, int, bool, Thread*)+0x44
V  [libjvm.so+0xe3fd5f]  SystemDictionary::initialize(Thread*)+0x10f
V  [libjvm.so+0xeb7fe5]  Universe::genesis(Thread*)+0x2a5
V  [libjvm.so+0xeb912c]  universe2_init()+0x2c
V  [libjvm.so+0x851d7a]  init_globals()+0xaa
V  [libjvm.so+0xe91d4c]  Threads::create_vm(JavaVMInitArgs*, bool*)+0x4bc
V  [libjvm.so+0x908c88]  JNI_CreateJavaVM+0x58
C  [libjli.so+0x4814]  JavaMain+0x84


siginfo: si_signo: 11 (SIGSEGV), si_code: 1 (SEGV_MAPERR), si_addr: 0x000000000000003f

Registers:
RAX=0x0000000000000001, RBX=0x0000000000000033, RCX=0x0000000000000043, RDX=0x00002b34008aac50
RSP=0x00002b33fe6a39c0, RBP=0x00002b33fe6a39e0, RSI=0x0000000000000033, RDI=0x00002b33fe6a3a70
R8 =0x0000000000000001, R9 =0x00002b3404010000, R10=0x00002b33ff9b7480, R11=0x0000000000001000
R12=0x00002b33fe6a3a70, R13=0x00002b340092ac44, R14=0x00002b340400eb50, R15=0x00002b3400972720
RIP=0x00002b33ffee1ee9, EFLAGS=0x0000000000010202, CSGSFS=0x002b000000000033, ERR=0x0000000000000006
  TRAPNO=0x000000000000000e

Top of Stack: (sp=0x00002b33fe6a39c0)
0x00002b33fe6a39c0:   00002b3400972720 00002b33fe6a3a70
0x00002b33fe6a39d0:   00002b3404010000 00002b33fe6a3a00
0x00002b33fe6a39e0:   00002b33fe6a3a60 00002b33ffee2743
0x00002b33fe6a39f0:   00002b3404037110 0000000000000000 

Instructions: (pc=0x00002b33ffee1ee9)
0x00002b33ffee1ec9:   89 fc 53 48 89 f3 48 83 ec 08 80 7f 2c 00 4c 8d
0x00002b33ffee1ed9:   2d 66 8d a4 00 41 0f b6 45 00 74 2e 84 c0 74 07
0x00002b33ffee1ee9:   c7 46 0c 00 00 00 00 49 8b 54 24 20 48 83 fa 02
0x00002b33ffee1ef9:   74 18 48 8d 14 d5 f0 ff ff ff 48 8d 7b 10 31 f6 


---------------  P R O C E S S  ---------------

Threads class SMR info:
_java_thread_list=0x00002b3400971c40, length=0, elements={
}

Java Threads: ( => current thread )

Other Threads:

=>0x00002b3404010000 (exited) JavaThread "Unknown thread" [_thread_in_vm, id=42433, stack(0x00002b33fe5a4000,0x00002b33fe6a5000)]

Threads with active compile tasks:

VM state:not at safepoint (not fully initialized)

VM Mutex/Monitor currently owned by a thread: None

Heap address: 0x00000000e0000000, size: 512 MB, Compressed Oops mode: 32-bit
Narrow klass base: 0x0000000000000000, Narrow klass shift: 3
Compressed class space size: 1073741824 Address: 0x0000000100000000

GC Heap History (0 events):
No events

Deoptimization events (0 events):
No events

Classes redefined (0 events):
No events

Internal exceptions (0 events):
No events

Events (0 events):
No events


Dynamic libraries:
00400000-00401000 r-xp 00000000 fd:02 233300582                          /home/dcslab/cgmin/jdk12.0.1/build/linux-x86_64-server-release/jdk/bin/jmod
00601000-00602000 r--p 00001000 fd:02 233300582                          /home/dcslab/cgmin/jdk12.0.1/build/linux-x86_64-server-release/jdk/bin/jmod
00602000-00603000 rw-p 00002000 fd:02 233300582                          /home/dcslab/cgmin/jdk12.0.1/build/linux-x86_64-server-release/jdk/bin/jmod
0078e000-007af000 rw-p 00000000 00:00 0                                  [heap]
e0000000-e0aa0000 rw-p 00000000 00:00 0 
e0aa0000-eaaa0000 ---p 00000000 00:00 0 
eaaa0000-ec000000 rw-p 00000000 00:00 0 
ec000000-100000000 ---p 00000000 00:00 0 
100000000-100060000 rw-p 00000000 00:00 0 
100060000-140000000 ---p 00000000 00:00 0 
2b33fe56b000-2b33fe58d000 r-xp 00000000 fd:00 67116101                   /usr/lib64/ld-2.17.so
2b33fe58d000-2b33fe58e000 rw-p 00000000 00:00 0 
2b33fe58e000-2b33fe590000 ---p 00000000 00:00 0 
2b33fe590000-2b33fe591000 r--p 00000000 00:00 0 
2b33fe591000-2b33fe599000 rw-s 00000000 fd:00 67645910                   /tmp/hsperfdata_root/42417
2b33fe599000-2b33fe59b000 rw-p 00000000 00:00 0 
2b33fe59f000-2b33fe5a4000 rw-p 00000000 00:00 0 
2b33fe5a4000-2b33fe5a8000 ---p 00000000 00:00 0 
2b33fe5a8000-2b33fe6aa000 rw-p 00000000 00:00 0 
2b33fe6aa000-2b33fe6c0000 ---p 00000000 00:00 0 
2b33fe6c0000-2b33fe6cb000 rw-p 00000000 00:00 0 
2b33fe6cb000-2b33fe76b000 ---p 00000000 00:00 0 
2b33fe76b000-2b33fe78c000 rw-p 00000000 00:00 0 
2b33fe78c000-2b33fe78d000 r--p 00021000 fd:00 67116101                   /usr/lib64/ld-2.17.so
2b33fe78d000-2b33fe78e000 rw-p 00022000 fd:00 67116101                   /usr/lib64/ld-2.17.so
2b33fe78e000-2b33fe78f000 rw-p 00000000 00:00 0 
2b33fe78f000-2b33fe7a4000 r-xp 00000000 fd:00 67116158                   /usr/lib64/libz.so.1.2.7
2b33fe7a4000-2b33fe9a3000 ---p 00015000 fd:00 67116158                   /usr/lib64/libz.so.1.2.7
2b33fe9a3000-2b33fe9a4000 r--p 00014000 fd:00 67116158                   /usr/lib64/libz.so.1.2.7
2b33fe9a4000-2b33fe9a5000 rw-p 00015000 fd:00 67116158                   /usr/lib64/libz.so.1.2.7
2b33fe9a5000-2b33fe9b4000 r-xp 00000000 fd:02 233283259                  /home/dcslab/cgmin/jdk12.0.1/build/linux-x86_64-server-release/jdk/lib/libjli.so
2b33fe9b4000-2b33febb3000 ---p 0000f000 fd:02 233283259                  /home/dcslab/cgmin/jdk12.0.1/build/linux-x86_64-server-release/jdk/lib/libjli.so
2b33febb3000-2b33febb4000 r--p 0000e000 fd:02 233283259                  /home/dcslab/cgmin/jdk12.0.1/build/linux-x86_64-server-release/jdk/lib/libjli.so
2b33febb4000-2b33febb5000 rw-p 0000f000 fd:02 233283259                  /home/dcslab/cgmin/jdk12.0.1/build/linux-x86_64-server-release/jdk/lib/libjli.so
2b33febb5000-2b33febcc000 r-xp 00000000 fd:00 67527458                   /usr/lib64/libpthread-2.17.so
2b33febcc000-2b33fedcb000 ---p 00017000 fd:00 67527458                   /usr/lib64/libpthread-2.17.so
2b33fedcb000-2b33fedcc000 r--p 00016000 fd:00 67527458                   /usr/lib64/libpthread-2.17.so
2b33fedcc000-2b33fedcd000 rw-p 00017000 fd:00 67527458                   /usr/lib64/libpthread-2.17.so
2b33fedcd000-2b33fedd1000 rw-p 00000000 00:00 0 
2b33fedd1000-2b33fedd3000 r-xp 00000000 fd:00 67412311                   /usr/lib64/libdl-2.17.so
2b33fedd3000-2b33fefd3000 ---p 00002000 fd:00 67412311                   /usr/lib64/libdl-2.17.so
2b33fefd3000-2b33fefd4000 r--p 00002000 fd:00 67412311                   /usr/lib64/libdl-2.17.so
2b33fefd4000-2b33fefd5000 rw-p 00003000 fd:00 67412311                   /usr/lib64/libdl-2.17.so
2b33fefd5000-2b33ff197000 r-xp 00000000 fd:00 67116114                   /usr/lib64/libc-2.17.so
2b33ff197000-2b33ff397000 ---p 001c2000 fd:00 67116114                   /usr/lib64/libc-2.17.so
2b33ff397000-2b33ff39b000 r--p 001c2000 fd:00 67116114                   /usr/lib64/libc-2.17.so
2b33ff39b000-2b33ff39d000 rw-p 001c6000 fd:00 67116114                   /usr/lib64/libc-2.17.so
2b33ff39d000-2b33ff3a2000 rw-p 00000000 00:00 0 
2b33ff3a2000-2b34005e7000 r-xp 00000000 fd:02 149929323                  /home/dcslab/cgmin/jdk12.0.1/build/linux-x86_64-server-release/jdk/lib/server/libjvm.so
2b34005e7000-2b34007e7000 ---p 01245000 fd:02 149929323                  /home/dcslab/cgmin/jdk12.0.1/build/linux-x86_64-server-release/jdk/lib/server/libjvm.so
2b34007e7000-2b34008bc000 r--p 01245000 fd:02 149929323                  /home/dcslab/cgmin/jdk12.0.1/build/linux-x86_64-server-release/jdk/lib/server/libjvm.so
2b34008bc000-2b34008f8000 rw-p 0131a000 fd:02 149929323                  /home/dcslab/cgmin/jdk12.0.1/build/linux-x86_64-server-release/jdk/lib/server/libjvm.so
2b34008f8000-2b340097e000 rw-p 00000000 00:00 0 
2b340097e000-2b3400a67000 r-xp 00000000 fd:00 67349699                   /usr/lib64/libstdc++.so.6.0.19
2b3400a67000-2b3400c66000 ---p 000e9000 fd:00 67349699                   /usr/lib64/libstdc++.so.6.0.19
2b3400c66000-2b3400c6e000 r--p 000e8000 fd:00 67349699                   /usr/lib64/libstdc++.so.6.0.19
2b3400c6e000-2b3400c70000 rw-p 000f0000 fd:00 67349699                   /usr/lib64/libstdc++.so.6.0.19
2b3400c70000-2b3400c85000 rw-p 00000000 00:00 0 
2b3400c85000-2b3400d86000 r-xp 00000000 fd:00 67412312                   /usr/lib64/libm-2.17.so
2b3400d86000-2b3400f85000 ---p 00101000 fd:00 67412312                   /usr/lib64/libm-2.17.so
2b3400f85000-2b3400f86000 r--p 00100000 fd:00 67412312                   /usr/lib64/libm-2.17.so
2b3400f86000-2b3400f87000 rw-p 00101000 fd:00 67412312                   /usr/lib64/libm-2.17.so
2b3400f87000-2b3400f9c000 r-xp 00000000 fd:00 67349682                   /usr/lib64/libgcc_s-4.8.5-20150702.so.1
2b3400f9c000-2b340119b000 ---p 00015000 fd:00 67349682                   /usr/lib64/libgcc_s-4.8.5-20150702.so.1
2b340119b000-2b340119c000 r--p 00014000 fd:00 67349682                   /usr/lib64/libgcc_s-4.8.5-20150702.so.1
2b340119c000-2b340119d000 rw-p 00015000 fd:00 67349682                   /usr/lib64/libgcc_s-4.8.5-20150702.so.1
2b340119d000-2b34011aa000 r-xp 00000000 fd:02 233283245                  /home/dcslab/cgmin/jdk12.0.1/build/linux-x86_64-server-release/jdk/lib/libverify.so
2b34011aa000-2b34013a9000 ---p 0000d000 fd:02 233283245                  /home/dcslab/cgmin/jdk12.0.1/build/linux-x86_64-server-release/jdk/lib/libverify.so
2b34013a9000-2b34013ab000 r--p 0000c000 fd:02 233283245                  /home/dcslab/cgmin/jdk12.0.1/build/linux-x86_64-server-release/jdk/lib/libverify.so
2b34013ab000-2b34013ac000 rw-p 0000e000 fd:02 233283245                  /home/dcslab/cgmin/jdk12.0.1/build/linux-x86_64-server-release/jdk/lib/libverify.so
2b34013ac000-2b34013d4000 r-xp 00000000 fd:02 233283260                  /home/dcslab/cgmin/jdk12.0.1/build/linux-x86_64-server-release/jdk/lib/libjava.so
2b34013d4000-2b34015d3000 ---p 00028000 fd:02 233283260                  /home/dcslab/cgmin/jdk12.0.1/build/linux-x86_64-server-release/jdk/lib/libjava.so
2b34015d3000-2b34015d4000 r--p 00027000 fd:02 233283260                  /home/dcslab/cgmin/jdk12.0.1/build/linux-x86_64-server-release/jdk/lib/libjava.so
2b34015d4000-2b34015d6000 rw-p 00028000 fd:02 233283260                  /home/dcslab/cgmin/jdk12.0.1/build/linux-x86_64-server-release/jdk/lib/libjava.so
2b34015d6000-2b34015e2000 r-xp 00000000 fd:00 67527450                   /usr/lib64/libnss_files-2.17.so
2b34015e2000-2b34017e1000 ---p 0000c000 fd:00 67527450                   /usr/lib64/libnss_files-2.17.so
2b34017e1000-2b34017e2000 r--p 0000b000 fd:00 67527450                   /usr/lib64/libnss_files-2.17.so
2b34017e2000-2b34017e3000 rw-p 0000c000 fd:00 67527450                   /usr/lib64/libnss_files-2.17.so
2b34017e3000-2b34017e9000 rw-p 00000000 00:00 0 
2b34017e9000-2b34017f0000 r-xp 00000000 fd:02 233283271                  /home/dcslab/cgmin/jdk12.0.1/build/linux-x86_64-server-release/jdk/lib/libzip.so
2b34017f0000-2b34019ef000 ---p 00007000 fd:02 233283271                  /home/dcslab/cgmin/jdk12.0.1/build/linux-x86_64-server-release/jdk/lib/libzip.so
2b34019ef000-2b34019f0000 r--p 00006000 fd:02 233283271                  /home/dcslab/cgmin/jdk12.0.1/build/linux-x86_64-server-release/jdk/lib/libzip.so
2b34019f0000-2b34019f1000 rw-p 00007000 fd:02 233283271                  /home/dcslab/cgmin/jdk12.0.1/build/linux-x86_64-server-release/jdk/lib/libzip.so
2b34019f1000-2b34019f6000 r-xp 00000000 fd:02 233283273                  /home/dcslab/cgmin/jdk12.0.1/build/linux-x86_64-server-release/jdk/lib/libjimage.so
2b34019f6000-2b3401bf6000 ---p 00005000 fd:02 233283273                  /home/dcslab/cgmin/jdk12.0.1/build/linux-x86_64-server-release/jdk/lib/libjimage.so
2b3401bf6000-2b3401bf7000 r--p 00005000 fd:02 233283273                  /home/dcslab/cgmin/jdk12.0.1/build/linux-x86_64-server-release/jdk/lib/libjimage.so
2b3401bf7000-2b3401bf8000 rw-p 00006000 fd:02 233283273                  /home/dcslab/cgmin/jdk12.0.1/build/linux-x86_64-server-release/jdk/lib/libjimage.so
2b3401bf8000-2b3401bfd000 rw-p 00000000 00:00 0 
2b3401bfd000-2b3401dbe000 ---p 00000000 00:00 0 
2b3401dbe000-2b3401dc4000 rw-p 00000000 00:00 0 
2b3401dc4000-2b3401e13000 ---p 00000000 00:00 0 
2b3401e13000-2b3401e1e000 rw-p 00000000 00:00 0 
2b3401e1e000-2b3401ebe000 ---p 00000000 00:00 0 
2b3401ebe000-2b34022e0000 rw-p 00000000 00:00 0 
2b34022e0000-2b34026e0000 ---p 00000000 00:00 0 
2b34026e0000-2b3402bf3000 rw-p 00000000 00:00 0 
2b3404000000-2b3404043000 rw-p 00000000 00:00 0 
2b3404043000-2b3408000000 ---p 00000000 00:00 0 
2b3408000000-2b3408270000 rwxp 00000000 00:00 0 
2b3408270000-2b3408d40000 ---p 00000000 00:00 0 
2b3408d40000-2b3408fb0000 rwxp 00000000 00:00 0 
2b3408fb0000-2b3417000000 ---p 00000000 00:00 0 
7ffe2e649000-7ffe2e66b000 rw-p 00000000 00:00 0                          [stack]
7ffe2e726000-7ffe2e729000 r--p 00000000 00:00 0                          [vvar]
7ffe2e729000-7ffe2e72b000 r-xp 00000000 00:00 0                          [vdso]
ffffffffff600000-ffffffffff601000 r-xp 00000000 00:00 0                  [vsyscall]


VM Arguments:
jvm_args: -Dapplication.home=/home/dcslab/cgmin/jdk12.0.1/build/linux-x86_64-server-release/jdk -Xms8m -XX:+UseSerialGC -Xms32M -Xmx512M -XX:TieredStopAtLevel=1 -Djdk.module.main=jdk.jlink 
java_command: jdk.jlink/jdk.tools.jmod.Main create --module-version 12.0.1-internal --target-platform linux-amd64 --module-path /home/dcslab/cgmin/jdk12.0.1/build/linux-x86_64-server-release/images/jmods --libs /home/dcslab/cgmin/jdk12.0.1/build/linux-x86_64-server-release/support/modules_libs/java.prefs --class-path /home/dcslab/cgmin/jdk12.0.1/build/linux-x86_64-server-release/jdk/modules/java.prefs --legal-notices /home/dcslab/cgmin/jdk12.0.1/build/linux-x86_64-server-release/support/modules_legal/common --exclude **{_the.*,_*.marker,*.diz,*.debuginfo,*.dSYM/**,*.dSYM,*.pdb,*.map} /home/dcslab/cgmin/jdk12.0.1/build/linux-x86_64-server-release/support/jmods/java.prefs.jmod
java_class_path (initial): <not set>
Launcher Type: SUN_STANDARD

[Global flags]
     intx CICompilerCount                          = 15                                        {product} {ergonomic}
   size_t InitialHeapSize                          = 33554432                                  {product} {command line}
   size_t MaxHeapSize                              = 536870912                                 {product} {command line}
   size_t MaxNewSize                               = 178913280                                 {product} {ergonomic}
   size_t MinHeapDeltaBytes                        = 196608                                    {product} {ergonomic}
   size_t NewSize                                  = 11141120                                  {product} {ergonomic}
    uintx NonNMethodCodeHeapSize                   = 13893620                               {pd product} {ergonomic}
    uintx NonProfiledCodeHeapSize                  = 237764620                              {pd product} {ergonomic}
   size_t OldSize                                  = 22413312                                  {product} {ergonomic}
    uintx ProfiledCodeHeapSize                     = 0                                      {pd product} {ergonomic}
    uintx ReservedCodeCacheSize                    = 251658240                              {pd product} {ergonomic}
     bool SegmentedCodeCache                       = true                                      {product} {ergonomic}
     intx TieredStopAtLevel                        = 1                                         {product} {command line}
     bool UseCompressedClassPointers               = true                                 {lp64_product} {ergonomic}
     bool UseCompressedOops                        = true                                 {lp64_product} {ergonomic}
     bool UseSerialGC                              = true                                      {product} {command line}

Logging:
Log output configuration:
 #0: stdout all=warning uptime,level,tags
 #1: stderr all=off uptime,level,tags

Environment Variables:
PATH=/sbin:/bin:/usr/sbin:/usr/bin
USERNAME=root
LD_LIBRARY_PATH=:/usr/local/lib
SHELL=/bin/bash

Signal Handlers:
SIGSEGV: [libjvm.so+0xefc070], sa_mask[0]=11111111011111111101111111111110, sa_flags=SA_RESTART|SA_SIGINFO
SIGBUS: [libjvm.so+0xefc070], sa_mask[0]=11111111011111111101111111111110, sa_flags=SA_RESTART|SA_SIGINFO
SIGFPE: [libjvm.so+0xefc070], sa_mask[0]=11111111011111111101111111111110, sa_flags=SA_RESTART|SA_SIGINFO
SIGPIPE: [libjvm.so+0xbf1440], sa_mask[0]=11111111011111111101111111111110, sa_flags=SA_RESTART|SA_SIGINFO
SIGXFSZ: [libjvm.so+0xbf1440], sa_mask[0]=11111111011111111101111111111110, sa_flags=SA_RESTART|SA_SIGINFO
SIGILL: [libjvm.so+0xefc070], sa_mask[0]=11111111011111111101111111111110, sa_flags=SA_RESTART|SA_SIGINFO
SIGUSR2: [libjvm.so+0xbf12e0], sa_mask[0]=00000000000000000000000000000000, sa_flags=SA_RESTART|SA_SIGINFO
SIGHUP: SIG_DFL, sa_mask[0]=00000000000000000000000000000000, sa_flags=none
SIGINT: SIG_DFL, sa_mask[0]=00000000000000000000000000000000, sa_flags=none
SIGTERM: SIG_DFL, sa_mask[0]=00000000000000000000000000000000, sa_flags=none
SIGQUIT: SIG_DFL, sa_mask[0]=00000000000000000000000000000000, sa_flags=none


---------------  S Y S T E M  ---------------

OS:CentOS Linux release 7.6.1810 (Core) 
uname:Linux 4.12.9RTFM0227+ #988 SMP Thu May 30 20:11:32 KST 2019 x86_64
libc:glibc 2.17 NPTL 2.17 
rlimit: STACK infinity, CORE 0k, NPROC 510968, NOFILE 4096, AS infinity, DATA infinity, FSIZE infinity
load average:0.77 2.52 5.10

/proc/meminfo:
MemTotal:       130865364 kB
MemFree:        122142784 kB
MemAvailable:   126987656 kB
Buffers:            2120 kB
Cached:          6072608 kB
SwapCached:            0 kB
Active:          4394708 kB
Inactive:        2328912 kB
Active(anon):     970192 kB
Inactive(anon):   189428 kB
Active(file):    3424516 kB
Inactive(file):  2139484 kB
Unevictable:           0 kB
Mlocked:               0 kB
SwapTotal:             0 kB
SwapFree:              0 kB
Dirty:            431432 kB
Writeback:        136056 kB
AnonPages:        470756 kB
Mapped:           278692 kB
Shmem:            510160 kB
Slab:             813004 kB
SReclaimable:     462904 kB
SUnreclaim:       350100 kB
KernelStack:       19696 kB
PageTables:        29528 kB
NFS_Unstable:          0 kB
Bounce:                0 kB
WritebackTmp:          0 kB
CommitLimit:    65432680 kB
Committed_AS:    4068640 kB
VmallocTotal:   34359738367 kB
VmallocUsed:           0 kB
VmallocChunk:          0 kB
HardwareCorrupted:     0 kB
CmaTotal:              0 kB
CmaFree:               0 kB
HugePages_Total:       0
HugePages_Free:        0
HugePages_Rsvd:        0
HugePages_Surp:        0
Hugepagesize:       2048 kB
DirectMap4k:      826164 kB
DirectMap2M:     9543680 kB
DirectMap1G:    125829120 kB


/proc/sys/kernel/threads-max (system-wide limit on the number of threads):
1021936


/proc/sys/vm/max_map_count (maximum number of memory map areas a process may have):
65530


/proc/sys/kernel/pid_max (system-wide limit on number of process identifiers):
49152



container (cgroup) information:
container_type: cgroupv1
cpu_cpuset_cpus: 0-47
cpu_memory_nodes: 0
active_processor_count: 48
cpu_quota: -1
cpu_period: 100000
cpu_shares: -1
memory_limit_in_bytes: -1
memory_and_swap_limit_in_bytes: -1
memory_soft_limit_in_bytes: -1
memory_usage_in_bytes: 6880817152
memory_max_usage_in_bytes: 0


CPU:total 48 (initial active 48) (12 cores per cpu, 2 threads per core) family 6 model 79 stepping 1, cmov, cx8, fxsr, mmx, sse, sse2, sse3, ssse3, sse4.1, sse4.2, popcnt, avx, avx2, aes, clmul, erms, rtm, 3dnowpref, lzcnt, ht, tsc, tscinvbit, bmi1, bmi2, adx, fma
CPU Model and flags from /proc/cpuinfo:
model name	: Intel(R) Xeon(R) CPU E5-2650 v4 @ 2.20GHz
flags		: fpu vme de pse tsc msr pae mce cx8 apic sep mtrr pge mca cmov pat pse36 clflush dts acpi mmx fxsr sse sse2 ss ht tm pbe syscall nx pdpe1gb rdtscp lm constant_tsc arch_perfmon pebs bts rep_good nopl xtopology nonstop_tsc cpuid aperfmperf pni pclmulqdq dtes64 monitor ds_cpl vmx smx est tm2 ssse3 sdbg fma cx16 xtpr pdcm pcid dca sse4_1 sse4_2 x2apic movbe popcnt tsc_deadline_timer aes xsave avx f16c rdrand lahf_lm abm 3dnowprefetch cpuid_fault epb cat_l3 cdp_l3 intel_ppin intel_pt tpr_shadow vnmi flexpriority ept vpid fsgsbase tsc_adjust bmi1 hle avx2 smep bmi2 erms invpcid rtm cqm rdt_a rdseed adx smap xsaveopt cqm_llc cqm_occup_llc cqm_mbm_total cqm_mbm_local dtherm arat pln pts

Memory: 4k page, physical 130865364k(122155424k free), swap 0k(0k free)

vm_info: OpenJDK 64-Bit Server VM (12.0.1-internal+0-adhoc.root.jdk12.0.1) for linux-amd64 JRE (12.0.1-internal+0-adhoc.root.jdk12.0.1), built on Jul 18 2019 18:46:09 by "root" with gcc 4.8.5 20150623 (Red Hat 4.8.5-36)

END.
