#
# A fatal error has been detected by the Java Runtime Environment:
#
#  SIGSEGV (0xb) at pc=0x00002afe32686ee9, pid=28335, tid=28366
#
# JRE version:  (12.0.1) (build )
# Java VM: OpenJDK 64-Bit Server VM (12.0.1-internal+0-adhoc.root.jdk12.0.1, mixed mode, tiered, compressed oops, serial gc, linux-amd64)
# Problematic frame:
# V  [libjvm.so+0xb3fee9]  ObjArrayAllocator::initialize(HeapWord*) const+0x29
#
# No core dump will be written. Core dumps have been disabled. To enable core dumping, try "ulimit -c unlimited" before starting Java again
#
# If you would like to submit a bug report, please visit:
#   http://bugreport.java.com/bugreport/crash.jsp
#

---------------  S U M M A R Y ------------

Command Line: -Dapplication.home=/home/dcslab/cgmin/jdk12.0.1/build/linux-x86_64-server-release/jdk -Xms8m -XX:+UseSerialGC -Xms32M -Xmx512M -XX:TieredStopAtLevel=1 -Djdk.module.main=jdk.jlink jdk.jlink/jdk.tools.jmod.Main create --module-version 12.0.1-internal --target-platform linux-amd64 --module-path /home/dcslab/cgmin/jdk12.0.1/build/linux-x86_64-server-release/images/jmods --class-path /home/dcslab/cgmin/jdk12.0.1/build/linux-x86_64-server-release/jdk/modules/jdk.internal.vm.compiler --legal-notices /home/dcslab/cgmin/jdk12.0.1/build/linux-x86_64-server-release/support/modules_legal/common --exclude **{_the.*,_*.marker,*.diz,*.debuginfo,*.dSYM/**,*.dSYM,*.pdb,*.map} /home/dcslab/cgmin/jdk12.0.1/build/linux-x86_64-server-release/support/jmods/jdk.internal.vm.compiler.jmod

Host: Intel(R) Xeon(R) CPU E5-2650 v4 @ 2.20GHz, 48 cores, 124G, CentOS Linux release 7.6.1810 (Core) 
Time: Thu Jul 18 18:30:34 2019 KST elapsed time: 0 seconds (0d 0h 0m 0s)

---------------  T H R E A D  ---------------

Current thread (0x00002afe34010000):  JavaThread "main" [_thread_in_vm, id=28366, stack(0x00002afe30d49000,0x00002afe30e4a000)]

Stack: [0x00002afe30d49000,0x00002afe30e4a000],  sp=0x00002afe30e485a0,  free space=1021k
Native frames: (J=compiled Java code, A=aot compiled Java code, j=interpreted, Vv=VM code, C=native code)
V  [libjvm.so+0xb3fee9]  ObjArrayAllocator::initialize(HeapWord*) const+0x29
V  [libjvm.so+0xb40743]  MemAllocator::allocate() const+0x73
V  [libjvm.so+0x6154c4]  CollectedHeap::array_allocate(Klass*, int, int, bool, Thread*)+0x44
V  [libjvm.so+0x8721a8]  InterpreterRuntime::newarray(JavaThread*, BasicType, int)+0x28
j  java.io.BufferedInputStream.<init>(Ljava/io/InputStream;I)V+26 java.base
j  java.io.BufferedInputStream.<init>(Ljava/io/InputStream;)V+5 java.base
j  java.lang.System.initPhase1()V+72 java.base
v  ~StubRoutines::call_stub
V  [libjvm.so+0x881c83]  JavaCalls::call_helper(JavaValue*, methodHandle const&, JavaCallArguments*, Thread*)+0x3a3
V  [libjvm.so+0x880bd8]  JavaCalls::call_static(JavaValue*, Klass*, Symbol*, Symbol*, Thread*)+0x198
V  [libjvm.so+0xe90ff5]  Threads::initialize_java_lang_classes(JavaThread*, Thread*)+0x2c5
V  [libjvm.so+0xe9217f]  Threads::create_vm(JavaVMInitArgs*, bool*)+0x6ef
V  [libjvm.so+0x908c88]  JNI_CreateJavaVM+0x58
C  [libjli.so+0x4814]  JavaMain+0x84

Java frames: (J=compiled Java code, j=interpreted, Vv=VM code)
j  java.io.BufferedInputStream.<init>(Ljava/io/InputStream;I)V+26 java.base
j  java.io.BufferedInputStream.<init>(Ljava/io/InputStream;)V+5 java.base
j  java.lang.System.initPhase1()V+72 java.base
v  ~StubRoutines::call_stub

siginfo: si_signo: 11 (SIGSEGV), si_code: 1 (SEGV_MAPERR), si_addr: 0x0000000000000057

Register to memory mapping:

RAX=0x0000000000000001 is an unknown value
RBX=0x000000000000004b is an unknown value
RCX=0x00fffffffffffff6 is an unknown value
RDX=0x00002afe3304fc50: <offset 0x0000000001508c50> in /home/dcslab/cgmin/jdk12.0.1/build/linux-x86_64-server-release/jdk/lib/server/libjvm.so at 0x00002afe31b47000
RSP=0x00002afe30e485a0 is pointing into the stack for thread: 0x00002afe34010000
RBP=0x00002afe30e485c0 is pointing into the stack for thread: 0x00002afe34010000
RSI=0x000000000000004b is an unknown value
RDI=0x00002afe30e48650 is pointing into the stack for thread: 0x00002afe34010000
R8 =0x0000000000000001 is an unknown value
R9 =0x00002afe34010000 is a thread
R10=0x00002afe3215c480: <offset 0x0000000000615480> in /home/dcslab/cgmin/jdk12.0.1/build/linux-x86_64-server-release/jdk/lib/server/libjvm.so at 0x00002afe31b47000
R11=0x0 is NULL
R12=0x00002afe30e48650 is pointing into the stack for thread: 0x00002afe34010000
R13=0x00002afe330cfc44: <offset 0x0000000001588c44> in /home/dcslab/cgmin/jdk12.0.1/build/linux-x86_64-server-release/jdk/lib/server/libjvm.so at 0x00002afe31b47000
R14=0x00002afe30e48738 is pointing into the stack for thread: 0x00002afe34010000
R15=0x00002afe34010000 is a thread


Registers:
RAX=0x0000000000000001, RBX=0x000000000000004b, RCX=0x00fffffffffffff6, RDX=0x00002afe3304fc50
RSP=0x00002afe30e485a0, RBP=0x00002afe30e485c0, RSI=0x000000000000004b, RDI=0x00002afe30e48650
R8 =0x0000000000000001, R9 =0x00002afe34010000, R10=0x00002afe3215c480, R11=0x0000000000000000
R12=0x00002afe30e48650, R13=0x00002afe330cfc44, R14=0x00002afe30e48738, R15=0x00002afe34010000
RIP=0x00002afe32686ee9, EFLAGS=0x0000000000010202, CSGSFS=0x002b000000000033, ERR=0x0000000000000006
  TRAPNO=0x000000000000000e

Top of Stack: (sp=0x00002afe30e485a0)
0x00002afe30e485a0:   00002afe4786ede8 00002afe30e48650
0x00002afe30e485b0:   0000000000000000 00002afe30e485e0
0x00002afe30e485c0:   00002afe30e48640 00002afe32687743
0x00002afe30e485d0:   00002afe34010000 0000000000000000 

Instructions: (pc=0x00002afe32686ee9)
0x00002afe32686ec9:   89 fc 53 48 89 f3 48 83 ec 08 80 7f 2c 00 4c 8d
0x00002afe32686ed9:   2d 66 8d a4 00 41 0f b6 45 00 74 2e 84 c0 74 07
0x00002afe32686ee9:   c7 46 0c 00 00 00 00 49 8b 54 24 20 48 83 fa 02
0x00002afe32686ef9:   74 18 48 8d 14 d5 f0 ff ff ff 48 8d 7b 10 31 f6 

Stack slot to memory mapping:
stack at sp + 0 slots: {method} {0x00002afe4786ede8} '<init>' '(Ljava/io/InputStream;I)V' in 'java/io/BufferedInputStream'
stack at sp + 1 slots: 0x00002afe30e48650 is pointing into the stack for thread: 0x00002afe34010000
stack at sp + 2 slots: 0x0 is NULL
stack at sp + 3 slots: 0x00002afe30e485e0 is pointing into the stack for thread: 0x00002afe34010000
stack at sp + 4 slots: 0x00002afe30e48640 is pointing into the stack for thread: 0x00002afe34010000
stack at sp + 5 slots: 0x00002afe32687743: <offset 0x0000000000b40743> in /home/dcslab/cgmin/jdk12.0.1/build/linux-x86_64-server-release/jdk/lib/server/libjvm.so at 0x00002afe31b47000
stack at sp + 6 slots: 0x00002afe34010000 is a thread
stack at sp + 7 slots: 0x0 is NULL


---------------  P R O C E S S  ---------------

Threads class SMR info:
_java_thread_list=0x00002afe3409e170, length=3, elements={
0x00002afe34010000, 0x00002afe34099000, 0x00002afe3409c800
}

Java Threads: ( => current thread )
=>0x00002afe34010000 JavaThread "main" [_thread_in_vm, id=28366, stack(0x00002afe30d49000,0x00002afe30e4a000)]
  0x00002afe34099000 JavaThread "Reference Handler" daemon [_thread_blocked, id=28491, stack(0x00002afe480b4000,0x00002afe481b5000)]
  0x00002afe3409c800 JavaThread "Finalizer" daemon [_thread_blocked, id=28497, stack(0x00002afe481b5000,0x00002afe482b6000)]

Other Threads:
  0x00002afe3408c800 VMThread "VM Thread" [stack: 0x00002afe47fb4000,0x00002afe480b4000] [id=28467]

Threads with active compile tasks:

VM state:not at safepoint (normal execution)

VM Mutex/Monitor currently owned by a thread: None

Heap address: 0x00000000e0000000, size: 512 MB, Compressed Oops mode: 32-bit
Narrow klass base: 0x0000000000000000, Narrow klass shift: 3
Compressed class space size: 1073741824 Address: 0x0000000100000000

Heap:
 def new generation   total 9792K, used 174K [0x00000000e0000000, 0x00000000e0aa0000, 0x00000000eaaa0000)
  eden space 8704K,   2% used [0x00000000e0000000, 0x00000000e002b860, 0x00000000e0880000)
  from space 1088K,   0% used [0x00000000e0880000, 0x00000000e0880000, 0x00000000e0990000)
  to   space 1088K,   0% used [0x00000000e0990000, 0x00000000e0990000, 0x00000000e0aa0000)
 tenured generation   total 21888K, used 0K [0x00000000eaaa0000, 0x00000000ec000000, 0x0000000100000000)
   the space 21888K,   0% used [0x00000000eaaa0000, 0x00000000eaaa0000, 0x00000000eaaa0200, 0x00000000ec000000)
 Metaspace       used 1782K, capacity 4480K, committed 4480K, reserved 1056768K
  class space    used 140K, capacity 384K, committed 384K, reserved 1048576K

Card table byte_map: [0x00002afe475d5000,0x00002afe476d6000] _byte_map_base: 0x00002afe46ed5000

Polling page: 0x00002afe30d34000

Metaspace:

Usage:
  Non-class:      4.00 MB capacity,     1.60 MB ( 40%) used,     2.40 MB ( 60%) free+waste,    64 bytes ( <1%) overhead. 
      Class:    384.00 KB capacity,   140.23 KB ( 37%) used,   243.71 KB ( 63%) free+waste,    64 bytes ( <1%) overhead. 
       Both:      4.38 MB capacity,     1.74 MB ( 40%) used,     2.63 MB ( 60%) free+waste,   128 bytes ( <1%) overhead. 

Virtual space:
  Non-class space:        8.00 MB reserved,       4.00 MB ( 50%) committed 
      Class space:        1.00 GB reserved,     384.00 KB ( <1%) committed 
             Both:        1.01 GB reserved,       4.38 MB ( <1%) committed 

Chunk freelists:
   Non-Class:  0 bytes
       Class:  0 bytes
        Both:  0 bytes

CodeHeap 'non-profiled nmethods': size=232192Kb used=0Kb max_used=0Kb free=232192Kb
 bounds [0x00002afe3914f000, 0x00002afe393bf000, 0x00002afe4740f000]
CodeHeap 'non-nmethods': size=13568Kb used=358Kb max_used=358Kb free=13209Kb
 bounds [0x00002afe3840f000, 0x00002afe3867f000, 0x00002afe3914f000]
 total_blobs=153 nmethods=0 adapters=110
 compilation: enabled
              stopped_count=0, restarted_count=0
 full_count=0

Compilation events (0 events):
No events

GC Heap History (0 events):
No events

Deoptimization events (0 events):
No events

Classes redefined (0 events):
No events

Internal exceptions (0 events):
No events

Events (10 events):
Event: 0.054 loading class java/io/FileOutputStream
Event: 0.054 loading class java/io/OutputStream
Event: 0.054 loading class java/io/Flushable
Event: 0.054 loading class java/io/Flushable done
Event: 0.054 loading class java/io/OutputStream done
Event: 0.054 loading class java/io/FileOutputStream done
Event: 0.054 loading class java/io/BufferedInputStream
Event: 0.054 loading class java/io/FilterInputStream
Event: 0.055 loading class java/io/FilterInputStream done
Event: 0.055 loading class java/io/BufferedInputStream done


Dynamic libraries:
00400000-00401000 r-xp 00000000 fd:02 80725812                           /home/dcslab/cgmin/jdk12.0.1/build/linux-x86_64-server-release/jdk/bin/jmod
00601000-00602000 r--p 00001000 fd:02 80725812                           /home/dcslab/cgmin/jdk12.0.1/build/linux-x86_64-server-release/jdk/bin/jmod
00602000-00603000 rw-p 00002000 fd:02 80725812                           /home/dcslab/cgmin/jdk12.0.1/build/linux-x86_64-server-release/jdk/bin/jmod
023b4000-023d5000 rw-p 00000000 00:00 0                                  [heap]
e0000000-e0aa0000 rw-p 00000000 00:00 0 
e0aa0000-eaaa0000 ---p 00000000 00:00 0 
eaaa0000-ec000000 rw-p 00000000 00:00 0 
ec000000-100000000 ---p 00000000 00:00 0 
100000000-100060000 rw-p 00000000 00:00 0 
100060000-140000000 ---p 00000000 00:00 0 
2afe30d10000-2afe30d32000 r-xp 00000000 fd:00 67116101                   /usr/lib64/ld-2.17.so
2afe30d32000-2afe30d33000 rw-p 00000000 00:00 0 
2afe30d33000-2afe30d35000 ---p 00000000 00:00 0 
2afe30d35000-2afe30d36000 r--p 00000000 00:00 0 
2afe30d36000-2afe30d3e000 rw-s 00000000 fd:00 67645897                   /tmp/hsperfdata_root/28335
2afe30d3e000-2afe30d40000 rw-p 00000000 00:00 0 
2afe30d44000-2afe30d49000 rw-p 00000000 00:00 0 
2afe30d49000-2afe30d4d000 ---p 00000000 00:00 0 
2afe30d4d000-2afe30e4f000 rw-p 00000000 00:00 0 
2afe30e4f000-2afe30e65000 ---p 00000000 00:00 0 
2afe30e65000-2afe30e70000 rw-p 00000000 00:00 0 
2afe30e70000-2afe30f10000 ---p 00000000 00:00 0 
2afe30f10000-2afe30f31000 rw-p 00000000 00:00 0 
2afe30f31000-2afe30f32000 r--p 00021000 fd:00 67116101                   /usr/lib64/ld-2.17.so
2afe30f32000-2afe30f33000 rw-p 00022000 fd:00 67116101                   /usr/lib64/ld-2.17.so
2afe30f33000-2afe30f34000 rw-p 00000000 00:00 0 
2afe30f34000-2afe30f49000 r-xp 00000000 fd:00 67116158                   /usr/lib64/libz.so.1.2.7
2afe30f49000-2afe31148000 ---p 00015000 fd:00 67116158                   /usr/lib64/libz.so.1.2.7
2afe31148000-2afe31149000 r--p 00014000 fd:00 67116158                   /usr/lib64/libz.so.1.2.7
2afe31149000-2afe3114a000 rw-p 00015000 fd:00 67116158                   /usr/lib64/libz.so.1.2.7
2afe3114a000-2afe31159000 r-xp 00000000 fd:02 149203286                  /home/dcslab/cgmin/jdk12.0.1/build/linux-x86_64-server-release/jdk/lib/libjli.so
2afe31159000-2afe31358000 ---p 0000f000 fd:02 149203286                  /home/dcslab/cgmin/jdk12.0.1/build/linux-x86_64-server-release/jdk/lib/libjli.so
2afe31358000-2afe31359000 r--p 0000e000 fd:02 149203286                  /home/dcslab/cgmin/jdk12.0.1/build/linux-x86_64-server-release/jdk/lib/libjli.so
2afe31359000-2afe3135a000 rw-p 0000f000 fd:02 149203286                  /home/dcslab/cgmin/jdk12.0.1/build/linux-x86_64-server-release/jdk/lib/libjli.so
2afe3135a000-2afe31371000 r-xp 00000000 fd:00 67527458                   /usr/lib64/libpthread-2.17.so
2afe31371000-2afe31570000 ---p 00017000 fd:00 67527458                   /usr/lib64/libpthread-2.17.so
2afe31570000-2afe31571000 r--p 00016000 fd:00 67527458                   /usr/lib64/libpthread-2.17.so
2afe31571000-2afe31572000 rw-p 00017000 fd:00 67527458                   /usr/lib64/libpthread-2.17.so
2afe31572000-2afe31576000 rw-p 00000000 00:00 0 
2afe31576000-2afe31578000 r-xp 00000000 fd:00 67412311                   /usr/lib64/libdl-2.17.so
2afe31578000-2afe31778000 ---p 00002000 fd:00 67412311                   /usr/lib64/libdl-2.17.so
2afe31778000-2afe31779000 r--p 00002000 fd:00 67412311                   /usr/lib64/libdl-2.17.so
2afe31779000-2afe3177a000 rw-p 00003000 fd:00 67412311                   /usr/lib64/libdl-2.17.so
2afe3177a000-2afe3193c000 r-xp 00000000 fd:00 67116114                   /usr/lib64/libc-2.17.so
2afe3193c000-2afe31b3c000 ---p 001c2000 fd:00 67116114                   /usr/lib64/libc-2.17.so
2afe31b3c000-2afe31b40000 r--p 001c2000 fd:00 67116114                   /usr/lib64/libc-2.17.so
2afe31b40000-2afe31b42000 rw-p 001c6000 fd:00 67116114                   /usr/lib64/libc-2.17.so
2afe31b42000-2afe31b47000 rw-p 00000000 00:00 0 
2afe31b47000-2afe32d8c000 r-xp 00000000 fd:02 231059769                  /home/dcslab/cgmin/jdk12.0.1/build/linux-x86_64-server-release/jdk/lib/server/libjvm.so
2afe32d8c000-2afe32f8c000 ---p 01245000 fd:02 231059769                  /home/dcslab/cgmin/jdk12.0.1/build/linux-x86_64-server-release/jdk/lib/server/libjvm.so
2afe32f8c000-2afe33061000 r--p 01245000 fd:02 231059769                  /home/dcslab/cgmin/jdk12.0.1/build/linux-x86_64-server-release/jdk/lib/server/libjvm.so
2afe33061000-2afe3309d000 rw-p 0131a000 fd:02 231059769                  /home/dcslab/cgmin/jdk12.0.1/build/linux-x86_64-server-release/jdk/lib/server/libjvm.so
2afe3309d000-2afe33123000 rw-p 00000000 00:00 0 
2afe33123000-2afe3320c000 r-xp 00000000 fd:00 67349699                   /usr/lib64/libstdc++.so.6.0.19
2afe3320c000-2afe3340b000 ---p 000e9000 fd:00 67349699                   /usr/lib64/libstdc++.so.6.0.19
2afe3340b000-2afe33413000 r--p 000e8000 fd:00 67349699                   /usr/lib64/libstdc++.so.6.0.19
2afe33413000-2afe33415000 rw-p 000f0000 fd:00 67349699                   /usr/lib64/libstdc++.so.6.0.19
2afe33415000-2afe3342a000 rw-p 00000000 00:00 0 
2afe3342a000-2afe3352b000 r-xp 00000000 fd:00 67412312                   /usr/lib64/libm-2.17.so
2afe3352b000-2afe3372a000 ---p 00101000 fd:00 67412312                   /usr/lib64/libm-2.17.so
2afe3372a000-2afe3372b000 r--p 00100000 fd:00 67412312                   /usr/lib64/libm-2.17.so
2afe3372b000-2afe3372c000 rw-p 00101000 fd:00 67412312                   /usr/lib64/libm-2.17.so
2afe3372c000-2afe33741000 r-xp 00000000 fd:00 67349682                   /usr/lib64/libgcc_s-4.8.5-20150702.so.1
2afe33741000-2afe33940000 ---p 00015000 fd:00 67349682                   /usr/lib64/libgcc_s-4.8.5-20150702.so.1
2afe33940000-2afe33941000 r--p 00014000 fd:00 67349682                   /usr/lib64/libgcc_s-4.8.5-20150702.so.1
2afe33941000-2afe33942000 rw-p 00015000 fd:00 67349682                   /usr/lib64/libgcc_s-4.8.5-20150702.so.1
2afe33942000-2afe3394f000 r-xp 00000000 fd:02 149203278                  /home/dcslab/cgmin/jdk12.0.1/build/linux-x86_64-server-release/jdk/lib/libverify.so
2afe3394f000-2afe33b4e000 ---p 0000d000 fd:02 149203278                  /home/dcslab/cgmin/jdk12.0.1/build/linux-x86_64-server-release/jdk/lib/libverify.so
2afe33b4e000-2afe33b50000 r--p 0000c000 fd:02 149203278                  /home/dcslab/cgmin/jdk12.0.1/build/linux-x86_64-server-release/jdk/lib/libverify.so
2afe33b50000-2afe33b51000 rw-p 0000e000 fd:02 149203278                  /home/dcslab/cgmin/jdk12.0.1/build/linux-x86_64-server-release/jdk/lib/libverify.so
2afe33b51000-2afe33b79000 r-xp 00000000 fd:02 149203280                  /home/dcslab/cgmin/jdk12.0.1/build/linux-x86_64-server-release/jdk/lib/libjava.so
2afe33b79000-2afe33d78000 ---p 00028000 fd:02 149203280                  /home/dcslab/cgmin/jdk12.0.1/build/linux-x86_64-server-release/jdk/lib/libjava.so
2afe33d78000-2afe33d79000 r--p 00027000 fd:02 149203280                  /home/dcslab/cgmin/jdk12.0.1/build/linux-x86_64-server-release/jdk/lib/libjava.so
2afe33d79000-2afe33d7b000 rw-p 00028000 fd:02 149203280                  /home/dcslab/cgmin/jdk12.0.1/build/linux-x86_64-server-release/jdk/lib/libjava.so
2afe33d7b000-2afe33d87000 r-xp 00000000 fd:00 67527450                   /usr/lib64/libnss_files-2.17.so
2afe33d87000-2afe33f86000 ---p 0000c000 fd:00 67527450                   /usr/lib64/libnss_files-2.17.so
2afe33f86000-2afe33f87000 r--p 0000b000 fd:00 67527450                   /usr/lib64/libnss_files-2.17.so
2afe33f87000-2afe33f88000 rw-p 0000c000 fd:00 67527450                   /usr/lib64/libnss_files-2.17.so
2afe33f88000-2afe33ff0000 rw-p 00000000 00:00 0 
2afe34000000-2afe340b9000 rw-p 00000000 00:00 0 
2afe340b9000-2afe38000000 ---p 00000000 00:00 0 
2afe38000000-2afe38007000 r-xp 00000000 fd:02 149203284                  /home/dcslab/cgmin/jdk12.0.1/build/linux-x86_64-server-release/jdk/lib/libzip.so
2afe38007000-2afe38206000 ---p 00007000 fd:02 149203284                  /home/dcslab/cgmin/jdk12.0.1/build/linux-x86_64-server-release/jdk/lib/libzip.so
2afe38206000-2afe38207000 r--p 00006000 fd:02 149203284                  /home/dcslab/cgmin/jdk12.0.1/build/linux-x86_64-server-release/jdk/lib/libzip.so
2afe38207000-2afe38208000 rw-p 00007000 fd:02 149203284                  /home/dcslab/cgmin/jdk12.0.1/build/linux-x86_64-server-release/jdk/lib/libzip.so
2afe38208000-2afe3820d000 r-xp 00000000 fd:02 149203289                  /home/dcslab/cgmin/jdk12.0.1/build/linux-x86_64-server-release/jdk/lib/libjimage.so
2afe3820d000-2afe3840d000 ---p 00005000 fd:02 149203289                  /home/dcslab/cgmin/jdk12.0.1/build/linux-x86_64-server-release/jdk/lib/libjimage.so
2afe3840d000-2afe3840e000 r--p 00005000 fd:02 149203289                  /home/dcslab/cgmin/jdk12.0.1/build/linux-x86_64-server-release/jdk/lib/libjimage.so
2afe3840e000-2afe3840f000 rw-p 00006000 fd:02 149203289                  /home/dcslab/cgmin/jdk12.0.1/build/linux-x86_64-server-release/jdk/lib/libjimage.so
2afe3840f000-2afe3867f000 rwxp 00000000 00:00 0 
2afe3867f000-2afe3914f000 ---p 00000000 00:00 0 
2afe3914f000-2afe393bf000 rwxp 00000000 00:00 0 
2afe393bf000-2afe4740f000 ---p 00000000 00:00 0 
2afe4740f000-2afe47414000 rw-p 00000000 00:00 0 
2afe47414000-2afe475d5000 ---p 00000000 00:00 0 
2afe475d5000-2afe475db000 rw-p 00000000 00:00 0 
2afe475db000-2afe4762a000 ---p 00000000 00:00 0 
2afe4762a000-2afe47635000 rw-p 00000000 00:00 0 
2afe47635000-2afe476d5000 ---p 00000000 00:00 0 
2afe476d5000-2afe47ad6000 rw-p 00000000 00:00 0 
2afe47ad6000-2afe47ed6000 ---p 00000000 00:00 0 
2afe47ed6000-2afe47fb2000 rw-p 00000000 00:00 0 
2afe47fb2000-2afe47fb3000 ---p 00000000 00:00 0 
2afe47fb3000-2afe480b4000 rw-p 00000000 00:00 0 
2afe480b4000-2afe480b8000 ---p 00000000 00:00 0 
2afe480b8000-2afe481b5000 rw-p 00000000 00:00 0 
2afe481b5000-2afe481b9000 ---p 00000000 00:00 0 
2afe481b9000-2afe486ac000 rw-p 00000000 00:00 0 
2afe4c000000-2afe4c021000 rw-p 00000000 00:00 0 
2afe4c021000-2afe50000000 ---p 00000000 00:00 0 
2afe50000000-2afe50021000 rw-p 00000000 00:00 0 
2afe50021000-2afe54000000 ---p 00000000 00:00 0 
2afe54000000-2afe54021000 rw-p 00000000 00:00 0 
2afe54021000-2afe58000000 ---p 00000000 00:00 0 
2afe58000000-2afe5e52a000 r--p 00000000 fd:00 1524467                    /usr/lib/locale/locale-archive
7fff0e075000-7fff0e097000 rw-p 00000000 00:00 0                          [stack]
7fff0e15f000-7fff0e162000 r--p 00000000 00:00 0                          [vvar]
7fff0e162000-7fff0e164000 r-xp 00000000 00:00 0                          [vdso]
ffffffffff600000-ffffffffff601000 r-xp 00000000 00:00 0                  [vsyscall]


VM Arguments:
jvm_args: -Dapplication.home=/home/dcslab/cgmin/jdk12.0.1/build/linux-x86_64-server-release/jdk -Xms8m -XX:+UseSerialGC -Xms32M -Xmx512M -XX:TieredStopAtLevel=1 -Djdk.module.main=jdk.jlink 
java_command: jdk.jlink/jdk.tools.jmod.Main create --module-version 12.0.1-internal --target-platform linux-amd64 --module-path /home/dcslab/cgmin/jdk12.0.1/build/linux-x86_64-server-release/images/jmods --class-path /home/dcslab/cgmin/jdk12.0.1/build/linux-x86_64-server-release/jdk/modules/jdk.internal.vm.compiler --legal-notices /home/dcslab/cgmin/jdk12.0.1/build/linux-x86_64-server-release/support/modules_legal/common --exclude **{_the.*,_*.marker,*.diz,*.debuginfo,*.dSYM/**,*.dSYM,*.pdb,*.map} /home/dcslab/cgmin/jdk12.0.1/build/linux-x86_64-server-release/support/jmods/jdk.internal.vm.compiler.jmod
java_class_path (initial): <not set>
Launcher Type: SUN_STANDARD

[Global flags]
     intx CICompilerCount                          = 15                                        {product} {ergonomic}
   size_t InitialHeapSize                          = 33554432                                  {product} {command line}
   size_t MaxHeapSize                              = 536870912                                 {product} {command line}
   size_t MaxNewSize                               = 178913280                                 {product} {ergonomic}
   size_t MinHeapDeltaBytes                        = 196608                                    {product} {ergonomic}
   size_t NewSize                                  = 11141120                                  {product} {ergonomic}
    uintx NonNMethodCodeHeapSize                   = 13893620                               {pd product} {ergonomic}
    uintx NonProfiledCodeHeapSize                  = 237764620                              {pd product} {ergonomic}
   size_t OldSize                                  = 22413312                                  {product} {ergonomic}
    uintx ProfiledCodeHeapSize                     = 0                                      {pd product} {ergonomic}
    uintx ReservedCodeCacheSize                    = 251658240                              {pd product} {ergonomic}
     bool SegmentedCodeCache                       = true                                      {product} {ergonomic}
     intx TieredStopAtLevel                        = 1                                         {product} {command line}
     bool UseCompressedClassPointers               = true                                 {lp64_product} {ergonomic}
     bool UseCompressedOops                        = true                                 {lp64_product} {ergonomic}
     bool UseSerialGC                              = true                                      {product} {command line}

Logging:
Log output configuration:
 #0: stdout all=warning uptime,level,tags
 #1: stderr all=off uptime,level,tags

Environment Variables:
PATH=/sbin:/bin:/usr/sbin:/usr/bin
USERNAME=root
LD_LIBRARY_PATH=:/usr/local/lib
SHELL=/bin/bash

Signal Handlers:
SIGSEGV: [libjvm.so+0xefc270], sa_mask[0]=11111111011111111101111111111110, sa_flags=SA_RESTART|SA_SIGINFO
SIGBUS: [libjvm.so+0xefc270], sa_mask[0]=11111111011111111101111111111110, sa_flags=SA_RESTART|SA_SIGINFO
SIGFPE: [libjvm.so+0xefc270], sa_mask[0]=11111111011111111101111111111110, sa_flags=SA_RESTART|SA_SIGINFO
SIGPIPE: [libjvm.so+0xbf1640], sa_mask[0]=11111111011111111101111111111110, sa_flags=SA_RESTART|SA_SIGINFO
SIGXFSZ: [libjvm.so+0xbf1640], sa_mask[0]=11111111011111111101111111111110, sa_flags=SA_RESTART|SA_SIGINFO
SIGILL: [libjvm.so+0xefc270], sa_mask[0]=11111111011111111101111111111110, sa_flags=SA_RESTART|SA_SIGINFO
SIGUSR2: [libjvm.so+0xbf14e0], sa_mask[0]=00000000000000000000000000000000, sa_flags=SA_RESTART|SA_SIGINFO
SIGHUP: SIG_DFL, sa_mask[0]=00000000000000000000000000000000, sa_flags=none
SIGINT: SIG_DFL, sa_mask[0]=00000000000000000000000000000000, sa_flags=none
SIGTERM: SIG_DFL, sa_mask[0]=00000000000000000000000000000000, sa_flags=none
SIGQUIT: SIG_DFL, sa_mask[0]=00000000000000000000000000000000, sa_flags=none


---------------  S Y S T E M  ---------------

OS:CentOS Linux release 7.6.1810 (Core) 
uname:Linux 4.12.9RTFM0227+ #988 SMP Thu May 30 20:11:32 KST 2019 x86_64
libc:glibc 2.17 NPTL 2.17 
rlimit: STACK infinity, CORE 0k, NPROC 510968, NOFILE 4096, AS infinity, DATA infinity, FSIZE infinity
load average:6.88 9.25 6.12

/proc/meminfo:
MemTotal:       130865364 kB
MemFree:        122330180 kB
MemAvailable:   127183188 kB
Buffers:            2120 kB
Cached:          6083084 kB
SwapCached:            0 kB
Active:          4143384 kB
Inactive:        2443060 kB
Active(anon):     821972 kB
Inactive(anon):   189428 kB
Active(file):    3321412 kB
Inactive(file):  2253632 kB
Unevictable:           0 kB
Mlocked:               0 kB
SwapTotal:             0 kB
SwapFree:              0 kB
Dirty:                72 kB
Writeback:             0 kB
AnonPages:        499644 kB
Mapped:           263312 kB
Shmem:            510160 kB
Slab:             808252 kB
SReclaimable:     459996 kB
SUnreclaim:       348256 kB
KernelStack:       16880 kB
PageTables:        24056 kB
NFS_Unstable:          0 kB
Bounce:                0 kB
WritebackTmp:          0 kB
CommitLimit:    65432680 kB
Committed_AS:    1978816 kB
VmallocTotal:   34359738367 kB
VmallocUsed:           0 kB
VmallocChunk:          0 kB
HardwareCorrupted:     0 kB
CmaTotal:              0 kB
CmaFree:               0 kB
HugePages_Total:       0
HugePages_Free:        0
HugePages_Rsvd:        0
HugePages_Surp:        0
Hugepagesize:       2048 kB
DirectMap4k:      817972 kB
DirectMap2M:     8503296 kB
DirectMap1G:    126877696 kB


/proc/sys/kernel/threads-max (system-wide limit on the number of threads):
1021936


/proc/sys/vm/max_map_count (maximum number of memory map areas a process may have):
65530


/proc/sys/kernel/pid_max (system-wide limit on number of process identifiers):
49152



container (cgroup) information:
container_type: cgroupv1
cpu_cpuset_cpus: 0-47
cpu_memory_nodes: 0
active_processor_count: 48
cpu_quota: -1
cpu_period: 100000
cpu_shares: -1
memory_limit_in_bytes: -1
memory_and_swap_limit_in_bytes: -1
memory_soft_limit_in_bytes: -1
memory_usage_in_bytes: 6753255424
memory_max_usage_in_bytes: 0


CPU:total 48 (initial active 48) (12 cores per cpu, 2 threads per core) family 6 model 79 stepping 1, cmov, cx8, fxsr, mmx, sse, sse2, sse3, ssse3, sse4.1, sse4.2, popcnt, avx, avx2, aes, clmul, erms, rtm, 3dnowpref, lzcnt, ht, tsc, tscinvbit, bmi1, bmi2, adx, fma
CPU Model and flags from /proc/cpuinfo:
model name	: Intel(R) Xeon(R) CPU E5-2650 v4 @ 2.20GHz
flags		: fpu vme de pse tsc msr pae mce cx8 apic sep mtrr pge mca cmov pat pse36 clflush dts acpi mmx fxsr sse sse2 ss ht tm pbe syscall nx pdpe1gb rdtscp lm constant_tsc arch_perfmon pebs bts rep_good nopl xtopology nonstop_tsc cpuid aperfmperf pni pclmulqdq dtes64 monitor ds_cpl vmx smx est tm2 ssse3 sdbg fma cx16 xtpr pdcm pcid dca sse4_1 sse4_2 x2apic movbe popcnt tsc_deadline_timer aes xsave avx f16c rdrand lahf_lm abm 3dnowprefetch cpuid_fault epb cat_l3 cdp_l3 intel_ppin intel_pt tpr_shadow vnmi flexpriority ept vpid fsgsbase tsc_adjust bmi1 hle avx2 smep bmi2 erms invpcid rtm cqm rdt_a rdseed adx smap xsaveopt cqm_llc cqm_occup_llc cqm_mbm_total cqm_mbm_local dtherm arat pln pts

Memory: 4k page, physical 130865364k(122329560k free), swap 0k(0k free)

vm_info: OpenJDK 64-Bit Server VM (12.0.1-internal+0-adhoc.root.jdk12.0.1) for linux-amd64 JRE (12.0.1-internal+0-adhoc.root.jdk12.0.1), built on Jul 18 2019 18:28:35 by "root" with gcc 4.8.5 20150623 (Red Hat 4.8.5-36)

END.
