#
# A fatal error has been detected by the Java Runtime Environment:
#
#  SIGSEGV (0xb) at pc=0x0000152ab4bbdf39, pid=30617, tid=30693
#
# JRE version:  (12.0.1) (build )
# Java VM: OpenJDK 64-Bit Server VM (12.0.1-internal+0-adhoc.root.jdk12.0.1, mixed mode, tiered, compressed oops, serial gc, linux-amd64)
# Problematic frame:
# V  [libjvm.so+0xb3ff39]  ObjArrayAllocator::initialize(HeapWord*) const+0x29
#
# No core dump will be written. Core dumps have been disabled. To enable core dumping, try "ulimit -c unlimited" before starting Java again
#
# If you would like to submit a bug report, please visit:
#   http://bugreport.java.com/bugreport/crash.jsp
#

---------------  S U M M A R Y ------------

Command Line: -Dapplication.home=/home/dcslab/cgmin/jdk12.0.1/build/linux-x86_64-server-release/jdk -Xms8m -XX:+UseSerialGC -Xms32M -Xmx512M -XX:TieredStopAtLevel=1 -Djdk.module.main=jdk.jlink jdk.jlink/jdk.tools.jmod.Main create --module-version 12.0.1-internal --target-platform linux-amd64 --module-path /home/dcslab/cgmin/jdk12.0.1/build/linux-x86_64-server-release/images/jmods --class-path /home/dcslab/cgmin/jdk12.0.1/build/linux-x86_64-server-release/jdk/modules/jdk.charsets --legal-notices /home/dcslab/cgmin/jdk12.0.1/build/linux-x86_64-server-release/support/modules_legal/common --exclude **{_the.*,_*.marker,*.diz,*.debuginfo,*.dSYM/**,*.dSYM,*.pdb,*.map} /home/dcslab/cgmin/jdk12.0.1/build/linux-x86_64-server-release/support/jmods/jdk.charsets.jmod

Host: Intel(R) Xeon(R) CPU E5-2650 v4 @ 2.20GHz, 48 cores, 125G, CentOS Linux release 7.6.1810 (Core) 
Time: Fri Jul 26 17:02:37 2019 KST elapsed time: 0 seconds (0d 0h 0m 0s)

---------------  T H R E A D  ---------------

Current thread (0x0000152aac010000):  JavaThread "main" [_thread_in_vm, id=30693, stack(0x0000152ab6376000,0x0000152ab6477000)]

Stack: [0x0000152ab6376000,0x0000152ab6477000],  sp=0x0000152ab64755a0,  free space=1021k
Native frames: (J=compiled Java code, A=aot compiled Java code, j=interpreted, Vv=VM code, C=native code)
V  [libjvm.so+0xb3ff39]  ObjArrayAllocator::initialize(HeapWord*) const+0x29
V  [libjvm.so+0xb40793]  MemAllocator::allocate() const+0x73
V  [libjvm.so+0x6154c4]  CollectedHeap::array_allocate(Klass*, int, int, bool, Thread*)+0x44
V  [libjvm.so+0x8721f8]  InterpreterRuntime::newarray(JavaThread*, BasicType, int)+0x28
j  java.io.BufferedInputStream.<init>(Ljava/io/InputStream;I)V+26 java.base
j  java.io.BufferedInputStream.<init>(Ljava/io/InputStream;)V+5 java.base
j  java.lang.System.initPhase1()V+72 java.base
v  ~StubRoutines::call_stub
V  [libjvm.so+0x881cd3]  JavaCalls::call_helper(JavaValue*, methodHandle const&, JavaCallArguments*, Thread*)+0x3a3
V  [libjvm.so+0x880c28]  JavaCalls::call_static(JavaValue*, Klass*, Symbol*, Symbol*, Thread*)+0x198
V  [libjvm.so+0xe91045]  Threads::initialize_java_lang_classes(JavaThread*, Thread*)+0x2c5
V  [libjvm.so+0xe921cf]  Threads::create_vm(JavaVMInitArgs*, bool*)+0x6ef
V  [libjvm.so+0x908cd8]  JNI_CreateJavaVM+0x58
C  [libjli.so+0x4814]  JavaMain+0x84

Java frames: (J=compiled Java code, j=interpreted, Vv=VM code)
j  java.io.BufferedInputStream.<init>(Ljava/io/InputStream;I)V+26 java.base
j  java.io.BufferedInputStream.<init>(Ljava/io/InputStream;)V+5 java.base
j  java.lang.System.initPhase1()V+72 java.base
v  ~StubRoutines::call_stub

siginfo: si_signo: 11 (SIGSEGV), si_code: 1 (SEGV_MAPERR), si_addr: 0x000000000000005a

Register to memory mapping:

RAX=0x0000000000000001 is an unknown value
RBX=0x000000000000004e is an unknown value
RCX=0x00fffffffffffff6 is an unknown value
RDX=0x0000152ab5586c50: <offset 0x0000000001508c50> in /home/dcslab/cgmin/jdk12.0.1/build/linux-x86_64-server-release/jdk/lib/server/libjvm.so at 0x0000152ab407e000
RSP=0x0000152ab64755a0 is pointing into the stack for thread: 0x0000152aac010000
RBP=0x0000152ab64755c0 is pointing into the stack for thread: 0x0000152aac010000
RSI=0x000000000000004e is an unknown value
RDI=0x0000152ab6475650 is pointing into the stack for thread: 0x0000152aac010000
R8 =0x0000000000000001 is an unknown value
R9 =0x0000152aac010000 is a thread
R10=0x0000152ab4693480: <offset 0x0000000000615480> in /home/dcslab/cgmin/jdk12.0.1/build/linux-x86_64-server-release/jdk/lib/server/libjvm.so at 0x0000152ab407e000
R11=0x0 is NULL
R12=0x0000152ab6475650 is pointing into the stack for thread: 0x0000152aac010000
R13=0x0000152ab5606c44: <offset 0x0000000001588c44> in /home/dcslab/cgmin/jdk12.0.1/build/linux-x86_64-server-release/jdk/lib/server/libjvm.so at 0x0000152ab407e000
R14=0x0000152ab6475738 is pointing into the stack for thread: 0x0000152aac010000
R15=0x0000152aac010000 is a thread


Registers:
RAX=0x0000000000000001, RBX=0x000000000000004e, RCX=0x00fffffffffffff6, RDX=0x0000152ab5586c50
RSP=0x0000152ab64755a0, RBP=0x0000152ab64755c0, RSI=0x000000000000004e, RDI=0x0000152ab6475650
R8 =0x0000000000000001, R9 =0x0000152aac010000, R10=0x0000152ab4693480, R11=0x0000000000000000
R12=0x0000152ab6475650, R13=0x0000152ab5606c44, R14=0x0000152ab6475738, R15=0x0000152aac010000
RIP=0x0000152ab4bbdf39, EFLAGS=0x0000000000010202, CSGSFS=0x002b000000000033, ERR=0x0000000000000006
  TRAPNO=0x000000000000000e

Top of Stack: (sp=0x0000152ab64755a0)
0x0000152ab64755a0:   0000152ab24b4de8 0000152ab6475650
0x0000152ab64755b0:   0000000000000000 0000152ab64755e0
0x0000152ab64755c0:   0000152ab6475640 0000152ab4bbe793
0x0000152ab64755d0:   0000152aac010000 0000000000000000 

Instructions: (pc=0x0000152ab4bbdf39)
0x0000152ab4bbdf19:   89 fc 53 48 89 f3 48 83 ec 08 80 7f 2c 00 4c 8d
0x0000152ab4bbdf29:   2d 16 8d a4 00 41 0f b6 45 00 74 2e 84 c0 74 07
0x0000152ab4bbdf39:   c7 46 0c 00 00 00 00 49 8b 54 24 20 48 83 fa 02
0x0000152ab4bbdf49:   74 18 48 8d 14 d5 f0 ff ff ff 48 8d 7b 10 31 f6 

Stack slot to memory mapping:
stack at sp + 0 slots: {method} {0x0000152ab24b4de8} '<init>' '(Ljava/io/InputStream;I)V' in 'java/io/BufferedInputStream'
stack at sp + 1 slots: 0x0000152ab6475650 is pointing into the stack for thread: 0x0000152aac010000
stack at sp + 2 slots: 0x0 is NULL
stack at sp + 3 slots: 0x0000152ab64755e0 is pointing into the stack for thread: 0x0000152aac010000
stack at sp + 4 slots: 0x0000152ab6475640 is pointing into the stack for thread: 0x0000152aac010000
stack at sp + 5 slots: 0x0000152ab4bbe793: <offset 0x0000000000b40793> in /home/dcslab/cgmin/jdk12.0.1/build/linux-x86_64-server-release/jdk/lib/server/libjvm.so at 0x0000152ab407e000
stack at sp + 6 slots: 0x0000152aac010000 is a thread
stack at sp + 7 slots: 0x0 is NULL


---------------  P R O C E S S  ---------------

Threads class SMR info:
_java_thread_list=0x0000152aac09e150, length=3, elements={
0x0000152aac010000, 0x0000152aac099000, 0x0000152aac09c000
}

Java Threads: ( => current thread )
=>0x0000152aac010000 JavaThread "main" [_thread_in_vm, id=30693, stack(0x0000152ab6376000,0x0000152ab6477000)]
  0x0000152aac099000 JavaThread "Reference Handler" daemon [_thread_blocked, id=30900, stack(0x0000152ab1ffc000,0x0000152ab20fd000)]
  0x0000152aac09c000 JavaThread "Finalizer" daemon [_thread_blocked, id=30907, stack(0x0000152ab1efb000,0x0000152ab1ffc000)]

Other Threads:
  0x0000152aac08c800 VMThread "VM Thread" [stack: 0x0000152ab20ff000,0x0000152ab21ff000] [id=30842]

Threads with active compile tasks:

VM state:not at safepoint (normal execution)

VM Mutex/Monitor currently owned by a thread: None

Heap address: 0x00000000e0000000, size: 512 MB, Compressed Oops mode: 32-bit
Narrow klass base: 0x0000000000000000, Narrow klass shift: 3
Compressed class space size: 1073741824 Address: 0x0000000100000000

Heap:
 def new generation   total 9792K, used 174K [0x00000000e0000000, 0x00000000e0aa0000, 0x00000000eaaa0000)
  eden space 8704K,   2% used [0x00000000e0000000, 0x00000000e002b860, 0x00000000e0880000)
  from space 1088K,   0% used [0x00000000e0880000, 0x00000000e0880000, 0x00000000e0990000)
  to   space 1088K,   0% used [0x00000000e0990000, 0x00000000e0990000, 0x00000000e0aa0000)
 tenured generation   total 21888K, used 0K [0x00000000eaaa0000, 0x00000000ec000000, 0x0000000100000000)
   the space 21888K,   0% used [0x00000000eaaa0000, 0x00000000eaaa0000, 0x00000000eaaa0200, 0x00000000ec000000)
 Metaspace       used 1782K, capacity 4480K, committed 4480K, reserved 1056768K
  class space    used 140K, capacity 384K, committed 384K, reserved 1048576K

Card table byte_map: [0x0000152ab2b3d000,0x0000152ab2c3e000] _byte_map_base: 0x0000152ab243d000

Polling page: 0x0000152ab648a000

Metaspace:

Usage:
  Non-class:      4.00 MB capacity,     1.60 MB ( 40%) used,     2.40 MB ( 60%) free+waste,    64 bytes ( <1%) overhead. 
      Class:    384.00 KB capacity,   140.23 KB ( 37%) used,   243.71 KB ( 63%) free+waste,    64 bytes ( <1%) overhead. 
       Both:      4.38 MB capacity,     1.74 MB ( 40%) used,     2.63 MB ( 60%) free+waste,   128 bytes ( <1%) overhead. 

Virtual space:
  Non-class space:        8.00 MB reserved,       4.00 MB ( 50%) committed 
      Class space:        1.00 GB reserved,     384.00 KB ( <1%) committed 
             Both:        1.01 GB reserved,       4.38 MB ( <1%) committed 

Chunk freelists:
   Non-Class:  0 bytes
       Class:  0 bytes
        Both:  0 bytes

CodeHeap 'non-profiled nmethods': size=232192Kb used=0Kb max_used=0Kb free=232192Kb
 bounds [0x0000152a9dd40000, 0x0000152a9dfb0000, 0x0000152aac000000]
CodeHeap 'non-nmethods': size=13568Kb used=358Kb max_used=358Kb free=13209Kb
 bounds [0x0000152a9d000000, 0x0000152a9d270000, 0x0000152a9dd40000]
 total_blobs=153 nmethods=0 adapters=110
 compilation: enabled
              stopped_count=0, restarted_count=0
 full_count=0

Compilation events (0 events):
No events

GC Heap History (0 events):
No events

Deoptimization events (0 events):
No events

Classes redefined (0 events):
No events

Internal exceptions (0 events):
No events

Events (10 events):
Event: 0.057 loading class java/io/FileOutputStream
Event: 0.057 loading class java/io/OutputStream
Event: 0.057 loading class java/io/Flushable
Event: 0.057 loading class java/io/Flushable done
Event: 0.057 loading class java/io/OutputStream done
Event: 0.057 loading class java/io/FileOutputStream done
Event: 0.057 loading class java/io/BufferedInputStream
Event: 0.057 loading class java/io/FilterInputStream
Event: 0.057 loading class java/io/FilterInputStream done
Event: 0.058 loading class java/io/BufferedInputStream done


Dynamic libraries:
00400000-00401000 r-xp 00000000 fd:02 80675782                           /home/dcslab/cgmin/jdk12.0.1/build/linux-x86_64-server-release/jdk/bin/jmod
00601000-00602000 r--p 00001000 fd:02 80675782                           /home/dcslab/cgmin/jdk12.0.1/build/linux-x86_64-server-release/jdk/bin/jmod
00602000-00603000 rw-p 00002000 fd:02 80675782                           /home/dcslab/cgmin/jdk12.0.1/build/linux-x86_64-server-release/jdk/bin/jmod
01b27000-01b48000 rw-p 00000000 00:00 0                                  [heap]
e0000000-e0aa0000 rw-p 00000000 00:00 0 
e0aa0000-eaaa0000 ---p 00000000 00:00 0 
eaaa0000-ec000000 rw-p 00000000 00:00 0 
ec000000-100000000 ---p 00000000 00:00 0 
100000000-100060000 rw-p 00000000 00:00 0 
100060000-140000000 ---p 00000000 00:00 0 
152a89ad6000-152a90000000 r--p 00000000 fd:00 1524467                    /usr/lib/locale/locale-archive
152a90000000-152a90021000 rw-p 00000000 00:00 0 
152a90021000-152a94000000 ---p 00000000 00:00 0 
152a94000000-152a94021000 rw-p 00000000 00:00 0 
152a94021000-152a98000000 ---p 00000000 00:00 0 
152a98000000-152a98021000 rw-p 00000000 00:00 0 
152a98021000-152a9c000000 ---p 00000000 00:00 0 
152a9d000000-152a9d270000 rwxp 00000000 00:00 0 
152a9d270000-152a9dd40000 ---p 00000000 00:00 0 
152a9dd40000-152a9dfb0000 rwxp 00000000 00:00 0 
152a9dfb0000-152aac000000 ---p 00000000 00:00 0 
152aac000000-152aac0b9000 rw-p 00000000 00:00 0 
152aac0b9000-152ab0000000 ---p 00000000 00:00 0 
152ab1b05000-152ab1efb000 rw-p 00000000 00:00 0 
152ab1efb000-152ab1eff000 ---p 00000000 00:00 0 
152ab1eff000-152ab1ffc000 rw-p 00000000 00:00 0 
152ab1ffc000-152ab2000000 ---p 00000000 00:00 0 
152ab2000000-152ab20fd000 rw-p 00000000 00:00 0 
152ab20fd000-152ab20fe000 ---p 00000000 00:00 0 
152ab20fe000-152ab271c000 rw-p 00000000 00:00 0 
152ab271c000-152ab2b1c000 ---p 00000000 00:00 0 
152ab2b1c000-152ab2b43000 rw-p 00000000 00:00 0 
152ab2b43000-152ab2b92000 ---p 00000000 00:00 0 
152ab2b92000-152ab2b9d000 rw-p 00000000 00:00 0 
152ab2b9d000-152ab2c3d000 ---p 00000000 00:00 0 
152ab2c3d000-152ab2c43000 rw-p 00000000 00:00 0 
152ab2c43000-152ab2e04000 ---p 00000000 00:00 0 
152ab2e04000-152ab2e09000 r-xp 00000000 fd:02 80674781                   /home/dcslab/cgmin/jdk12.0.1/build/linux-x86_64-server-release/jdk/lib/libjimage.so
152ab2e09000-152ab3009000 ---p 00005000 fd:02 80674781                   /home/dcslab/cgmin/jdk12.0.1/build/linux-x86_64-server-release/jdk/lib/libjimage.so
152ab3009000-152ab300a000 r--p 00005000 fd:02 80674781                   /home/dcslab/cgmin/jdk12.0.1/build/linux-x86_64-server-release/jdk/lib/libjimage.so
152ab300a000-152ab300b000 rw-p 00006000 fd:02 80674781                   /home/dcslab/cgmin/jdk12.0.1/build/linux-x86_64-server-release/jdk/lib/libjimage.so
152ab300b000-152ab3012000 r-xp 00000000 fd:02 80674755                   /home/dcslab/cgmin/jdk12.0.1/build/linux-x86_64-server-release/jdk/lib/libzip.so
152ab3012000-152ab3211000 ---p 00007000 fd:02 80674755                   /home/dcslab/cgmin/jdk12.0.1/build/linux-x86_64-server-release/jdk/lib/libzip.so
152ab3211000-152ab3212000 r--p 00006000 fd:02 80674755                   /home/dcslab/cgmin/jdk12.0.1/build/linux-x86_64-server-release/jdk/lib/libzip.so
152ab3212000-152ab3213000 rw-p 00007000 fd:02 80674755                   /home/dcslab/cgmin/jdk12.0.1/build/linux-x86_64-server-release/jdk/lib/libzip.so
152ab3213000-152ab321f000 r-xp 00000000 fd:00 67527450                   /usr/lib64/libnss_files-2.17.so
152ab321f000-152ab341e000 ---p 0000c000 fd:00 67527450                   /usr/lib64/libnss_files-2.17.so
152ab341e000-152ab341f000 r--p 0000b000 fd:00 67527450                   /usr/lib64/libnss_files-2.17.so
152ab341f000-152ab3420000 rw-p 0000c000 fd:00 67527450                   /usr/lib64/libnss_files-2.17.so
152ab3420000-152ab3426000 rw-p 00000000 00:00 0 
152ab3426000-152ab344e000 r-xp 00000000 fd:02 80674673                   /home/dcslab/cgmin/jdk12.0.1/build/linux-x86_64-server-release/jdk/lib/libjava.so
152ab344e000-152ab364d000 ---p 00028000 fd:02 80674673                   /home/dcslab/cgmin/jdk12.0.1/build/linux-x86_64-server-release/jdk/lib/libjava.so
152ab364d000-152ab364e000 r--p 00027000 fd:02 80674673                   /home/dcslab/cgmin/jdk12.0.1/build/linux-x86_64-server-release/jdk/lib/libjava.so
152ab364e000-152ab3650000 rw-p 00028000 fd:02 80674673                   /home/dcslab/cgmin/jdk12.0.1/build/linux-x86_64-server-release/jdk/lib/libjava.so
152ab3650000-152ab365d000 r-xp 00000000 fd:02 80674591                   /home/dcslab/cgmin/jdk12.0.1/build/linux-x86_64-server-release/jdk/lib/libverify.so
152ab365d000-152ab385c000 ---p 0000d000 fd:02 80674591                   /home/dcslab/cgmin/jdk12.0.1/build/linux-x86_64-server-release/jdk/lib/libverify.so
152ab385c000-152ab385e000 r--p 0000c000 fd:02 80674591                   /home/dcslab/cgmin/jdk12.0.1/build/linux-x86_64-server-release/jdk/lib/libverify.so
152ab385e000-152ab385f000 rw-p 0000e000 fd:02 80674591                   /home/dcslab/cgmin/jdk12.0.1/build/linux-x86_64-server-release/jdk/lib/libverify.so
152ab385f000-152ab3874000 r-xp 00000000 fd:00 67349682                   /usr/lib64/libgcc_s-4.8.5-20150702.so.1
152ab3874000-152ab3a73000 ---p 00015000 fd:00 67349682                   /usr/lib64/libgcc_s-4.8.5-20150702.so.1
152ab3a73000-152ab3a74000 r--p 00014000 fd:00 67349682                   /usr/lib64/libgcc_s-4.8.5-20150702.so.1
152ab3a74000-152ab3a75000 rw-p 00015000 fd:00 67349682                   /usr/lib64/libgcc_s-4.8.5-20150702.so.1
152ab3a75000-152ab3b76000 r-xp 00000000 fd:00 67412312                   /usr/lib64/libm-2.17.so
152ab3b76000-152ab3d75000 ---p 00101000 fd:00 67412312                   /usr/lib64/libm-2.17.so
152ab3d75000-152ab3d76000 r--p 00100000 fd:00 67412312                   /usr/lib64/libm-2.17.so
152ab3d76000-152ab3d77000 rw-p 00101000 fd:00 67412312                   /usr/lib64/libm-2.17.so
152ab3d77000-152ab3e60000 r-xp 00000000 fd:00 67349699                   /usr/lib64/libstdc++.so.6.0.19
152ab3e60000-152ab405f000 ---p 000e9000 fd:00 67349699                   /usr/lib64/libstdc++.so.6.0.19
152ab405f000-152ab4067000 r--p 000e8000 fd:00 67349699                   /usr/lib64/libstdc++.so.6.0.19
152ab4067000-152ab4069000 rw-p 000f0000 fd:00 67349699                   /usr/lib64/libstdc++.so.6.0.19
152ab4069000-152ab407e000 rw-p 00000000 00:00 0 
152ab407e000-152ab52c3000 r-xp 00000000 fd:02 80670104                   /home/dcslab/cgmin/jdk12.0.1/build/linux-x86_64-server-release/jdk/lib/server/libjvm.so
152ab52c3000-152ab54c3000 ---p 01245000 fd:02 80670104                   /home/dcslab/cgmin/jdk12.0.1/build/linux-x86_64-server-release/jdk/lib/server/libjvm.so
152ab54c3000-152ab5598000 r--p 01245000 fd:02 80670104                   /home/dcslab/cgmin/jdk12.0.1/build/linux-x86_64-server-release/jdk/lib/server/libjvm.so
152ab5598000-152ab55d4000 rw-p 0131a000 fd:02 80670104                   /home/dcslab/cgmin/jdk12.0.1/build/linux-x86_64-server-release/jdk/lib/server/libjvm.so
152ab55d4000-152ab565a000 rw-p 00000000 00:00 0 
152ab565a000-152ab581c000 r-xp 00000000 fd:00 67116114                   /usr/lib64/libc-2.17.so
152ab581c000-152ab5a1c000 ---p 001c2000 fd:00 67116114                   /usr/lib64/libc-2.17.so
152ab5a1c000-152ab5a20000 r--p 001c2000 fd:00 67116114                   /usr/lib64/libc-2.17.so
152ab5a20000-152ab5a22000 rw-p 001c6000 fd:00 67116114                   /usr/lib64/libc-2.17.so
152ab5a22000-152ab5a27000 rw-p 00000000 00:00 0 
152ab5a27000-152ab5a29000 r-xp 00000000 fd:00 67412311                   /usr/lib64/libdl-2.17.so
152ab5a29000-152ab5c29000 ---p 00002000 fd:00 67412311                   /usr/lib64/libdl-2.17.so
152ab5c29000-152ab5c2a000 r--p 00002000 fd:00 67412311                   /usr/lib64/libdl-2.17.so
152ab5c2a000-152ab5c2b000 rw-p 00003000 fd:00 67412311                   /usr/lib64/libdl-2.17.so
152ab5c2b000-152ab5c42000 r-xp 00000000 fd:00 67527458                   /usr/lib64/libpthread-2.17.so
152ab5c42000-152ab5e41000 ---p 00017000 fd:00 67527458                   /usr/lib64/libpthread-2.17.so
152ab5e41000-152ab5e42000 r--p 00016000 fd:00 67527458                   /usr/lib64/libpthread-2.17.so
152ab5e42000-152ab5e43000 rw-p 00017000 fd:00 67527458                   /usr/lib64/libpthread-2.17.so
152ab5e43000-152ab5e47000 rw-p 00000000 00:00 0 
152ab5e47000-152ab5e56000 r-xp 00000000 fd:02 80674745                   /home/dcslab/cgmin/jdk12.0.1/build/linux-x86_64-server-release/jdk/lib/libjli.so
152ab5e56000-152ab6055000 ---p 0000f000 fd:02 80674745                   /home/dcslab/cgmin/jdk12.0.1/build/linux-x86_64-server-release/jdk/lib/libjli.so
152ab6055000-152ab6056000 r--p 0000e000 fd:02 80674745                   /home/dcslab/cgmin/jdk12.0.1/build/linux-x86_64-server-release/jdk/lib/libjli.so
152ab6056000-152ab6057000 rw-p 0000f000 fd:02 80674745                   /home/dcslab/cgmin/jdk12.0.1/build/linux-x86_64-server-release/jdk/lib/libjli.so
152ab6057000-152ab606c000 r-xp 00000000 fd:00 67116158                   /usr/lib64/libz.so.1.2.7
152ab606c000-152ab626b000 ---p 00015000 fd:00 67116158                   /usr/lib64/libz.so.1.2.7
152ab626b000-152ab626c000 r--p 00014000 fd:00 67116158                   /usr/lib64/libz.so.1.2.7
152ab626c000-152ab626d000 rw-p 00015000 fd:00 67116158                   /usr/lib64/libz.so.1.2.7
152ab626d000-152ab628f000 r-xp 00000000 fd:00 67116101                   /usr/lib64/ld-2.17.so
152ab628f000-152ab62bb000 rw-p 00000000 00:00 0 
152ab62bb000-152ab635b000 ---p 00000000 00:00 0 
152ab635b000-152ab6360000 rw-p 00000000 00:00 0 
152ab6360000-152ab6376000 ---p 00000000 00:00 0 
152ab6376000-152ab637a000 ---p 00000000 00:00 0 
152ab637a000-152ab647c000 rw-p 00000000 00:00 0 
152ab6480000-152ab6482000 rw-p 00000000 00:00 0 
152ab6482000-152ab648a000 rw-s 00000000 fd:00 76968844                   /tmp/hsperfdata_root/30617
152ab648a000-152ab648b000 ---p 00000000 00:00 0 
152ab648b000-152ab648c000 r--p 00000000 00:00 0 
152ab648c000-152ab648d000 ---p 00000000 00:00 0 
152ab648d000-152ab648e000 rw-p 00000000 00:00 0 
152ab648e000-152ab648f000 r--p 00021000 fd:00 67116101                   /usr/lib64/ld-2.17.so
152ab648f000-152ab6490000 rw-p 00022000 fd:00 67116101                   /usr/lib64/ld-2.17.so
152ab6490000-152ab6491000 rw-p 00000000 00:00 0 
7ffdfb710000-7ffdfb732000 rw-p 00000000 00:00 0                          [stack]
7ffdfb7e1000-7ffdfb7e4000 r--p 00000000 00:00 0                          [vvar]
7ffdfb7e4000-7ffdfb7e5000 r-xp 00000000 00:00 0                          [vdso]
ffffffffff600000-ffffffffff601000 r-xp 00000000 00:00 0                  [vsyscall]


VM Arguments:
jvm_args: -Dapplication.home=/home/dcslab/cgmin/jdk12.0.1/build/linux-x86_64-server-release/jdk -Xms8m -XX:+UseSerialGC -Xms32M -Xmx512M -XX:TieredStopAtLevel=1 -Djdk.module.main=jdk.jlink 
java_command: jdk.jlink/jdk.tools.jmod.Main create --module-version 12.0.1-internal --target-platform linux-amd64 --module-path /home/dcslab/cgmin/jdk12.0.1/build/linux-x86_64-server-release/images/jmods --class-path /home/dcslab/cgmin/jdk12.0.1/build/linux-x86_64-server-release/jdk/modules/jdk.charsets --legal-notices /home/dcslab/cgmin/jdk12.0.1/build/linux-x86_64-server-release/support/modules_legal/common --exclude **{_the.*,_*.marker,*.diz,*.debuginfo,*.dSYM/**,*.dSYM,*.pdb,*.map} /home/dcslab/cgmin/jdk12.0.1/build/linux-x86_64-server-release/support/jmods/jdk.charsets.jmod
java_class_path (initial): <not set>
Launcher Type: SUN_STANDARD

[Global flags]
     intx CICompilerCount                          = 15                                        {product} {ergonomic}
   size_t InitialHeapSize                          = 33554432                                  {product} {command line}
   size_t MaxHeapSize                              = 536870912                                 {product} {command line}
   size_t MaxNewSize                               = 178913280                                 {product} {ergonomic}
   size_t MinHeapDeltaBytes                        = 196608                                    {product} {ergonomic}
   size_t NewSize                                  = 11141120                                  {product} {ergonomic}
    uintx NonNMethodCodeHeapSize                   = 13893620                               {pd product} {ergonomic}
    uintx NonProfiledCodeHeapSize                  = 237764620                              {pd product} {ergonomic}
   size_t OldSize                                  = 22413312                                  {product} {ergonomic}
    uintx ProfiledCodeHeapSize                     = 0                                      {pd product} {ergonomic}
    uintx ReservedCodeCacheSize                    = 251658240                              {pd product} {ergonomic}
     bool SegmentedCodeCache                       = true                                      {product} {ergonomic}
     intx TieredStopAtLevel                        = 1                                         {product} {command line}
     bool UseCompressedClassPointers               = true                                 {lp64_product} {ergonomic}
     bool UseCompressedOops                        = true                                 {lp64_product} {ergonomic}
     bool UseSerialGC                              = true                                      {product} {command line}

Logging:
Log output configuration:
 #0: stdout all=warning uptime,level,tags
 #1: stderr all=off uptime,level,tags

Environment Variables:
PATH=/sbin:/bin:/usr/sbin:/usr/bin
USERNAME=root
LD_LIBRARY_PATH=:/usr/local/lib
SHELL=/bin/bash

Signal Handlers:
SIGSEGV: [libjvm.so+0xefc2c0], sa_mask[0]=11111111011111111101111111111110, sa_flags=SA_RESTART|SA_SIGINFO
SIGBUS: [libjvm.so+0xefc2c0], sa_mask[0]=11111111011111111101111111111110, sa_flags=SA_RESTART|SA_SIGINFO
SIGFPE: [libjvm.so+0xefc2c0], sa_mask[0]=11111111011111111101111111111110, sa_flags=SA_RESTART|SA_SIGINFO
SIGPIPE: [libjvm.so+0xbf1690], sa_mask[0]=11111111011111111101111111111110, sa_flags=SA_RESTART|SA_SIGINFO
SIGXFSZ: [libjvm.so+0xbf1690], sa_mask[0]=11111111011111111101111111111110, sa_flags=SA_RESTART|SA_SIGINFO
SIGILL: [libjvm.so+0xefc2c0], sa_mask[0]=11111111011111111101111111111110, sa_flags=SA_RESTART|SA_SIGINFO
SIGUSR2: [libjvm.so+0xbf1530], sa_mask[0]=00000000000000000000000000000000, sa_flags=SA_RESTART|SA_SIGINFO
SIGHUP: SIG_DFL, sa_mask[0]=00000000000000000000000000000000, sa_flags=none
SIGINT: SIG_DFL, sa_mask[0]=00000000000000000000000000000000, sa_flags=none
SIGTERM: SIG_DFL, sa_mask[0]=00000000000000000000000000000000, sa_flags=none
SIGQUIT: SIG_DFL, sa_mask[0]=00000000000000000000000000000000, sa_flags=none


---------------  S Y S T E M  ---------------

OS:CentOS Linux release 7.6.1810 (Core) 
uname:Linux 5.2.0PMC0722+ #25 SMP Thu Jul 25 15:52:11 KST 2019 x86_64
libc:glibc 2.17 NPTL 2.17 
rlimit: STACK infinity, CORE 0k, NPROC 512949, NOFILE 4096, AS infinity, DATA infinity, FSIZE infinity
load average:23.08 19.15 9.12

/proc/meminfo:
MemTotal:       131379228 kB
MemFree:        119586352 kB
MemAvailable:   125554904 kB
Buffers:            2120 kB
Cached:          6768984 kB
SwapCached:            0 kB
Active:          6144520 kB
Inactive:        3735452 kB
Active(anon):    3108976 kB
Inactive(anon):    25860 kB
Active(file):    3035544 kB
Inactive(file):  3709592 kB
Unevictable:           0 kB
Mlocked:               0 kB
SwapTotal:             0 kB
SwapFree:              0 kB
Dirty:            253812 kB
Writeback:             0 kB
AnonPages:       3092560 kB
Mapped:            91268 kB
Shmem:             26252 kB
KReclaimable:     409716 kB
Slab:             792472 kB
SReclaimable:     409716 kB
SUnreclaim:       382756 kB
KernelStack:       19936 kB
PageTables:        31632 kB
NFS_Unstable:          0 kB
Bounce:                0 kB
WritebackTmp:          0 kB
CommitLimit:    65689612 kB
Committed_AS:    4735300 kB
VmallocTotal:   34359738367 kB
VmallocUsed:           0 kB
VmallocChunk:          0 kB
Percpu:            14592 kB
HardwareCorrupted:     0 kB
CmaTotal:              0 kB
CmaFree:               0 kB
HugePages_Total:       0
HugePages_Free:        0
HugePages_Rsvd:        0
HugePages_Surp:        0
Hugepagesize:       2048 kB
Hugetlb:               0 kB
DirectMap4k:      566068 kB
DirectMap2M:    13998080 kB
DirectMap1G:    121634816 kB


/proc/sys/kernel/threads-max (system-wide limit on the number of threads):
1025899


/proc/sys/vm/max_map_count (maximum number of memory map areas a process may have):
65530


/proc/sys/kernel/pid_max (system-wide limit on number of process identifiers):
49152



container (cgroup) information:
container_type: cgroupv1
cpu_cpuset_cpus: 0-47
cpu_memory_nodes: 0
active_processor_count: 48
cpu_quota: -1
cpu_period: 100000
cpu_shares: -1
memory_limit_in_bytes: -1
memory_and_swap_limit_in_bytes: -1
memory_soft_limit_in_bytes: -1
memory_usage_in_bytes: 10120056832
memory_max_usage_in_bytes: 0


CPU:total 48 (initial active 48) (12 cores per cpu, 2 threads per core) family 6 model 79 stepping 1, cmov, cx8, fxsr, mmx, sse, sse2, sse3, ssse3, sse4.1, sse4.2, popcnt, avx, avx2, aes, clmul, erms, rtm, 3dnowpref, lzcnt, ht, tsc, tscinvbit, bmi1, bmi2, adx, fma
CPU Model and flags from /proc/cpuinfo:
model name	: Intel(R) Xeon(R) CPU E5-2650 v4 @ 2.20GHz
flags		: fpu vme de pse tsc msr pae mce cx8 apic sep mtrr pge mca cmov pat pse36 clflush dts acpi mmx fxsr sse sse2 ss ht tm pbe syscall nx pdpe1gb rdtscp lm constant_tsc arch_perfmon pebs bts rep_good nopl xtopology nonstop_tsc cpuid aperfmperf pni pclmulqdq dtes64 monitor ds_cpl vmx smx est tm2 ssse3 sdbg fma cx16 xtpr pdcm pcid dca sse4_1 sse4_2 x2apic movbe popcnt aes xsave avx f16c rdrand lahf_lm abm 3dnowprefetch cpuid_fault epb cat_l3 cdp_l3 invpcid_single pti intel_ppin tpr_shadow vnmi flexpriority ept vpid ept_ad fsgsbase tsc_adjust bmi1 hle avx2 smep bmi2 erms invpcid rtm cqm rdt_a rdseed adx smap intel_pt xsaveopt cqm_llc cqm_occup_llc cqm_mbm_total cqm_mbm_local dtherm arat pln pts

Memory: 4k page, physical 131379228k(119598432k free), swap 0k(0k free)

vm_info: OpenJDK 64-Bit Server VM (12.0.1-internal+0-adhoc.root.jdk12.0.1) for linux-amd64 JRE (12.0.1-internal+0-adhoc.root.jdk12.0.1), built on Jul 26 2019 17:01:36 by "root" with gcc 4.8.5 20150623 (Red Hat 4.8.5-36)

END.
