#
# A fatal error has been detected by the Java Runtime Environment:
#
#  SIGSEGV (0xb) at pc=0x00002b5b19193fb1, pid=42643, tid=42658
#
# JRE version:  (12.0.1) (build )
# Java VM: OpenJDK 64-Bit Server VM (12.0.1-internal+0-adhoc.root.jdk12.0.1, mixed mode, tiered, compressed oops, serial gc, linux-amd64)
# Problematic frame:
# V  [libjvm.so+0xb3ffb1]  ClassAllocator::initialize(HeapWord*) const+0x21
#
# No core dump will be written. Core dumps have been disabled. To enable core dumping, try "ulimit -c unlimited" before starting Java again
#
# If you would like to submit a bug report, please visit:
#   http://bugreport.java.com/bugreport/crash.jsp
#

---------------  S U M M A R Y ------------

Command Line: -Dapplication.home=/home/dcslab/cgmin/jdk12.0.1/build/linux-x86_64-server-release/jdk -Xms8m -XX:+UseSerialGC -Xms32M -Xmx512M -XX:TieredStopAtLevel=1 -Djdk.module.main=jdk.jlink jdk.jlink/jdk.tools.jmod.Main create --module-version 12.0.1-internal --target-platform linux-amd64 --module-path /home/dcslab/cgmin/jdk12.0.1/build/linux-x86_64-server-release/images/jmods --class-path /home/dcslab/cgmin/jdk12.0.1/build/linux-x86_64-server-release/jdk/modules/jdk.internal.le --legal-notices /home/dcslab/cgmin/jdk12.0.1/build/linux-x86_64-server-release/support/modules_legal/common:/home/dcslab/cgmin/jdk12.0.1/src/jdk.internal.le/share/legal --exclude **{_the.*,_*.marker,*.diz,*.debuginfo,*.dSYM/**,*.dSYM,*.pdb,*.map} /home/dcslab/cgmin/jdk12.0.1/build/linux-x86_64-server-release/support/jmods/jdk.internal.le.jmod

Host: Intel(R) Xeon(R) CPU E5-2650 v4 @ 2.20GHz, 48 cores, 124G, CentOS Linux release 7.6.1810 (Core) 
Time: Thu Jul 18 18:46:28 2019 KST elapsed time: 1 seconds (0d 0h 0m 1s)

---------------  T H R E A D  ---------------

Current thread (0x00002b5b1c010000):  JavaThread "Unknown thread" [_thread_in_vm, id=42658, stack(0x00002b5b17856000,0x00002b5b17957000)]

Stack: [0x00002b5b17856000,0x00002b5b17957000],  sp=0x00002b5b17955960,  free space=1022k
Native frames: (J=compiled Java code, A=aot compiled Java code, j=interpreted, Vv=VM code, C=native code)
V  [libjvm.so+0xb3ffb1]  ClassAllocator::initialize(HeapWord*) const+0x21
V  [libjvm.so+0xb40743]  MemAllocator::allocate() const+0x73
V  [libjvm.so+0x61550d]  CollectedHeap::class_allocate(Klass*, int, Thread*)+0x3d
V  [libjvm.so+0x8865c8]  java_lang_Class::create_basic_type_mirror(char const*, BasicType, Thread*)+0x28
V  [libjvm.so+0xeb8294]  Universe::initialize_basic_type_mirrors(Thread*)+0xd4
V  [libjvm.so+0xe3fab3]  SystemDictionary::resolve_well_known_classes(Thread*)+0xa3
V  [libjvm.so+0xeb7fe5]  Universe::genesis(Thread*)+0x2a5
V  [libjvm.so+0xeb912c]  universe2_init()+0x2c
V  [libjvm.so+0x851d7a]  init_globals()+0xaa
V  [libjvm.so+0xe91d4c]  Threads::create_vm(JavaVMInitArgs*, bool*)+0x4bc
V  [libjvm.so+0x908c88]  JNI_CreateJavaVM+0x58
C  [libjli.so+0x4814]  JavaMain+0x84


siginfo: si_signo: 11 (SIGSEGV), si_code: 1 (SEGV_MAPERR), si_addr: 0x000000000000001c

Registers:
RAX=0x0000000000000010, RBX=0x0000000000000010, RCX=0x0000000000000078, RDX=0x00002b5b19b5cc90
RSP=0x00002b5b17955960, RBP=0x00002b5b17955980, RSI=0x0000000000000010, RDI=0x00002b5b17955a10
R8 =0x00002b5b18c694d0, R9 =0x0000000100002940, R10=0x0000000000000313, R11=0x00002b5b19c27060
R12=0x00002b5b17955a10, R13=0x00002b5b19bdcc44, R14=0x00002b5b1c00eb10, R15=0x00002b5b19c24720
RIP=0x00002b5b19193fb1, EFLAGS=0x0000000000010202, CSGSFS=0x002b000000000033, ERR=0x0000000000000006
  TRAPNO=0x000000000000000e

Top of Stack: (sp=0x00002b5b17955960)
0x00002b5b17955960:   00002b5b1b9dd928 00002b5b17955a10
0x00002b5b17955970:   0000000000000000 00002b5b179559a0
0x00002b5b17955980:   00002b5b17955a00 00002b5b19194743
0x00002b5b17955990:   00002b5b00000036 0000000000000000 

Instructions: (pc=0x00002b5b19193fb1)
0x00002b5b19193f91:   48 89 e5 41 55 41 54 49 89 fc 53 48 89 f3 48 83
0x00002b5b19193fa1:   ec 08 4c 8d 2d 9a 8c a4 00 41 80 7d 00 00 74 07
0x00002b5b19193fb1:   c7 46 0c 00 00 00 00 49 8b 74 24 20 48 83 fe 02
0x00002b5b19193fc1:   74 18 48 8d 14 f5 f0 ff ff ff 48 8d 7b 10 31 f6 


---------------  P R O C E S S  ---------------

Threads class SMR info:
_java_thread_list=0x00002b5b19c23c40, length=0, elements={
}

Java Threads: ( => current thread )

Other Threads:

=>0x00002b5b1c010000 (exited) JavaThread "Unknown thread" [_thread_in_vm, id=42658, stack(0x00002b5b17856000,0x00002b5b17957000)]

Threads with active compile tasks:

VM state:not at safepoint (not fully initialized)

VM Mutex/Monitor currently owned by a thread: None

Heap address: 0x00000000e0000000, size: 512 MB, Compressed Oops mode: 32-bit
Narrow klass base: 0x0000000000000000, Narrow klass shift: 3
Compressed class space size: 1073741824 Address: 0x0000000100000000

GC Heap History (0 events):
No events

Deoptimization events (0 events):
No events

Classes redefined (0 events):
No events

Internal exceptions (0 events):
No events

Events (10 events):
Event: 1.483 loading class java/lang/reflect/AnnotatedElement
Event: 1.483 loading class java/lang/reflect/AnnotatedElement done
Event: 1.483 loading class java/lang/reflect/GenericDeclaration done
Event: 1.483 loading class java/lang/reflect/Type
Event: 1.483 loading class java/lang/reflect/Type done
Event: 1.483 loading class java/lang/invoke/TypeDescriptor$OfField
Event: 1.483 loading class java/lang/invoke/TypeDescriptor
Event: 1.483 loading class java/lang/invoke/TypeDescriptor done
Event: 1.483 loading class java/lang/invoke/TypeDescriptor$OfField done
Event: 1.484 loading class java/lang/Class done


Dynamic libraries:
00400000-00401000 r-xp 00000000 fd:02 233300582                          /home/dcslab/cgmin/jdk12.0.1/build/linux-x86_64-server-release/jdk/bin/jmod
00601000-00602000 r--p 00001000 fd:02 233300582                          /home/dcslab/cgmin/jdk12.0.1/build/linux-x86_64-server-release/jdk/bin/jmod
00602000-00603000 rw-p 00002000 fd:02 233300582                          /home/dcslab/cgmin/jdk12.0.1/build/linux-x86_64-server-release/jdk/bin/jmod
00f2c000-00f4d000 rw-p 00000000 00:00 0                                  [heap]
e0000000-e0aa0000 rw-p 00000000 00:00 0 
e0aa0000-eaaa0000 ---p 00000000 00:00 0 
eaaa0000-ec000000 rw-p 00000000 00:00 0 
ec000000-100000000 ---p 00000000 00:00 0 
100000000-100060000 rw-p 00000000 00:00 0 
100060000-140000000 ---p 00000000 00:00 0 
2b5b1781d000-2b5b1783f000 r-xp 00000000 fd:00 67116101                   /usr/lib64/ld-2.17.so
2b5b1783f000-2b5b17840000 rw-p 00000000 00:00 0 
2b5b17840000-2b5b17842000 ---p 00000000 00:00 0 
2b5b17842000-2b5b17843000 r--p 00000000 00:00 0 
2b5b17843000-2b5b1784b000 rw-s 00000000 fd:00 67645890                   /tmp/hsperfdata_root/42643
2b5b1784b000-2b5b1784d000 rw-p 00000000 00:00 0 
2b5b17851000-2b5b17856000 rw-p 00000000 00:00 0 
2b5b17856000-2b5b1785a000 ---p 00000000 00:00 0 
2b5b1785a000-2b5b1795c000 rw-p 00000000 00:00 0 
2b5b1795c000-2b5b17972000 ---p 00000000 00:00 0 
2b5b17972000-2b5b1797d000 rw-p 00000000 00:00 0 
2b5b1797d000-2b5b17a1d000 ---p 00000000 00:00 0 
2b5b17a1d000-2b5b17a3e000 rw-p 00000000 00:00 0 
2b5b17a3e000-2b5b17a3f000 r--p 00021000 fd:00 67116101                   /usr/lib64/ld-2.17.so
2b5b17a3f000-2b5b17a40000 rw-p 00022000 fd:00 67116101                   /usr/lib64/ld-2.17.so
2b5b17a40000-2b5b17a41000 rw-p 00000000 00:00 0 
2b5b17a41000-2b5b17a56000 r-xp 00000000 fd:00 67116158                   /usr/lib64/libz.so.1.2.7
2b5b17a56000-2b5b17c55000 ---p 00015000 fd:00 67116158                   /usr/lib64/libz.so.1.2.7
2b5b17c55000-2b5b17c56000 r--p 00014000 fd:00 67116158                   /usr/lib64/libz.so.1.2.7
2b5b17c56000-2b5b17c57000 rw-p 00015000 fd:00 67116158                   /usr/lib64/libz.so.1.2.7
2b5b17c57000-2b5b17c66000 r-xp 00000000 fd:02 233283259                  /home/dcslab/cgmin/jdk12.0.1/build/linux-x86_64-server-release/jdk/lib/libjli.so
2b5b17c66000-2b5b17e65000 ---p 0000f000 fd:02 233283259                  /home/dcslab/cgmin/jdk12.0.1/build/linux-x86_64-server-release/jdk/lib/libjli.so
2b5b17e65000-2b5b17e66000 r--p 0000e000 fd:02 233283259                  /home/dcslab/cgmin/jdk12.0.1/build/linux-x86_64-server-release/jdk/lib/libjli.so
2b5b17e66000-2b5b17e67000 rw-p 0000f000 fd:02 233283259                  /home/dcslab/cgmin/jdk12.0.1/build/linux-x86_64-server-release/jdk/lib/libjli.so
2b5b17e67000-2b5b17e7e000 r-xp 00000000 fd:00 67527458                   /usr/lib64/libpthread-2.17.so
2b5b17e7e000-2b5b1807d000 ---p 00017000 fd:00 67527458                   /usr/lib64/libpthread-2.17.so
2b5b1807d000-2b5b1807e000 r--p 00016000 fd:00 67527458                   /usr/lib64/libpthread-2.17.so
2b5b1807e000-2b5b1807f000 rw-p 00017000 fd:00 67527458                   /usr/lib64/libpthread-2.17.so
2b5b1807f000-2b5b18083000 rw-p 00000000 00:00 0 
2b5b18083000-2b5b18085000 r-xp 00000000 fd:00 67412311                   /usr/lib64/libdl-2.17.so
2b5b18085000-2b5b18285000 ---p 00002000 fd:00 67412311                   /usr/lib64/libdl-2.17.so
2b5b18285000-2b5b18286000 r--p 00002000 fd:00 67412311                   /usr/lib64/libdl-2.17.so
2b5b18286000-2b5b18287000 rw-p 00003000 fd:00 67412311                   /usr/lib64/libdl-2.17.so
2b5b18287000-2b5b18449000 r-xp 00000000 fd:00 67116114                   /usr/lib64/libc-2.17.so
2b5b18449000-2b5b18649000 ---p 001c2000 fd:00 67116114                   /usr/lib64/libc-2.17.so
2b5b18649000-2b5b1864d000 r--p 001c2000 fd:00 67116114                   /usr/lib64/libc-2.17.so
2b5b1864d000-2b5b1864f000 rw-p 001c6000 fd:00 67116114                   /usr/lib64/libc-2.17.so
2b5b1864f000-2b5b18654000 rw-p 00000000 00:00 0 
2b5b18654000-2b5b19899000 r-xp 00000000 fd:02 149929323                  /home/dcslab/cgmin/jdk12.0.1/build/linux-x86_64-server-release/jdk/lib/server/libjvm.so
2b5b19899000-2b5b19a99000 ---p 01245000 fd:02 149929323                  /home/dcslab/cgmin/jdk12.0.1/build/linux-x86_64-server-release/jdk/lib/server/libjvm.so
2b5b19a99000-2b5b19b6e000 r--p 01245000 fd:02 149929323                  /home/dcslab/cgmin/jdk12.0.1/build/linux-x86_64-server-release/jdk/lib/server/libjvm.so
2b5b19b6e000-2b5b19baa000 rw-p 0131a000 fd:02 149929323                  /home/dcslab/cgmin/jdk12.0.1/build/linux-x86_64-server-release/jdk/lib/server/libjvm.so
2b5b19baa000-2b5b19c30000 rw-p 00000000 00:00 0 
2b5b19c30000-2b5b19d19000 r-xp 00000000 fd:00 67349699                   /usr/lib64/libstdc++.so.6.0.19
2b5b19d19000-2b5b19f18000 ---p 000e9000 fd:00 67349699                   /usr/lib64/libstdc++.so.6.0.19
2b5b19f18000-2b5b19f20000 r--p 000e8000 fd:00 67349699                   /usr/lib64/libstdc++.so.6.0.19
2b5b19f20000-2b5b19f22000 rw-p 000f0000 fd:00 67349699                   /usr/lib64/libstdc++.so.6.0.19
2b5b19f22000-2b5b19f37000 rw-p 00000000 00:00 0 
2b5b19f37000-2b5b1a038000 r-xp 00000000 fd:00 67412312                   /usr/lib64/libm-2.17.so
2b5b1a038000-2b5b1a237000 ---p 00101000 fd:00 67412312                   /usr/lib64/libm-2.17.so
2b5b1a237000-2b5b1a238000 r--p 00100000 fd:00 67412312                   /usr/lib64/libm-2.17.so
2b5b1a238000-2b5b1a239000 rw-p 00101000 fd:00 67412312                   /usr/lib64/libm-2.17.so
2b5b1a239000-2b5b1a24e000 r-xp 00000000 fd:00 67349682                   /usr/lib64/libgcc_s-4.8.5-20150702.so.1
2b5b1a24e000-2b5b1a44d000 ---p 00015000 fd:00 67349682                   /usr/lib64/libgcc_s-4.8.5-20150702.so.1
2b5b1a44d000-2b5b1a44e000 r--p 00014000 fd:00 67349682                   /usr/lib64/libgcc_s-4.8.5-20150702.so.1
2b5b1a44e000-2b5b1a44f000 rw-p 00015000 fd:00 67349682                   /usr/lib64/libgcc_s-4.8.5-20150702.so.1
2b5b1a44f000-2b5b1a45c000 r-xp 00000000 fd:02 233283245                  /home/dcslab/cgmin/jdk12.0.1/build/linux-x86_64-server-release/jdk/lib/libverify.so
2b5b1a45c000-2b5b1a65b000 ---p 0000d000 fd:02 233283245                  /home/dcslab/cgmin/jdk12.0.1/build/linux-x86_64-server-release/jdk/lib/libverify.so
2b5b1a65b000-2b5b1a65d000 r--p 0000c000 fd:02 233283245                  /home/dcslab/cgmin/jdk12.0.1/build/linux-x86_64-server-release/jdk/lib/libverify.so
2b5b1a65d000-2b5b1a65e000 rw-p 0000e000 fd:02 233283245                  /home/dcslab/cgmin/jdk12.0.1/build/linux-x86_64-server-release/jdk/lib/libverify.so
2b5b1a65e000-2b5b1a686000 r-xp 00000000 fd:02 233283260                  /home/dcslab/cgmin/jdk12.0.1/build/linux-x86_64-server-release/jdk/lib/libjava.so
2b5b1a686000-2b5b1a885000 ---p 00028000 fd:02 233283260                  /home/dcslab/cgmin/jdk12.0.1/build/linux-x86_64-server-release/jdk/lib/libjava.so
2b5b1a885000-2b5b1a886000 r--p 00027000 fd:02 233283260                  /home/dcslab/cgmin/jdk12.0.1/build/linux-x86_64-server-release/jdk/lib/libjava.so
2b5b1a886000-2b5b1a888000 rw-p 00028000 fd:02 233283260                  /home/dcslab/cgmin/jdk12.0.1/build/linux-x86_64-server-release/jdk/lib/libjava.so
2b5b1a888000-2b5b1a894000 r-xp 00000000 fd:00 67527450                   /usr/lib64/libnss_files-2.17.so
2b5b1a894000-2b5b1aa93000 ---p 0000c000 fd:00 67527450                   /usr/lib64/libnss_files-2.17.so
2b5b1aa93000-2b5b1aa94000 r--p 0000b000 fd:00 67527450                   /usr/lib64/libnss_files-2.17.so
2b5b1aa94000-2b5b1aa95000 rw-p 0000c000 fd:00 67527450                   /usr/lib64/libnss_files-2.17.so
2b5b1aa95000-2b5b1aa9b000 rw-p 00000000 00:00 0 
2b5b1aa9b000-2b5b1aaa2000 r-xp 00000000 fd:02 233283271                  /home/dcslab/cgmin/jdk12.0.1/build/linux-x86_64-server-release/jdk/lib/libzip.so
2b5b1aaa2000-2b5b1aca1000 ---p 00007000 fd:02 233283271                  /home/dcslab/cgmin/jdk12.0.1/build/linux-x86_64-server-release/jdk/lib/libzip.so
2b5b1aca1000-2b5b1aca2000 r--p 00006000 fd:02 233283271                  /home/dcslab/cgmin/jdk12.0.1/build/linux-x86_64-server-release/jdk/lib/libzip.so
2b5b1aca2000-2b5b1aca3000 rw-p 00007000 fd:02 233283271                  /home/dcslab/cgmin/jdk12.0.1/build/linux-x86_64-server-release/jdk/lib/libzip.so
2b5b1aca3000-2b5b1aca8000 r-xp 00000000 fd:02 233283273                  /home/dcslab/cgmin/jdk12.0.1/build/linux-x86_64-server-release/jdk/lib/libjimage.so
2b5b1aca8000-2b5b1aea8000 ---p 00005000 fd:02 233283273                  /home/dcslab/cgmin/jdk12.0.1/build/linux-x86_64-server-release/jdk/lib/libjimage.so
2b5b1aea8000-2b5b1aea9000 r--p 00005000 fd:02 233283273                  /home/dcslab/cgmin/jdk12.0.1/build/linux-x86_64-server-release/jdk/lib/libjimage.so
2b5b1aea9000-2b5b1aeaa000 rw-p 00006000 fd:02 233283273                  /home/dcslab/cgmin/jdk12.0.1/build/linux-x86_64-server-release/jdk/lib/libjimage.so
2b5b1aeaa000-2b5b1aeaf000 rw-p 00000000 00:00 0 
2b5b1aeaf000-2b5b1b070000 ---p 00000000 00:00 0 
2b5b1b070000-2b5b1b076000 rw-p 00000000 00:00 0 
2b5b1b076000-2b5b1b0c5000 ---p 00000000 00:00 0 
2b5b1b0c5000-2b5b1b0d0000 rw-p 00000000 00:00 0 
2b5b1b0d0000-2b5b1b170000 ---p 00000000 00:00 0 
2b5b1b170000-2b5b1b592000 rw-p 00000000 00:00 0 
2b5b1b592000-2b5b1b992000 ---p 00000000 00:00 0 
2b5b1b992000-2b5b1bea5000 rw-p 00000000 00:00 0 
2b5b1c000000-2b5b1c05f000 rw-p 00000000 00:00 0 
2b5b1c05f000-2b5b20000000 ---p 00000000 00:00 0 
2b5b20000000-2b5b20270000 rwxp 00000000 00:00 0 
2b5b20270000-2b5b20d40000 ---p 00000000 00:00 0 
2b5b20d40000-2b5b20fb0000 rwxp 00000000 00:00 0 
2b5b20fb0000-2b5b2f000000 ---p 00000000 00:00 0 
7ffe75496000-7ffe754b8000 rw-p 00000000 00:00 0                          [stack]
7ffe755dc000-7ffe755df000 r--p 00000000 00:00 0                          [vvar]
7ffe755df000-7ffe755e1000 r-xp 00000000 00:00 0                          [vdso]
ffffffffff600000-ffffffffff601000 r-xp 00000000 00:00 0                  [vsyscall]


VM Arguments:
jvm_args: -Dapplication.home=/home/dcslab/cgmin/jdk12.0.1/build/linux-x86_64-server-release/jdk -Xms8m -XX:+UseSerialGC -Xms32M -Xmx512M -XX:TieredStopAtLevel=1 -Djdk.module.main=jdk.jlink 
java_command: jdk.jlink/jdk.tools.jmod.Main create --module-version 12.0.1-internal --target-platform linux-amd64 --module-path /home/dcslab/cgmin/jdk12.0.1/build/linux-x86_64-server-release/images/jmods --class-path /home/dcslab/cgmin/jdk12.0.1/build/linux-x86_64-server-release/jdk/modules/jdk.internal.le --legal-notices /home/dcslab/cgmin/jdk12.0.1/build/linux-x86_64-server-release/support/modules_legal/common:/home/dcslab/cgmin/jdk12.0.1/src/jdk.internal.le/share/legal --exclude **{_the.*,_*.marker,*.diz,*.debuginfo,*.dSYM/**,*.dSYM,*.pdb,*.map} /home/dcslab/cgmin/jdk12.0.1/build/linux-x86_64-server-release/support/jmods/jdk.internal.le.jmod
java_class_path (initial): <not set>
Launcher Type: SUN_STANDARD

[Global flags]
     intx CICompilerCount                          = 15                                        {product} {ergonomic}
   size_t InitialHeapSize                          = 33554432                                  {product} {command line}
   size_t MaxHeapSize                              = 536870912                                 {product} {command line}
   size_t MaxNewSize                               = 178913280                                 {product} {ergonomic}
   size_t MinHeapDeltaBytes                        = 196608                                    {product} {ergonomic}
   size_t NewSize                                  = 11141120                                  {product} {ergonomic}
    uintx NonNMethodCodeHeapSize                   = 13893620                               {pd product} {ergonomic}
    uintx NonProfiledCodeHeapSize                  = 237764620                              {pd product} {ergonomic}
   size_t OldSize                                  = 22413312                                  {product} {ergonomic}
    uintx ProfiledCodeHeapSize                     = 0                                      {pd product} {ergonomic}
    uintx ReservedCodeCacheSize                    = 251658240                              {pd product} {ergonomic}
     bool SegmentedCodeCache                       = true                                      {product} {ergonomic}
     intx TieredStopAtLevel                        = 1                                         {product} {command line}
     bool UseCompressedClassPointers               = true                                 {lp64_product} {ergonomic}
     bool UseCompressedOops                        = true                                 {lp64_product} {ergonomic}
     bool UseSerialGC                              = true                                      {product} {command line}

Logging:
Log output configuration:
 #0: stdout all=warning uptime,level,tags
 #1: stderr all=off uptime,level,tags

Environment Variables:
PATH=/sbin:/bin:/usr/sbin:/usr/bin
USERNAME=root
LD_LIBRARY_PATH=:/usr/local/lib
SHELL=/bin/bash

Signal Handlers:
SIGSEGV: [libjvm.so+0xefc070], sa_mask[0]=11111111011111111101111111111110, sa_flags=SA_RESTART|SA_SIGINFO
SIGBUS: [libjvm.so+0xefc070], sa_mask[0]=11111111011111111101111111111110, sa_flags=SA_RESTART|SA_SIGINFO
SIGFPE: [libjvm.so+0xefc070], sa_mask[0]=11111111011111111101111111111110, sa_flags=SA_RESTART|SA_SIGINFO
SIGPIPE: [libjvm.so+0xbf1440], sa_mask[0]=11111111011111111101111111111110, sa_flags=SA_RESTART|SA_SIGINFO
SIGXFSZ: [libjvm.so+0xbf1440], sa_mask[0]=11111111011111111101111111111110, sa_flags=SA_RESTART|SA_SIGINFO
SIGILL: [libjvm.so+0xefc070], sa_mask[0]=11111111011111111101111111111110, sa_flags=SA_RESTART|SA_SIGINFO
SIGUSR2: [libjvm.so+0xbf12e0], sa_mask[0]=00000000000000000000000000000000, sa_flags=SA_RESTART|SA_SIGINFO
SIGHUP: SIG_DFL, sa_mask[0]=00000000000000000000000000000000, sa_flags=none
SIGINT: SIG_DFL, sa_mask[0]=00000000000000000000000000000000, sa_flags=none
SIGTERM: SIG_DFL, sa_mask[0]=00000000000000000000000000000000, sa_flags=none
SIGQUIT: SIG_DFL, sa_mask[0]=00000000000000000000000000000000, sa_flags=none


---------------  S Y S T E M  ---------------

OS:CentOS Linux release 7.6.1810 (Core) 
uname:Linux 4.12.9RTFM0227+ #988 SMP Thu May 30 20:11:32 KST 2019 x86_64
libc:glibc 2.17 NPTL 2.17 
rlimit: STACK infinity, CORE 0k, NPROC 510968, NOFILE 4096, AS infinity, DATA infinity, FSIZE infinity
load average:0.77 2.52 5.10

/proc/meminfo:
MemTotal:       130865364 kB
MemFree:        122170916 kB
MemAvailable:   127019552 kB
Buffers:            2120 kB
Cached:          6076144 kB
SwapCached:            0 kB
Active:          4408304 kB
Inactive:        2329336 kB
Active(anon):     980928 kB
Inactive(anon):   189428 kB
Active(file):    3427376 kB
Inactive(file):  2139908 kB
Unevictable:           0 kB
Mlocked:               0 kB
SwapTotal:             0 kB
SwapFree:              0 kB
Dirty:            395148 kB
Writeback:        118152 kB
AnonPages:        657076 kB
Mapped:           278396 kB
Shmem:            510160 kB
Slab:             813264 kB
SReclaimable:     463384 kB
SUnreclaim:       349880 kB
KernelStack:       18048 kB
PageTables:        26212 kB
NFS_Unstable:          0 kB
Bounce:                0 kB
WritebackTmp:          0 kB
CommitLimit:    65432680 kB
Committed_AS:    3806444 kB
VmallocTotal:   34359738367 kB
VmallocUsed:           0 kB
VmallocChunk:          0 kB
HardwareCorrupted:     0 kB
CmaTotal:              0 kB
CmaFree:               0 kB
HugePages_Total:       0
HugePages_Free:        0
HugePages_Rsvd:        0
HugePages_Surp:        0
Hugepagesize:       2048 kB
DirectMap4k:      826164 kB
DirectMap2M:     9543680 kB
DirectMap1G:    125829120 kB


/proc/sys/kernel/threads-max (system-wide limit on the number of threads):
1021936


/proc/sys/vm/max_map_count (maximum number of memory map areas a process may have):
65530


/proc/sys/kernel/pid_max (system-wide limit on number of process identifiers):
49152



container (cgroup) information:
container_type: cgroupv1
cpu_cpuset_cpus: 0-47
cpu_memory_nodes: 0
active_processor_count: 48
cpu_quota: -1
cpu_period: 100000
cpu_shares: -1
memory_limit_in_bytes: -1
memory_and_swap_limit_in_bytes: -1
memory_soft_limit_in_bytes: -1
memory_usage_in_bytes: 6894206976
memory_max_usage_in_bytes: 0


CPU:total 48 (initial active 48) (12 cores per cpu, 2 threads per core) family 6 model 79 stepping 1, cmov, cx8, fxsr, mmx, sse, sse2, sse3, ssse3, sse4.1, sse4.2, popcnt, avx, avx2, aes, clmul, erms, rtm, 3dnowpref, lzcnt, ht, tsc, tscinvbit, bmi1, bmi2, adx, fma
CPU Model and flags from /proc/cpuinfo:
model name	: Intel(R) Xeon(R) CPU E5-2650 v4 @ 2.20GHz
flags		: fpu vme de pse tsc msr pae mce cx8 apic sep mtrr pge mca cmov pat pse36 clflush dts acpi mmx fxsr sse sse2 ss ht tm pbe syscall nx pdpe1gb rdtscp lm constant_tsc arch_perfmon pebs bts rep_good nopl xtopology nonstop_tsc cpuid aperfmperf pni pclmulqdq dtes64 monitor ds_cpl vmx smx est tm2 ssse3 sdbg fma cx16 xtpr pdcm pcid dca sse4_1 sse4_2 x2apic movbe popcnt tsc_deadline_timer aes xsave avx f16c rdrand lahf_lm abm 3dnowprefetch cpuid_fault epb cat_l3 cdp_l3 intel_ppin intel_pt tpr_shadow vnmi flexpriority ept vpid fsgsbase tsc_adjust bmi1 hle avx2 smep bmi2 erms invpcid rtm cqm rdt_a rdseed adx smap xsaveopt cqm_llc cqm_occup_llc cqm_mbm_total cqm_mbm_local dtherm arat pln pts

Memory: 4k page, physical 130865364k(122174444k free), swap 0k(0k free)

vm_info: OpenJDK 64-Bit Server VM (12.0.1-internal+0-adhoc.root.jdk12.0.1) for linux-amd64 JRE (12.0.1-internal+0-adhoc.root.jdk12.0.1), built on Jul 18 2019 18:46:09 by "root" with gcc 4.8.5 20150623 (Red Hat 4.8.5-36)

END.
